<?xml version="1.0" encoding="UTF-8" ?>
<testsuite errors="0" failures="0" hostname="yamanor" name="be.kzen.ergorr.interfaces.soap.CswClientTest" tests="6" time="1148.876" timestamp="2008-09-11T13:56:16">
  <properties>
    <property name="file.reference.webservices-tools.jar" value="../ErgoRR-shared/metro1_2/webservices-tools.jar" />
    <property name="default.javac.source" value="1.6" />
    <property name="file.encoding.pkg" value="sun.io" />
    <property name="libs.toplink.maven-pom" value="" />
    <property name="javac.source" value="1.5" />
    <property name="netbeans.system_http_proxy" value="DIRECT" />
    <property name="java.home" value="/home/yaman/dev/jdk1.6.0_03/jre" />
    <property name="test.src.dir" value="test" />
    <property name="libs.jaxws21.src" value="" />
    <property name="javadoc.version" value="false" />
    <property name="libs.CopyLibs.classpath" value="/home/yaman/dev/netbeans-6.1/java2/ant/extra/org-netbeans-modules-java-j2seproject-copylibstask.jar" />
    <property name="libs.javac-api.src" value="" />
    <property name="libs.JAVADB_DRIVER_LABEL.classpath" value="/home/yaman/dev/glassfish/javadb/lib/derby.jar:/home/yaman/dev/glassfish/javadb/lib/derbyclient.jar:/home/yaman/dev/glassfish/javadb/lib/derbynet.jar" />
    <property name="rubyplatform.Ruby.gem_path" value="/var/lib/gems/1.8" />
    <property name="libs.restlib.src" value="" />
    <property name="java.endorsed.dirs" value="/home/yaman/dev/jdk1.6.0_03/jre/lib/endorsed" />
    <property name="libs.MySQLDriver.classpath" value="/home/yaman/dev/netbeans-6.1/ide9/modules/ext/mysql-connector-java-5.1.5-bin.jar" />
    <property name="libs.junit.maven-pom" value="" />
    <property name="libs.PostgreSQLDriver.src" value="" />
    <property name="libs.Hibernate3-2.javadoc" value="" />
    <property name="src.dir" value="src" />
    <property name="sun.java2d.noddraw" value="true" />
    <property name="nbplatform.default.harness.dir" value="/home/yaman/dev/netbeans-6.1/harness" />
    <property name="debug-args-line" value="-Xdebug" />
    <property name="build.sysclasspath" value="ignore" />
    <property name="have.sources" value="true" />
    <property name="includes" value="**" />
    <property name="source.encoding" value="UTF-8" />
    <property name="libs.jaxws21.classpath" value="/home/yaman/dev/netbeans-6.1/java2/modules/ext/jaxws21/activation.jar:/home/yaman/dev/netbeans-6.1/java2/modules/ext/jaxws21/FastInfoset.jar:/home/yaman/dev/netbeans-6.1/java2/modules/ext/jaxws21/http.jar:/home/yaman/dev/netbeans-6.1/java2/modules/ext/jaxws21/api/jaxb-api.jar:/home/yaman/dev/netbeans-6.1/java2/modules/ext/jaxws21/jaxb-impl.jar:/home/yaman/dev/netbeans-6.1/java2/modules/ext/jaxws21/jaxb-xjc.jar:/home/yaman/dev/netbeans-6.1/java2/modules/ext/jaxws21/api/jaxws-api.jar:/home/yaman/dev/netbeans-6.1/java2/modules/ext/jaxws21/jaxws-rt.jar:/home/yaman/dev/netbeans-6.1/java2/modules/ext/jaxws21/jaxws-tools.jar:/home/yaman/dev/netbeans-6.1/java2/modules/ext/jaxws21/api/jsr173_api.jar:/home/yaman/dev/netbeans-6.1/java2/modules/ext/jaxws21/api/jsr181-api.jar:/home/yaman/dev/netbeans-6.1/java2/modules/ext/jaxws21/api/jsr250-api.jar:/home/yaman/dev/netbeans-6.1/java2/modules/ext/jaxws21/api/saaj-api.jar:/home/yaman/dev/netbeans-6.1/java2/modules/ext/jaxws21/saaj-impl.jar:/home/yaman/dev/netbeans-6.1/java2/modules/ext/jaxws21/sjsxp.jar:/home/yaman/dev/netbeans-6.1/java2/modules/ext/jaxws21/stax-ex.jar:/home/yaman/dev/netbeans-6.1/java2/modules/ext/jaxws21/streambuffer.jar" />
    <property name="libs.swing-app-framework.javadoc" value="/home/yaman/dev/netbeans-6.1/java2/docs/appframework-1.0.3-doc.zip" />
    <property name="libs.JAVADB_DRIVER_LABEL.src" value="" />
    <property name="rubyplatform.Ruby.ruby_platform" value="i486-linux" />
    <property name="sun.os.patch.level" value="unknown" />
    <property name="java.vendor.url" value="http://java.sun.com/" />
    <property name="platforms.JDK_1.5.compiler" value="modern" />
    <property name="java.version" value="1.6.0_03" />
    <property name="libs.jaxb21.javadoc" value="" />
    <property name="platforms.JDK_1.5.home" value="/home/yaman/dev/jdk1.5.0_12" />
    <property name="javac.debug" value="true" />
    <property name="org.openide.major.version" value="IDE/1" />
    <property name="run.classpath" value="../ErgoRR-jaxb/dist/ErgoRR-jaxb.jar:../ErgoRR-commons/dist/ErgoRR-commons.jar:../ErgoRR-shared/metro1_2/webservices-api.jar:../ErgoRR-shared/metro1_2/webservices-extra-api.jar:../ErgoRR-shared/metro1_2/webservices-extra.jar:../ErgoRR-shared/metro1_2/webservices-rt.jar:../ErgoRR-shared/metro1_2/webservices-tools.jar:../ErgoRR-shared/log4j-1.2.15.jar:build/classes" />
    <property name="libs.PostgreSQLDriver.maven-pom" value="" />
    <property name="java.vendor.url.bug" value="http://java.sun.com/cgi-bin/bugreport.cgi" />
    <property name="libs.absolutelayout.javadoc" value="" />
    <property name="libs.junit_4.maven-pom" value="" />
    <property name="netbeans.buildnumber" value="200804211638" />
    <property name="jna.platform.library.path" value="/usr/lib:/lib" />
    <property name="rubyplatform.Ruby.gem_version" value="0.9.4 (0.9.4)" />
    <property name="manifest.file" value="manifest.mf" />
    <property name="reference.ErgoRR-commons.jar" value="../ErgoRR-commons/dist/ErgoRR-commons.jar" />
    <property name="platforms.JDK_1.5.bootclasspath" value="/home/yaman/dev/jdk1.5.0_12/jre/lib/rt.jar:/home/yaman/dev/jdk1.5.0_12/jre/lib/i18n.jar:/home/yaman/dev/jdk1.5.0_12/jre/lib/sunrsasign.jar:/home/yaman/dev/jdk1.5.0_12/jre/lib/jsse.jar:/home/yaman/dev/jdk1.5.0_12/jre/lib/jce.jar:/home/yaman/dev/jdk1.5.0_12/jre/lib/charsets.jar:/home/yaman/dev/jdk1.5.0_12/jre/classes:/home/yaman/dev/jdk1.5.0_12/jre/lib/ext/sunpkcs11.jar:/home/yaman/dev/jdk1.5.0_12/jre/lib/ext/localedata.jar:/home/yaman/dev/jdk1.5.0_12/jre/lib/ext/dnsns.jar:/home/yaman/dev/jdk1.5.0_12/jre/lib/ext/sunjce_provider.jar" />
    <property name="libs.swing-app-framework.maven-pom" value="" />
    <property name="user.name" value="yaman" />
    <property name="sun.io.unicode.encoding" value="UnicodeLittle" />
    <property name="libs.jstl11.maven-pom" value="" />
    <property name="sun.jnu.encoding" value="UTF-8" />
    <property name="java.runtime.name" value="Java(TM) SE Runtime Environment" />
    <property name="file.reference.webservices-extra-api.jar" value="../ErgoRR-shared/metro1_2/webservices-extra-api.jar" />
    <property name="application.vendor" value="yaman" />
    <property name="jdk.home" value="/home/yaman/dev/jdk" />
    <property name="jspc.classpath" value="/home/yaman/dev/netbeans-6.1/java2/ant/lib/ant.jar:/home/yaman/dev/netbeans-6.1/enterprise5/modules/ext/servlet2.5-jsp2.1-api.jar:${j2ee.platform.classpath}:/home/yaman/dev/netbeans-6.1/enterprise5/modules/ext/glassfish-jspparser-2.0.jar:/home/yaman/dev/netbeans-6.1/enterprise5/modules/ext/glassfish-logging-2.0.jar:null:/home/yaman/dev/netbeans-6.1/java2/ant/lib/ant-launcher.jar" />
    <property name="libs.Hibernate3-2.classpath" value="/home/yaman/dev/libs/hibernate-3.2/hibernate-entitymanager-3.3.1.GA/hibernate-entitymanager.jar:/home/yaman/dev/libs/hibernate-3.2/hibernate-entitymanager-3.3.1.GA/lib/ejb3-persistence.jar:/home/yaman/dev/libs/hibernate-3.2/hibernate-entitymanager-3.3.1.GA/lib/hibernate-annotations.jar:/home/yaman/dev/libs/hibernate-3.2/hibernate-entitymanager-3.3.1.GA/lib/hibernate-commons-annotations.jar:/home/yaman/dev/libs/hibernate-3.2/hibernate-entitymanager-3.3.1.GA/lib/hibernate-validator.jar:/home/yaman/dev/libs/hibernate-3.2/hibernate-entitymanager-3.3.1.GA/lib/jboss-archive-browsing.jar:/home/yaman/dev/libs/hibernate-3.2/hibernate-3.2/hibernate3.jar:/home/yaman/dev/libs/hibernate-3.2/hibernate-3.2/lib/c3p0-0.9.1.jar:/home/yaman/dev/libs/hibernate-3.2/hibernate-3.2/lib/cglib-2.1.3.jar:/home/yaman/dev/libs/hibernate-3.2/hibernate-3.2/lib/commons-collections-2.1.1.jar:/home/yaman/dev/libs/hibernate-3.2/hibernate-3.2/lib/commons-logging-1.0.4.jar:/home/yaman/dev/libs/hibernate-3.2/hibernate-3.2/lib/concurrent-1.3.2.jar:/home/yaman/dev/libs/hibernate-3.2/hibernate-3.2/lib/connector.jar:/home/yaman/dev/libs/hibernate-3.2/hibernate-3.2/lib/dom4j-1.6.1.jar:/home/yaman/dev/libs/hibernate-3.2/hibernate-3.2/lib/javassist.jar:/home/yaman/dev/libs/hibernate-3.2/hibernate-3.2/lib/asm-attrs.jar:/home/yaman/dev/libs/hibernate-3.2/hibernate-3.2/lib/asm.jar:/home/yaman/dev/libs/hibernate-3.2/hibernate-3.2/lib/jta.jar:/home/yaman/dev/libs/hibernate-3.2/hibernate-3.2/lib/antlr-2.7.6.jar" />
    <property name="org.openide.TopManager" value="org.netbeans.core.NonGui" />
    <property name="netbeans.dirs" value="/home/yaman/dev/netbeans-6.1/nb6.1:/home/yaman/dev/netbeans-6.1/ide9:/home/yaman/dev/netbeans-6.1/java2:/home/yaman/dev/netbeans-6.1/xml2:/home/yaman/dev/netbeans-6.1/apisupport1:/home/yaman/dev/netbeans-6.1/enterprise5:/home/yaman/dev/netbeans-6.1/profiler3:/home/yaman/dev/netbeans-6.1/gsf1:/home/yaman/dev/netbeans-6.1/ruby2:/home/yaman/dev/netbeans-6.1/uml5:/home/yaman/dev/netbeans-6.1/harness:/home/yaman/dev/netbeans-6.1/cnd2:" />
    <property name="java.specification.name" value="Java Platform API Specification" />
    <property name="javadoc.author" value="false" />
    <property name="libs.hibernate-support.javadoc" value="" />
    <property name="user.timezone" value="" />
    <property name="netbeans.system_http_non_proxy_hosts" value="" />
    <property name="manifest.available" value="true" />
    <property name="libs.spring-framework.maven-pom" value="" />
    <property name="libs.swing-layout.maven-pom" value="" />
    <property name="libs.junit.javadoc" value="/home/yaman/dev/netbeans-6.1/java2/docs/junit-3.8.2-api.zip" />
    <property name="org.openide.specification.version" value="6.2" />
    <property name="path.separator" value=":" />
    <property name="version-output" value="java version &quot;1.6" />
    <property name="libs.absolutelayout.classpath" value="/home/yaman/dev/netbeans-6.1/java2/modules/ext/AbsoluteLayout.jar" />
    <property name="netbeans.accept_license_class" value="org.netbeans.license.AcceptLicense" />
    <property name="file.encoding" value="UTF-8" />
    <property name="dist.javadoc.dir" value="dist/javadoc" />
    <property name="https.nonProxyHosts" value="localhost|127.0.0.1|yamanor" />
    <property name="libs.junit.src" value="" />
    <property name="libs.jaxb21.maven-pom" value="" />
    <property name="ant.file" value="/home/yaman/workspace/projects/ERGO/ErgoRR-client/build.xml" />
    <property name="copyfiles.classpath" value="/home/yaman/dev/netbeans-6.1/enterprise5/ant/extra/copyfiles.jar" />
    <property name="libs.junit_4.src" value="/home/yaman/dev/libs/junit4.4/junit-4.4-src.jar" />
    <property name="do.jar" value="true" />
    <property name="java.io.tmpdir" value="/tmp" />
    <property name="build.test.results.dir" value="build/test/results" />
    <property name="user.language" value="en" />
    <property name="file.reference.webservices-api.jar" value="../ErgoRR-shared/metro1_2/webservices-api.jar" />
    <property name="line.separator" value="
" />
    <property name="apple.laf.useScreenMenuBar" value="true" />
    <property name="libs.absolutelayout.src" value="" />
    <property name="file.reference.webservices-extra.jar" value="../ErgoRR-shared/metro1_2/webservices-extra.jar" />
    <property name="javac.compilerargs" value="" />
    <property name="libs.hibernate-support.maven-pom" value="" />
    <property name="file.reference.webservices-rt.jar" value="../ErgoRR-shared/metro1_2/webservices-rt.jar" />
    <property name="jar.compress" value="false" />
    <property name="javac.compilerargs.jaxws" value="" />
    <property name="java.vm.info" value="mixed mode" />
    <property name="libs.javac-api.maven-pom" value="" />
    <property name="libs.restlib.classpath" value="" />
    <property name="javadoc.private" value="false" />
    <property name="sun.desktop" value="gnome" />
    <property name="java.vm.specification.name" value="Java Virtual Machine Specification" />
    <property name="build.test.classes.dir" value="build/test/classes" />
    <property name="rubyplatform.Ruby.interpreter" value="/usr/bin/ruby" />
    <property name="jaxws.endorsed.dir" value="/home/yaman/dev/netbeans-6.1/java2/modules/ext/jaxws21/api" />
    <property name="libs.MySQLDriver.javadoc" value="" />
    <property name="netbeans.dynamic.classpath" value="/home/yaman/dev/netbeans-6.1/platform8/core/org-openide-filesystems.jar:/home/yaman/dev/netbeans-6.1/platform8/core/core.jar:/home/yaman/dev/netbeans-6.1/nb6.1/core/org-netbeans-upgrader.jar:/home/yaman/dev/netbeans-6.1/nb6.1/core/locale/core_nb.jar" />
    <property name="libs.beans-binding.javadoc" value="/home/yaman/dev/netbeans-6.1/java2/docs/beansbinding-1.2.1-doc.zip" />
    <property name="platform.active" value="default_platform" />
    <property name="rubyplatform.Ruby.ruby_release_date" value="2007-09-24" />
    <property name="maven.mode.standalone" value="true" />
    <property name="javac.includes.binary" value="" />
    <property name="rubyplatform.Ruby.ruby_patchlevel" value="111" />
    <property name="http.nonProxyHosts" value="localhost|127.0.0.1|yamanor" />
    <property name="libs.junit_4.javadoc" value="/home/yaman/dev/libs/junit4.4/javadoc" />
    <property name="javac.includes" value="be/kzen/ergorr/interfaces/soap/CswClientTest.java" />
    <property name="libs.spring-framework.src" value="" />
    <property name="libs.beans-binding.maven-pom" value="" />
    <property name="javadoc.encoding" value="UTF-8" />
    <property name="java.awt.printerjob" value="sun.print.PSPrinterJob" />
    <property name="dist.jar" value="dist/ErgoRR-client.jar" />
    <property name="meta.inf.dir" value="src/META-INF" />
    <property name="ant.version" value="Apache Ant version 1.7.0 compiled on December 13 2006" />
    <property name="netbeans.home" value="/home/yaman/dev/netbeans-6.1/platform8" />
    <property name="javadoc.nonavbar" value="false" />
    <property name="user.properties.file" value="/home/yaman/.netbeans/6.1/build.properties" />
    <property name="project.ErgoRR-commons" value="../ErgoRR-commons" />
    <property name="libs.toplink.classpath" value="/home/yaman/dev/netbeans-6.1/java2/modules/ext/toplink/toplink-essentials.jar:/home/yaman/dev/netbeans-6.1/java2/modules/ext/toplink/toplink-essentials-agent.jar" />
    <property name="netbeans.importclass" value="org.netbeans.upgrade.AutoUpgrade" />
    <property name="libs.spring-framework.javadoc" value="" />
    <property name="libs.CopyLibs.maven-pom" value="" />
    <property name="build.generated.dir" value="build/generated" />
    <property name="netbeans.home+have.tests" value="true" />
    <property name="libs.restlib.javadoc" value="" />
    <property name="os.name" value="Linux" />
    <property name="java.specification.vendor" value="Sun Microsystems Inc." />
    <property name="run.test.classpath" value="../ErgoRR-jaxb/dist/ErgoRR-jaxb.jar:../ErgoRR-commons/dist/ErgoRR-commons.jar:../ErgoRR-shared/metro1_2/webservices-api.jar:../ErgoRR-shared/metro1_2/webservices-extra-api.jar:../ErgoRR-shared/metro1_2/webservices-extra.jar:../ErgoRR-shared/metro1_2/webservices-rt.jar:../ErgoRR-shared/metro1_2/webservices-tools.jar:../ErgoRR-shared/log4j-1.2.15.jar:build/classes:/home/yaman/dev/libs/junit4.4/junit-4.4.jar:build/test/classes" />
    <property name="java.vm.name" value="Java HotSpot(TM) Server VM" />
    <property name="libs.CopyLibs.src" value="" />
    <property name="libs.jaxb21.src" value="" />
    <property name="org.openide.version" value="deprecated" />
    <property name="libs.junit.classpath" value="/home/yaman/dev/netbeans-6.1/java2/modules/ext/junit-3.8.2.jar" />
    <property name="libs.beans-binding.src" value="" />
    <property name="java.library.path" value="/home/yaman/dev/jdk1.6.0_03/jre/lib/i386/server:/home/yaman/dev/jdk1.6.0_03/jre/lib/i386:/home/yaman/dev/jdk1.6.0_03/jre/../lib/i386:/home/yaman/dev/jdk1.6.0_03/jre/lib/i386/client:/home/yaman/dev/jdk1.6.0_03/jre/lib/i386:/home/yaman/dev/jdk1.6.0_03/jre/../lib/i386:/usr/java/packages/lib/i386:/lib:/usr/lib" />
    <property name="libs.toplink.javadoc" value="/home/yaman/dev/netbeans-6.1/enterprise5/docs/javaee5-doc-api.zip" />
    <property name="libs.PostgreSQLDriver.javadoc" value="" />
    <property name="ant.java.version" value="1.6" />
    <property name="basedir" value="/home/yaman/workspace/projects/ERGO/ErgoRR-client" />
    <property name="java.class.version" value="50.0" />
    <property name="javadoc.noindex" value="false" />
    <property name="sun.awt.exception.handler" value="org.netbeans.core.startup.TopLogging$AWTHandler" />
    <property name="javac.test.classpath" value="../ErgoRR-jaxb/dist/ErgoRR-jaxb.jar:../ErgoRR-commons/dist/ErgoRR-commons.jar:../ErgoRR-shared/metro1_2/webservices-api.jar:../ErgoRR-shared/metro1_2/webservices-extra-api.jar:../ErgoRR-shared/metro1_2/webservices-extra.jar:../ErgoRR-shared/metro1_2/webservices-rt.jar:../ErgoRR-shared/metro1_2/webservices-tools.jar:../ErgoRR-shared/log4j-1.2.15.jar:build/classes:/home/yaman/dev/libs/junit4.4/junit-4.4.jar" />
    <property name="project.ErgoRR-jaxb" value="../ErgoRR-jaxb" />
    <property name="ant.home" value="/home/yaman/dev/netbeans-6.1/java2/ant" />
    <property name="javadoc.splitindex" value="true" />
    <property name="libs.toplink.src" value="" />
    <property name="libs.JAVADB_DRIVER_LABEL.maven-pom" value="" />
    <property name="libs.javac-api.javadoc" value="" />
    <property name="javadoc.preview" value="true" />
    <property name="libs.MySQLDriver.maven-pom" value="" />
    <property name="libs.CopyLibs.javadoc" value="" />
    <property name="libs.PostgreSQLDriver.classpath" value="/home/yaman/dev/netbeans-6.1/ide9/modules/ext/postgresql-8.3-603.jdbc3.jar" />
    <property name="ant.file.ErgoRR-client" value="/home/yaman/workspace/projects/ERGO/ErgoRR-client/build.xml" />
    <property name="libs.junit_4.classpath" value="/home/yaman/dev/libs/junit4.4/junit-4.4.jar" />
    <property name="libs.jaxws21.maven-pom" value="" />
    <property name="build.dir" value="build" />
    <property name="sun.boot.library.path" value="/home/yaman/dev/jdk1.6.0_03/jre/lib/i386" />
    <property name="application.title" value="ErgoRR-client" />
    <property name="libs.swing-app-framework.classpath" value="/home/yaman/dev/netbeans-6.1/java2/modules/ext/appframework-1.0.3.jar:/home/yaman/dev/netbeans-6.1/java2/modules/ext/swing-worker-1.1.jar" />
    <property name="sun.management.compiler" value="HotSpot Server Compiler" />
    <property name="java.awt.graphicsenv" value="sun.awt.X11GraphicsEnvironment" />
    <property name="javadoc.encoding.used" value="UTF-8" />
    <property name="org.netbeans.core.startup.specialResource" value="nullcom.sun.jdo.api.persistence.mapping.ejb" />
    <property name="javadoc.windowtitle" value="" />
    <property name="libs.hibernate-support.src" value="" />
    <property name="libs.jstl11.javadoc" value="/home/yaman/dev/netbeans-6.1/enterprise5/docs/javaee5-doc-api.zip" />
    <property name="run.jvmargs" value="" />
    <property name="build.compiler.emacs" value="true" />
    <property name="libs.jstl11.src" value="" />
    <property name="ant.project.name" value="ErgoRR-client" />
    <property name="libs.spring-framework.classpath" value="/home/yaman/dev/netbeans-6.1/java2/modules/ext/spring/commons-logging-1.1.jar:/home/yaman/dev/netbeans-6.1/java2/modules/ext/spring/spring-2.5.jar" />
    <property name="libs.swing-layout.classpath" value="/home/yaman/dev/netbeans-6.1/platform8/modules/ext/swing-layout-1.0.3.jar" />
    <property name="java.vm.specification.version" value="1.0" />
    <property name="work.dir" value="/home/yaman/workspace/projects/ERGO/ErgoRR-client" />
    <property name="javadoc.use" value="true" />
    <property name="sun.cpu.isalist" value="" />
    <property name="libs.Hibernate3-2.maven-pom" value="" />
    <property name="java.ext.dirs" value="/home/yaman/dev/jdk1.6.0_03/jre/lib/ext:/usr/java/packages/lib/ext" />
    <property name="os.version" value="2.6.24-19-generic" />
    <property name="libs.jstl11.classpath" value="/home/yaman/dev/netbeans-6.1/enterprise5/modules/ext/standard.jar:/home/yaman/dev/netbeans-6.1/enterprise5/modules/ext/jstl.jar" />
    <property name="excludes" value="" />
    <property name="user.home" value="/home/yaman" />
    <property name="libs.jaxb21.classpath" value="/home/yaman/dev/netbeans-6.1/java2/modules/ext/jaxws21/activation.jar:/home/yaman/dev/netbeans-6.1/java2/modules/ext/jaxws21/api/jaxb-api.jar:/home/yaman/dev/netbeans-6.1/java2/modules/ext/jaxws21/jaxb-impl.jar:/home/yaman/dev/netbeans-6.1/java2/modules/ext/jaxws21/jaxb-xjc.jar:/home/yaman/dev/netbeans-6.1/java2/modules/ext/jaxws21/api/jsr173_api.jar" />
    <property name="org.xml.sax.driver" value="com.sun.org.apache.xerces.internal.jaxp.SAXParserImpl$JAXPSAXParser" />
    <property name="javax.xml.parsers.DocumentBuilderFactory" value="org.netbeans.core.startup.DOMFactoryImpl" />
    <property name="java.vm.vendor" value="Sun Microsystems Inc." />
    <property name="reference.ErgoRR-jaxb.jar" value="../ErgoRR-jaxb/dist/ErgoRR-jaxb.jar" />
    <property name="libs.absolutelayout.maven-pom" value="" />
    <property name="rubyplatform.Ruby.gem_home" value="/var/lib/gems/1.8" />
    <property name="user.dir" value="/home/yaman/workspace/projects/ERGO/ErgoRR-client" />
    <property name="org.openide.TopManager.GUI" value="true" />
    <property name="application.args" value="" />
    <property name="sun.cpu.endian" value="little" />
    <property name="libs.hibernate-support.classpath" value="/home/yaman/.netbeans/6.1/modules/ext/hibernate/antlr-2.7.6.jar:/home/yaman/.netbeans/6.1/modules/ext/hibernate/asm.jar:/home/yaman/.netbeans/6.1/modules/ext/hibernate/asm-attrs.jar:/home/yaman/.netbeans/6.1/modules/ext/hibernate/cglib-2.1.3.jar:/home/yaman/.netbeans/6.1/modules/ext/hibernate/commons-collections-2.1.1.jar:/home/yaman/.netbeans/6.1/modules/ext/hibernate/commons-logging-1.0.4.jar:/home/yaman/.netbeans/6.1/modules/ext/hibernate/dom4j-1.6.1.jar:/home/yaman/.netbeans/6.1/modules/ext/hibernate/ehcache-1.2.3.jar:/home/yaman/.netbeans/6.1/modules/ext/hibernate/jdbc2_0-stdext.jar:/home/yaman/.netbeans/6.1/modules/ext/hibernate/jta.jar:/home/yaman/.netbeans/6.1/modules/ext/hibernate/hibernate3.jar" />
    <property name="ant.file.ErgoRR-client-impl" value="/home/yaman/workspace/projects/ERGO/ErgoRR-client/nbproject/build-impl.xml" />
    <property name="java.vm.version" value="1.6.0_03-b05" />
    <property name="libs.MySQLDriver.src" value="" />
    <property name="rubyplatform.Ruby.ruby_version" value="1.8.6" />
    <property name="java.class.path" value="/home/yaman/workspace/projects/ERGO/ErgoRR-jaxb/dist/ErgoRR-jaxb.jar:/home/yaman/workspace/projects/ERGO/ErgoRR-commons/dist/ErgoRR-commons.jar:/home/yaman/workspace/projects/ERGO/ErgoRR-shared/metro1_2/webservices-api.jar:/home/yaman/workspace/projects/ERGO/ErgoRR-shared/metro1_2/webservices-extra-api.jar:/home/yaman/workspace/projects/ERGO/ErgoRR-shared/metro1_2/webservices-extra.jar:/home/yaman/workspace/projects/ERGO/ErgoRR-shared/metro1_2/webservices-rt.jar:/home/yaman/workspace/projects/ERGO/ErgoRR-shared/metro1_2/webservices-tools.jar:/home/yaman/workspace/projects/ERGO/ErgoRR-shared/log4j-1.2.15.jar:/home/yaman/workspace/projects/ERGO/ErgoRR-client/build/classes:/home/yaman/dev/libs/junit4.4/junit-4.4.jar:/home/yaman/workspace/projects/ERGO/ErgoRR-client/build/test/classes:/home/yaman/dev/netbeans-6.1/java2/ant/lib/ant-launcher.jar:/home/yaman/dev/netbeans-6.1/java2/ant/lib/ant.jar:/home/yaman/dev/netbeans-6.1/java2/ant/lib/ant-junit.jar" />
    <property name="javax.xml.parsers.SAXParserFactory" value="org.netbeans.core.startup.SAXFactoryImpl" />
    <property name="os.arch" value="i386" />
    <property name="javac.deprecation" value="false" />
    <property name="nbplatform.default.netbeans.dest.dir" value="/home/yaman/dev/netbeans-6.1" />
    <property name="build.classes.excludes" value="**/*.java,**/*.form" />
    <property name="dist.dir" value="dist" />
    <property name="netbeans.user" value="/home/yaman/.netbeans/6.1" />
    <property name="debug.classpath" value="../ErgoRR-jaxb/dist/ErgoRR-jaxb.jar:../ErgoRR-commons/dist/ErgoRR-commons.jar:../ErgoRR-shared/metro1_2/webservices-api.jar:../ErgoRR-shared/metro1_2/webservices-extra-api.jar:../ErgoRR-shared/metro1_2/webservices-extra.jar:../ErgoRR-shared/metro1_2/webservices-rt.jar:../ErgoRR-shared/metro1_2/webservices-tools.jar:../ErgoRR-shared/log4j-1.2.15.jar:build/classes" />
    <property name="sun.java.launcher" value="SUN_STANDARD" />
    <property name="ant.core.lib" value="/home/yaman/dev/netbeans-6.1/java2/ant/lib/ant.jar" />
    <property name="libs.JAVADB_DRIVER_LABEL.javadoc" value="" />
    <property name="java.vm.specification.vendor" value="Sun Microsystems Inc." />
    <property name="do.depend" value="false" />
    <property name="file.separator" value="/" />
    <property name="rubyplatform.Ruby.ruby_kind" value="Ruby" />
    <property name="java.runtime.version" value="1.6.0_03-b05" />
    <property name="sun.boot.class.path" value="/home/yaman/dev/jdk1.6.0_03/jre/lib/endorsed/webservices-api.jar:/home/yaman/dev/jdk1.6.0_03/jre/lib/resources.jar:/home/yaman/dev/jdk1.6.0_03/jre/lib/rt.jar:/home/yaman/dev/jdk1.6.0_03/jre/lib/sunrsasign.jar:/home/yaman/dev/jdk1.6.0_03/jre/lib/jsse.jar:/home/yaman/dev/jdk1.6.0_03/jre/lib/jce.jar:/home/yaman/dev/jdk1.6.0_03/jre/lib/charsets.jar:/home/yaman/dev/jdk1.6.0_03/jre/classes" />
    <property name="debug.test.classpath" value="../ErgoRR-jaxb/dist/ErgoRR-jaxb.jar:../ErgoRR-commons/dist/ErgoRR-commons.jar:../ErgoRR-shared/metro1_2/webservices-api.jar:../ErgoRR-shared/metro1_2/webservices-extra-api.jar:../ErgoRR-shared/metro1_2/webservices-extra.jar:../ErgoRR-shared/metro1_2/webservices-rt.jar:../ErgoRR-shared/metro1_2/webservices-tools.jar:../ErgoRR-shared/log4j-1.2.15.jar:build/classes:/home/yaman/dev/libs/junit4.4/junit-4.4.jar:build/test/classes" />
    <property name="libs.restlib.maven-pom" value="" />
    <property name="libs.beans-binding.classpath" value="/home/yaman/dev/netbeans-6.1/java2/modules/ext/beansbinding-1.2.1.jar" />
    <property name="main.class" value="" />
    <property name="have.tests" value="true" />
    <property name="test.includes" value="be/kzen/ergorr/interfaces/soap/CswClientTest.java" />
    <property name="java.util.logging.config.class" value="org.netbeans.core.startup.TopLogging" />
    <property name="libs.javac-api.classpath" value="/home/yaman/dev/netbeans-6.1/java2/modules/ext/javac-api-nb-7.0-b07.jar" />
    <property name="user.country" value="US" />
    <property name="javadoc.notree" value="false" />
    <property name="libs.jaxws21.javadoc" value="/home/yaman/dev/netbeans-6.1/java2/docs/jaxws-2_1-api-doc.zip" />
    <property name="default.javac.target" value="1.6" />
    <property name="javadoc.additionalparam" value="" />
    <property name="javac.classpath" value="../ErgoRR-jaxb/dist/ErgoRR-jaxb.jar:../ErgoRR-commons/dist/ErgoRR-commons.jar:../ErgoRR-shared/metro1_2/webservices-api.jar:../ErgoRR-shared/metro1_2/webservices-extra-api.jar:../ErgoRR-shared/metro1_2/webservices-extra.jar:../ErgoRR-shared/metro1_2/webservices-rt.jar:../ErgoRR-shared/metro1_2/webservices-tools.jar:../ErgoRR-shared/log4j-1.2.15.jar" />
    <property name="build.classes.dir" value="build/classes" />
    <property name="libs.swing-layout.javadoc" value="/home/yaman/dev/netbeans-6.1/platform8/docs/swing-layout-1.0.3-doc.zip" />
    <property name="libs.swing-layout.src" value="/home/yaman/dev/netbeans-6.1/platform8/docs/swing-layout-1.0.3-src.zip" />
    <property name="file.reference.log4j-1.2.15.jar" value="../ErgoRR-shared/log4j-1.2.15.jar" />
    <property name="javac.target" value="1.5" />
    <property name="java.vendor" value="Sun Microsystems Inc." />
    <property name="libs.Hibernate3-2.src" value="" />
    <property name="libs.swing-app-framework.src" value="" />
    <property name="java.specification.version" value="1.6" />
    <property name="sun.arch.data.model" value="32" />
  </properties>
  <testcase classname="be.kzen.ergorr.interfaces.soap.CswClientTest" name="testTransaction" time="1134.344" />
  <testcase classname="be.kzen.ergorr.interfaces.soap.CswClientTest" name="testTransact" time="0.0040" />
  <testcase classname="be.kzen.ergorr.interfaces.soap.CswClientTest" name="testHarvest" time="0.0010" />
  <testcase classname="be.kzen.ergorr.interfaces.soap.CswClientTest" name="testGetRecordDescription" time="0.0010" />
  <testcase classname="be.kzen.ergorr.interfaces.soap.CswClientTest" name="testGetDomain" time="0.0010" />
  <testcase classname="be.kzen.ergorr.interfaces.soap.CswClientTest" name="testGetCapabilities" time="0.0010" />
  <system-out><![CDATA[0 urn_EOP_ING_EOLI_ESA.EECF.ALOS_PSR_FD_AL-07061022032198-1640.Pfd.xml
1 urn_EOP_ING_EOLI_ESA.EECF.ALOS_PSR_FD_AL-07060921190210-1640.Pfd.xml
2 urn_EOP_ING_EOLI_ESA.EECF.ENVISAT_ASA_APx_xS_EN1-07071309090227-12252.XPH.xml
3 urn_EOP_ING_EOLI_ESA.EECF.ENVISAT_ASA_APx_xS_EN1-07080321071730-4180.XPH.xml
4 urn_EOP_ING_EOLI_ESA.EECF.ALOS_AVNIR_AL-07011611071632-1036.AV0.xml
5 urn_EOP_ING_EOLI_ESA.EECF.ALOS_PSR_FD_AL-07061021593201-1640.Pfd.xml
6 urn_EOP_ING_EOLI_ESA.EECF.ENVISAT_ASA_GMI_1S_EN1-07100121375735-101624.XGI.xml
7 urn_EOP_ING_EOLI_ESA.EECF.ENVISAT_ASA_GMI_1S_EN1-07060120292575-124730.XGI.xml
8 urn_EOP_ING_EOLI_ESA.EECF.ALOS_AVNIR_AL-07042210300495-1036.AV0.xml
9 urn_EOP_ING_EOLI_ESA.EECF.ENVISAT_ASA_APx_xS_EN1-07072608555212-3990.XPH.xml
10 urn_EOP_ING_EOLI_ESA.EECF.ALOS_PSR_FD_AL-07010709531615-1640.Pfd.xml
11 urn_EOP_ING_EOLI_ESA.EECF.ENVISAT_ASA_GMI_1S_EN1-07042521335571-122313.XGI.xml
12 urn_EOP_ING_EOLI_ESA.EECF.ENVISAT_ASA_GMI_1S_EN1-07012010165361-11243.XGI.xml
13 urn_EOP_ING_EOLI_ESA.EECF.ENVISAT_ASA_GMI_1S_EN1-07052108261681-65684.XGI.xml
14 urn_EOP_ING_EOLI_ESA.EECF.ENVISAT_ASA_GMI_1S_EN1-07082721380159-105250.XGI.xml
15 urn_EOP_ING_EOLI_ESA.EECF.ALOS_AVNIR_AL-07040411274874-1036.AV0.xml
16 urn_EOP_ING_EOLI_ESA.EECF.ENVISAT_ASA_IMx_xS_EN1-07010610595205-3595.XI.xml
17 urn_EOP_ING_EOLI_ESA.EECF.ENVISAT_ASA_GMI_1S_EN1-07101322060636-50808.XGI.xml
18 urn_EOP_ING_EOLI_ESA.EECF.ENVISAT_ASA_GMI_1S_EN1-07061510303046-73914.XGI.xml
19 urn_EOP_ING_EOLI_ESA.EECF.ALOS_PSM_O1_AL-07012510391823-518.Pr1.xml
20 urn_EOP_ING_EOLI_ESA.EECF.ALOS_AVNIR_AL-07060311053919-1036.AV0.xml
21 urn_EOP_ING_EOLI_ESA.EECF.ALOS_AVNIR_AL-07060311064489-1036.AV0.xml
22 urn_EOP_ING_EOLI_ESA.EECF.ALOS_AVNIR_AL-07051311392011-1036.AV0.xml
23 urn_EOP_ING_EOLI_ESA.EECF.ENVISAT_ASA_GMI_1S_EN1-07042409245267-73914.XGI.xml
24 urn_EOP_ING_EOLI_ESA.EECF.ENVISAT_ASA_APx_xS_EN1-07052622122314-3813.XPC.xml
25 urn_EOP_ING_EOLI_ESA.EECF.ALOS_PSM_O1_AL-07020410521102-518.Pr1.xml
26 urn_EOP_ING_EOLI_ESA.EECF.ALOS_AVNIR_AL-07040411300015-1036.AV0.xml
27 urn_EOP_ING_EOLI_ESA.EECF.ALOS_AVNIR_AL-07060111253381-1036.AV0.xml
28 urn_EOP_ING_EOLI_ESA.EECF.ENVISAT_ASA_GMI_1S_EN1-07110821560264-11243.XGI.xml
29 urn_EOP_ING_EOLI_ESA.EECF.ENVISAT_ASA_GMI_1S_EN1-07060221540605-12452.XGI.xml
30 urn_EOP_ING_EOLI_ESA.EECF.ENVISAT_ASA_GMI_1S_EN1-07101110171586-11847.XGI.xml
31 urn_EOP_ING_EOLI_ESA.EECF.ENVISAT_ASA_APx_xS_EN1-07110709272279-3950.XPV.xml
32 urn_EOP_ING_EOLI_ESA.EECF.ALOS_AVNIR_AL-07042510555813-1036.AV0.xml
33 urn_EOP_ING_EOLI_ESA.EECF.ALOS_AVNIR_AL-07032511145589-1036.AV0.xml
34 urn_EOP_ING_EOLI_ESA.EECF.ENVISAT_ASA_GMI_1S_EN1-07062109021689-32536.XGI.xml
35 urn_EOP_ING_EOLI_ESA.EECF.ALOS_AVNIR_AL-07011110584536-1036.AV0.xml
36 urn_EOP_ING_EOLI_ESA.EECF.ALOS_PSR_FD_AL-07061022015986-1640.Pfd.xml
37 urn_EOP_ING_EOLI_ESA.EECF.ENVISAT_ASA_GMI_1S_EN1-07040222102967-11243.XGI.xml
38 urn_EOP_ING_EOLI_ESA.EECF.ALOS_AVNIR_AL-07052009511695-1036.AV0.xml
39 urn_EOP_ING_EOLI_ESA.EECF.ALOS_AVNIR_AL-07040310484039-1036.AV0.xml
40 urn_EOP_ING_EOLI_ESA.EECF.ALOS_PSM_O1_AL-07020410523155-518.Pr1.xml
41 urn_EOP_ING_EOLI_ESA.EECF.ALOS_AVNIR_AL-07051810072935-1036.AV0.xml
42 urn_EOP_ING_EOLI_ESA.EECF.ALOS_AVNIR_AL-07010709533164-1036.AV0.xml
43 urn_EOP_ING_EOLI_ESA.EECF.ALOS_AVNIR_AL-07052410550726-1036.AV0.xml
44 urn_EOP_ING_EOLI_ESA.EECF.ALOS_AVNIR_AL-07031109590900-1036.AV0.xml
45 urn_EOP_ING_EOLI_ESA.EECF.ALOS_AVNIR_AL-07010110475131-1036.AV0.xml
46 urn_EOP_ING_EOLI_ESA.EECF.ALOS_AVNIR_AL-07060811121236-1036.AV0.xml
47 urn_EOP_ING_EOLI_ESA.EECF.ENVISAT_ASA_GMI_1S_EN1-07051622274385-10639.XGI.xml
48 urn_EOP_ING_EOLI_ESA.EECF.ENVISAT_ASA_GMI_1S_EN1-07121520372497-124730.XGI.xml
49 urn_EOP_ING_EOLI_ESA.EECF.ALOS_AVNIR_AL-07011411253164-1036.AV0.xml
50 urn_EOP_ING_EOLI_ESA.EECF.ALOS_AVNIR_AL-07051210583366-1036.AV0.xml
51 urn_EOP_ING_EOLI_ESA.EECF.ENVISAT_ASA_GMI_1S_EN1-07032721490592-82747.XGI.xml
52 urn_EOP_ING_EOLI_ESA.EECF.ENVISAT_ASA_GMI_1S_EN1-07021220524697-164294.XGI.xml
53 urn_EOP_ING_EOLI_ESA.EECF.ENVISAT_ASA_APx_xS_EN1-07091508533890-4033.XPH.xml
54 urn_EOP_ING_EOLI_ESA.EECF.ALOS_AVNIR_AL-07040810543451-1036.AV0.xml
55 urn_EOP_ING_EOLI_ESA.EECF.ALOS_PSR_FD_AL-07061022013522-1640.Pfd.xml
56 urn_EOP_ING_EOLI_ESA.EECF.ALOS_PSR_FD_AL-07060921233312-1640.Pfd.xml
57 urn_EOP_ING_EOLI_ESA.EECF.ALOS_AVNIR_AL-07060811101741-1036.AV0.xml
58 urn_EOP_ING_EOLI_ESA.EECF.ENVISAT_ASA_IMx_xS_EN1-07011320131852-14556.XI.xml
59 urn_EOP_ING_EOLI_ESA.EECF.ALOS_AVNIR_AL-07030811120416-1036.AV0.xml
60 urn_EOP_ING_EOLI_ESA.EECF.ALOS_PSR_FD_AL-07010310305100-1640.Pfd.xml
61 urn_EOP_ING_EOLI_ESA.EECF.ALOS_AVNIR_AL-07050910342477-1036.AV0.xml
62 urn_EOP_ING_EOLI_ESA.EECF.ENVISAT_ASA_GMI_1S_EN1-07012019563172-20077.XGI.xml
63 urn_EOP_ING_EOLI_ESA.EECF.ALOS_PSR_FD_AL-07060822163400-1640.Pfd.xml
64 urn_EOP_ING_EOLI_ESA.EECF.ALOS_PSR_FD_AL-07060921195139-1640.Pfd.xml
65 urn_EOP_ING_EOLI_ESA.EECF.ALOS_AVNIR_AL-07051810070471-1036.AV0.xml
66 urn_EOP_ING_EOLI_ESA.EECF.ALOS_PSM_O1_AL-07021110410497-518.Pr1.xml
67 urn_EOP_ING_EOLI_ESA.EECF.ALOS_AVNIR_AL-07060809344322-1036.AV0.xml
68 urn_EOP_ING_EOLI_ESA.EECF.ENVISAT_ASA_GMI_1S_EN1-07092221133475-163086.XGI.xml
69 urn_EOP_ING_EOLI_ESA.EECF.ALOS_AVNIR_AL-07031111354067-1036.AV0.xml
70 urn_EOP_ING_EOLI_ESA.EECF.ENVISAT_ASA_GMI_1S_EN1-07012120563722-30724.XGI.xml
71 urn_EOP_ING_EOLI_ESA.EECF.ALOS_PSM_O1_AL-07020910564008-518.Pr1.xml
72 urn_EOP_ING_EOLI_ESA.EECF.ALOS_AVNIR_AL-07051810073757-1036.AV0.xml
73 urn_EOP_ING_EOLI_ESA.EECF.ENVISAT_ASA_IMx_xS_EN1-07011909080696-10450.XI.xml
74 urn_EOP_ING_EOLI_ESA.EECF.ALOS_PSR_FD_AL-07061022002130-1640.Pfd.xml
75 urn_EOP_ING_EOLI_ESA.EECF.ALOS_AVNIR_AL-07051311401760-1036.AV0.xml
76 urn_EOP_ING_EOLI_ESA.EECF.ENVISAT_ASA_GMI_1S_EN1-07110320522955-182566.XGI.xml
77 urn_EOP_ING_EOLI_ESA.EECF.ALOS_AVNIR_AL-07040810540987-1036.AV0.xml
78 urn_EOP_ING_EOLI_ESA.EECF.ALOS_PSM_O1_AL-07012111152048-518.Pr1.xml
79 urn_EOP_ING_EOLI_ESA.EECF.ALOS_AVNIR_AL-07032309515256-1036.AV0.xml
80 urn_EOP_ING_EOLI_ESA.EECF.ALOS_AVNIR_AL-07051610243820-1036.AV0.xml
81 urn_EOP_ING_EOLI_ESA.EECF.ALOS_AVNIR_AL-07060710332941-1036.AV0.xml
82 urn_EOP_ING_EOLI_ESA.EECF.ALOS_AVNIR_AL-07052211110337-1036.AV0.xml
83 urn_EOP_ING_EOLI_ESA.EECF.ALOS_PSM_O1_AL-07012510400751-518.Pr1.xml
84 urn_EOP_ING_EOLI_ESA.EECF.ALOS_AVNIR_AL-07052011303288-1036.AV0.xml
85 urn_EOP_ING_EOLI_ESA.EECF.ALOS_PSR_FD_AL-07060822151184-1640.Pfd.xml
86 urn_EOP_ING_EOLI_ESA.EECF.ENVISAT_ASA_GMI_1S_EN1-07051420102404-31327.XGI.xml
87 urn_EOP_ING_EOLI_ESA.EECF.ALOS_PSR_FD_AL-07061022000487-1640.Pfd.xml
88 urn_EOP_ING_EOLI_ESA.EECF.ALOS_AVNIR_AL-07050509320543-1036.AV0.xml
89 urn_EOP_ING_EOLI_ESA.EECF.ALOS_AVNIR_AL-07051610242999-1036.AV0.xml
90 urn_EOP_ING_EOLI_ESA.EECF.ENVISAT_ASA_GMI_1S_EN1-07041310055266-33141.XGI.xml
91 urn_EOP_ING_EOLI_ESA.EECF.ALOS_PSM_O1_AL-07011110593718-518.Pr1.xml
92 urn_EOP_ING_EOLI_ESA.EECF.ALOS_AVNIR_AL-07052310133148-1036.AV0.xml
93 urn_EOP_ING_EOLI_ESA.EECF.ENVISAT_ASA_GMI_1S_EN1-07051709020243-15472.XGI.xml
94 urn_EOP_ING_EOLI_ESA.EECF.ENVISAT_ASA_IMx_xS_EN1-07012021325842-15800.XI.xml
95 urn_EOP_ING_EOLI_ESA.EECF.ALOS_AVNIR_AL-07060111255845-1036.AV0.xml
96 urn_EOP_ING_EOLI_ESA.EECF.ALOS_PSM_O1_AL-07011110595771-518.Pr1.xml
97 urn_EOP_ING_EOLI_ESA.EECF.ALOS_AVNIR_AL-07060710333762-1036.AV0.xml
98 urn_EOP_ING_EOLI_ESA.EECF.ALOS_AVNIR_AL-07041811061255-1036.AV0.xml
99 urn_EOP_ING_EOLI_ESA.EECF.ALOS_AVNIR_AL-07052211114443-1036.AV0.xml
100 urn_EOP_ING_EOLI_ESA.EECF.ENVISAT_ASA_APx_xS_EN1-07112622291964-3812.XPC.xml
101 urn_EOP_ING_EOLI_ESA.EECF.ENVISAT_ASA_APx_xS_EN1-07072209255525-5319.XPH.xml
102 urn_EOP_ING_EOLI_ESA.EECF.ALOS_AVNIR_AL-07012111135990-1036.AV0.xml
103 urn_EOP_ING_EOLI_ESA.EECF.ALOS_PSR_FD_AL-07061021592380-1640.Pfd.xml
104 urn_EOP_ING_EOLI_ESA.EECF.ALOS_AVNIR_AL-07040411274053-1036.AV0.xml
105 urn_EOP_ING_EOLI_ESA.EECF.ALOS_AVNIR_AL-07010810375212-1036.AV0.xml
106 urn_EOP_ING_EOLI_ESA.EECF.ALOS_PSM_O1_AL-07021110413372-518.Pr1.xml
107 urn_EOP_ING_EOLI_ESA.EECF.ENVISAT_ASA_IMx_xS_EN1-07011608595424-13565.XI.xml
108 urn_EOP_ING_EOLI_ESA.EECF.ALOS_PSR_FD_AL-07061022023271-1640.Pfd.xml
109 urn_EOP_ING_EOLI_ESA.EECF.ALOS_AVNIR_AL-07011411240950-1036.AV0.xml
110 urn_EOP_ING_EOLI_ESA.EECF.ENVISAT_ASA_GMI_1S_EN1-07112022093726-74518.XGI.xml
111 urn_EOP_ING_EOLI_ESA.EECF.ENVISAT_ASA_GMI_1S_EN1-07112521020081-185588.XGI.xml
112 urn_EOP_ING_EOLI_ESA.EECF.ALOS_AVNIR_AL-07060609550284-1036.AV0.xml
113 urn_EOP_ING_EOLI_ESA.EECF.ENVISAT_ASA_GMI_1S_EN1-07011520494651-20077.XGI.xml
114 urn_EOP_ING_EOLI_ESA.EECF.ALOS_AVNIR_AL-07051210555765-1036.AV0.xml
115 urn_EOP_ING_EOLI_ESA.EECF.ALOS_PSR_FD_AL-07060822210503-1640.Pfd.xml
116 urn_EOP_ING_EOLI_ESA.EECF.ENVISAT_ASA_GMI_1S_EN1-07042621173780-11847.XGI.xml
117 urn_EOP_ING_EOLI_ESA.EECF.ALOS_AVNIR_AL-07032311313311-1036.AV0.xml
118 urn_EOP_ING_EOLI_ESA.EECF.ALOS_PSR_FD_AL-07060922591548-1640.Pfd.xml
119 urn_EOP_ING_EOLI_ESA.EECF.ALOS_AVNIR_AL-07042410163603-1036.AV0.xml
120 urn_EOP_ING_EOLI_ESA.EECF.ALOS_AVNIR_AL-07041811054791-1036.AV0.xml
121 urn_EOP_ING_EOLI_ESA.EECF.ALOS_AVNIR_AL-07010911174149-1036.AV0.xml
122 urn_EOP_ING_EOLI_ESA.EECF.ALOS_AVNIR_AL-07022510190519-1036.AV0.xml
123 urn_EOP_ING_EOLI_ESA.EECF.ALOS_AVNIR_AL-07060811134270-1036.AV0.xml
124 urn_EOP_ING_EOLI_ESA.EECF.ENVISAT_ASA_GMI_1S_EN1-07050121593203-12452.XGI.xml
125 urn_EOP_ING_EOLI_ESA.EECF.ALOS_PSR_FD_AL-07061021595666-1640.Pfd.xml
126 urn_EOP_ING_EOLI_ESA.EECF.ALOS_AVNIR_AL-07041311001956-1036.AV0.xml
127 urn_EOP_ING_EOLI_ESA.EECF.ALOS_AVNIR_AL-07032210534731-1036.AV0.xml
128 urn_EOP_ING_EOLI_ESA.EECF.ALOS_AVNIR_AL-07051011153569-1036.AV0.xml
129 urn_EOP_ING_EOLI_ESA.EECF.ALOS_AVNIR_AL-07050910340013-1036.AV0.xml
130 urn_EOP_ING_EOLI_ESA.EECF.ALOS_AVNIR_AL-07050509324650-1036.AV0.xml
131 urn_EOP_ING_EOLI_ESA.EECF.ENVISAT_ASA_IMx_xS_EN1-07011020083496-14017.XI.xml
132 urn_EOP_ING_EOLI_ESA.EECF.ENVISAT_ASA_GMI_1S_EN1-07112709044374-21286.XGI.xml
133 urn_EOP_ING_EOLI_ESA.EECF.ALOS_AVNIR_AL-07060210261502-1036.AV0.xml
134 urn_EOP_ING_EOLI_ESA.EECF.ALOS_AVNIR_AL-07032710564821-1036.AV0.xml
135 urn_EOP_ING_EOLI_ESA.EECF.ALOS_AVNIR_AL-07041811070182-1036.AV0.xml
136 urn_EOP_ING_EOLI_ESA.EECF.ENVISAT_ASA_GMI_1S_EN1-07061709220262-31932.XGI.xml
137 urn_EOP_ING_EOLI_ESA.EECF.ENVISAT_ASA_GMI_1S_EN1-07090908404188-13056.XGI.xml
138 urn_EOP_ING_EOLI_ESA.EECF.ALOS_AVNIR_AL-07051610250284-1036.AV0.xml
139 urn_EOP_ING_EOLI_ESA.EECF.ALOS_AVNIR_AL-07032410335299-1036.AV0.xml
140 urn_EOP_ING_EOLI_ESA.EECF.ALOS_AVNIR_AL-07042311134357-1036.AV0.xml
141 urn_EOP_ING_EOLI_ESA.EECF.ENVISAT_ASA_GMI_1S_EN1-07080810302315-11847.XGI.xml
142 urn_EOP_ING_EOLI_ESA.EECF.ALOS_AVNIR_AL-07050410291268-1036.AV0.xml
143 urn_EOP_ING_EOLI_ESA.EECF.ENVISAT_ASA_GMI_1S_EN1-07102220343654-131751.XGI.xml
144 urn_EOP_ING_EOLI_ESA.EECF.ALOS_AVNIR_AL-07051610251105-1036.AV0.xml
145 urn_EOP_ING_EOLI_ESA.EECF.ALOS_AVNIR_AL-07050710523260-1036.AV0.xml
146 urn_EOP_ING_EOLI_ESA.EECF.ALOS_PSR_FD_AL-07060921201603-1640.Pfd.xml
147 urn_EOP_ING_EOLI_ESA.EECF.ALOS_PSR_FD_AL-07061022025735-1640.Pfd.xml
148 urn_EOP_ING_EOLI_ESA.EECF.ENVISAT_ASA_GMI_1S_EN1-07121421045355-183171.XGI.xml
149 urn_EOP_ING_EOLI_ESA.EECF.ENVISAT_ASA_IMx_xS_EN1-07010610530314-11450.XI.xml
150 urn_EOP_ING_EOLI_ESA.EECF.ALOS_AVNIR_AL-07041111194939-1036.AV0.xml
151 urn_EOP_ING_EOLI_ESA.EECF.ALOS_AVNIR_AL-07011611070811-1036.AV0.xml
152 urn_EOP_ING_EOLI_ESA.EECF.ENVISAT_ASA_GMI_1S_EN1-07072522181467-83352.XGI.xml
153 urn_EOP_ING_EOLI_ESA.EECF.ALOS_AVNIR_AL-07050110060927-1036.AV0.xml
154 urn_EOP_ING_EOLI_ESA.EECF.ALOS_AVNIR_AL-07022510185697-1036.AV0.xml
155 urn_EOP_ING_EOLI_ESA.EECF.ALOS_AVNIR_AL-07040810555664-1036.AV0.xml
156 urn_EOP_ING_EOLI_ESA.EECF.ALOS_AVNIR_AL-07051810074578-1036.AV0.xml
157 urn_EOP_ING_EOLI_ESA.EECF.ENVISAT_ASA_GMI_1S_EN1-07122522093760-71497.XGI.xml
158 urn_EOP_ING_EOLI_ESA.EECF.ENVISAT_ASA_APx_xS_EN1-07080808465146-3930.XPC.xml
159 urn_EOP_ING_EOLI_ESA.EECF.ALOS_PSR_FD_AL-07061022043589-1640.Pfd.xml
160 urn_EOP_ING_EOLI_ESA.EECF.ALOS_AVNIR_AL-07052709402511-1036.AV0.xml
161 urn_EOP_ING_EOLI_ESA.EECF.ENVISAT_ASA_IMx_xS_EN1-07011809355750-21512.XI.xml
162 urn_EOP_ING_EOLI_ESA.EECF.ALOS_AVNIR_AL-07042510565562-1036.AV0.xml
163 urn_EOP_ING_EOLI_ESA.EECF.ALOS_AVNIR_AL-07031111382493-1036.AV0.xml
164 urn_EOP_ING_EOLI_ESA.EECF.ENVISAT_ASA_GMI_1S_EN1-07052720002204-44996.XGI.xml
165 urn_EOP_ING_EOLI_ESA.EECF.ALOS_AVNIR_AL-07031311183911-1036.AV0.xml
166 urn_EOP_ING_EOLI_ESA.EECF.ALOS_AVNIR_AL-07060809334573-1036.AV0.xml
167 urn_EOP_ING_EOLI_ESA.EECF.ALOS_PSM_O1_AL-07011111001003-518.Pr1.xml
168 urn_EOP_ING_EOLI_ESA.EECF.ALOS_AVNIR_AL-07052310135611-1036.AV0.xml
169 urn_EOP_ING_EOLI_ESA.EECF.ENVISAT_ASA_IMx_xS_EN1-07011909050736-13576.XI.xml
170 urn_EOP_ING_EOLI_ESA.EECF.ALOS_PSM_O1_AL-07021110415425-518.Pr1.xml
171 urn_EOP_ING_EOLI_ESA.EECF.ALOS_AVNIR_AL-07040411291087-1036.AV0.xml
172 urn_EOP_ING_EOLI_ESA.EECF.ALOS_PSR_FD_AL-07060921220279-1640.Pfd.xml
173 urn_EOP_ING_EOLI_ESA.EECF.ENVISAT_ASA_GMI_1S_EN1-07060621073987-190796.XGI.xml
174 urn_EOP_ING_EOLI_ESA.EECF.ALOS_AVNIR_AL-07040310472647-1036.AV0.xml
175 urn_EOP_ING_EOLI_ESA.EECF.ALOS_PSM_O1_AL-07012111163852-518.Pr1.xml
176 urn_EOP_ING_EOLI_ESA.EECF.ALOS_AVNIR_AL-07032311332809-1036.AV0.xml
177 urn_EOP_ING_EOLI_ESA.EECF.ALOS_AVNIR_AL-07041710272941-1036.AV0.xml
178 urn_EOP_ING_EOLI_ESA.EECF.ALOS_AVNIR_AL-07060311062025-1036.AV0.xml
179 urn_EOP_ING_EOLI_ESA.EECF.ENVISAT_ASA_GMI_1S_EN1-07111221104016-182566.XGI.xml
180 urn_EOP_ING_EOLI_ESA.EECF.ENVISAT_ASA_GMI_1S_EN1-07092720291706-41974.XGI.xml
181 urn_EOP_ING_EOLI_ESA.EECF.ALOS_AVNIR_AL-07031311201766-1036.AV0.xml
182 urn_EOP_ING_EOLI_ESA.EECF.ALOS_AVNIR_AL-07031111383314-1036.AV0.xml
183 urn_EOP_ING_EOLI_ESA.EECF.ALOS_AVNIR_AL-07040111060671-1036.AV0.xml
184 urn_EOP_ING_EOLI_ESA.EECF.ALOS_AVNIR_AL-07032210525803-1036.AV0.xml
185 urn_EOP_ING_EOLI_ESA.EECF.ALOS_AVNIR_AL-07040210063171-1036.AV0.xml
186 urn_EOP_ING_EOLI_ESA.EECF.ALOS_AVNIR_AL-07011810510435-1036.AV0.xml
187 urn_EOP_ING_EOLI_ESA.EECF.ENVISAT_ASA_GMI_1S_EN1-07051620350019-100416.XGI.xml
188 urn_EOP_ING_EOLI_ESA.EECF.ALOS_AVNIR_AL-07031111371922-1036.AV0.xml
189 urn_EOP_ING_EOLI_ESA.EECF.ALOS_AVNIR_AL-07041710262371-1036.AV0.xml
190 urn_EOP_ING_EOLI_ESA.EECF.ENVISAT_ASA_GMI_1S_EN1-07111009385183-80331.XGI.xml
191 urn_EOP_ING_EOLI_ESA.EECF.ENVISAT_ASA_GMI_1S_EN1-07052119483168-55038.XGI.xml
192 urn_EOP_ING_EOLI_ESA.EECF.ALOS_AVNIR_AL-07051210571976-1036.AV0.xml
193 urn_EOP_ING_EOLI_ESA.EECF.ENVISAT_ASA_GMI_1S_EN1-07071620312834-24911.XGI.xml
194 urn_EOP_ING_EOLI_ESA.EECF.ALOS_PSM_O1_AL-07012111141067-518.Pr1.xml
195 urn_EOP_ING_EOLI_ESA.EECF.ENVISAT_ASA_GMI_1S_EN1-07042210235953-10639.XGI.xml
196 urn_EOP_ING_EOLI_ESA.EECF.ALOS_AVNIR_AL-07052711155930-1036.AV0.xml
197 urn_EOP_ING_EOLI_ESA.EECF.ALOS_AVNIR_AL-07050811310754-1036.AV0.xml
198 urn_EOP_ING_EOLI_ESA.EECF.ALOS_AVNIR_AL-07042510560634-1036.AV0.xml
199 urn_EOP_ING_EOLI_ESA.EECF.ALOS_AVNIR_AL-07010810373570-1036.AV0.xml
200 urn_EOP_ING_EOLI_ESA.EECF.ALOS_PSR_FD_AL-07010310302636-1640.Pfd.xml
201 urn_EOP_ING_EOLI_ESA.EECF.ENVISAT_ASA_APx_xS_EN1-07110722263155-3813.XPC.xml
202 urn_EOP_ING_EOLI_ESA.EECF.ENVISAT_ASA_GMI_1S_EN1-07051220592119-130542.XGI.xml
203 urn_EOP_ING_EOLI_ESA.EECF.ALOS_AVNIR_AL-07041609430129-1036.AV0.xml
204 urn_EOP_ING_EOLI_ESA.EECF.ALOS_AVNIR_AL-07051111540239-1036.AV0.xml
205 urn_EOP_ING_EOLI_ESA.EECF.ENVISAT_ASA_GMI_1S_EN1-07071121085529-162482.XGI.xml
206 urn_EOP_ING_EOLI_ESA.EECF.ENVISAT_ASA_GMI_1S_EN1-07052421202983-143002.XGI.xml
207 urn_EOP_ING_EOLI_ESA.EECF.ALOS_AVNIR_AL-07060510492615-1036.AV0.xml
208 urn_EOP_ING_EOLI_ESA.EECF.ENVISAT_ASA_GMI_1S_EN1-07051108460205-21286.XGI.xml
209 urn_EOP_ING_EOLI_ESA.EECF.ALOS_AVNIR_AL-07010510112177-1036.AV0.xml
210 urn_EOP_ING_EOLI_ESA.EECF.ALOS_PSR_FD_AL-07011810504002-1640.Pfd.xml
211 urn_EOP_ING_EOLI_ESA.EECF.ALOS_AVNIR_AL-07050511090174-1036.AV0.xml
212 urn_EOP_ING_EOLI_ESA.EECF.ENVISAT_ASA_GMI_1S_EN1-07050819570984-51412.XGI.xml
213 urn_EOP_ING_EOLI_ESA.EECF.ALOS_AVNIR_AL-07052711172963-1036.AV0.xml
214 urn_EOP_ING_EOLI_ESA.EECF.ALOS_AVNIR_AL-07052310142075-1036.AV0.xml
215 urn_EOP_ING_EOLI_ESA.EECF.ALOS_PSR_FD_AL-07061022024914-1640.Pfd.xml
216 urn_EOP_ING_EOLI_ESA.EECF.ALOS_AVNIR_AL-07040210071277-1036.AV0.xml
217 urn_EOP_ING_EOLI_ESA.EECF.ENVISAT_ASA_GMI_1S_EN1-07031322283792-84561.XGI.xml
218 urn_EOP_ING_EOLI_ESA.EECF.ALOS_AVNIR_AL-07010310301774-1036.AV0.xml
219 urn_EOP_ING_EOLI_ESA.EECF.ALOS_AVNIR_AL-07042410153033-1036.AV0.xml
220 urn_EOP_ING_EOLI_ESA.EECF.ALOS_AVNIR_AL-07060811120415-1036.AV0.xml
221 urn_EOP_ING_EOLI_ESA.EECF.ENVISAT_ASA_GMI_1S_EN1-07061521280678-171316.XGI.xml
222 urn_EOP_ING_EOLI_ESA.EECF.ALOS_AVNIR_AL-07030410084680-1036.AV0.xml
223 urn_EOP_ING_EOLI_ESA.EECF.ALOS_AVNIR_AL-07040310471826-1036.AV0.xml
224 urn_EOP_ING_EOLI_ESA.EECF.ALOS_AVNIR_AL-07060710324834-1036.AV0.xml
225 urn_EOP_ING_EOLI_ESA.EECF.ENVISAT_ASA_GMI_1S_EN1-07040520204737-125334.XGI.xml
226 urn_EOP_ING_EOLI_ESA.EECF.ENVISAT_ASA_APx_xS_EN1-07110208480991-3811.XPV.xml
227 urn_EOP_ING_EOLI_ESA.EECF.ENVISAT_ASA_APx_xS_EN1-07080720383562-3896.XPV.xml
228 urn_EOP_ING_EOLI_ESA.EECF.ENVISAT_ASA_GMI_1S_EN1-07070708540479-20078.XGI.xml
229 urn_EOP_ING_EOLI_ESA.EECF.ALOS_AVNIR_AL-07032311322239-1036.AV0.xml
230 urn_EOP_ING_EOLI_ESA.EECF.ALOS_AVNIR_AL-07030910162716-1036.AV0.xml
231 urn_EOP_ING_EOLI_ESA.EECF.ALOS_AVNIR_AL-07032210522517-1036.AV0.xml
232 urn_EOP_ING_EOLI_ESA.EECF.ALOS_AVNIR_AL-07040409471891-1036.AV0.xml
233 urn_EOP_ING_EOLI_ESA.EECF.ALOS_AVNIR_AL-07031311202588-1036.AV0.xml
234 urn_EOP_ING_EOLI_ESA.EECF.ENVISAT_ASA_GMI_1S_EN1-07090521580108-75123.XGI.xml
235 urn_EOP_ING_EOLI_ESA.EECF.ALOS_AVNIR_AL-07052711180248-1036.AV0.xml
236 urn_EOP_ING_EOLI_ESA.EECF.ENVISAT_ASA_GMI_1S_EN1-07121610475633-41974.XGI.xml
237 urn_EOP_ING_EOLI_ESA.EECF.ENVISAT_ASA_GMI_1S_EN1-07102520402521-132355.XGI.xml
238 urn_EOP_ING_EOLI_ESA.EECF.ALOS_AVNIR_AL-07052310132326-1036.AV0.xml
239 urn_EOP_ING_EOLI_ESA.EECF.ENVISAT_ASA_GMI_1S_EN1-07091722301737-11243.XGI.xml
240 urn_EOP_ING_EOLI_ESA.EECF.ALOS_AVNIR_AL-07060710313443-1036.AV0.xml
241 urn_EOP_ING_EOLI_ESA.EECF.ALOS_AVNIR_AL-07050811314860-1036.AV0.xml
242 urn_EOP_ING_EOLI_ESA.EECF.ENVISAT_ASA_GMI_1S_EN1-07010320102387-140585.XGI.xml
243 urn_EOP_ING_EOLI_ESA.EECF.ENVISAT_ASA_GMI_1S_EN1-07112221163967-20077.XGI.xml
244 urn_EOP_ING_EOLI_ESA.EECF.ENVISAT_ASA_GMI_1S_EN1-07122122351243-72705.XGI.xml
245 urn_EOP_ING_EOLI_ESA.EECF.ENVISAT_ASA_APx_xS_EN1-07072608585865-3818.XPC.xml
246 urn_EOP_ING_EOLI_ESA.EECF.ALOS_AVNIR_AL-07041510423656-1036.AV0.xml
247 urn_EOP_ING_EOLI_ESA.EECF.ALOS_PSR_FD_AL-07060822205681-1640.Pfd.xml
248 urn_EOP_ING_EOLI_ESA.EECF.ALOS_AVNIR_AL-07032311311669-1036.AV0.xml
249 urn_EOP_ING_EOLI_ESA.EECF.ENVISAT_ASA_GMI_1S_EN1-07112020411689-11243.XGI.xml
250 urn_EOP_ING_EOLI_ESA.EECF.ENVISAT_ASA_GMI_1S_EN1-07081922322937-74518.XGI.xml
251 urn_EOP_ING_EOLI_ESA.EECF.ENVISAT_ASA_GMI_1S_EN1-07111219522625-21890.XGI.xml
252 urn_EOP_ING_EOLI_ESA.EECF.ALOS_PSM_O1_AL-07012111145995-518.Pr1.xml
253 urn_EOP_ING_EOLI_ESA.EECF.ALOS_PSM_O1_AL-07021110415836-518.Pr1.xml
254 urn_EOP_ING_EOLI_ESA.EECF.ENVISAT_ASA_GMI_1S_EN1-07041520035265-144814.XGI.xml
255 urn_EOP_ING_EOLI_ESA.EECF.ENVISAT_ASA_GMI_1S_EN1-07031821250446-172524.XGI.xml
256 urn_EOP_ING_EOLI_ESA.EECF.ALOS_AVNIR_AL-07060809342680-1036.AV0.xml
257 urn_EOP_ING_EOLI_ESA.EECF.ALOS_AVNIR_AL-07050811325429-1036.AV0.xml
258 urn_EOP_ING_EOLI_ESA.EECF.ALOS_AVNIR_AL-07040210060707-1036.AV0.xml
259 urn_EOP_ING_EOLI_ESA.EECF.ALOS_AVNIR_AL-07011611045671-1036.AV0.xml
260 urn_EOP_ING_EOLI_ESA.EECF.ALOS_PSR_FD_AL-07011810495896-1640.Pfd.xml
261 urn_EOP_ING_EOLI_ESA.EECF.ALOS_AVNIR_AL-07011510271889-1036.AV0.xml
262 urn_EOP_ING_EOLI_ESA.EECF.ALOS_AVNIR_AL-07040310475932-1036.AV0.xml
263 urn_EOP_ING_EOLI_ESA.EECF.ENVISAT_ASA_GMI_1S_EN1-07080920563230-180754.XGI.xml
264 urn_EOP_ING_EOLI_ESA.EECF.ALOS_AVNIR_AL-07010610542846-1036.AV0.xml
265 urn_EOP_ING_EOLI_ESA.EECF.ALOS_AVNIR_AL-07031109585257-1036.AV0.xml
266 urn_EOP_ING_EOLI_ESA.EECF.ALOS_PSR_FD_AL-07060822212145-1640.Pfd.xml
267 urn_EOP_ING_EOLI_ESA.EECF.ENVISAT_ASA_APx_xS_EN1-07071309073089-3813.XPV.xml
268 urn_EOP_ING_EOLI_ESA.EECF.ALOS_AVNIR_AL-07041611222541-1036.AV0.xml
269 urn_EOP_ING_EOLI_ESA.EECF.ENVISAT_ASA_GMI_1S_EN1-07061120151107-122917.XGI.xml
270 urn_EOP_ING_EOLI_ESA.EECF.ALOS_AVNIR_AL-07041210203064-1036.AV0.xml
271 urn_EOP_ING_EOLI_ESA.EECF.ALOS_PSM_O1_AL-07012510383717-518.Pr1.xml
272 urn_EOP_ING_EOLI_ESA.EECF.ALOS_PSM_O1_AL-07012111145173-518.Pr1.xml
273 urn_EOP_ING_EOLI_ESA.EECF.ALOS_PSM_O1_AL-07012111123211-518.Pr1.xml
274 urn_EOP_ING_EOLI_ESA.EECF.ENVISAT_ASA_GMI_1S_EN1-07061508510522-94603.XGI.xml
275 urn_EOP_ING_EOLI_ESA.EECF.ALOS_AVNIR_AL-07041311000313-1036.AV0.xml
276 urn_EOP_ING_EOLI_ESA.EECF.ENVISAT_ASA_GMI_1S_EN1-07110422180204-14264.XGI.xml
277 urn_EOP_ING_EOLI_ESA.EECF.ALOS_AVNIR_AL-07041609435877-1036.AV0.xml
278 urn_EOP_ING_EOLI_ESA.EECF.ENVISAT_ASA_GMI_1S_EN1-07081521140099-122312.XGI.xml
279 urn_EOP_ING_EOLI_ESA.EECF.ALOS_PSM_O1_AL-07020410524387-518.Pr1.xml
280 urn_EOP_ING_EOLI_ESA.EECF.ALOS_AVNIR_AL-07010411120215-1036.AV0.xml
281 urn_EOP_ING_EOLI_ESA.EECF.ALOS_AVNIR_AL-07041111195761-1036.AV0.xml
282 urn_EOP_ING_EOLI_ESA.EECF.ALOS_AVNIR_AL-07040111070421-1036.AV0.xml
283 urn_EOP_ING_EOLI_ESA.EECF.ENVISAT_ASA_GMI_1S_EN1-07121220315071-130542.XGI.xml
284 urn_EOP_ING_EOLI_ESA.EECF.ALOS_AVNIR_AL-07031109582794-1036.AV0.xml
285 urn_EOP_ING_EOLI_ESA.EECF.ENVISAT_ASA_GMI_1S_EN1-07011820395498-135376.XGI.xml
286 urn_EOP_ING_EOLI_ESA.EECF.ALOS_PSM_O1_AL-07020410533726-518.Pr1.xml
287 urn_EOP_ING_EOLI_ESA.EECF.ALOS_AVNIR_AL-07040111071242-1036.AV0.xml
288 urn_EOP_ING_EOLI_ESA.EECF.ALOS_AVNIR_AL-07031010564907-1036.AV0.xml
289 urn_EOP_ING_EOLI_ESA.EECF.ENVISAT_ASA_IMx_xS_EN1-07011209250727-12266.XI.xml
290 urn_EOP_ING_EOLI_ESA.EECF.ENVISAT_ASA_APx_xS_EN1-07061109102110-3930.XPC.xml
291 urn_EOP_ING_EOLI_ESA.EECF.ENVISAT_ASA_APx_xS_EN1-07060510452011-3818.XPV.xml
292 urn_EOP_ING_EOLI_ESA.EECF.ENVISAT_ASA_GMI_1S_EN1-07111421575671-72705.XGI.xml
293 urn_EOP_ING_EOLI_ESA.EECF.ALOS_PSR_FD_AL-07060923024078-1640.Pfd.xml
294 urn_EOP_ING_EOLI_ESA.EECF.ALOS_AVNIR_AL-07012111145739-1036.AV0.xml
295 urn_EOP_ING_EOLI_ESA.EECF.ENVISAT_ASA_GMI_1S_EN1-07060122152429-82747.XGI.xml
296 urn_EOP_ING_EOLI_ESA.EECF.ALOS_AVNIR_AL-07042410154675-1036.AV0.xml
297 urn_EOP_ING_EOLI_ESA.EECF.ENVISAT_ASA_APx_xS_EN1-07061409185358-3813.XPV.xml
298 urn_EOP_ING_EOLI_ESA.EECF.ALOS_AVNIR_AL-07052011285432-1036.AV0.xml
299 urn_EOP_ING_EOLI_ESA.EECF.ALOS_AVNIR_AL-07030811130985-1036.AV0.xml
300 urn_EOP_ING_EOLI_ESA.EECF.ALOS_AVNIR_AL-07031111375207-1036.AV0.xml
301 urn_EOP_ING_EOLI_ESA.EECF.ENVISAT_ASA_GMI_1S_EN1-07080910012782-32537.XGI.xml
302 urn_EOP_ING_EOLI_ESA.EECF.ALOS_PSM_O1_AL-07020910564829-518.Pr1.xml
303 urn_EOP_ING_EOLI_ESA.EECF.ALOS_AVNIR_AL-07041811064540-1036.AV0.xml
304 urn_EOP_ING_EOLI_ESA.EECF.ALOS_PSM_O1_AL-07012111140656-518.Pr1.xml
305 urn_EOP_ING_EOLI_ESA.EECF.ENVISAT_ASA_APx_xS_EN1-07042122122241-3813.XPC.xml
306 urn_EOP_ING_EOLI_ESA.EECF.ALOS_AVNIR_AL-07022510195446-1036.AV0.xml
307 urn_EOP_ING_EOLI_ESA.EECF.ENVISAT_ASA_GMI_1S_EN1-07040120505103-80330.XGI.xml
308 urn_EOP_ING_EOLI_ESA.EECF.ENVISAT_ASA_GMI_1S_EN1-07021721412409-105854.XGI.xml
309 urn_EOP_ING_EOLI_ESA.EECF.ENVISAT_ASA_GMI_1S_EN1-07091720344447-122313.XGI.xml
310 urn_EOP_ING_EOLI_ESA.EECF.ALOS_AVNIR_AL-07051110173073-1036.AV0.xml
311 urn_EOP_ING_EOLI_ESA.EECF.ALOS_PSR_FD_AL-07060923004582-1640.Pfd.xml
312 urn_EOP_ING_EOLI_ESA.EECF.ALOS_AVNIR_AL-07012111153847-1036.AV0.xml
313 urn_EOP_ING_EOLI_ESA.EECF.ENVISAT_ASA_GMI_1S_EN1-07031620440347-183775.XGI.xml
314 urn_EOP_ING_EOLI_ESA.EECF.ENVISAT_ASA_GMI_1S_EN1-07060908245087-101624.XGI.xml
315 urn_EOP_ING_EOLI_ESA.EECF.ALOS_AVNIR_AL-07060210263966-1036.AV0.xml
316 urn_EOP_ING_EOLI_ESA.EECF.ALOS_AVNIR_AL-07042710403082-1036.AV0.xml
317 urn_EOP_ING_EOLI_ESA.EECF.ALOS_AVNIR_AL-07040411290266-1036.AV0.xml
318 urn_EOP_ING_EOLI_ESA.EECF.ALOS_AVNIR_AL-07032311323881-1036.AV0.xml
319 urn_EOP_ING_EOLI_ESA.EECF.ENVISAT_ASA_APx_xS_EN1-07071008592430-4370.XPH.xml
320 urn_EOP_ING_EOLI_ESA.EECF.ENVISAT_ASA_GMI_1S_EN1-07052021520113-81540.XGI.xml
321 urn_EOP_ING_EOLI_ESA.EECF.ALOS_AVNIR_AL-07041111174619-1036.AV0.xml
322 urn_EOP_ING_EOLI_ESA.EECF.ALOS_AVNIR_AL-07052211105516-1036.AV0.xml
323 urn_EOP_ING_EOLI_ESA.EECF.ALOS_PSR_FD_AL-07060822180435-1640.Pfd.xml
324 urn_EOP_ING_EOLI_ESA.EECF.ALOS_PSR_FD_AL-07060922574513-1640.Pfd.xml
325 urn_EOP_ING_EOLI_ESA.EECF.ENVISAT_ASA_GMI_1S_EN1-07040720591735-130542.XGI.xml
326 urn_EOP_ING_EOLI_ESA.EECF.ALOS_AVNIR_AL-07030410090323-1036.AV0.xml
327 urn_EOP_ING_EOLI_ESA.EECF.ALOS_AVNIR_AL-07052009514980-1036.AV0.xml
328 urn_EOP_ING_EOLI_ESA.EECF.ALOS_AVNIR_AL-07052209320387-1036.AV0.xml
329 urn_EOP_ING_EOLI_ESA.EECF.ENVISAT_ASA_GMI_1S_EN1-07052620350048-13056.XGI.xml
330 urn_EOP_ING_EOLI_ESA.EECF.ENVISAT_ASA_GMI_1S_EN1-07051609321427-42579.XGI.xml
331 urn_EOP_ING_EOLI_ESA.EECF.ALOS_AVNIR_AL-07041609425308-1036.AV0.xml
332 urn_EOP_ING_EOLI_ESA.EECF.ALOS_AVNIR_AL-07031311193660-1036.AV0.xml
333 urn_EOP_ING_EOLI_ESA.EECF.ALOS_AVNIR_AL-07031111364637-1036.AV0.xml
334 urn_EOP_ING_EOLI_ESA.EECF.ENVISAT_ASA_GMI_1S_EN1-07021620283302-134168.XGI.xml
335 urn_EOP_ING_EOLI_ESA.EECF.ALOS_AVNIR_AL-07042210315170-1036.AV0.xml
336 urn_EOP_ING_EOLI_ESA.EECF.ENVISAT_ASA_GMI_1S_EN1-07030921035087-193817.XGI.xml
337 urn_EOP_ING_EOLI_ESA.EECF.ALOS_AVNIR_AL-07041510432583-1036.AV0.xml
338 urn_EOP_ING_EOLI_ESA.EECF.ENVISAT_ASA_GMI_1S_EN1-07010321580163-82144.XGI.xml
339 urn_EOP_ING_EOLI_ESA.EECF.ALOS_AVNIR_AL-07011611044850-1036.AV0.xml
340 urn_EOP_ING_EOLI_ESA.EECF.ENVISAT_ASA_APx_xS_EN1-07060709393957-4491.XPC.xml
341 urn_EOP_ING_EOLI_ESA.EECF.ALOS_PSR_FD_AL-07061021590737-1640.Pfd.xml
342 urn_EOP_ING_EOLI_ESA.EECF.ALOS_AVNIR_AL-07060811162698-1036.AV0.xml
343 urn_EOP_ING_EOLI_ESA.EECF.ALOS_AVNIR_AL-07011611064347-1036.AV0.xml
344 urn_EOP_ING_EOLI_ESA.EECF.ALOS_AVNIR_AL-07041710265656-1036.AV0.xml
345 urn_EOP_ING_EOLI_ESA.EECF.ENVISAT_ASA_GMI_1S_EN1-07061808563950-92790.XGI.xml
346 urn_EOP_ING_EOLI_ESA.EECF.ALOS_PSM_O1_AL-07020910580631-518.Pr1.xml
347 urn_EOP_ING_EOLI_ESA.EECF.ENVISAT_ASA_GMI_1S_EN1-07071421134032-185587.XGI.xml
348 urn_EOP_ING_EOLI_ESA.EECF.ALOS_AVNIR_AL-07051810065650-1036.AV0.xml
349 urn_EOP_ING_EOLI_ESA.EECF.ALOS_AVNIR_AL-07060410083166-1036.AV0.xml
350 urn_EOP_ING_EOLI_ESA.EECF.ALOS_AVNIR_AL-07031111355709-1036.AV0.xml
351 urn_EOP_ING_EOLI_ESA.EECF.ALOS_AVNIR_AL-07011611053777-1036.AV0.xml
352 urn_EOP_ING_EOLI_ESA.EECF.ALOS_AVNIR_AL-07051210574439-1036.AV0.xml
353 urn_EOP_ING_EOLI_ESA.EECF.ALOS_AVNIR_AL-07040411265126-1036.AV0.xml
354 urn_EOP_ING_EOLI_ESA.EECF.ALOS_PSM_O1_AL-07012111162620-518.Pr1.xml
355 urn_EOP_ING_EOLI_ESA.EECF.ALOS_AVNIR_AL-07051210585009-1036.AV0.xml
356 urn_EOP_ING_EOLI_ESA.EECF.ALOS_AVNIR_AL-07031109581972-1036.AV0.xml
357 urn_EOP_ING_EOLI_ESA.EECF.ENVISAT_ASA_GMI_1S_EN1-07032022190969-10639.XGI.xml
358 urn_EOP_ING_EOLI_ESA.EECF.ENVISAT_ASA_GMI_1S_EN1-07052320131383-112271.XGI.xml
359 urn_EOP_ING_EOLI_ESA.EECF.ALOS_PSR_FD_AL-07060921225207-1640.Pfd.xml
360 urn_EOP_ING_EOLI_ESA.EECF.ENVISAT_ASA_GMI_1S_EN1-07111009320892-13056.XGI.xml
361 urn_EOP_ING_EOLI_ESA.EECF.ALOS_AVNIR_AL-07031309385855-1036.AV0.xml
362 urn_EOP_ING_EOLI_ESA.EECF.ALOS_AVNIR_AL-07060410084809-1036.AV0.xml
363 urn_EOP_ING_EOLI_ESA.EECF.ALOS_PSM_O1_AL-07012111111410-518.Pr1.xml
364 urn_EOP_ING_EOLI_ESA.EECF.ALOS_AVNIR_AL-07040111063135-1036.AV0.xml
365 urn_EOP_ING_EOLI_ESA.EECF.ALOS_PSM_O1_AL-07020910561955-518.Pr1.xml
366 urn_EOP_ING_EOLI_ESA.EECF.ALOS_PSM_O1_AL-07021110411318-518.Pr1.xml
367 urn_EOP_ING_EOLI_ESA.EECF.ALOS_AVNIR_AL-07040411293551-1036.AV0.xml
368 urn_EOP_ING_EOLI_ESA.EECF.ALOS_AVNIR_AL-07011611073275-1036.AV0.xml
369 urn_EOP_ING_EOLI_ESA.EECF.ALOS_AVNIR_AL-07050710525724-1036.AV0.xml
370 urn_EOP_ING_EOLI_ESA.EECF.ALOS_PSM_O1_AL-07020410534958-518.Pr1.xml
371 urn_EOP_ING_EOLI_ESA.EECF.ALOS_AVNIR_AL-07060710304516-1036.AV0.xml
372 urn_EOP_ING_EOLI_ESA.EECF.ALOS_AVNIR_AL-07051209220199-1036.AV0.xml
373 urn_EOP_ING_EOLI_ESA.EECF.ENVISAT_ASA_GMI_1S_EN1-07032322172387-60246.XGI.xml
374 urn_EOP_ING_EOLI_ESA.EECF.ALOS_AVNIR_AL-07051209211271-1036.AV0.xml
375 urn_EOP_ING_EOLI_ESA.EECF.ALOS_AVNIR_AL-07030410074110-1036.AV0.xml
376 urn_EOP_ING_EOLI_ESA.EECF.ALOS_AVNIR_AL-07031710443633-1036.AV0.xml
377 urn_EOP_ING_EOLI_ESA.EECF.ENVISAT_ASA_GMI_1S_EN1-07042020505229-115291.XGI.xml
378 urn_EOP_ING_EOLI_ESA.EECF.ALOS_AVNIR_AL-07011611065990-1036.AV0.xml
379 urn_EOP_ING_EOLI_ESA.EECF.ALOS_PSM_O1_AL-07020910574167-518.Pr1.xml
380 urn_EOP_ING_EOLI_ESA.EECF.ALOS_AVNIR_AL-07050811331072-1036.AV0.xml
381 urn_EOP_ING_EOLI_ESA.EECF.ALOS_AVNIR_AL-07051210590651-1036.AV0.xml
382 urn_EOP_ING_EOLI_ESA.EECF.ENVISAT_ASA_GMI_1S_EN1-07121822292973-75122.XGI.xml
383 urn_EOP_ING_EOLI_ESA.EECF.ALOS_AVNIR_AL-07032311320596-1036.AV0.xml
384 urn_EOP_ING_EOLI_ESA.EECF.ALOS_AVNIR_AL-07042410160318-1036.AV0.xml
385 urn_EOP_ING_EOLI_ESA.EECF.ALOS_AVNIR_AL-07031410203445-1036.AV0.xml
386 urn_EOP_ING_EOLI_ESA.EECF.ENVISAT_ASA_GMI_1S_EN1-07011620190066-31328.XGI.xml
387 urn_EOP_ING_EOLI_ESA.EECF.ALOS_AVNIR_AL-07040411265947-1036.AV0.xml
388 urn_EOP_ING_EOLI_ESA.EECF.ALOS_AVNIR_AL-07021911091978-1036.AV0.xml
389 urn_EOP_ING_EOLI_ESA.EECF.ENVISAT_ASA_GMI_1S_EN1-07090908432290-13660.XGI.xml
390 urn_EOP_ING_EOLI_ESA.EECF.ALOS_AVNIR_AL-07052410543441-1036.AV0.xml
391 urn_EOP_ING_EOLI_ESA.EECF.ALOS_PSR_FD_AL-07060822204860-1640.Pfd.xml
392 urn_EOP_ING_EOLI_ESA.EECF.ENVISAT_ASA_GMI_1S_EN1-07111622351293-72706.XGI.xml
393 urn_EOP_ING_EOLI_ESA.EECF.ENVISAT_ASA_GMI_1S_EN1-07041122274102-10639.XGI.xml
394 urn_EOP_ING_EOLI_ESA.EECF.ALOS_AVNIR_AL-07031410220478-1036.AV0.xml
395 urn_EOP_ING_EOLI_ESA.EECF.ALOS_AVNIR_AL-07032511140662-1036.AV0.xml
396 urn_EOP_ING_EOLI_ESA.EECF.ENVISAT_ASA_GMI_1S_EN1-07122109450644-11244.XGI.xml
397 urn_EOP_ING_EOLI_ESA.EECF.ENVISAT_ASA_GMI_1S_EN1-07010620164393-152439.XGI.xml
398 urn_EOP_ING_EOLI_ESA.EECF.ALOS_AVNIR_AL-07011411240129-1036.AV0.xml
399 urn_EOP_ING_EOLI_ESA.EECF.ENVISAT_ASA_GMI_1S_EN1-07061808510919-32536.XGI.xml
400 urn_EOP_ING_EOLI_ESA.EECF.ALOS_AVNIR_AL-07031311205873-1036.AV0.xml
401 urn_EOP_ING_EOLI_ESA.EECF.ALOS_AVNIR_AL-07050511093459-1036.AV0.xml
402 urn_EOP_ING_EOLI_ESA.EECF.ALOS_PSM_O1_AL-07012510401162-518.Pr1.xml
403 urn_EOP_ING_EOLI_ESA.EECF.ALOS_PSR_FD_AL-07061021581808-1640.Pfd.xml
404 urn_EOP_ING_EOLI_ESA.EECF.ENVISAT_ASA_GMI_1S_EN1-07081108531623-24911.XGI.xml
405 urn_EOP_ING_EOLI_ESA.EECF.ENVISAT_ASA_GMI_1S_EN1-07100721515706-74518.XGI.xml
406 urn_EOP_ING_EOLI_ESA.EECF.ENVISAT_ASA_APx_xS_EN1-07071909204759-3904.XPH.xml
407 urn_EOP_ING_EOLI_ESA.EECF.ENVISAT_ASA_GMI_1S_EN1-07071020210374-11243.XGI.xml
408 urn_EOP_ING_EOLI_ESA.EECF.ENVISAT_ASA_GMI_1S_EN1-07102609102391-44995.XGI.xml
409 urn_EOP_ING_EOLI_ESA.EECF.ALOS_AVNIR_AL-07060510485330-1036.AV0.xml
410 urn_EOP_ING_EOLI_ESA.EECF.ALOS_AVNIR_AL-07032309525004-1036.AV0.xml
411 urn_EOP_ING_EOLI_ESA.EECF.ALOS_AVNIR_AL-07031311204230-1036.AV0.xml
412 urn_EOP_ING_EOLI_ESA.EECF.ALOS_AVNIR_AL-07012111142454-1036.AV0.xml
413 urn_EOP_ING_EOLI_ESA.EECF.ALOS_AVNIR_AL-07041310591386-1036.AV0.xml
414 urn_EOP_ING_EOLI_ESA.EECF.ALOS_PSR_FD_AL-07061022022450-1640.Pfd.xml
415 urn_EOP_ING_EOLI_ESA.EECF.ENVISAT_ASA_GMI_1S_EN1-07121222273623-10639.XGI.xml
416 urn_EOP_ING_EOLI_ESA.EECF.ALOS_PSM_O1_AL-07012111163442-518.Pr1.xml
417 urn_EOP_ING_EOLI_ESA.EECF.ALOS_PSM_O1_AL-07011110590844-518.Pr1.xml
418 urn_EOP_ING_EOLI_ESA.EECF.ALOS_AVNIR_AL-07060609525963-1036.AV0.xml
419 urn_EOP_ING_EOLI_ESA.EECF.ALOS_AVNIR_AL-07040810553200-1036.AV0.xml
420 urn_EOP_ING_EOLI_ESA.EECF.ENVISAT_ASA_GMI_1S_EN1-07012520195776-134168.XGI.xml
421 urn_EOP_ING_EOLI_ESA.EECF.ALOS_AVNIR_AL-07010709535628-1036.AV0.xml
422 urn_EOP_ING_EOLI_ESA.EECF.ALOS_PSR_FD_AL-07060822221071-1640.Pfd.xml
423 urn_EOP_ING_EOLI_ESA.EECF.ALOS_PSR_FD_AL-07060921184567-1640.Pfd.xml
424 urn_EOP_ING_EOLI_ESA.EECF.ALOS_PSR_FD_AL-07010510100818-1640.Pfd.xml
425 urn_EOP_ING_EOLI_ESA.EECF.ALOS_AVNIR_AL-07012111150561-1036.AV0.xml
426 urn_EOP_ING_EOLI_ESA.EECF.ENVISAT_ASA_GMI_1S_EN1-07091420333965-83352.XGI.xml
427 urn_EOP_ING_EOLI_ESA.EECF.ENVISAT_ASA_IMx_xS_EN1-07011020081386-20127.XI.xml
428 urn_EOP_ING_EOLI_ESA.EECF.ALOS_PSR_FD_AL-07060923021615-1640.Pfd.xml
429 urn_EOP_ING_EOLI_ESA.EECF.ALOS_AVNIR_AL-07052211111980-1036.AV0.xml
430 urn_EOP_ING_EOLI_ESA.EECF.ENVISAT_ASA_GMI_1S_EN1-07112110293807-20077.XGI.xml
431 urn_EOP_ING_EOLI_ESA.EECF.ALOS_AVNIR_AL-07051211004507-1036.AV0.xml
432 urn_EOP_ING_EOLI_ESA.EECF.ENVISAT_ASA_IMx_xS_EN1-07012121005715-15800.XI.xml
433 urn_EOP_ING_EOLI_ESA.EECF.ALOS_AVNIR_AL-07011611033460-1036.AV0.xml
434 urn_EOP_ING_EOLI_ESA.EECF.ALOS_AVNIR_AL-07050110051999-1036.AV0.xml
435 urn_EOP_ING_EOLI_ESA.EECF.ALOS_AVNIR_AL-07041910100261-1036.AV0.xml
436 urn_EOP_ING_EOLI_ESA.EECF.ENVISAT_ASA_IMx_xS_EN1-07011310325437-15821.XI.xml
437 urn_EOP_ING_EOLI_ESA.EECF.ALOS_PSR_FD_AL-07060822191006-1640.Pfd.xml
438 urn_EOP_ING_EOLI_ESA.EECF.ENVISAT_ASA_GMI_1S_EN1-07101108282293-94603.XGI.xml
439 urn_EOP_ING_EOLI_ESA.EECF.ENVISAT_ASA_GMI_1S_EN1-07082408463453-23702.XGI.xml
440 urn_EOP_ING_EOLI_ESA.EECF.ENVISAT_ASA_GMI_1S_EN1-07040620044721-25515.XGI.xml
441 urn_EOP_ING_EOLI_ESA.EECF.ALOS_PSM_O1_AL-07012111124443-518.Pr1.xml
442 urn_EOP_ING_EOLI_ESA.EECF.ALOS_AVNIR_AL-07031111371101-1036.AV0.xml
443 urn_EOP_ING_EOLI_ESA.EECF.ALOS_AVNIR_AL-07010911190363-1036.AV0.xml
444 urn_EOP_ING_EOLI_ESA.EECF.ALOS_AVNIR_AL-07010510100786-1036.AV0.xml
445 urn_EOP_ING_EOLI_ESA.EECF.ALOS_AVNIR_AL-07032311333630-1036.AV0.xml
446 urn_EOP_ING_EOLI_ESA.EECF.ENVISAT_ASA_IMx_xS_EN1-07010610561887-5378.XI.xml
447 urn_EOP_ING_EOLI_ESA.EECF.ENVISAT_ASA_GMI_1S_EN1-07062622293773-75122.XGI.xml
448 urn_EOP_ING_EOLI_ESA.EECF.ALOS_PSR_FD_AL-07060723131695-1640.Pfd.xml
449 urn_EOP_ING_EOLI_ESA.EECF.ALOS_AVNIR_AL-07010810384962-1036.AV0.xml
450 urn_EOP_ING_EOLI_ESA.EECF.ALOS_AVNIR_AL-07010911184720-1036.AV0.xml
451 urn_EOP_ING_EOLI_ESA.EECF.ALOS_AVNIR_AL-07030910160252-1036.AV0.xml
452 urn_EOP_ING_EOLI_ESA.EECF.ALOS_AVNIR_AL-07050809570372-1036.AV0.xml
453 urn_EOP_ING_EOLI_ESA.EECF.ENVISAT_ASA_GMI_1S_EN1-07052721251398-152440.XGI.xml
454 urn_EOP_ING_EOLI_ESA.EECF.ENVISAT_ASA_GMI_1S_EN1-07052520440663-183775.XGI.xml
455 urn_EOP_ING_EOLI_ESA.EECF.ALOS_AVNIR_AL-07010711332043-1036.AV0.xml
456 urn_EOP_ING_EOLI_ESA.EECF.ALOS_PSR_FD_AL-07010709533257-1640.Pfd.xml
457 urn_EOP_ING_EOLI_ESA.EECF.ALOS_AVNIR_AL-07021911083872-1036.AV0.xml
458 urn_EOP_ING_EOLI_ESA.EECF.ALOS_PSM_O1_AL-07011110594129-518.Pr1.xml
459 urn_EOP_ING_EOLI_ESA.EECF.ENVISAT_ASA_APx_xS_EN1-07032309280724-4233.XPC.xml
460 urn_EOP_ING_EOLI_ESA.EECF.ENVISAT_ASA_GMI_1S_EN1-07111120033457-161273.XGI.xml
461 urn_EOP_ING_EOLI_ESA.EECF.ENVISAT_ASA_GMI_1S_EN1-07022721222018-152439.XGI.xml
462 urn_EOP_ING_EOLI_ESA.EECF.ENVISAT_ASA_APx_xS_EN1-07050921065925-3896.XPC.xml
463 urn_EOP_ING_EOLI_ESA.EECF.ALOS_PSM_O1_AL-07020910555902-518.Pr1.xml
464 urn_EOP_ING_EOLI_ESA.EECF.ENVISAT_ASA_GMI_1S_EN1-07121020102520-31328.XGI.xml
465 urn_EOP_ING_EOLI_ESA.EECF.ALOS_PSM_O1_AL-07020910565650-518.Pr1.xml
466 urn_EOP_ING_EOLI_ESA.EECF.ALOS_AVNIR_AL-07040411275695-1036.AV0.xml
467 urn_EOP_ING_EOLI_ESA.EECF.ENVISAT_ASA_GMI_1S_EN1-07011621490655-120500.XGI.xml
468 urn_EOP_ING_EOLI_ESA.EECF.ALOS_AVNIR_AL-07051209214556-1036.AV0.xml
469 urn_EOP_ING_EOLI_ESA.EECF.ALOS_AVNIR_AL-07031109580330-1036.AV0.xml
470 urn_EOP_ING_EOLI_ESA.EECF.ENVISAT_ASA_GMI_1S_EN1-07072421043009-121104.XGI.xml
471 urn_EOP_ING_EOLI_ESA.EECF.ALOS_AVNIR_AL-07042710391691-1036.AV0.xml
472 urn_EOP_ING_EOLI_ESA.EECF.ALOS_AVNIR_AL-07041910093797-1036.AV0.xml
473 urn_EOP_ING_EOLI_ESA.EECF.ENVISAT_ASA_GMI_1S_EN1-07060120452316-24911.XGI.xml
474 urn_EOP_ING_EOLI_ESA.EECF.ALOS_AVNIR_AL-07052211101410-1036.AV0.xml
475 urn_EOP_ING_EOLI_ESA.EECF.ALOS_AVNIR_AL-07041910084869-1036.AV0.xml
476 urn_EOP_ING_EOLI_ESA.EECF.ALOS_PSM_O1_AL-07020910574578-518.Pr1.xml
477 urn_EOP_ING_EOLI_ESA.EECF.ALOS_AVNIR_AL-07031111362173-1036.AV0.xml
478 urn_EOP_ING_EOLI_ESA.EECF.ENVISAT_ASA_GMI_1S_EN1-07060109232148-25515.XGI.xml
479 urn_EOP_ING_EOLI_ESA.EECF.ALOS_AVNIR_AL-07040210061528-1036.AV0.xml
480 urn_EOP_ING_EOLI_ESA.EECF.ENVISAT_ASA_GMI_1S_EN1-07072621565395-20681.XGI.xml
481 urn_EOP_ING_EOLI_ESA.EECF.ALOS_AVNIR_AL-07010411121857-1036.AV0.xml
482 urn_EOP_ING_EOLI_ESA.EECF.ENVISAT_ASA_GMI_1S_EN1-07010522351776-72706.XGI.xml
483 urn_EOP_ING_EOLI_ESA.EECF.ENVISAT_ASA_IMx_xS_EN1-07010310502328-33498.XI.xml
484 urn_EOP_ING_EOLI_ESA.EECF.ALOS_AVNIR_AL-07052310141254-1036.AV0.xml
485 urn_EOP_ING_EOLI_ESA.EECF.ENVISAT_ASA_GMI_1S_EN1-07081810191525-75726.XGI.xml
486 urn_EOP_ING_EOLI_ESA.EECF.ENVISAT_ASA_GMI_1S_EN1-07021520581414-170107.XGI.xml
487 urn_EOP_ING_EOLI_ESA.EECF.ALOS_AVNIR_AL-07010110480774-1036.AV0.xml
488 urn_EOP_ING_EOLI_ESA.EECF.ENVISAT_ASA_APx_xS_EN1-07040920125504-3803.XPC.xml
489 urn_EOP_ING_EOLI_ESA.EECF.ALOS_PSR_FD_AL-07060923002940-1640.Pfd.xml
490 urn_EOP_ING_EOLI_ESA.EECF.ENVISAT_ASA_GMI_1S_EN1-07062420215690-21285.XGI.xml
491 urn_EOP_ING_EOLI_ESA.EECF.ENVISAT_ASA_GMI_1S_EN1-07052110152494-85769.XGI.xml
492 urn_EOP_ING_EOLI_ESA.EECF.ALOS_AVNIR_AL-07060710311801-1036.AV0.xml
493 urn_EOP_ING_EOLI_ESA.EECF.ALOS_AVNIR_AL-07010711323937-1036.AV0.xml
494 urn_EOP_ING_EOLI_ESA.EECF.ALOS_AVNIR_AL-07041910081584-1036.AV0.xml
495 urn_EOP_ING_EOLI_ESA.EECF.ALOS_AVNIR_AL-07031311212337-1036.AV0.xml
496 urn_EOP_ING_EOLI_ESA.EECF.ALOS_AVNIR_AL-07040409463786-1036.AV0.xml
497 urn_EOP_ING_EOLI_ESA.EECF.ALOS_PSM_O1_AL-07021110410087-518.Pr1.xml
498 urn_EOP_ING_EOLI_ESA.EECF.ALOS_AVNIR_AL-07052511350444-1036.AV0.xml
499 urn_EOP_ING_EOLI_ESA.EECF.ALOS_AVNIR_AL-07050811305112-1036.AV0.xml
500 urn_EOP_ING_EOLI_ESA.EECF.ALOS_AVNIR_AL-07051810064008-1036.AV0.xml
501 urn_EOP_ING_EOLI_ESA.EECF.ALOS_AVNIR_AL-07050811332714-1036.AV0.xml
502 urn_EOP_ING_EOLI_ESA.EECF.ALOS_AVNIR_AL-07012710211631-1036.AV0.xml
503 urn_EOP_ING_EOLI_ESA.EECF.ALOS_AVNIR_AL-07060410092094-1036.AV0.xml
504 urn_EOP_ING_EOLI_ESA.EECF.ENVISAT_ASA_GMI_1S_EN1-07062020495087-13056.XGI.xml
505 urn_EOP_ING_EOLI_ESA.EECF.ENVISAT_ASA_GMI_1S_EN1-07022321545051-85164.XGI.xml
506 urn_EOP_ING_EOLI_ESA.EECF.ENVISAT_ASA_GMI_1S_EN1-07062120170990-14265.XGI.xml
507 urn_EOP_ING_EOLI_ESA.EECF.ALOS_AVNIR_AL-07051309593957-1036.AV0.xml
508 urn_EOP_ING_EOLI_ESA.EECF.ALOS_AVNIR_AL-07052011283789-1036.AV0.xml
509 urn_EOP_ING_EOLI_ESA.EECF.ENVISAT_ASA_GMI_1S_EN1-07080208380049-13056.XGI.xml
510 urn_EOP_ING_EOLI_ESA.EECF.ALOS_AVNIR_AL-07052211112801-1036.AV0.xml
511 urn_EOP_ING_EOLI_ESA.EECF.ENVISAT_ASA_APx_xS_EN1-07060210375203-3813.XPC.xml
512 urn_EOP_ING_EOLI_ESA.EECF.ALOS_AVNIR_AL-07041210202243-1036.AV0.xml
513 urn_EOP_ING_EOLI_ESA.EECF.ALOS_AVNIR_AL-07052711192461-1036.AV0.xml
514 urn_EOP_ING_EOLI_ESA.EECF.ALOS_PSM_O1_AL-07020410525208-518.Pr1.xml
515 urn_EOP_ING_EOLI_ESA.EECF.ALOS_AVNIR_AL-07040411272411-1036.AV0.xml
516 urn_EOP_ING_EOLI_ESA.EECF.ENVISAT_ASA_GMI_1S_EN1-07101721264349-183775.XGI.xml
517 urn_EOP_ING_EOLI_ESA.EECF.ENVISAT_ASA_GMI_1S_EN1-07051322123283-82144.XGI.xml
518 urn_EOP_ING_EOLI_ESA.EECF.ALOS_AVNIR_AL-07041310594671-1036.AV0.xml
519 urn_EOP_ING_EOLI_ESA.EECF.ALOS_AVNIR_AL-07011211384288-1036.AV0.xml
520 urn_EOP_ING_EOLI_ESA.EECF.ALOS_AVNIR_AL-07042210310243-1036.AV0.xml
521 urn_EOP_ING_EOLI_ESA.EECF.ALOS_AVNIR_AL-07060811155412-1036.AV0.xml
522 urn_EOP_ING_EOLI_ESA.EECF.ALOS_AVNIR_AL-07052011302467-1036.AV0.xml
523 urn_EOP_ING_EOLI_ESA.EECF.ENVISAT_ASA_GMI_1S_EN1-07061109162690-33141.XGI.xml
524 urn_EOP_ING_EOLI_ESA.EECF.ALOS_AVNIR_AL-07052011291074-1036.AV0.xml
525 urn_EOP_ING_EOLI_ESA.EECF.ENVISAT_ASA_GMI_1S_EN1-07012608375070-93999.XGI.xml
526 urn_EOP_ING_EOLI_ESA.EECF.ENVISAT_ASA_APx_xS_EN1-07022110100791-3810.XPV.xml
527 urn_EOP_ING_EOLI_ESA.EECF.ALOS_PSM_O1_AL-07011611034947-518.Pr1.xml
528 urn_EOP_ING_EOLI_ESA.EECF.ALOS_AVNIR_AL-07031410222121-1036.AV0.xml
529 urn_EOP_ING_EOLI_ESA.EECF.ALOS_PSM_O1_AL-07012111151638-518.Pr1.xml
530 urn_EOP_ING_EOLI_ESA.EECF.ENVISAT_ASA_GMI_1S_EN1-07022410165630-11244.XGI.xml
531 urn_EOP_ING_EOLI_ESA.EECF.ALOS_AVNIR_AL-07060111241989-1036.AV0.xml
532 urn_EOP_ING_EOLI_ESA.EECF.ENVISAT_ASA_GMI_1S_EN1-07120721265774-163086.XGI.xml
533 urn_EOP_ING_EOLI_ESA.EECF.ALOS_AVNIR_AL-07051209222663-1036.AV0.xml
534 urn_EOP_ING_EOLI_ESA.EECF.ALOS_PSM_O1_AL-07012510394698-518.Pr1.xml
535 urn_EOP_ING_EOLI_ESA.EECF.ENVISAT_ASA_GMI_1S_EN1-07022620160525-112875.XGI.xml
536 urn_EOP_ING_EOLI_ESA.EECF.ENVISAT_ASA_GMI_1S_EN1-07121921575576-72706.XGI.xml
537 urn_EOP_ING_EOLI_ESA.EECF.ALOS_AVNIR_AL-07010310314809-1036.AV0.xml
538 urn_EOP_ING_EOLI_ESA.EECF.ALOS_PSM_O1_AL-07020410530851-518.Pr1.xml
539 urn_EOP_ING_EOLI_ESA.EECF.ENVISAT_ASA_APx_xS_EN1-07071821100671-3900.XPH.xml
540 urn_EOP_ING_EOLI_ESA.EECF.ENVISAT_ASA_GMI_1S_EN1-07080709250991-72705.XGI.xml
541 urn_EOP_ING_EOLI_ESA.EECF.ALOS_AVNIR_AL-07011611060241-1036.AV0.xml
542 urn_EOP_ING_EOLI_ESA.EECF.ALOS_AVNIR_AL-07040111054207-1036.AV0.xml
543 urn_EOP_ING_EOLI_ESA.EECF.ENVISAT_ASA_IMx_xS_EN1-07011109554253-23424.XI.xml
544 urn_EOP_ING_EOLI_ESA.EECF.ALOS_PSR_FD_AL-07060921232491-1640.Pfd.xml
545 urn_EOP_ING_EOLI_ESA.EECF.ALOS_AVNIR_AL-07030811131807-1036.AV0.xml
546 urn_EOP_ING_EOLI_ESA.EECF.ENVISAT_ASA_GMI_1S_EN1-07090409434103-13056.XGI.xml
547 urn_EOP_ING_EOLI_ESA.EECF.ALOS_AVNIR_AL-07060609543820-1036.AV0.xml
548 urn_EOP_ING_EOLI_ESA.EECF.ALOS_AVNIR_AL-07060111252559-1036.AV0.xml
549 urn_EOP_ING_EOLI_ESA.EECF.ENVISAT_ASA_IMx_xS_EN1-07012121051168-4754.XI.xml
550 urn_EOP_ING_EOLI_ESA.EECF.ALOS_PSM_O1_AL-07020410530029-518.Pr1.xml
551 urn_EOP_ING_EOLI_ESA.EECF.ALOS_PSR_FD_AL-07060923022436-1640.Pfd.xml
552 urn_EOP_ING_EOLI_ESA.EECF.ALOS_AVNIR_AL-07011810503971-1036.AV0.xml
553 urn_EOP_ING_EOLI_ESA.EECF.ENVISAT_ASA_GMI_1S_EN1-07040421110700-33141.XGI.xml
554 urn_EOP_ING_EOLI_ESA.EECF.ALOS_PSM_O1_AL-07020410520691-518.Pr1.xml
555 urn_EOP_ING_EOLI_ESA.EECF.ALOS_AVNIR_AL-07042410155497-1036.AV0.xml
556 urn_EOP_ING_EOLI_ESA.EECF.ALOS_AVNIR_AL-07060811111488-1036.AV0.xml
557 urn_EOP_ING_EOLI_ESA.EECF.ENVISAT_ASA_APx_xS_EN1-07061208383096-3692.XPC.xml
558 urn_EOP_ING_EOLI_ESA.EECF.ALOS_PSR_FD_AL-07060822182078-1640.Pfd.xml
559 urn_EOP_ING_EOLI_ESA.EECF.ENVISAT_ASA_GMI_1S_EN1-07111109014321-33745.XGI.xml
560 urn_EOP_ING_EOLI_ESA.EECF.ALOS_AVNIR_AL-07051511225120-1036.AV0.xml
561 urn_EOP_ING_EOLI_ESA.EECF.ENVISAT_ASA_APx_xS_EN1-07021421501812-3951.XPC.xml
562 urn_EOP_ING_EOLI_ESA.EECF.ALOS_AVNIR_AL-07030710333743-1036.AV0.xml
563 urn_EOP_ING_EOLI_ESA.EECF.ALOS_AVNIR_AL-07040210064813-1036.AV0.xml
564 urn_EOP_ING_EOLI_ESA.EECF.ALOS_AVNIR_AL-07011411245057-1036.AV0.xml
565 urn_EOP_ING_EOLI_ESA.EECF.ENVISAT_ASA_GMI_1S_EN1-07100322180904-82144.XGI.xml
566 urn_EOP_ING_EOLI_ESA.EECF.ALOS_AVNIR_AL-07052011291896-1036.AV0.xml
567 urn_EOP_ING_EOLI_ESA.EECF.ALOS_AVNIR_AL-07050509323007-1036.AV0.xml
568 urn_EOP_ING_EOLI_ESA.EECF.ENVISAT_ASA_GMI_1S_EN1-07060510421045-14868.XGI.xml
569 urn_EOP_ING_EOLI_ESA.EECF.ENVISAT_ASA_APx_xS_EN1-07062022263681-3814.XPC.xml
570 urn_EOP_ING_EOLI_ESA.EECF.ENVISAT_ASA_GMI_1S_EN1-07030409214465-14265.XGI.xml
571 urn_EOP_ING_EOLI_ESA.EECF.ALOS_PSR_FD_AL-07010310294530-1640.Pfd.xml
572 urn_EOP_ING_EOLI_ESA.EECF.ALOS_AVNIR_AL-07051711054224-1036.AV0.xml
573 urn_EOP_ING_EOLI_ESA.EECF.ALOS_AVNIR_AL-07051711051760-1036.AV0.xml
574 urn_EOP_ING_EOLI_ESA.EECF.ALOS_AVNIR_AL-07052509553210-1036.AV0.xml
575 urn_EOP_ING_EOLI_ESA.EECF.ALOS_AVNIR_AL-07051711053402-1036.AV0.xml
576 urn_EOP_ING_EOLI_ESA.EECF.ALOS_PSM_O1_AL-07021110414604-518.Pr1.xml
577 urn_EOP_ING_EOLI_ESA.EECF.ALOS_PSM_O1_AL-07012510380842-518.Pr1.xml
578 urn_EOP_ING_EOLI_ESA.EECF.ALOS_AVNIR_AL-07052709410618-1036.AV0.xml
579 urn_EOP_ING_EOLI_ESA.EECF.ALOS_AVNIR_AL-07052211103873-1036.AV0.xml
580 urn_EOP_ING_EOLI_ESA.EECF.ALOS_AVNIR_AL-07041811053970-1036.AV0.xml
581 urn_EOP_ING_EOLI_ESA.EECF.ALOS_AVNIR_AL-07051711055866-1036.AV0.xml
582 urn_EOP_ING_EOLI_ESA.EECF.ENVISAT_ASA_GMI_1S_EN1-07090910244194-12452.XGI.xml
583 urn_EOP_ING_EOLI_ESA.EECF.ENVISAT_ASA_IMx_xS_EN1-07012109432125-21373.XI.xml
584 urn_EOP_ING_EOLI_ESA.EECF.ALOS_AVNIR_AL-07060410093736-1036.AV0.xml
585 urn_EOP_ING_EOLI_ESA.EECF.ALOS_AVNIR_AL-07042210324098-1036.AV0.xml
586 urn_EOP_ING_EOLI_ESA.EECF.ALOS_AVNIR_AL-07040411282159-1036.AV0.xml
587 urn_EOP_ING_EOLI_ESA.EECF.ALOS_AVNIR_AL-07050710521618-1036.AV0.xml
588 urn_EOP_ING_EOLI_ESA.EECF.ENVISAT_ASA_GMI_1S_EN1-07112620301778-170711.XGI.xml
589 urn_EOP_ING_EOLI_ESA.EECF.ALOS_AVNIR_AL-07051610253569-1036.AV0.xml
590 urn_EOP_ING_EOLI_ESA.EECF.ALOS_PSM_O1_AL-07021110403212-518.Pr1.xml
591 urn_EOP_ING_EOLI_ESA.EECF.ALOS_PSR_FD_AL-07060822170685-1640.Pfd.xml
592 urn_EOP_ING_EOLI_ESA.EECF.ALOS_AVNIR_AL-07040210074563-1036.AV0.xml
593 urn_EOP_ING_EOLI_ESA.EECF.ENVISAT_ASA_GMI_1S_EN1-07122509162960-20077.XGI.xml
594 urn_EOP_ING_EOLI_ESA.EECF.ALOS_PSR_FD_AL-07060721345859-1640.Pfd.xml
595 urn_EOP_ING_EOLI_ESA.EECF.ENVISAT_ASA_GMI_1S_EN1-07030221282404-151231.XGI.xml
596 urn_EOP_ING_EOLI_ESA.EECF.ALOS_AVNIR_AL-07041710261549-1036.AV0.xml
597 urn_EOP_ING_EOLI_ESA.EECF.ENVISAT_ASA_GMI_1S_EN1-07042022351664-72705.XGI.xml
598 urn_EOP_ING_EOLI_ESA.EECF.ALOS_AVNIR_AL-07060811124521-1036.AV0.xml
599 urn_EOP_ING_EOLI_ESA.EECF.ENVISAT_ASA_GMI_1S_EN1-07110120203552-121709.XGI.xml
600 urn_EOP_ING_EOLI_ESA.EECF.ENVISAT_ASA_IMx_xS_EN1-07012321383042-32245.XI.xml
601 urn_EOP_ING_EOLI_ESA.EECF.ALOS_PSM_O1_AL-07012111134192-518.Pr1.xml
602 urn_EOP_ING_EOLI_ESA.EECF.ENVISAT_ASA_GMI_1S_EN1-07012420511014-152440.XGI.xml
603 urn_EOP_ING_EOLI_ESA.EECF.ENVISAT_ASA_GMI_1S_EN1-07100108562166-12451.XGI.xml
604 urn_EOP_ING_EOLI_ESA.EECF.ALOS_AVNIR_AL-07042510561455-1036.AV0.xml
605 urn_EOP_ING_EOLI_ESA.EECF.ENVISAT_ASA_GMI_1S_EN1-07021720152003-11243.XGI.xml
606 urn_EOP_ING_EOLI_ESA.EECF.ALOS_AVNIR_AL-07041510422013-1036.AV0.xml
607 urn_EOP_ING_EOLI_ESA.EECF.ALOS_PSM_O1_AL-07012510392234-518.Pr1.xml
608 urn_EOP_ING_EOLI_ESA.EECF.ENVISAT_ASA_GMI_1S_EN1-07051421380106-113479.XGI.xml
609 urn_EOP_ING_EOLI_ESA.EECF.ENVISAT_ASA_IMx_xS_EN1-07012209105342-13589.XI.xml
610 urn_EOP_ING_EOLI_ESA.EECF.ALOS_AVNIR_AL-07041611223362-1036.AV0.xml
611 urn_EOP_ING_EOLI_ESA.EECF.ALOS_AVNIR_AL-07032311315775-1036.AV0.xml
612 urn_EOP_ING_EOLI_ESA.EECF.ALOS_AVNIR_AL-07052711175426-1036.AV0.xml
613 urn_EOP_ING_EOLI_ESA.EECF.ALOS_AVNIR_AL-07060811104204-1036.AV0.xml
614 urn_EOP_ING_EOLI_ESA.EECF.ALOS_PSM_O1_AL-07012111134603-518.Pr1.xml
615 urn_EOP_ING_EOLI_ESA.EECF.ENVISAT_ASA_IMx_xS_EN1-07011809365611-31045.XI.xml
616 urn_EOP_ING_EOLI_ESA.EECF.ALOS_AVNIR_AL-07060710315907-1036.AV0.xml
617 urn_EOP_ING_EOLI_ESA.EECF.ALOS_AVNIR_AL-07010110475953-1036.AV0.xml
618 urn_EOP_ING_EOLI_ESA.EECF.ENVISAT_ASA_GMI_1S_EN1-07081620401815-125334.XGI.xml
619 urn_EOP_ING_EOLI_ESA.EECF.ENVISAT_ASA_GMI_1S_EN1-07121920121099-115896.XGI.xml
620 urn_EOP_ING_EOLI_ESA.EECF.ENVISAT_ASA_GMI_1S_EN1-07072321511802-11244.XGI.xml
621 urn_EOP_ING_EOLI_ESA.EECF.ALOS_PSR_FD_AL-07061022031377-1640.Pfd.xml
622 urn_EOP_ING_EOLI_ESA.EECF.ENVISAT_ASA_APx_xS_EN1-07040310233059-3740.XPC.xml
623 urn_EOP_ING_EOLI_ESA.EECF.ALOS_AVNIR_AL-07030811122879-1036.AV0.xml
624 urn_EOP_ING_EOLI_ESA.EECF.ALOS_AVNIR_AL-07051111535418-1036.AV0.xml
625 urn_EOP_ING_EOLI_ESA.EECF.ENVISAT_ASA_GMI_1S_EN1-07121620240175-10639.XGI.xml
626 urn_EOP_ING_EOLI_ESA.EECF.ALOS_PSR_FD_AL-07010510102460-1640.Pfd.xml
627 urn_EOP_ING_EOLI_ESA.EECF.ALOS_AVNIR_AL-07032410345047-1036.AV0.xml
628 urn_EOP_ING_EOLI_ESA.EECF.ALOS_AVNIR_AL-07052209315565-1036.AV0.xml
629 urn_EOP_ING_EOLI_ESA.EECF.ALOS_AVNIR_AL-07052709413904-1036.AV0.xml
630 urn_EOP_ING_EOLI_ESA.EECF.ALOS_PSR_FD_AL-07011810495075-1640.Pfd.xml
631 urn_EOP_ING_EOLI_ESA.EECF.ENVISAT_ASA_GMI_1S_EN1-07010820541872-132960.XGI.xml
632 urn_EOP_ING_EOLI_ESA.EECF.ALOS_PSR_FD_AL-07060923001297-1640.Pfd.xml
633 urn_EOP_ING_EOLI_ESA.EECF.ENVISAT_ASA_APx_xS_EN1-07030210291562-3805.XPC.xml
634 urn_EOP_ING_EOLI_ESA.EECF.ENVISAT_ASA_IMx_xS_EN1-07011320132347-15104.XI.xml
635 urn_EOP_ING_EOLI_ESA.EECF.ALOS_AVNIR_AL-07040310474289-1036.AV0.xml
636 urn_EOP_ING_EOLI_ESA.EECF.ALOS_PSR_FD_AL-07060822212966-1640.Pfd.xml
637 urn_EOP_ING_EOLI_ESA.EECF.ENVISAT_ASA_GMI_1S_EN1-07121609014151-15472.XGI.xml
638 urn_EOP_ING_EOLI_ESA.EECF.ALOS_AVNIR_AL-07050511095101-1036.AV0.xml
639 urn_EOP_ING_EOLI_ESA.EECF.ALOS_AVNIR_AL-07011611043208-1036.AV0.xml
640 urn_EOP_ING_EOLI_ESA.EECF.ALOS_AVNIR_AL-07042311135179-1036.AV0.xml
641 urn_EOP_ING_EOLI_ESA.EECF.ALOS_AVNIR_AL-07010709544555-1036.AV0.xml
642 urn_EOP_ING_EOLI_ESA.EECF.ALOS_PSM_O1_AL-07021110413782-518.Pr1.xml
643 urn_EOP_ING_EOLI_ESA.EECF.ENVISAT_ASA_GMI_1S_EN1-07062510124924-23098.XGI.xml
644 urn_EOP_ING_EOLI_ESA.EECF.ENVISAT_ASA_GMI_1S_EN1-07041321041529-193817.XGI.xml
645 urn_EOP_ING_EOLI_ESA.EECF.ALOS_AVNIR_AL-07051110181179-1036.AV0.xml
646 urn_EOP_ING_EOLI_ESA.EECF.ENVISAT_ASA_APx_xS_EN1-07080221391598-5443.XPH.xml
647 urn_EOP_ING_EOLI_ESA.EECF.ALOS_PSR_FD_AL-07060921202424-1640.Pfd.xml
648 urn_EOP_ING_EOLI_ESA.EECF.ENVISAT_ASA_GMI_1S_EN1-07061722123462-72101.XGI.xml
649 urn_EOP_ING_EOLI_ESA.EECF.ALOS_PSM_O1_AL-07011110585612-518.Pr1.xml
650 urn_EOP_ING_EOLI_ESA.EECF.ALOS_AVNIR_AL-07011211381824-1036.AV0.xml
651 urn_EOP_ING_EOLI_ESA.EECF.ENVISAT_ASA_GMI_1S_EN1-07092219532364-34349.XGI.xml
652 urn_EOP_ING_EOLI_ESA.EECF.ALOS_PSR_FD_AL-07060822162578-1640.Pfd.xml
653 urn_EOP_ING_EOLI_ESA.EECF.ENVISAT_ASA_GMI_1S_EN1-07071522323017-74518.XGI.xml
654 urn_EOP_ING_EOLI_ESA.EECF.ALOS_PSR_FD_AL-07060922564763-1640.Pfd.xml
655 urn_EOP_ING_EOLI_ESA.EECF.ENVISAT_ASA_GMI_1S_EN1-07120720044381-30724.XGI.xml
656 urn_EOP_ING_EOLI_ESA.EECF.ALOS_AVNIR_AL-07030410092786-1036.AV0.xml
657 urn_EOP_ING_EOLI_ESA.EECF.ALOS_AVNIR_AL-07052511352908-1036.AV0.xml
658 urn_EOP_ING_EOLI_ESA.EECF.ALOS_PSM_O1_AL-07020910563187-518.Pr1.xml
659 urn_EOP_ING_EOLI_ESA.EECF.ENVISAT_ASA_GMI_1S_EN1-07102410085913-23099.XGI.xml
660 urn_EOP_ING_EOLI_ESA.EECF.ALOS_AVNIR_AL-07051410422117-1036.AV0.xml
661 urn_EOP_ING_EOLI_ESA.EECF.ALOS_AVNIR_AL-07060311063667-1036.AV0.xml
662 urn_EOP_ING_EOLI_ESA.EECF.ENVISAT_ASA_GMI_1S_EN1-07102008591033-33141.XGI.xml
663 urn_EOP_ING_EOLI_ESA.EECF.ALOS_AVNIR_AL-07022510194625-1036.AV0.xml
664 urn_EOP_ING_EOLI_ESA.EECF.ENVISAT_ASA_GMI_1S_EN1-07071721193928-170108.XGI.xml
665 urn_EOP_ING_EOLI_ESA.EECF.ALOS_AVNIR_AL-07041310590565-1036.AV0.xml
666 urn_EOP_ING_EOLI_ESA.EECF.ALOS_AVNIR_AL-07042710393334-1036.AV0.xml
667 urn_EOP_ING_EOLI_ESA.EECF.ENVISAT_ASA_GMI_1S_EN1-07030521375981-110458.XGI.xml
668 urn_EOP_ING_EOLI_ESA.EECF.ALOS_AVNIR_AL-07050610114615-1036.AV0.xml
669 urn_EOP_ING_EOLI_ESA.EECF.ENVISAT_ASA_GMI_1S_EN1-07102309002686-10639.XGI.xml
670 urn_EOP_ING_EOLI_ESA.EECF.ALOS_AVNIR_AL-07031410214836-1036.AV0.xml
671 urn_EOP_ING_EOLI_ESA.EECF.ALOS_AVNIR_AL-07010709540449-1036.AV0.xml
672 urn_EOP_ING_EOLI_ESA.EECF.ALOS_AVNIR_AL-07021911095263-1036.AV0.xml
673 urn_EOP_ING_EOLI_ESA.EECF.ALOS_AVNIR_AL-07051711055045-1036.AV0.xml
674 urn_EOP_ING_EOLI_ESA.EECF.ALOS_PSR_FD_AL-07060723132517-1640.Pfd.xml
675 urn_EOP_ING_EOLI_ESA.EECF.ALOS_AVNIR_AL-07040210082669-1036.AV0.xml
676 urn_EOP_ING_EOLI_ESA.EECF.ENVISAT_ASA_GMI_1S_EN1-07082220465572-180150.XGI.xml
677 urn_EOP_ING_EOLI_ESA.EECF.ENVISAT_ASA_IMx_xS_EN1-07011920231380-21875.XI.xml
678 urn_EOP_ING_EOLI_ESA.EECF.ALOS_AVNIR_AL-07051210575260-1036.AV0.xml
679 urn_EOP_ING_EOLI_ESA.EECF.ALOS_PSR_FD_AL-07060822193469-1640.Pfd.xml
680 urn_EOP_ING_EOLI_ESA.EECF.ALOS_AVNIR_AL-07051210591473-1036.AV0.xml
681 urn_EOP_ING_EOLI_ESA.EECF.ALOS_AVNIR_AL-07051610241356-1036.AV0.xml
682 urn_EOP_ING_EOLI_ESA.EECF.ALOS_AVNIR_AL-07011611031818-1036.AV0.xml
683 urn_EOP_ING_EOLI_ESA.EECF.ALOS_PSR_FD_AL-07011810503181-1640.Pfd.xml
684 urn_EOP_ING_EOLI_ESA.EECF.ALOS_AVNIR_AL-07040210075384-1036.AV0.xml
685 urn_EOP_ING_EOLI_ESA.EECF.ENVISAT_ASA_APx_xS_EN1-07100410403351-3813.XPH.xml
686 urn_EOP_ING_EOLI_ESA.EECF.ALOS_AVNIR_AL-07040210070456-1036.AV0.xml
687 urn_EOP_ING_EOLI_ESA.EECF.ALOS_PSR_FD_AL-07060721345037-1640.Pfd.xml
688 urn_EOP_ING_EOLI_ESA.EECF.ENVISAT_ASA_APx_xS_EN1-07082221100581-4386.XPH.xml
689 urn_EOP_ING_EOLI_ESA.EECF.ENVISAT_ASA_APx_xS_EN1-07061021042604-4465.XPH.xml
690 urn_EOP_ING_EOLI_ESA.EECF.ENVISAT_ASA_GMI_1S_EN1-07122220354202-10639.XGI.xml
691 urn_EOP_ING_EOLI_ESA.EECF.ALOS_AVNIR_AL-07050710515975-1036.AV0.xml
692 urn_EOP_ING_EOLI_ESA.EECF.ALOS_AVNIR_AL-07031111374386-1036.AV0.xml
693 urn_EOP_ING_EOLI_ESA.EECF.ENVISAT_ASA_GMI_1S_EN1-07060910151630-20681.XGI.xml
694 urn_EOP_ING_EOLI_ESA.EECF.ENVISAT_ASA_IMx_xS_EN1-07011310341713-25967.XI.xml
695 urn_EOP_ING_EOLI_ESA.EECF.ALOS_PSR_FD_AL-07060921224385-1640.Pfd.xml
696 urn_EOP_ING_EOLI_ESA.EECF.ENVISAT_ASA_GMI_1S_EN1-07032720051513-143001.XGI.xml
697 urn_EOP_ING_EOLI_ESA.EECF.ALOS_AVNIR_AL-07032710565642-1036.AV0.xml
698 urn_EOP_ING_EOLI_ESA.EECF.ENVISAT_ASA_GMI_1S_EN1-07022222264215-75727.XGI.xml
699 urn_EOP_ING_EOLI_ESA.EECF.ALOS_AVNIR_AL-07060811105846-1036.AV0.xml
700 urn_EOP_ING_EOLI_ESA.EECF.ENVISAT_ASA_GMI_1S_EN1-07091208533538-42578.XGI.xml
701 urn_EOP_ING_EOLI_ESA.EECF.ENVISAT_ASA_GMI_1S_EN1-07052522351929-72705.XGI.xml
702 urn_EOP_ING_EOLI_ESA.EECF.ENVISAT_ASA_GMI_1S_EN1-07080219592005-10034.XGI.xml
703 urn_EOP_ING_EOLI_ESA.EECF.ALOS_AVNIR_AL-07011611032639-1036.AV0.xml
704 urn_EOP_ING_EOLI_ESA.EECF.ALOS_AVNIR_AL-07031710450096-1036.AV0.xml
705 urn_EOP_ING_EOLI_ESA.EECF.ALOS_AVNIR_AL-07010310310702-1036.AV0.xml
706 urn_EOP_ING_EOLI_ESA.EECF.ALOS_AVNIR_AL-07032511143125-1036.AV0.xml
707 urn_EOP_ING_EOLI_ESA.EECF.ENVISAT_ASA_GMI_1S_EN1-07040319570514-50808.XGI.xml
708 urn_EOP_ING_EOLI_ESA.EECF.ENVISAT_ASA_IMx_xS_EN1-07010209393356-13536.XI.xml
709 urn_EOP_ING_EOLI_ESA.EECF.ALOS_AVNIR_AL-07050610121900-1036.AV0.xml
710 urn_EOP_ING_EOLI_ESA.EECF.ENVISAT_ASA_GMI_1S_EN1-07032521184431-21285.XGI.xml
711 urn_EOP_ING_EOLI_ESA.EECF.ALOS_PSR_FD_AL-07060922581799-1640.Pfd.xml
712 urn_EOP_ING_EOLI_ESA.EECF.ENVISAT_ASA_GMI_1S_EN1-07040220160129-152439.XGI.xml
713 urn_EOP_ING_EOLI_ESA.EECF.ALOS_PSR_FD_AL-07060921191853-1640.Pfd.xml
714 urn_EOP_ING_EOLI_ESA.EECF.ALOS_AVNIR_AL-07060410082345-1036.AV0.xml
715 urn_EOP_ING_EOLI_ESA.EECF.ALOS_AVNIR_AL-07010411123500-1036.AV0.xml
716 urn_EOP_ING_EOLI_ESA.EECF.ALOS_PSM_O1_AL-07020410522744-518.Pr1.xml
717 urn_EOP_ING_EOLI_ESA.EECF.ALOS_AVNIR_AL-07051711052581-1036.AV0.xml
718 urn_EOP_ING_EOLI_ESA.EECF.ALOS_AVNIR_AL-07051310000420-1036.AV0.xml
719 urn_EOP_ING_EOLI_ESA.EECF.ALOS_AVNIR_AL-07050811335178-1036.AV0.xml
720 urn_EOP_ING_EOLI_ESA.EECF.ENVISAT_ASA_APx_xS_EN1-07050709131053-3812.XPC.xml
721 urn_EOP_ING_EOLI_ESA.EECF.ALOS_AVNIR_AL-07030710324815-1036.AV0.xml
722 urn_EOP_ING_EOLI_ESA.EECF.ENVISAT_ASA_GMI_1S_EN1-07070322094510-85769.XGI.xml
723 urn_EOP_ING_EOLI_ESA.EECF.ALOS_PSM_O1_AL-07012510380432-518.Pr1.xml
724 urn_EOP_ING_EOLI_ESA.EECF.ENVISAT_ASA_GMI_1S_EN1-07112221083703-50204.XGI.xml
725 urn_EOP_ING_EOLI_ESA.EECF.ALOS_AVNIR_AL-07010510122747-1036.AV0.xml
726 urn_EOP_ING_EOLI_ESA.EECF.ALOS_AVNIR_AL-07052711170499-1036.AV0.xml
727 urn_EOP_ING_EOLI_ESA.EECF.ALOS_PSR_FD_AL-07060921221101-1640.Pfd.xml
728 urn_EOP_ING_EOLI_ESA.EECF.ENVISAT_ASA_GMI_1S_EN1-07020721575936-82747.XGI.xml
729 urn_EOP_ING_EOLI_ESA.EECF.ALOS_PSR_FD_AL-07060822152827-1640.Pfd.xml
730 urn_EOP_ING_EOLI_ESA.EECF.ENVISAT_ASA_GMI_1S_EN1-07082022011585-72706.XGI.xml
731 urn_EOP_ING_EOLI_ESA.EECF.ENVISAT_ASA_GMI_1S_EN1-07070510023849-73914.XGI.xml
732 urn_EOP_ING_EOLI_ESA.EECF.ENVISAT_ASA_GMI_1S_EN1-07111022234808-95207.XGI.xml
733 urn_EOP_ING_EOLI_ESA.EECF.ALOS_PSR_FD_AL-07060922582620-1640.Pfd.xml
734 urn_EOP_ING_EOLI_ESA.EECF.ENVISAT_ASA_GMI_1S_EN1-07020819583467-10639.XGI.xml
735 urn_EOP_ING_EOLI_ESA.EECF.ALOS_AVNIR_AL-07031111350782-1036.AV0.xml
736 urn_EOP_ING_EOLI_ESA.EECF.ALOS_AVNIR_AL-07051310010990-1036.AV0.xml
737 urn_EOP_ING_EOLI_ESA.EECF.ENVISAT_ASA_GMI_1S_EN1-07100922293232-75123.XGI.xml
738 urn_EOP_ING_EOLI_ESA.EECF.ALOS_AVNIR_AL-07011510275996-1036.AV0.xml
739 urn_EOP_ING_EOLI_ESA.EECF.ALOS_PSR_FD_AL-07011810490968-1640.Pfd.xml
740 urn_EOP_ING_EOLI_ESA.EECF.ALOS_AVNIR_AL-07050809565550-1036.AV0.xml
741 urn_EOP_ING_EOLI_ESA.EECF.ENVISAT_ASA_GMI_1S_EN1-07021922230806-72101.XGI.xml
742 urn_EOP_ING_EOLI_ESA.EECF.ALOS_PSR_FD_AL-07061022030556-1640.Pfd.xml
743 urn_EOP_ING_EOLI_ESA.EECF.ALOS_PSM_O1_AL-07011110592076-518.Pr1.xml
744 urn_EOP_ING_EOLI_ESA.EECF.ALOS_AVNIR_AL-07032511152053-1036.AV0.xml
745 urn_EOP_ING_EOLI_ESA.EECF.ALOS_AVNIR_AL-07051311395296-1036.AV0.xml
746 urn_EOP_ING_EOLI_ESA.EECF.ALOS_AVNIR_AL-07011710085530-1036.AV0.xml
747 urn_EOP_ING_EOLI_ESA.EECF.ALOS_AVNIR_AL-07041910101082-1036.AV0.xml
748 urn_EOP_ING_EOLI_ESA.EECF.ENVISAT_ASA_GMI_1S_EN1-07061810370127-63872.XGI.xml
749 urn_EOP_ING_EOLI_ESA.EECF.ALOS_AVNIR_AL-07042210312707-1036.AV0.xml
750 urn_EOP_ING_EOLI_ESA.EECF.ALOS_PSM_O1_AL-07012111151227-518.Pr1.xml
751 urn_EOP_ING_EOLI_ESA.EECF.ENVISAT_ASA_GMI_1S_EN1-07021121323179-80935.XGI.xml
752 urn_EOP_ING_EOLI_ESA.EECF.ALOS_PSR_FD_AL-07060923000476-1640.Pfd.xml
753 urn_EOP_ING_EOLI_ESA.EECF.ALOS_PSR_FD_AL-07060922583442-1640.Pfd.xml
754 urn_EOP_ING_EOLI_ESA.EECF.ENVISAT_ASA_GMI_1S_EN1-07081909465698-53829.XGI.xml
755 urn_EOP_ING_EOLI_ESA.EECF.ENVISAT_ASA_GMI_1S_EN1-07052121093290-185588.XGI.xml
756 urn_EOP_ING_EOLI_ESA.EECF.ALOS_PSM_O1_AL-07021110415014-518.Pr1.xml
757 urn_EOP_ING_EOLI_ESA.EECF.ALOS_AVNIR_AL-07010810382498-1036.AV0.xml
758 urn_EOP_ING_EOLI_ESA.EECF.ALOS_AVNIR_AL-07051410411547-1036.AV0.xml
759 urn_EOP_ING_EOLI_ESA.EECF.ALOS_AVNIR_AL-07050509332757-1036.AV0.xml
760 urn_EOP_ING_EOLI_ESA.EECF.ALOS_AVNIR_AL-07042510563919-1036.AV0.xml
761 urn_EOP_ING_EOLI_ESA.EECF.ALOS_AVNIR_AL-07010709530701-1036.AV0.xml
762 urn_EOP_ING_EOLI_ESA.EECF.ENVISAT_ASA_GMI_1S_EN1-07080521323551-75727.XGI.xml
763 urn_EOP_ING_EOLI_ESA.EECF.ALOS_AVNIR_AL-07042609584972-1036.AV0.xml
764 urn_EOP_ING_EOLI_ESA.EECF.ALOS_AVNIR_AL-07032710582676-1036.AV0.xml
765 urn_EOP_ING_EOLI_ESA.EECF.ALOS_PSR_FD_AL-07061022041125-1640.Pfd.xml
766 urn_EOP_ING_EOLI_ESA.EECF.ENVISAT_ASA_GMI_1S_EN1-07070121221677-171315.XGI.xml
767 urn_EOP_ING_EOLI_ESA.EECF.ENVISAT_ASA_GMI_1S_EN1-07061820112600-21890.XGI.xml
768 urn_EOP_ING_EOLI_ESA.EECF.ENVISAT_ASA_APx_xS_EN1-07040421064046-5335.XPC.xml
769 urn_EOP_ING_EOLI_ESA.EECF.ENVISAT_ASA_GMI_1S_EN1-07060809102923-34953.XGI.xml
770 urn_EOP_ING_EOLI_ESA.EECF.ENVISAT_ASA_APx_xS_EN1-07071010452030-3813.XPH.xml
771 urn_EOP_ING_EOLI_ESA.EECF.ALOS_AVNIR_AL-07051011151926-1036.AV0.xml
772 urn_EOP_ING_EOLI_ESA.EECF.ALOS_AVNIR_AL-07051210565512-1036.AV0.xml
773 urn_EOP_ING_EOLI_ESA.EECF.ALOS_AVNIR_AL-07031410223763-1036.AV0.xml
774 urn_EOP_ING_EOLI_ESA.EECF.ENVISAT_ASA_GMI_1S_EN1-07040109462964-30120.XGI.xml
775 urn_EOP_ING_EOLI_ESA.EECF.ALOS_AVNIR_AL-07031410225406-1036.AV0.xml
776 urn_EOP_ING_EOLI_ESA.EECF.ALOS_AVNIR_AL-07051311385548-1036.AV0.xml
777 urn_EOP_ING_EOLI_ESA.EECF.ENVISAT_ASA_IMx_xS_EN1-07012321410127-21934.XI.xml
778 urn_EOP_ING_EOLI_ESA.EECF.ALOS_AVNIR_AL-07031311191196-1036.AV0.xml
779 urn_EOP_ING_EOLI_ESA.EECF.ENVISAT_ASA_GMI_1S_EN1-07090920005965-41370.XGI.xml
780 urn_EOP_ING_EOLI_ESA.EECF.ENVISAT_ASA_GMI_1S_EN1-07011021264546-193213.XGI.xml
781 urn_EOP_ING_EOLI_ESA.EECF.ALOS_PSM_O1_AL-07011110581917-518.Pr1.xml
782 urn_EOP_ING_EOLI_ESA.EECF.ENVISAT_ASA_GMI_1S_EN1-07051920524185-10639.XGI.xml
783 urn_EOP_ING_EOLI_ESA.EECF.ENVISAT_ASA_GMI_1S_EN1-07101421433712-11848.XGI.xml
784 urn_EOP_ING_EOLI_ESA.EECF.ALOS_AVNIR_AL-07032410342584-1036.AV0.xml
785 urn_EOP_ING_EOLI_ESA.EECF.ALOS_AVNIR_AL-07060811135913-1036.AV0.xml
786 urn_EOP_ING_EOLI_ESA.EECF.ALOS_AVNIR_AL-07051110171431-1036.AV0.xml
787 urn_EOP_ING_EOLI_ESA.EECF.ENVISAT_ASA_GMI_1S_EN1-07120922122573-72101.XGI.xml
788 urn_EOP_ING_EOLI_ESA.EECF.ALOS_AVNIR_AL-07050910345761-1036.AV0.xml
789 urn_EOP_ING_EOLI_ESA.EECF.ENVISAT_ASA_GMI_1S_EN1-07010720015903-30119.XGI.xml
790 urn_EOP_ING_EOLI_ESA.EECF.ALOS_AVNIR_AL-07052711204675-1036.AV0.xml
791 urn_EOP_ING_EOLI_ESA.EECF.ENVISAT_ASA_GMI_1S_EN1-07112521230830-14264.XGI.xml
792 urn_EOP_ING_EOLI_ESA.EECF.ALOS_AVNIR_AL-07031311194481-1036.AV0.xml
793 urn_EOP_ING_EOLI_ESA.EECF.ALOS_AVNIR_AL-07032710575391-1036.AV0.xml
794 urn_EOP_ING_EOLI_ESA.EECF.ALOS_AVNIR_AL-07041311001135-1036.AV0.xml
795 urn_EOP_ING_EOLI_ESA.EECF.ENVISAT_ASA_GMI_1S_EN1-07051108433595-13055.XGI.xml
796 urn_EOP_ING_EOLI_ESA.EECF.ALOS_PSM_O1_AL-07012510383306-518.Pr1.xml
797 urn_EOP_ING_EOLI_ESA.EECF.ENVISAT_ASA_GMI_1S_EN1-07012522085466-71497.XGI.xml
798 urn_EOP_ING_EOLI_ESA.EECF.ALOS_PSR_FD_AL-07060922561477-1640.Pfd.xml
799 urn_EOP_ING_EOLI_ESA.EECF.ALOS_AVNIR_AL-07010711334507-1036.AV0.xml
800 urn_EOP_ING_EOLI_ESA.EECF.ALOS_AVNIR_AL-07060609542998-1036.AV0.xml
801 urn_EOP_ING_EOLI_ESA.EECF.ENVISAT_ASA_GMI_1S_EN1-07101520503435-183171.XGI.xml
802 urn_EOP_ING_EOLI_ESA.EECF.ENVISAT_ASA_IMx_xS_EN1-07011209250727-13527.XI.xml
803 urn_EOP_ING_EOLI_ESA.EECF.ALOS_PSR_FD_AL-07061022020807-1640.Pfd.xml
804 urn_EOP_ING_EOLI_ESA.EECF.ALOS_AVNIR_AL-07011409433144-1036.AV0.xml
805 urn_EOP_ING_EOLI_ESA.EECF.ALOS_AVNIR_AL-07042210325740-1036.AV0.xml
806 urn_EOP_ING_EOLI_ESA.EECF.ALOS_PSM_O1_AL-07020410531262-518.Pr1.xml
807 urn_EOP_ING_EOLI_ESA.EECF.ALOS_AVNIR_AL-07050410292910-1036.AV0.xml
808 urn_EOP_ING_EOLI_ESA.EECF.ENVISAT_ASA_GMI_1S_EN1-07021821191502-14869.XGI.xml
809 urn_EOP_ING_EOLI_ESA.EECF.ENVISAT_ASA_GMI_1S_EN1-07091020504942-171919.XGI.xml
810 urn_EOP_ING_EOLI_ESA.EECF.ALOS_AVNIR_AL-07042510564741-1036.AV0.xml
811 urn_EOP_ING_EOLI_ESA.EECF.ALOS_PSR_FD_AL-07060822154471-1640.Pfd.xml
812 urn_EOP_ING_EOLI_ESA.EECF.ALOS_AVNIR_AL-07030710315887-1036.AV0.xml
813 urn_EOP_ING_EOLI_ESA.EECF.ALOS_AVNIR_AL-07030811122058-1036.AV0.xml
814 urn_EOP_ING_EOLI_ESA.EECF.ALOS_AVNIR_AL-07060809365464-1036.AV0.xml
815 urn_EOP_ING_EOLI_ESA.EECF.ENVISAT_ASA_GMI_1S_EN1-07042510294408-21286.XGI.xml
816 urn_EOP_ING_EOLI_ESA.EECF.ALOS_AVNIR_AL-07051511240512-1036.AV0.xml
817 urn_EOP_ING_EOLI_ESA.EECF.ENVISAT_ASA_APx_xS_EN1-07061508443689-3889.XPH.xml
818 urn_EOP_ING_EOLI_ESA.EECF.ENVISAT_ASA_GMI_1S_EN1-07041020583783-192609.XGI.xml
819 urn_EOP_ING_EOLI_ESA.EECF.ENVISAT_ASA_APx_xS_EN1-07021121423062-3810.XPV.xml
820 urn_EOP_ING_EOLI_ESA.EECF.ALOS_AVNIR_AL-07042210323276-1036.AV0.xml
821 urn_EOP_ING_EOLI_ESA.EECF.ENVISAT_ASA_GMI_1S_EN1-07042309560134-81539.XGI.xml
822 urn_EOP_ING_EOLI_ESA.EECF.ENVISAT_ASA_GMI_1S_EN1-07031221100118-193817.XGI.xml
823 urn_EOP_ING_EOLI_ESA.EECF.ENVISAT_ASA_GMI_1S_EN1-07011710111312-10639.XGI.xml
824 urn_EOP_ING_EOLI_ESA.EECF.ALOS_AVNIR_AL-07031311182269-1036.AV0.xml
825 urn_EOP_ING_EOLI_ESA.EECF.ALOS_PSM_O1_AL-07012111141477-518.Pr1.xml
826 urn_EOP_ING_EOLI_ESA.EECF.ALOS_AVNIR_AL-07021911092799-1036.AV0.xml
827 urn_EOP_ING_EOLI_ESA.EECF.ALOS_AVNIR_AL-07020810142453-1036.AV0.xml
828 urn_EOP_ING_EOLI_ESA.EECF.ENVISAT_ASA_GMI_1S_EN1-07071922065556-82144.XGI.xml
829 urn_EOP_ING_EOLI_ESA.EECF.ENVISAT_ASA_GMI_1S_EN1-07041720480093-84561.XGI.xml
830 urn_EOP_ING_EOLI_ESA.EECF.ALOS_AVNIR_AL-07031111384957-1036.AV0.xml
831 urn_EOP_ING_EOLI_ESA.EECF.ENVISAT_ASA_APx_xS_EN1-07091808591986-5224.XPH.xml
832 urn_EOP_ING_EOLI_ESA.EECF.ALOS_AVNIR_AL-07031010544589-1036.AV0.xml
833 urn_EOP_ING_EOLI_ESA.EECF.ALOS_PSM_O1_AL-07012111135424-518.Pr1.xml
834 urn_EOP_ING_EOLI_ESA.EECF.ALOS_PSR_FD_AL-07060822213787-1640.Pfd.xml
835 urn_EOP_ING_EOLI_ESA.EECF.ALOS_AVNIR_AL-07052310150182-1036.AV0.xml
836 urn_EOP_ING_EOLI_ESA.EECF.ALOS_AVNIR_AL-07040411301658-1036.AV0.xml
837 urn_EOP_ING_EOLI_ESA.EECF.ALOS_AVNIR_AL-07040411292730-1036.AV0.xml
838 urn_EOP_ING_EOLI_ESA.EECF.ALOS_AVNIR_AL-07050910343298-1036.AV0.xml
839 urn_EOP_ING_EOLI_ESA.EECF.ALOS_AVNIR_AL-07031311190375-1036.AV0.xml
840 urn_EOP_ING_EOLI_ESA.EECF.ALOS_AVNIR_AL-07011510270246-1036.AV0.xml
841 urn_EOP_ING_EOLI_ESA.EECF.ENVISAT_ASA_GMI_1S_EN1-07111720363244-12452.XGI.xml
842 urn_EOP_ING_EOLI_ESA.EECF.ALOS_AVNIR_AL-07050610112151-1036.AV0.xml
843 urn_EOP_ING_EOLI_ESA.EECF.ALOS_AVNIR_AL-07052011294360-1036.AV0.xml
844 urn_EOP_ING_EOLI_ESA.EECF.ALOS_AVNIR_AL-07031111365458-1036.AV0.xml
845 urn_EOP_ING_EOLI_ESA.EECF.ENVISAT_ASA_APx_xS_EN1-07040310233059-3805.XPC.xml
846 urn_EOP_ING_EOLI_ESA.EECF.ENVISAT_ASA_GMI_1S_EN1-07031722060463-52621.XGI.xml
847 urn_EOP_ING_EOLI_ESA.EECF.ALOS_PSM_O1_AL-07012510390180-518.Pr1.xml
848 urn_EOP_ING_EOLI_ESA.EECF.ALOS_PSR_FD_AL-07011810501539-1640.Pfd.xml
849 urn_EOP_ING_EOLI_ESA.EECF.ALOS_PSR_FD_AL-07060923013509-1640.Pfd.xml
850 urn_EOP_ING_EOLI_ESA.EECF.ENVISAT_ASA_GMI_1S_EN1-07111309441755-25515.XGI.xml
851 urn_EOP_ING_EOLI_ESA.EECF.ALOS_AVNIR_AL-07011710102565-1036.AV0.xml
852 urn_EOP_ING_EOLI_ESA.EECF.ALOS_AVNIR_AL-07051011154390-1036.AV0.xml
853 urn_EOP_ING_EOLI_ESA.EECF.ALOS_AVNIR_AL-07031410214014-1036.AV0.xml
854 urn_EOP_ING_EOLI_ESA.EECF.ALOS_PSM_O1_AL-07012510393876-518.Pr1.xml
855 urn_EOP_ING_EOLI_ESA.EECF.ALOS_AVNIR_AL-07052410545084-1036.AV0.xml
856 urn_EOP_ING_EOLI_ESA.EECF.ALOS_AVNIR_AL-07011510273532-1036.AV0.xml
857 urn_EOP_ING_EOLI_ESA.EECF.ALOS_AVNIR_AL-07041111192475-1036.AV0.xml
858 urn_EOP_ING_EOLI_ESA.EECF.ENVISAT_ASA_IMx_xS_EN1-07010910584740-20246.XI.xml
859 urn_EOP_ING_EOLI_ESA.EECF.ALOS_AVNIR_AL-07050110060105-1036.AV0.xml
860 urn_EOP_ING_EOLI_ESA.EECF.ALOS_PSR_FD_AL-07060822220250-1640.Pfd.xml
861 urn_EOP_ING_EOLI_ESA.EECF.ALOS_AVNIR_AL-07010310303417-1036.AV0.xml
862 urn_EOP_ING_EOLI_ESA.EECF.ALOS_AVNIR_AL-07041111185190-1036.AV0.xml
863 urn_EOP_ING_EOLI_ESA.EECF.ALOS_AVNIR_AL-07011611052135-1036.AV0.xml
864 urn_EOP_ING_EOLI_ESA.EECF.ALOS_PSR_FD_AL-07060922572049-1640.Pfd.xml
865 urn_EOP_ING_EOLI_ESA.EECF.ALOS_AVNIR_AL-07031111380029-1036.AV0.xml
866 urn_EOP_ING_EOLI_ESA.EECF.ENVISAT_ASA_GMI_1S_EN1-07112320470129-21889.XGI.xml
867 urn_EOP_ING_EOLI_ESA.EECF.ALOS_AVNIR_AL-07040810554843-1036.AV0.xml
868 urn_EOP_ING_EOLI_ESA.EECF.ENVISAT_ASA_GMI_1S_EN1-07100709081592-20077.XGI.xml
869 urn_EOP_ING_EOLI_ESA.EECF.ALOS_AVNIR_AL-07032309511971-1036.AV0.xml
870 urn_EOP_ING_EOLI_ESA.EECF.ALOS_AVNIR_AL-07010610541203-1036.AV0.xml
871 urn_EOP_ING_EOLI_ESA.EECF.ALOS_AVNIR_AL-07032710581033-1036.AV0.xml
872 urn_EOP_ING_EOLI_ESA.EECF.ALOS_PSR_FD_AL-07060923002119-1640.Pfd.xml
873 urn_EOP_ING_EOLI_ESA.EECF.ALOS_AVNIR_AL-07060210263145-1036.AV0.xml
874 urn_EOP_ING_EOLI_ESA.EECF.ENVISAT_ASA_GMI_1S_EN1-07101622093969-71497.XGI.xml
875 urn_EOP_ING_EOLI_ESA.EECF.ENVISAT_ASA_GMI_1S_EN1-07062009321605-85165.XGI.xml
876 urn_EOP_ING_EOLI_ESA.EECF.ALOS_PSM_O1_AL-07020910563598-518.Pr1.xml
877 urn_EOP_ING_EOLI_ESA.EECF.ENVISAT_ASA_APx_xS_EN1-07070821204041-12089.XPH.xml
878 urn_EOP_ING_EOLI_ESA.EECF.ALOS_PSM_O1_AL-07020910561134-518.Pr1.xml
879 urn_EOP_ING_EOLI_ESA.EECF.ALOS_AVNIR_AL-07041111190832-1036.AV0.xml
880 urn_EOP_ING_EOLI_ESA.EECF.ALOS_AVNIR_AL-07011611051314-1036.AV0.xml
881 urn_EOP_ING_EOLI_ESA.EECF.ALOS_AVNIR_AL-07040409470249-1036.AV0.xml
882 urn_EOP_ING_EOLI_ESA.EECF.ALOS_AVNIR_AL-07041510430941-1036.AV0.xml
883 urn_EOP_ING_EOLI_ESA.EECF.ENVISAT_ASA_GMI_1S_EN1-07100622234911-72706.XGI.xml
884 urn_EOP_ING_EOLI_ESA.EECF.ALOS_AVNIR_AL-07051110173894-1036.AV0.xml
885 urn_EOP_ING_EOLI_ESA.EECF.ALOS_AVNIR_AL-07011411244236-1036.AV0.xml
886 urn_EOP_ING_EOLI_ESA.EECF.ENVISAT_ASA_GMI_1S_EN1-07120708365711-110458.XGI.xml
887 urn_EOP_ING_EOLI_ESA.EECF.ALOS_PSM_O1_AL-07012510402804-518.Pr1.xml
888 urn_EOP_ING_EOLI_ESA.EECF.ALOS_AVNIR_AL-07052009510052-1036.AV0.xml
889 urn_EOP_ING_EOLI_ESA.EECF.ALOS_AVNIR_AL-07031109591721-1036.AV0.xml
890 urn_EOP_ING_EOLI_ESA.EECF.ALOS_AVNIR_AL-07060811161055-1036.AV0.xml
891 urn_EOP_ING_EOLI_ESA.EECF.ALOS_AVNIR_AL-07060710324013-1036.AV0.xml
892 urn_EOP_ING_EOLI_ESA.EECF.ALOS_AVNIR_AL-07060811161877-1036.AV0.xml
893 urn_EOP_ING_EOLI_ESA.EECF.ALOS_AVNIR_AL-07041910083227-1036.AV0.xml
894 urn_EOP_ING_EOLI_ESA.EECF.ENVISAT_ASA_IMx_xS_EN1-07010609144748-50461.XI.xml
895 urn_EOP_ING_EOLI_ESA.EECF.ALOS_PSM_O1_AL-07011110590023-518.Pr1.xml
896 urn_EOP_ING_EOLI_ESA.EECF.ALOS_AVNIR_AL-07051410423760-1036.AV0.xml
897 urn_EOP_ING_EOLI_ESA.EECF.ALOS_PSM_O1_AL-07012111115516-518.Pr1.xml
898 urn_EOP_ING_EOLI_ESA.EECF.ALOS_AVNIR_AL-07060809352429-1036.AV0.xml
899 urn_EOP_ING_EOLI_ESA.EECF.ALOS_PSM_O1_AL-07011110582328-518.Pr1.xml
900 urn_EOP_ING_EOLI_ESA.EECF.ENVISAT_ASA_GMI_1S_EN1-07112320290490-121708.XGI.xml
901 urn_EOP_ING_EOLI_ESA.EECF.ENVISAT_ASA_GMI_1S_EN1-07082121193040-182566.XGI.xml
902 urn_EOP_ING_EOLI_ESA.EECF.ALOS_AVNIR_AL-07032210524160-1036.AV0.xml
903 urn_EOP_ING_EOLI_ESA.EECF.ALOS_AVNIR_AL-07031511024355-1036.AV0.xml
904 urn_EOP_ING_EOLI_ESA.EECF.ALOS_AVNIR_AL-07051511225941-1036.AV0.xml
905 urn_EOP_ING_EOLI_ESA.EECF.ALOS_AVNIR_AL-07031109590079-1036.AV0.xml
906 urn_EOP_ING_EOLI_ESA.EECF.ALOS_AVNIR_AL-07052711182712-1036.AV0.xml
907 urn_EOP_ING_EOLI_ESA.EECF.ALOS_PSR_FD_AL-07060822200754-1640.Pfd.xml
908 urn_EOP_ING_EOLI_ESA.EECF.ALOS_AVNIR_AL-07051111532955-1036.AV0.xml
909 urn_EOP_ING_EOLI_ESA.EECF.ENVISAT_ASA_APx_xS_EN1-07070708560771-3822.XPC.xml
910 urn_EOP_ING_EOLI_ESA.EECF.ALOS_PSR_FD_AL-07011810494253-1640.Pfd.xml
911 urn_EOP_ING_EOLI_ESA.EECF.ALOS_AVNIR_AL-07041910091333-1036.AV0.xml
912 urn_EOP_ING_EOLI_ESA.EECF.ALOS_PSR_FD_AL-07061021585916-1640.Pfd.xml
913 urn_EOP_ING_EOLI_ESA.EECF.ENVISAT_ASA_APx_xS_EN1-07062709102168-3818.XPV.xml
914 urn_EOP_ING_EOLI_ESA.EECF.ALOS_AVNIR_AL-07040810542629-1036.AV0.xml
915 urn_EOP_ING_EOLI_ESA.EECF.ALOS_PSM_O1_AL-07020410512585-518.Pr1.xml
916 urn_EOP_ING_EOLI_ESA.EECF.ENVISAT_ASA_GMI_1S_EN1-07102721344224-20077.XGI.xml
917 urn_EOP_ING_EOLI_ESA.EECF.ENVISAT_ASA_GMI_1S_EN1-07122720562521-172524.XGI.xml
918 urn_EOP_ING_EOLI_ESA.EECF.ENVISAT_ASA_GMI_1S_EN1-07102020151206-11847.XGI.xml
919 urn_EOP_ING_EOLI_ESA.EECF.ENVISAT_ASA_APx_xS_EN1-07052209422873-3905.XPC.xml
920 urn_EOP_ING_EOLI_ESA.EECF.ENVISAT_ASA_APx_xS_EN1-07031210125820-3895.XPV.xml
921 urn_EOP_ING_EOLI_ESA.EECF.ALOS_AVNIR_AL-07050410283983-1036.AV0.xml
922 urn_EOP_ING_EOLI_ESA.EECF.ALOS_AVNIR_AL-07031111351604-1036.AV0.xml
923 urn_EOP_ING_EOLI_ESA.EECF.ALOS_PSM_O1_AL-07020410524798-518.Pr1.xml
924 urn_EOP_ING_EOLI_ESA.EECF.ALOS_PSR_FD_AL-07061022010237-1640.Pfd.xml
925 urn_EOP_ING_EOLI_ESA.EECF.ENVISAT_ASA_GMI_1S_EN1-07081421491091-82748.XGI.xml
926 urn_EOP_ING_EOLI_ESA.EECF.ENVISAT_ASA_IMx_xS_EN1-07010809514599-15287.XI.xml
927 urn_EOP_ING_EOLI_ESA.EECF.ALOS_PSM_O1_AL-07020910581863-518.Pr1.xml
928 urn_EOP_ING_EOLI_ESA.EECF.ALOS_AVNIR_AL-07060710294768-1036.AV0.xml
929 urn_EOP_ING_EOLI_ESA.EECF.ALOS_AVNIR_AL-07032710572927-1036.AV0.xml
930 urn_EOP_ING_EOLI_ESA.EECF.ENVISAT_ASA_GMI_1S_EN1-07110420261756-121708.XGI.xml
931 urn_EOP_ING_EOLI_ESA.EECF.ALOS_AVNIR_AL-07052410541799-1036.AV0.xml
932 urn_EOP_ING_EOLI_ESA.EECF.ALOS_AVNIR_AL-07021810271921-1036.AV0.xml
933 urn_EOP_ING_EOLI_ESA.EECF.ALOS_PSM_O1_AL-07012510400340-518.Pr1.xml
934 urn_EOP_ING_EOLI_ESA.EECF.ALOS_AVNIR_AL-07011211392393-1036.AV0.xml
935 urn_EOP_ING_EOLI_ESA.EECF.ALOS_AVNIR_AL-07060210272894-1036.AV0.xml
936 urn_EOP_ING_EOLI_ESA.EECF.ALOS_AVNIR_AL-07021911132617-1036.AV0.xml
937 urn_EOP_ING_EOLI_ESA.EECF.ENVISAT_ASA_GMI_1S_EN1-07081420190601-31327.XGI.xml
938 urn_EOP_ING_EOLI_ESA.EECF.ALOS_AVNIR_AL-07051011150284-1036.AV0.xml
939 urn_EOP_ING_EOLI_ESA.EECF.ENVISAT_ASA_GMI_1S_EN1-07121020123329-10034.XGI.xml
940 urn_EOP_ING_EOLI_ESA.EECF.ENVISAT_ASA_IMx_xS_EN1-07012121025715-12247.XI.xml
941 urn_EOP_ING_EOLI_ESA.EECF.ENVISAT_ASA_APx_xS_EN1-07081921042574-4369.XPH.xml
942 urn_EOP_ING_EOLI_ESA.EECF.ENVISAT_ASA_GMI_1S_EN1-07111519591081-22494.XGI.xml
943 urn_EOP_ING_EOLI_ESA.EECF.ALOS_PSR_FD_AL-07060923024900-1640.Pfd.xml
944 urn_EOP_ING_EOLI_ESA.EECF.ALOS_AVNIR_AL-07011110591821-1036.AV0.xml
945 urn_EOP_ING_EOLI_ESA.EECF.ENVISAT_ASA_GMI_1S_EN1-07080422133087-10639.XGI.xml
946 urn_EOP_ING_EOLI_ESA.EECF.ALOS_AVNIR_AL-07040411282980-1036.AV0.xml
947 urn_EOP_ING_EOLI_ESA.EECF.ALOS_PSR_FD_AL-07060921223564-1640.Pfd.xml
948 urn_EOP_ING_EOLI_ESA.EECF.ALOS_PSR_FD_AL-07061022011058-1640.Pfd.xml
949 urn_EOP_ING_EOLI_ESA.EECF.ENVISAT_ASA_GMI_1S_EN1-07061120330185-11848.XGI.xml
950 urn_EOP_ING_EOLI_ESA.EECF.ALOS_PSM_O1_AL-07012111155745-518.Pr1.xml
951 urn_EOP_ING_EOLI_ESA.EECF.ALOS_AVNIR_AL-07042710390049-1036.AV0.xml
952 urn_EOP_ING_EOLI_ESA.EECF.ALOS_AVNIR_AL-07040411285444-1036.AV0.xml
953 urn_EOP_ING_EOLI_ESA.EECF.ENVISAT_ASA_GMI_1S_EN1-07011321412330-102832.XGI.xml
954 urn_EOP_ING_EOLI_ESA.EECF.ENVISAT_ASA_IMx_xS_EN1-07012210500664-20895.XI.xml
955 urn_EOP_ING_EOLI_ESA.EECF.ALOS_PSM_O1_AL-07020410521512-518.Pr1.xml
956 urn_EOP_ING_EOLI_ESA.EECF.ALOS_AVNIR_AL-07021911085515-1036.AV0.xml
957 urn_EOP_ING_EOLI_ESA.EECF.ENVISAT_ASA_IMx_xS_EN1-07011610412432-24664.XI.xml
958 urn_EOP_ING_EOLI_ESA.EECF.ALOS_AVNIR_AL-07031109581151-1036.AV0.xml
959 urn_EOP_ING_EOLI_ESA.EECF.ALOS_AVNIR_AL-07011411242593-1036.AV0.xml
960 urn_EOP_ING_EOLI_ESA.EECF.ENVISAT_ASA_GMI_1S_EN1-07102522270794-70288.XGI.xml
961 urn_EOP_ING_EOLI_ESA.EECF.ALOS_AVNIR_AL-07060710330477-1036.AV0.xml
962 urn_EOP_ING_EOLI_ESA.EECF.ENVISAT_ASA_GMI_1S_EN1-07071009003555-23098.XGI.xml
963 urn_EOP_ING_EOLI_ESA.EECF.ALOS_PSR_FD_AL-07060822185363-1640.Pfd.xml
964 urn_EOP_ING_EOLI_ESA.EECF.ALOS_AVNIR_AL-07031710453381-1036.AV0.xml
965 urn_EOP_ING_EOLI_ESA.EECF.ENVISAT_ASA_GMI_1S_EN1-07100108440303-82747.XGI.xml
966 urn_EOP_ING_EOLI_ESA.EECF.ALOS_AVNIR_AL-07040810540166-1036.AV0.xml
967 urn_EOP_ING_EOLI_ESA.EECF.ALOS_PSM_O1_AL-07011110584381-518.Pr1.xml
968 urn_EOP_ING_EOLI_ESA.EECF.ALOS_PSM_O1_AL-07012111113874-518.Pr1.xml
969 urn_EOP_ING_EOLI_ESA.EECF.ENVISAT_ASA_GMI_1S_EN1-07070620291401-125938.XGI.xml
970 urn_EOP_ING_EOLI_ESA.EECF.ALOS_AVNIR_AL-07050809561443-1036.AV0.xml
971 urn_EOP_ING_EOLI_ESA.EECF.ALOS_AVNIR_AL-07021911130974-1036.AV0.xml
972 urn_EOP_ING_EOLI_ESA.EECF.ALOS_PSM_O1_AL-07021110420657-518.Pr1.xml
973 urn_EOP_ING_EOLI_ESA.EECF.ENVISAT_ASA_GMI_1S_EN1-07060208540137-20681.XGI.xml
974 urn_EOP_ING_EOLI_ESA.EECF.ALOS_AVNIR_AL-07051111531313-1036.AV0.xml
975 urn_EOP_ING_EOLI_ESA.EECF.ENVISAT_ASA_GMI_1S_EN1-07030722201782-60247.XGI.xml
976 urn_EOP_ING_EOLI_ESA.EECF.ALOS_AVNIR_AL-07051110165788-1036.AV0.xml
977 urn_EOP_ING_EOLI_ESA.EECF.ALOS_AVNIR_AL-07032210544481-1036.AV0.xml
978 urn_EOP_ING_EOLI_ESA.EECF.ENVISAT_ASA_GMI_1S_EN1-07101309180585-85165.XGI.xml
979 urn_EOP_ING_EOLI_ESA.EECF.ALOS_AVNIR_AL-07060809341037-1036.AV0.xml
980 urn_EOP_ING_EOLI_ESA.EECF.ALOS_PSM_O1_AL-07012111112642-518.Pr1.xml
981 urn_EOP_ING_EOLI_ESA.EECF.ALOS_AVNIR_AL-07050509322186-1036.AV0.xml
982 urn_EOP_ING_EOLI_ESA.EECF.ALOS_PSR_FD_AL-07011810493432-1640.Pfd.xml
983 urn_EOP_ING_EOLI_ESA.EECF.ALOS_AVNIR_AL-07010510120283-1036.AV0.xml
984 urn_EOP_ING_EOLI_ESA.EECF.ENVISAT_ASA_IMx_xS_EN1-07011010301474-11802.XI.xml
985 urn_EOP_ING_EOLI_ESA.EECF.ALOS_PSR_FD_AL-07060922580156-1640.Pfd.xml
986 urn_EOP_ING_EOLI_ESA.EECF.ALOS_AVNIR_AL-07012111143275-1036.AV0.xml
987 urn_EOP_ING_EOLI_ESA.EECF.ENVISAT_ASA_GMI_1S_EN1-07011220283491-124730.XGI.xml
988 urn_EOP_ING_EOLI_ESA.EECF.ALOS_AVNIR_AL-07042210302958-1036.AV0.xml
989 urn_EOP_ING_EOLI_ESA.EECF.ALOS_AVNIR_AL-07052711173784-1036.AV0.xml
990 urn_EOP_ING_EOLI_ESA.EECF.ALOS_PSR_FD_AL-07060921211352-1640.Pfd.xml
991 urn_EOP_ING_EOLI_ESA.EECF.ALOS_AVNIR_AL-07021911091157-1036.AV0.xml
992 urn_EOP_ING_EOLI_ESA.EECF.ALOS_PSM_O1_AL-07021110424353-518.Pr1.xml
993 urn_EOP_ING_EOLI_ESA.EECF.ENVISAT_ASA_GMI_1S_EN1-07091610073664-81539.XGI.xml
994 urn_EOP_ING_EOLI_ESA.EECF.ALOS_AVNIR_AL-07051211005329-1036.AV0.xml
995 urn_EOP_ING_EOLI_ESA.EECF.ALOS_AVNIR_AL-07050811304291-1036.AV0.xml
996 urn_EOP_ING_EOLI_ESA.EECF.ENVISAT_ASA_GMI_1S_EN1-07052419551789-41975.XGI.xml
997 urn_EOP_ING_EOLI_ESA.EECF.ALOS_AVNIR_AL-07010510114640-1036.AV0.xml
998 urn_EOP_ING_EOLI_ESA.EECF.ALOS_AVNIR_AL-07050910335192-1036.AV0.xml
999 urn_EOP_ING_EOLI_ESA.EECF.ENVISAT_ASA_GMI_1S_EN1-07100309321065-85165.XGI.xml
1000 urn_EOP_ING_EOLI_ESA.EECF.ENVISAT_ASA_APx_xS_EN1-07071609131255-3812.XPV.xml
1001 urn_EOP_ING_EOLI_ESA.EECF.ALOS_AVNIR_AL-07030811125343-1036.AV0.xml
1002 urn_EOP_ING_EOLI_ESA.EECF.ALOS_AVNIR_AL-07060710303695-1036.AV0.xml
1003 urn_EOP_ING_EOLI_ESA.EECF.ALOS_PSM_O1_AL-07012111114695-518.Pr1.xml
1004 urn_EOP_ING_EOLI_ESA.EECF.ALOS_AVNIR_AL-07050511083710-1036.AV0.xml
1005 urn_EOP_ING_EOLI_ESA.EECF.ENVISAT_ASA_GMI_1S_EN1-07122209130686-14264.XGI.xml
1006 urn_EOP_ING_EOLI_ESA.EECF.ALOS_AVNIR_AL-07060609522677-1036.AV0.xml
1007 urn_EOP_ING_EOLI_ESA.EECF.ALOS_AVNIR_AL-07052711194104-1036.AV0.xml
1008 urn_EOP_ING_EOLI_ESA.EECF.ENVISAT_ASA_GMI_1S_EN1-07041109271771-20078.XGI.xml
1009 urn_EOP_ING_EOLI_ESA.EECF.ALOS_AVNIR_AL-07042609581687-1036.AV0.xml
1010 urn_EOP_ING_EOLI_ESA.EECF.ALOS_AVNIR_AL-07052711155109-1036.AV0.xml
1011 urn_EOP_ING_EOLI_ESA.EECF.ALOS_AVNIR_AL-07042710400619-1036.AV0.xml
1012 urn_EOP_ING_EOLI_ESA.EECF.ENVISAT_ASA_GMI_1S_EN1-07090120372958-125334.XGI.xml
1013 urn_EOP_ING_EOLI_ESA.EECF.ALOS_AVNIR_AL-07050110051178-1036.AV0.xml
1014 urn_EOP_ING_EOLI_ESA.EECF.ALOS_AVNIR_AL-07040111061493-1036.AV0.xml
1015 urn_EOP_ING_EOLI_ESA.EECF.ALOS_AVNIR_AL-07051211012615-1036.AV0.xml
1016 urn_EOP_ING_EOLI_ESA.EECF.ALOS_AVNIR_AL-07041611233932-1036.AV0.xml
1017 urn_EOP_ING_EOLI_ESA.EECF.ALOS_AVNIR_AL-07032210524981-1036.AV0.xml
1018 urn_EOP_ING_EOLI_ESA.EECF.ALOS_PSM_O1_AL-07011110582738-518.Pr1.xml
1019 urn_EOP_ING_EOLI_ESA.EECF.ENVISAT_ASA_GMI_1S_EN1-07092020401318-125938.XGI.xml
1020 urn_EOP_ING_EOLI_ESA.EECF.ALOS_AVNIR_AL-07032309514435-1036.AV0.xml
1021 urn_EOP_ING_EOLI_ESA.EECF.ENVISAT_ASA_GMI_1S_EN1-07070320274379-85165.XGI.xml
1022 urn_EOP_ING_EOLI_ESA.EECF.ENVISAT_ASA_GMI_1S_EN1-07052320283880-14868.XGI.xml
1023 urn_EOP_ING_EOLI_ESA.EECF.ALOS_AVNIR_AL-07050610115436-1036.AV0.xml
1024 urn_EOP_ING_EOLI_ESA.EECF.ALOS_AVNIR_AL-07030710315066-1036.AV0.xml
1025 urn_EOP_ING_EOLI_ESA.EECF.ENVISAT_ASA_GMI_1S_EN1-07061409155731-25515.XGI.xml
1026 urn_EOP_ING_EOLI_ESA.EECF.ALOS_AVNIR_AL-07041111175440-1036.AV0.xml
1027 urn_EOP_ING_EOLI_ESA.EECF.ALOS_AVNIR_AL-07051210595579-1036.AV0.xml
1028 urn_EOP_ING_EOLI_ESA.EECF.ALOS_AVNIR_AL-07010310305059-1036.AV0.xml
1029 urn_EOP_ING_EOLI_ESA.EECF.ENVISAT_ASA_GMI_1S_EN1-07070120020182-31328.XGI.xml
1030 urn_EOP_ING_EOLI_ESA.EECF.ALOS_AVNIR_AL-07040411294372-1036.AV0.xml
1031 urn_EOP_ING_EOLI_ESA.EECF.ALOS_AVNIR_AL-07051410412368-1036.AV0.xml
1032 urn_EOP_ING_EOLI_ESA.EECF.ENVISAT_ASA_GMI_1S_EN1-07122710015353-35558.XGI.xml
1033 urn_EOP_ING_EOLI_ESA.EECF.ENVISAT_ASA_GMI_1S_EN1-07121222180600-82143.XGI.xml
1034 urn_EOP_ING_EOLI_ESA.EECF.ENVISAT_ASA_GMI_1S_EN1-07092022270851-72706.XGI.xml
1035 urn_EOP_ING_EOLI_ESA.EECF.ALOS_AVNIR_AL-07051209212914-1036.AV0.xml
1036 urn_EOP_ING_EOLI_ESA.EECF.ALOS_PSM_O1_AL-07012111124033-518.Pr1.xml
1037 urn_EOP_ING_EOLI_ESA.EECF.ENVISAT_ASA_APx_xS_EN1-07060120441609-3931.XPV.xml
1038 urn_EOP_ING_EOLI_ESA.EECF.ENVISAT_ASA_GMI_1S_EN1-07011321540236-12452.XGI.xml
1039 urn_EOP_ING_EOLI_ESA.EECF.ALOS_PSR_FD_AL-07011810500717-1640.Pfd.xml
1040 urn_EOP_ING_EOLI_ESA.EECF.ALOS_PSM_O1_AL-07020910571703-518.Pr1.xml
1041 urn_EOP_ING_EOLI_ESA.EECF.ENVISAT_ASA_IMx_xS_EN1-07011021494747-2174.XI.xml
1042 urn_EOP_ING_EOLI_ESA.EECF.ENVISAT_ASA_GMI_1S_EN1-07092722064938-71496.XGI.xml
1043 urn_EOP_ING_EOLI_ESA.EECF.ALOS_AVNIR_AL-07041609431771-1036.AV0.xml
1044 urn_EOP_ING_EOLI_ESA.EECF.ALOS_AVNIR_AL-07051011144641-1036.AV0.xml
1045 urn_EOP_ING_EOLI_ESA.EECF.ALOS_AVNIR_AL-07042210301316-1036.AV0.xml
1046 urn_EOP_ING_EOLI_ESA.EECF.ALOS_AVNIR_AL-07041910102725-1036.AV0.xml
1047 urn_EOP_ING_EOLI_ESA.EECF.ALOS_PSM_O1_AL-07020410515870-518.Pr1.xml
1048 urn_EOP_ING_EOLI_ESA.EECF.ALOS_AVNIR_AL-07031010554337-1036.AV0.xml
1049 urn_EOP_ING_EOLI_ESA.EECF.ENVISAT_ASA_GMI_1S_EN1-07010320283787-21285.XGI.xml
1050 urn_EOP_ING_EOLI_ESA.EECF.ENVISAT_ASA_GMI_1S_EN1-07121609073295-32536.XGI.xml
1051 urn_EOP_ING_EOLI_ESA.EECF.ALOS_PSM_O1_AL-07021110402391-518.Pr1.xml
1052 urn_EOP_ING_EOLI_ESA.EECF.ALOS_AVNIR_AL-07060510495079-1036.AV0.xml
1053 urn_EOP_ING_EOLI_ESA.EECF.ENVISAT_ASA_APx_xS_EN1-07120708480625-3812.XPV.xml
1054 urn_EOP_ING_EOLI_ESA.EECF.ENVISAT_ASA_APx_xS_EN1-07060709393957-4560.XPC.xml
1055 urn_EOP_ING_EOLI_ESA.EECF.ALOS_AVNIR_AL-07040810541808-1036.AV0.xml
1056 urn_EOP_ING_EOLI_ESA.EECF.ALOS_AVNIR_AL-07051511223477-1036.AV0.xml
1057 urn_EOP_ING_EOLI_ESA.EECF.ENVISAT_ASA_GMI_1S_EN1-07090720505297-111062.XGI.xml
1058 urn_EOP_ING_EOLI_ESA.EECF.ALOS_AVNIR_AL-07041710271299-1036.AV0.xml
1059 urn_EOP_ING_EOLI_ESA.EECF.ALOS_AVNIR_AL-07050809553336-1036.AV0.xml
1060 urn_EOP_ING_EOLI_ESA.EECF.ALOS_AVNIR_AL-07030410074931-1036.AV0.xml
1061 urn_EOP_ING_EOLI_ESA.EECF.ENVISAT_ASA_IMx_xS_EN1-07012220291785-12793.XI.xml
1062 urn_EOP_ING_EOLI_ESA.EECF.ALOS_AVNIR_AL-07060609534070-1036.AV0.xml
1063 urn_EOP_ING_EOLI_ESA.EECF.ALOS_PSM_O1_AL-07012510382074-518.Pr1.xml
1064 urn_EOP_ING_EOLI_ESA.EECF.ALOS_AVNIR_AL-07052211113622-1036.AV0.xml
1065 urn_EOP_ING_EOLI_ESA.EECF.ALOS_AVNIR_AL-07051211001222-1036.AV0.xml
1066 urn_EOP_ING_EOLI_ESA.EECF.ENVISAT_ASA_GMI_1S_EN1-07101410224938-24306.XGI.xml
1067 urn_EOP_ING_EOLI_ESA.EECF.ALOS_AVNIR_AL-07051210592294-1036.AV0.xml
1068 urn_EOP_ING_EOLI_ESA.EECF.ENVISAT_ASA_GMI_1S_EN1-07071509475753-73914.XGI.xml
1069 urn_EOP_ING_EOLI_ESA.EECF.ALOS_PSM_O1_AL-07021110421889-518.Pr1.xml
1070 urn_EOP_ING_EOLI_ESA.EECF.ALOS_AVNIR_AL-07050910350583-1036.AV0.xml
1071 urn_EOP_ING_EOLI_ESA.EECF.ALOS_AVNIR_AL-07031109584436-1036.AV0.xml
1072 urn_EOP_ING_EOLI_ESA.EECF.ENVISAT_ASA_APx_xS_EN1-07041509043363-4058.XPC.xml
1073 urn_EOP_ING_EOLI_ESA.EECF.ENVISAT_ASA_GMI_1S_EN1-07050320401612-133564.XGI.xml
1074 urn_EOP_ING_EOLI_ESA.EECF.ALOS_PSR_FD_AL-07060721343394-1640.Pfd.xml
1075 urn_EOP_ING_EOLI_ESA.EECF.ALOS_AVNIR_AL-07031311220444-1036.AV0.xml
1076 urn_EOP_ING_EOLI_ESA.EECF.ALOS_AVNIR_AL-07051610240535-1036.AV0.xml
1077 urn_EOP_ING_EOLI_ESA.EECF.ALOS_AVNIR_AL-07031311214801-1036.AV0.xml
1078 urn_EOP_ING_EOLI_ESA.EECF.ALOS_PSR_FD_AL-07060921243060-1640.Pfd.xml
1079 urn_EOP_ING_EOLI_ESA.EECF.ALOS_AVNIR_AL-07021911130153-1036.AV0.xml
1080 urn_EOP_ING_EOLI_ESA.EECF.ALOS_PSR_FD_AL-07060822181257-1640.Pfd.xml
1081 urn_EOP_ING_EOLI_ESA.EECF.ALOS_PSR_FD_AL-07060921214637-1640.Pfd.xml
1082 urn_EOP_ING_EOLI_ESA.EECF.ALOS_AVNIR_AL-07010110470204-1036.AV0.xml
1083 urn_EOP_ING_EOLI_ESA.EECF.ALOS_PSM_O1_AL-07012510390591-518.Pr1.xml
1084 urn_EOP_ING_EOLI_ESA.EECF.ENVISAT_ASA_GMI_1S_EN1-07092009404586-11847.XGI.xml
1085 urn_EOP_ING_EOLI_ESA.EECF.ALOS_PSM_O1_AL-07011110575454-518.Pr1.xml
1086 urn_EOP_ING_EOLI_ESA.EECF.ALOS_PSM_O1_AL-07020910562776-518.Pr1.xml
1087 urn_EOP_ING_EOLI_ESA.EECF.ENVISAT_ASA_GMI_1S_EN1-07061320465633-180753.XGI.xml
1088 urn_EOP_ING_EOLI_ESA.EECF.ENVISAT_ASA_GMI_1S_EN1-07022020051742-115896.XGI.xml
1089 urn_EOP_ING_EOLI_ESA.EECF.ALOS_AVNIR_AL-07042510572026-1036.AV0.xml
1090 urn_EOP_ING_EOLI_ESA.EECF.ALOS_AVNIR_AL-07010810380855-1036.AV0.xml
1091 urn_EOP_ING_EOLI_ESA.EECF.ENVISAT_ASA_GMI_1S_EN1-07111521162471-181358.XGI.xml
1092 urn_EOP_ING_EOLI_ESA.EECF.ALOS_AVNIR_AL-07010911182256-1036.AV0.xml
1093 urn_EOP_ING_EOLI_ESA.EECF.ENVISAT_ASA_GMI_1S_EN1-07112609291786-13056.XGI.xml
1094 urn_EOP_ING_EOLI_ESA.EECF.ALOS_PSR_FD_AL-07060822203218-1640.Pfd.xml
1095 urn_EOP_ING_EOLI_ESA.EECF.ALOS_PSM_O1_AL-07012111110589-518.Pr1.xml
1096 urn_EOP_ING_EOLI_ESA.EECF.ENVISAT_ASA_APx_xS_EN1-07042321094983-3896.XPC.xml
1097 urn_EOP_ING_EOLI_ESA.EECF.ENVISAT_ASA_GMI_1S_EN1-07042320551858-122917.XGI.xml
1098 urn_EOP_ING_EOLI_ESA.EECF.ENVISAT_ASA_GMI_1S_EN1-07011421184512-15473.XGI.xml
1099 urn_EOP_ING_EOLI_ESA.EECF.ENVISAT_ASA_GMI_1S_EN1-07030621042679-131146.XGI.xml
1100 urn_EOP_ING_EOLI_ESA.EECF.ALOS_AVNIR_AL-07050809564729-1036.AV0.xml
1101 urn_EOP_ING_EOLI_ESA.EECF.ALOS_AVNIR_AL-07032311312490-1036.AV0.xml
1102 urn_EOP_ING_EOLI_ESA.EECF.ENVISAT_ASA_GMI_1S_EN1-07080121580366-80331.XGI.xml
1103 urn_EOP_ING_EOLI_ESA.EECF.ALOS_PSR_FD_AL-07060822174793-1640.Pfd.xml
1104 urn_EOP_ING_EOLI_ESA.EECF.ENVISAT_ASA_APx_xS_EN1-07041709392597-4169.XPH.xml
1105 urn_EOP_ING_EOLI_ESA.EECF.ENVISAT_ASA_GMI_1S_EN1-07040321332560-41370.XGI.xml
1106 urn_EOP_ING_EOLI_ESA.EECF.ALOS_AVNIR_AL-07052511354550-1036.AV0.xml
1107 urn_EOP_ING_EOLI_ESA.EECF.ALOS_AVNIR_AL-07031410213193-1036.AV0.xml
1108 urn_EOP_ING_EOLI_ESA.EECF.ENVISAT_ASA_APx_xS_EN1-07102509393409-3813.XPC.xml
1109 urn_EOP_ING_EOLI_ESA.EECF.ALOS_PSM_O1_AL-07011111002235-518.Pr1.xml
1110 urn_EOP_ING_EOLI_ESA.EECF.ALOS_PSR_FD_AL-07060921212995-1640.Pfd.xml
1111 urn_EOP_ING_EOLI_ESA.EECF.ALOS_PSM_O1_AL-07012111125264-518.Pr1.xml
1112 urn_EOP_ING_EOLI_ESA.EECF.ALOS_AVNIR_AL-07042311140821-1036.AV0.xml
1113 urn_EOP_ING_EOLI_ESA.EECF.ENVISAT_ASA_GMI_1S_EN1-07120209483191-25516.XGI.xml
1114 urn_EOP_ING_EOLI_ESA.EECF.ENVISAT_ASA_GMI_1S_EN1-07071609112858-14265.XGI.xml
1115 urn_EOP_ING_EOLI_ESA.EECF.ALOS_AVNIR_AL-07040310465362-1036.AV0.xml
1116 urn_EOP_ING_EOLI_ESA.EECF.ALOS_AVNIR_AL-07050809563907-1036.AV0.xml
1117 urn_EOP_ING_EOLI_ESA.EECF.ENVISAT_ASA_GMI_1S_EN1-07112410361700-11243.XGI.xml
1118 urn_EOP_ING_EOLI_ESA.EECF.ENVISAT_ASA_GMI_1S_EN1-07082322161886-11244.XGI.xml
1119 urn_EOP_ING_EOLI_ESA.EECF.ENVISAT_ASA_GMI_1S_EN1-07051121272416-163086.XGI.xml
1120 urn_EOP_ING_EOLI_ESA.EECF.ALOS_AVNIR_AL-07051111534597-1036.AV0.xml
1121 urn_EOP_ING_EOLI_ESA.EECF.ALOS_AVNIR_AL-07041210200600-1036.AV0.xml
1122 urn_EOP_ING_EOLI_ESA.EECF.ENVISAT_ASA_GMI_1S_EN1-07062709131807-80331.XGI.xml
1123 urn_EOP_ING_EOLI_ESA.EECF.ALOS_AVNIR_AL-07011211391572-1036.AV0.xml
1124 urn_EOP_ING_EOLI_ESA.EECF.ENVISAT_ASA_IMx_xS_EN1-07010809514601-15285.XI.xml
1125 urn_EOP_ING_EOLI_ESA.EECF.ALOS_AVNIR_AL-07050811340821-1036.AV0.xml
1126 urn_EOP_ING_EOLI_ESA.EECF.ALOS_AVNIR_AL-07051511233226-1036.AV0.xml
1127 urn_EOP_ING_EOLI_ESA.EECF.ALOS_PSR_FD_AL-07060922585906-1640.Pfd.xml
1128 urn_EOP_ING_EOLI_ESA.EECF.ENVISAT_ASA_GMI_1S_EN1-07102121020394-182566.XGI.xml
1129 urn_EOP_ING_EOLI_ESA.EECF.ENVISAT_ASA_GMI_1S_EN1-07110521375693-105249.XGI.xml
1130 urn_EOP_ING_EOLI_ESA.EECF.ALOS_PSM_O1_AL-07020410515048-518.Pr1.xml
1131 urn_EOP_ING_EOLI_ESA.EECF.ENVISAT_ASA_GMI_1S_EN1-07071822380996-70288.XGI.xml
1132 urn_EOP_ING_EOLI_ESA.EECF.ALOS_AVNIR_AL-07011411243414-1036.AV0.xml
1133 urn_EOP_ING_EOLI_ESA.EECF.ENVISAT_ASA_APx_xS_EN1-07092409101562-4033.XPC.xml
1134 urn_EOP_ING_EOLI_ESA.EECF.ENVISAT_ASA_GMI_1S_EN1-07050622322808-74518.XGI.xml
1135 urn_EOP_ING_EOLI_ESA.EECF.ENVISAT_ASA_GMI_1S_EN1-07090321164559-125333.XGI.xml
1136 urn_EOP_ING_EOLI_ESA.EECF.ALOS_PSR_FD_AL-07061022041946-1640.Pfd.xml
1137 urn_EOP_ING_EOLI_ESA.EECF.ALOS_AVNIR_AL-07051610251926-1036.AV0.xml
1138 urn_EOP_ING_EOLI_ESA.EECF.ALOS_AVNIR_AL-07060111250917-1036.AV0.xml
1139 urn_EOP_ING_EOLI_ESA.EECF.ALOS_AVNIR_AL-07030410091144-1036.AV0.xml
1140 urn_EOP_ING_EOLI_ESA.EECF.ALOS_PSR_FD_AL-07060822184542-1640.Pfd.xml
1141 urn_EOP_ING_EOLI_ESA.EECF.ENVISAT_ASA_GMI_1S_EN1-07090122235256-95207.XGI.xml
1142 urn_EOP_ING_EOLI_ESA.EECF.ALOS_AVNIR_AL-07041210192494-1036.AV0.xml
1143 urn_EOP_ING_EOLI_ESA.EECF.ALOS_AVNIR_AL-07041811072646-1036.AV0.xml
1144 urn_EOP_ING_EOLI_ESA.EECF.ALOS_PSR_FD_AL-07060721355610-1640.Pfd.xml
1145 urn_EOP_ING_EOLI_ESA.EECF.ALOS_AVNIR_AL-07040111052565-1036.AV0.xml
1146 urn_EOP_ING_EOLI_ESA.EECF.ALOS_AVNIR_AL-07060710321549-1036.AV0.xml
1147 urn_EOP_ING_EOLI_ESA.EECF.ALOS_AVNIR_AL-07050110050356-1036.AV0.xml
1148 urn_EOP_ING_EOLI_ESA.EECF.ALOS_AVNIR_AL-07012710210810-1036.AV0.xml
1149 urn_EOP_ING_EOLI_ESA.EECF.ALOS_AVNIR_AL-07051110174716-1036.AV0.xml
1150 urn_EOP_ING_EOLI_ESA.EECF.ALOS_AVNIR_AL-07060811115594-1036.AV0.xml
1151 urn_EOP_ING_EOLI_ESA.EECF.ENVISAT_ASA_GMI_1S_EN1-07021622152132-92186.XGI.xml
1152 urn_EOP_ING_EOLI_ESA.EECF.ENVISAT_ASA_GMI_1S_EN1-07082110214515-11847.XGI.xml
1153 urn_EOP_ING_EOLI_ESA.EECF.ALOS_AVNIR_AL-07050511092638-1036.AV0.xml
1154 urn_EOP_ING_EOLI_ESA.EECF.ALOS_PSM_O1_AL-07012510384538-518.Pr1.xml
1155 urn_EOP_ING_EOLI_ESA.EECF.ALOS_AVNIR_AL-07060710320728-1036.AV0.xml
1156 urn_EOP_ING_EOLI_ESA.EECF.ALOS_AVNIR_AL-07050509330293-1036.AV0.xml
1157 urn_EOP_ING_EOLI_ESA.EECF.ENVISAT_ASA_APx_xS_EN1-07052521071648-4180.XPH.xml
1158 urn_EOP_ING_EOLI_ESA.EECF.ALOS_AVNIR_AL-07052009502767-1036.AV0.xml
1159 urn_EOP_ING_EOLI_ESA.EECF.ALOS_PSR_FD_AL-07060822201576-1640.Pfd.xml
1160 urn_EOP_ING_EOLI_ESA.EECF.ENVISAT_ASA_GMI_1S_EN1-07111720363244-10639.XGI.xml
1161 urn_EOP_ING_EOLI_ESA.EECF.ENVISAT_ASA_GMI_1S_EN1-07041220172496-11848.XGI.xml
1162 urn_EOP_ING_EOLI_ESA.EECF.ALOS_AVNIR_AL-07060811125342-1036.AV0.xml
1163 urn_EOP_ING_EOLI_ESA.EECF.ALOS_AVNIR_AL-07031111372743-1036.AV0.xml
1164 urn_EOP_ING_EOLI_ESA.EECF.ALOS_AVNIR_AL-07031111362994-1036.AV0.xml
1165 urn_EOP_ING_EOLI_ESA.EECF.ENVISAT_ASA_GMI_1S_EN1-07080221373996-13660.XGI.xml
1166 urn_EOP_ING_EOLI_ESA.EECF.ENVISAT_ASA_GMI_1S_EN1-07082710333124-11244.XGI.xml
1167 urn_EOP_ING_EOLI_ESA.EECF.ENVISAT_ASA_GMI_1S_EN1-07030720320850-125334.XGI.xml
1168 urn_EOP_ING_EOLI_ESA.EECF.ALOS_AVNIR_AL-07042210330561-1036.AV0.xml
1169 urn_EOP_ING_EOLI_ESA.EECF.ALOS_AVNIR_AL-07040411281338-1036.AV0.xml
1170 urn_EOP_ING_EOLI_ESA.EECF.ENVISAT_ASA_GMI_1S_EN1-07081121412706-111666.XGI.xml
1171 urn_EOP_ING_EOLI_ESA.EECF.ENVISAT_ASA_IMx_xS_EN1-07012021325842-21813.XI.xml
1172 urn_EOP_ING_EOLI_ESA.EECF.ALOS_AVNIR_AL-07050809560622-1036.AV0.xml
1173 urn_EOP_ING_EOLI_ESA.EECF.ALOS_AVNIR_AL-07011611035923-1036.AV0.xml
1174 urn_EOP_ING_EOLI_ESA.EECF.ENVISAT_ASA_IMx_xS_EN1-07010609143513-51696.XI.xml
1175 urn_EOP_ING_EOLI_ESA.EECF.ALOS_PSM_O1_AL-07012111122390-518.Pr1.xml
1176 urn_EOP_ING_EOLI_ESA.EECF.ALOS_AVNIR_AL-07010711335328-1036.AV0.xml
1177 urn_EOP_ING_EOLI_ESA.EECF.ENVISAT_ASA_APx_xS_EN1-07042422180405-3823.XPC.xml
1178 urn_EOP_ING_EOLI_ESA.EECF.ALOS_AVNIR_AL-07041609434234-1036.AV0.xml
1179 urn_EOP_ING_EOLI_ESA.EECF.ALOS_AVNIR_AL-07012710214095-1036.AV0.xml
1180 urn_EOP_ING_EOLI_ESA.EECF.ALOS_AVNIR_AL-07042210315991-1036.AV0.xml
1181 urn_EOP_ING_EOLI_ESA.EECF.ENVISAT_ASA_GMI_1S_EN1-07111821322815-74518.XGI.xml
1182 urn_EOP_ING_EOLI_ESA.EECF.ALOS_AVNIR_AL-07040411284623-1036.AV0.xml
1183 urn_EOP_ING_EOLI_ESA.EECF.ALOS_AVNIR_AL-07021911100084-1036.AV0.xml
1184 urn_EOP_ING_EOLI_ESA.EECF.ENVISAT_ASA_GMI_1S_EN1-07120620373567-13661.XGI.xml
1185 urn_EOP_ING_EOLI_ESA.EECF.ALOS_AVNIR_AL-07032710572106-1036.AV0.xml
1186 urn_EOP_ING_EOLI_ESA.EECF.ENVISAT_ASA_APx_xS_EN1-07041509013976-3946.XPC.xml
1187 urn_EOP_ING_EOLI_ESA.EECF.ALOS_AVNIR_AL-07031010553516-1036.AV0.xml
1188 urn_EOP_ING_EOLI_ESA.EECF.ENVISAT_ASA_GMI_1S_EN1-07052222293656-75122.XGI.xml
1189 urn_EOP_ING_EOLI_ESA.EECF.ALOS_AVNIR_AL-07031511015427-1036.AV0.xml
1190 urn_EOP_ING_EOLI_ESA.EECF.ALOS_PSR_FD_AL-07060923005404-1640.Pfd.xml
1191 urn_EOP_ING_EOLI_ESA.EECF.ENVISAT_ASA_GMI_1S_EN1-07081322210414-103437.XGI.xml
1192 urn_EOP_ING_EOLI_ESA.EECF.ALOS_AVNIR_AL-07041111182726-1036.AV0.xml
1193 urn_EOP_ING_EOLI_ESA.EECF.ALOS_AVNIR_AL-07041710273763-1036.AV0.xml
1194 urn_EOP_ING_EOLI_ESA.EECF.ENVISAT_ASA_APx_xS_EN1-07082309185302-3814.XPV.xml
1195 urn_EOP_ING_EOLI_ESA.EECF.ALOS_AVNIR_AL-07050910334371-1036.AV0.xml
1196 urn_EOP_ING_EOLI_ESA.EECF.ENVISAT_ASA_GMI_1S_EN1-07012222031167-60246.XGI.xml
1197 urn_EOP_ING_EOLI_ESA.EECF.ENVISAT_ASA_GMI_1S_EN1-07121820382787-181962.XGI.xml
1198 urn_EOP_ING_EOLI_ESA.EECF.ALOS_PSM_O1_AL-07012111122801-518.Pr1.xml
1199 urn_EOP_ING_EOLI_ESA.EECF.ENVISAT_ASA_GMI_1S_EN1-07052620193601-165503.XGI.xml
1200 urn_EOP_ING_EOLI_ESA.EECF.ALOS_PSR_FD_AL-07060922563941-1640.Pfd.xml
1201 urn_EOP_ING_EOLI_ESA.EECF.ALOS_AVNIR_AL-07011510272710-1036.AV0.xml
1202 urn_EOP_ING_EOLI_ESA.EECF.ENVISAT_ASA_GMI_1S_EN1-07091122114812-52620.XGI.xml
1203 urn_EOP_ING_EOLI_ESA.EECF.ENVISAT_ASA_GMI_1S_EN1-07070108332758-101624.XGI.xml
1204 urn_EOP_ING_EOLI_ESA.EECF.ALOS_AVNIR_AL-07042609574402-1036.AV0.xml
1205 urn_EOP_ING_EOLI_ESA.EECF.ALOS_AVNIR_AL-07052011295181-1036.AV0.xml
1206 urn_EOP_ING_EOLI_ESA.EECF.ALOS_AVNIR_AL-07052511361836-1036.AV0.xml
1207 urn_EOP_ING_EOLI_ESA.EECF.ENVISAT_ASA_GMI_1S_EN1-07050709112648-14265.XGI.xml
1208 urn_EOP_ING_EOLI_ESA.EECF.ALOS_PSM_O1_AL-07011110591665-518.Pr1.xml
1209 urn_EOP_ING_EOLI_ESA.EECF.ALOS_AVNIR_AL-07010911181435-1036.AV0.xml
1210 urn_EOP_ING_EOLI_ESA.EECF.ALOS_AVNIR_AL-07010810381676-1036.AV0.xml
1211 urn_EOP_ING_EOLI_ESA.EECF.ALOS_AVNIR_AL-07060311055561-1036.AV0.xml
1212 urn_EOP_ING_EOLI_ESA.EECF.ALOS_PSM_O1_AL-07020410513816-518.Pr1.xml
1213 urn_EOP_ING_EOLI_ESA.EECF.ALOS_PSR_FD_AL-07060922594012-1640.Pfd.xml
1214 urn_EOP_ING_EOLI_ESA.EECF.ALOS_AVNIR_AL-07011110594284-1036.AV0.xml
1215 urn_EOP_ING_EOLI_ESA.EECF.ALOS_AVNIR_AL-07030710334564-1036.AV0.xml
1216 urn_EOP_ING_EOLI_ESA.EECF.ALOS_AVNIR_AL-07010510103250-1036.AV0.xml
1217 urn_EOP_ING_EOLI_ESA.EECF.ALOS_AVNIR_AL-07051211011793-1036.AV0.xml
1218 urn_EOP_ING_EOLI_ESA.EECF.ENVISAT_ASA_GMI_1S_EN1-07022408314625-31932.XGI.xml
1219 urn_EOP_ING_EOLI_ESA.EECF.ALOS_AVNIR_AL-07011411250700-1036.AV0.xml
1220 urn_EOP_ING_EOLI_ESA.EECF.ALOS_AVNIR_AL-07051511221835-1036.AV0.xml
1221 urn_EOP_ING_EOLI_ESA.EECF.ALOS_AVNIR_AL-07052011300824-1036.AV0.xml
1222 urn_EOP_ING_EOLI_ESA.EECF.ALOS_AVNIR_AL-07030410075752-1036.AV0.xml
1223 urn_EOP_ING_EOLI_ESA.EECF.ALOS_PSM_O1_AL-07012111104536-518.Pr1.xml
1224 urn_EOP_ING_EOLI_ESA.EECF.ALOS_PSM_O1_AL-07011110594950-518.Pr1.xml
1225 urn_EOP_ING_EOLI_ESA.EECF.ALOS_AVNIR_AL-07050511084532-1036.AV0.xml
1226 urn_EOP_ING_EOLI_ESA.EECF.ALOS_AVNIR_AL-07041111180262-1036.AV0.xml
1227 urn_EOP_ING_EOLI_ESA.EECF.ALOS_PSR_FD_AL-07060923012688-1640.Pfd.xml
1228 urn_EOP_ING_EOLI_ESA.EECF.ENVISAT_ASA_GMI_1S_EN1-07070721412731-93998.XGI.xml
1229 urn_EOP_ING_EOLI_ESA.EECF.ALOS_PSM_O1_AL-07012111130907-518.Pr1.xml
1230 urn_EOP_ING_EOLI_ESA.EECF.ALOS_AVNIR_AL-07052410542620-1036.AV0.xml
1231 urn_EOP_ING_EOLI_ESA.EECF.ENVISAT_ASA_GMI_1S_EN1-07010110171390-14868.XGI.xml
1232 urn_EOP_ING_EOLI_ESA.EECF.ALOS_AVNIR_AL-07030410081395-1036.AV0.xml
1233 urn_EOP_ING_EOLI_ESA.EECF.ALOS_PSR_FD_AL-07061022040304-1640.Pfd.xml
1234 urn_EOP_ING_EOLI_ESA.EECF.ENVISAT_ASA_GMI_1S_EN1-07010121134616-152440.XGI.xml
1235 urn_EOP_ING_EOLI_ESA.EECF.ENVISAT_ASA_GMI_1S_EN1-07010721323287-80935.XGI.xml
1236 urn_EOP_ING_EOLI_ESA.EECF.ALOS_AVNIR_AL-07032410350690-1036.AV0.xml
1237 urn_EOP_ING_EOLI_ESA.EECF.ALOS_PSM_O1_AL-07020910560313-518.Pr1.xml
1238 urn_EOP_ING_EOLI_ESA.EECF.ALOS_AVNIR_AL-07060811163520-1036.AV0.xml
1239 urn_EOP_ING_EOLI_ESA.EECF.ENVISAT_ASA_GMI_1S_EN1-07051810055807-13055.XGI.xml
1240 urn_EOP_ING_EOLI_ESA.EECF.ALOS_AVNIR_AL-07032410345869-1036.AV0.xml
1241 urn_EOP_ING_EOLI_ESA.EECF.ENVISAT_ASA_IMx_xS_EN1-07011422591203-1600.XI.xml
1242 urn_EOP_ING_EOLI_ESA.EECF.ALOS_AVNIR_AL-07052511355372-1036.AV0.xml
1243 urn_EOP_ING_EOLI_ESA.EECF.ENVISAT_ASA_APx_xS_EN1-07112108510039-3900.XPV.xml
1244 urn_EOP_ING_EOLI_ESA.EECF.ALOS_AVNIR_AL-07031010560801-1036.AV0.xml
1245 urn_EOP_ING_EOLI_ESA.EECF.ALOS_AVNIR_AL-07051410410726-1036.AV0.xml
1246 urn_EOP_ING_EOLI_ESA.EECF.ALOS_AVNIR_AL-07011611065168-1036.AV0.xml
1247 urn_EOP_ING_EOLI_ESA.EECF.ENVISAT_ASA_GMI_1S_EN1-07091621223554-14264.XGI.xml
1248 urn_EOP_ING_EOLI_ESA.EECF.ENVISAT_ASA_GMI_1S_EN1-07032320292151-124729.XGI.xml
1249 urn_EOP_ING_EOLI_ESA.EECF.ENVISAT_ASA_GMI_1S_EN1-07040621235042-193817.XGI.xml
1250 urn_EOP_ING_EOLI_ESA.EECF.ALOS_PSM_O1_AL-07020910574988-518.Pr1.xml
1251 urn_EOP_ING_EOLI_ESA.EECF.ALOS_AVNIR_AL-07032309520898-1036.AV0.xml
1252 urn_EOP_ING_EOLI_ESA.EECF.ALOS_AVNIR_AL-07041010372441-1036.AV0.xml
1253 urn_EOP_ING_EOLI_ESA.EECF.ENVISAT_ASA_GMI_1S_EN1-07042020532314-92186.XGI.xml
1254 urn_EOP_ING_EOLI_ESA.EECF.ENVISAT_ASA_GMI_1S_EN1-07101620273838-85165.XGI.xml
1255 urn_EOP_ING_EOLI_ESA.EECF.ENVISAT_ASA_GMI_1S_EN1-07110221350815-92186.XGI.xml
1256 urn_EOP_ING_EOLI_ESA.EECF.ENVISAT_ASA_GMI_1S_EN1-07121410062595-11243.XGI.xml
1257 urn_EOP_ING_EOLI_ESA.EECF.ENVISAT_ASA_GMI_1S_EN1-07100309260882-11243.XGI.xml
1258 urn_EOP_ING_EOLI_ESA.EECF.ALOS_AVNIR_AL-07032410351511-1036.AV0.xml
1259 urn_EOP_ING_EOLI_ESA.EECF.ENVISAT_ASA_GMI_1S_EN1-07021421312204-185588.XGI.xml
1260 urn_EOP_ING_EOLI_ESA.EECF.ENVISAT_ASA_GMI_1S_EN1-07020420235725-11243.XGI.xml
1261 urn_EOP_ING_EOLI_ESA.EECF.ALOS_AVNIR_AL-07040810545915-1036.AV0.xml
1262 urn_EOP_ING_EOLI_ESA.EECF.ALOS_AVNIR_AL-07041210201421-1036.AV0.xml
1263 urn_EOP_ING_EOLI_ESA.EECF.ENVISAT_ASA_GMI_1S_EN1-07091521412324-102832.XGI.xml
1264 urn_EOP_ING_EOLI_ESA.EECF.ALOS_AVNIR_AL-07041910101904-1036.AV0.xml
1265 urn_EOP_ING_EOLI_ESA.EECF.ENVISAT_ASA_GMI_1S_EN1-07110120392735-11847.XGI.xml
1266 urn_EOP_ING_EOLI_ESA.EECF.ALOS_AVNIR_AL-07010709543734-1036.AV0.xml
1267 urn_EOP_ING_EOLI_ESA.EECF.ALOS_AVNIR_AL-07051511234048-1036.AV0.xml
1268 urn_EOP_ING_EOLI_ESA.EECF.ALOS_AVNIR_AL-07051310002884-1036.AV0.xml
1269 urn_EOP_ING_EOLI_ESA.EECF.ENVISAT_ASA_APx_xS_EN1-07062409014405-3946.XPC.xml
1270 urn_EOP_ING_EOLI_ESA.EECF.ALOS_AVNIR_AL-07052711190818-1036.AV0.xml
1271 urn_EOP_ING_EOLI_ESA.EECF.ALOS_AVNIR_AL-07052310145361-1036.AV0.xml
1272 urn_EOP_ING_EOLI_ESA.EECF.ENVISAT_ASA_GMI_1S_EN1-07070710362526-11848.XGI.xml
1273 urn_EOP_ING_EOLI_ESA.EECF.ALOS_AVNIR_AL-07050610123543-1036.AV0.xml
1274 urn_EOP_ING_EOLI_ESA.EECF.ALOS_AVNIR_AL-07011810495864-1036.AV0.xml
1275 urn_EOP_ING_EOLI_ESA.EECF.ENVISAT_ASA_GMI_1S_EN1-07061720440092-34349.XGI.xml
1276 urn_EOP_ING_EOLI_ESA.EECF.ALOS_AVNIR_AL-07041010363514-1036.AV0.xml
1277 urn_EOP_ING_EOLI_ESA.EECF.ENVISAT_ASA_APx_xS_EN1-07062409044010-3813.XPV.xml
1278 urn_EOP_ING_EOLI_ESA.EECF.ALOS_AVNIR_AL-07011510265425-1036.AV0.xml
1279 urn_EOP_ING_EOLI_ESA.EECF.ALOS_AVNIR_AL-07040409473533-1036.AV0.xml
1280 urn_EOP_ING_EOLI_ESA.EECF.ENVISAT_ASA_GMI_1S_EN1-07011921544797-111062.XGI.xml
1281 urn_EOP_ING_EOLI_ESA.EECF.ENVISAT_ASA_IMx_xS_EN1-07010108360748-3867.XI.xml
1282 urn_EOP_ING_EOLI_ESA.EECF.ENVISAT_ASA_GMI_1S_EN1-07102621544787-74518.XGI.xml
1283 urn_EOP_ING_EOLI_ESA.EECF.ALOS_AVNIR_AL-07032311325524-1036.AV0.xml
1284 urn_EOP_ING_EOLI_ESA.EECF.ALOS_AVNIR_AL-07012710214916-1036.AV0.xml
1285 urn_EOP_ING_EOLI_ESA.EECF.ALOS_AVNIR_AL-07052711183533-1036.AV0.xml
1286 urn_EOP_ING_EOLI_ESA.EECF.ALOS_AVNIR_AL-07051410414011-1036.AV0.xml
1287 urn_EOP_ING_EOLI_ESA.EECF.ALOS_AVNIR_AL-07060609525141-1036.AV0.xml
1288 urn_EOP_ING_EOLI_ESA.EECF.ALOS_PSR_FD_AL-07060822221892-1640.Pfd.xml
1289 urn_EOP_ING_EOLI_ESA.EECF.ALOS_PSM_O1_AL-07012510385359-518.Pr1.xml
1290 urn_EOP_ING_EOLI_ESA.EECF.ALOS_AVNIR_AL-07030910163537-1036.AV0.xml
1291 urn_EOP_ING_EOLI_ESA.EECF.ALOS_PSM_O1_AL-07020910564419-518.Pr1.xml
1292 urn_EOP_ING_EOLI_ESA.EECF.ALOS_AVNIR_AL-07052211121729-1036.AV0.xml
1293 urn_EOP_ING_EOLI_ESA.EECF.ALOS_AVNIR_AL-07031710441169-1036.AV0.xml
1294 urn_EOP_ING_EOLI_ESA.EECF.ALOS_AVNIR_AL-07012111140811-1036.AV0.xml
1295 urn_EOP_ING_EOLI_ESA.EECF.ENVISAT_ASA_GMI_1S_EN1-07031521154584-193213.XGI.xml
1296 urn_EOP_ING_EOLI_ESA.EECF.ALOS_AVNIR_AL-07010310313988-1036.AV0.xml
1297 urn_EOP_ING_EOLI_ESA.EECF.ENVISAT_ASA_IMx_xS_EN1-07011211115014-1600.XI.xml
1298 urn_EOP_ING_EOLI_ESA.EECF.ALOS_PSM_O1_AL-07020910570882-518.Pr1.xml
1299 urn_EOP_ING_EOLI_ESA.EECF.ENVISAT_ASA_GMI_1S_EN1-07051521202770-10639.XGI.xml
1300 urn_EOP_ING_EOLI_ESA.EECF.ALOS_AVNIR_AL-07041910094618-1036.AV0.xml
1301 urn_EOP_ING_EOLI_ESA.EECF.ALOS_PSR_FD_AL-07060922571227-1640.Pfd.xml
1302 urn_EOP_ING_EOLI_ESA.EECF.ALOS_AVNIR_AL-07010411132429-1036.AV0.xml
1303 urn_EOP_ING_EOLI_ESA.EECF.ENVISAT_ASA_APx_xS_EN1-07021110222202-3896.XPH.xml
1304 urn_EOP_ING_EOLI_ESA.EECF.ALOS_AVNIR_AL-07010810372748-1036.AV0.xml
1305 urn_EOP_ING_EOLI_ESA.EECF.ENVISAT_ASA_GMI_1S_EN1-07082520592191-112270.XGI.xml
1306 urn_EOP_ING_EOLI_ESA.EECF.ENVISAT_ASA_APx_xS_EN1-07082108383126-3616.XPC.xml
1307 urn_EOP_ING_EOLI_ESA.EECF.ENVISAT_ASA_GMI_1S_EN1-07102209292104-23098.XGI.xml
1308 urn_EOP_ING_EOLI_ESA.EECF.ENVISAT_ASA_GMI_1S_EN1-07091321015282-114687.XGI.xml
1309 urn_EOP_ING_EOLI_ESA.EECF.ALOS_AVNIR_AL-07032311321417-1036.AV0.xml
1310 urn_EOP_ING_EOLI_ESA.EECF.ALOS_AVNIR_AL-07042311132715-1036.AV0.xml
1311 urn_EOP_ING_EOLI_ESA.EECF.ENVISAT_ASA_IMx_xS_EN1-07010809510028-13569.XI.xml
1312 urn_EOP_ING_EOLI_ESA.EECF.ENVISAT_ASA_GMI_1S_EN1-07120309155247-40766.XGI.xml
1313 urn_EOP_ING_EOLI_ESA.EECF.ENVISAT_ASA_APx_xS_EN1-07071309073089-3930.XPV.xml
1314 urn_EOP_ING_EOLI_ESA.EECF.ALOS_PSR_FD_AL-07060822195933-1640.Pfd.xml
1315 urn_EOP_ING_EOLI_ESA.EECF.ALOS_AVNIR_AL-07060111254202-1036.AV0.xml
1316 urn_EOP_ING_EOLI_ESA.EECF.ENVISAT_ASA_APx_xS_EN1-07080321041111-3900.XPC.xml
1317 urn_EOP_ING_EOLI_ESA.EECF.ALOS_AVNIR_AL-07051511242976-1036.AV0.xml
1318 urn_EOP_ING_EOLI_ESA.EECF.ALOS_AVNIR_AL-07052410551548-1036.AV0.xml
1319 urn_EOP_ING_EOLI_ESA.EECF.ALOS_PSR_FD_AL-07060721360431-1640.Pfd.xml
1320 urn_EOP_ING_EOLI_ESA.EECF.ENVISAT_ASA_GMI_1S_EN1-07112121264094-191400.XGI.xml
1321 urn_EOP_ING_EOLI_ESA.EECF.ALOS_AVNIR_AL-07031010545410-1036.AV0.xml
1322 urn_EOP_ING_EOLI_ESA.EECF.ALOS_AVNIR_AL-07021911100905-1036.AV0.xml
1323 urn_EOP_ING_EOLI_ESA.EECF.ENVISAT_ASA_APx_xS_EN1-07041122263403-3805.XPC.xml
1324 urn_EOP_ING_EOLI_ESA.EECF.ALOS_AVNIR_AL-07010110471846-1036.AV0.xml
1325 urn_EOP_ING_EOLI_ESA.EECF.ALOS_AVNIR_AL-07042510562277-1036.AV0.xml
1326 urn_EOP_ING_EOLI_ESA.EECF.ENVISAT_ASA_GMI_1S_EN1-07100808223894-94603.XGI.xml
1327 urn_EOP_ING_EOLI_ESA.EECF.ENVISAT_ASA_IMx_xS_EN1-07012320012217-12252.XI.xml
1328 urn_EOP_ING_EOLI_ESA.EECF.ALOS_PSR_FD_AL-07060922560655-1640.Pfd.xml
1329 urn_EOP_ING_EOLI_ESA.EECF.ALOS_PSM_O1_AL-07020410515459-518.Pr1.xml
1330 urn_EOP_ING_EOLI_ESA.EECF.ALOS_AVNIR_AL-07041811065361-1036.AV0.xml
1331 urn_EOP_ING_EOLI_ESA.EECF.ALOS_PSM_O1_AL-07020910555492-518.Pr1.xml
1332 urn_EOP_ING_EOLI_ESA.EECF.ENVISAT_ASA_GMI_1S_EN1-07070922210437-85165.XGI.xml
1333 urn_EOP_ING_EOLI_ESA.EECF.ALOS_PSR_FD_AL-07061022044410-1640.Pfd.xml
1334 urn_EOP_ING_EOLI_ESA.EECF.ENVISAT_ASA_APx_xS_EN1-07031309392935-3946.XPH.xml
1335 urn_EOP_ING_EOLI_ESA.EECF.ALOS_AVNIR_AL-07031410230227-1036.AV0.xml
1336 urn_EOP_ING_EOLI_ESA.EECF.ALOS_AVNIR_AL-07040810552379-1036.AV0.xml
1337 urn_EOP_ING_EOLI_ESA.EECF.ALOS_AVNIR_AL-07011710091173-1036.AV0.xml
1338 urn_EOP_ING_EOLI_ESA.EECF.ALOS_PSM_O1_AL-07020410534547-518.Pr1.xml
1339 urn_EOP_ING_EOLI_ESA.EECF.ALOS_AVNIR_AL-07041310593850-1036.AV0.xml
1340 urn_EOP_ING_EOLI_ESA.EECF.ALOS_PSR_FD_AL-07060822204039-1640.Pfd.xml
1341 urn_EOP_ING_EOLI_ESA.EECF.ALOS_AVNIR_AL-07032511144768-1036.AV0.xml
1342 urn_EOP_ING_EOLI_ESA.EECF.ALOS_PSM_O1_AL-07021110421068-518.Pr1.xml
1343 urn_EOP_ING_EOLI_ESA.EECF.ENVISAT_ASA_APx_xS_EN1-07050709101943-3930.XPC.xml
1344 urn_EOP_ING_EOLI_ESA.EECF.ALOS_AVNIR_AL-07060809335394-1036.AV0.xml
1345 urn_EOP_ING_EOLI_ESA.EECF.ALOS_AVNIR_AL-07011409425038-1036.AV0.xml
1346 urn_EOP_ING_EOLI_ESA.EECF.ALOS_PSR_FD_AL-07060922585084-1640.Pfd.xml
1347 urn_EOP_ING_EOLI_ESA.EECF.ALOS_AVNIR_AL-07052509554031-1036.AV0.xml
1348 urn_EOP_ING_EOLI_ESA.EECF.ENVISAT_ASA_GMI_1S_EN1-07050421545144-82747.XGI.xml
1349 urn_EOP_ING_EOLI_ESA.EECF.ENVISAT_ASA_GMI_1S_EN1-07060509045568-21890.XGI.xml
1350 urn_EOP_ING_EOLI_ESA.EECF.ALOS_AVNIR_AL-07041811055612-1036.AV0.xml
1351 urn_EOP_ING_EOLI_ESA.EECF.ENVISAT_ASA_GMI_1S_EN1-07071719591745-31327.XGI.xml
1352 urn_EOP_ING_EOLI_ESA.EECF.ENVISAT_ASA_GMI_1S_EN1-07110508435949-85769.XGI.xml
1353 urn_EOP_ING_EOLI_ESA.EECF.ALOS_PSM_O1_AL-07012111144763-518.Pr1.xml
1354 urn_EOP_ING_EOLI_ESA.EECF.ENVISAT_ASA_GMI_1S_EN1-07060422210423-82144.XGI.xml
1355 urn_EOP_ING_EOLI_ESA.EECF.ALOS_AVNIR_AL-07011110593463-1036.AV0.xml
1356 urn_EOP_ING_EOLI_ESA.EECF.ENVISAT_ASA_APx_xS_EN1-07040121041602-4370.XPH.xml
1357 urn_EOP_ING_EOLI_ESA.EECF.ALOS_AVNIR_AL-07060811143198-1036.AV0.xml
1358 urn_EOP_ING_EOLI_ESA.EECF.ALOS_AVNIR_AL-07051210582545-1036.AV0.xml
1359 urn_EOP_ING_EOLI_ESA.EECF.ALOS_AVNIR_AL-07051309595599-1036.AV0.xml
1360 urn_EOP_ING_EOLI_ESA.EECF.ALOS_AVNIR_AL-07031311210694-1036.AV0.xml
1361 urn_EOP_ING_EOLI_ESA.EECF.ALOS_PSR_FD_AL-07060721350681-1640.Pfd.xml
1362 urn_EOP_ING_EOLI_ESA.EECF.ENVISAT_ASA_APx_xS_EN1-07062110403891-3815.XPC.xml
1363 urn_EOP_ING_EOLI_ESA.EECF.ALOS_PSM_O1_AL-07012111105768-518.Pr1.xml
1364 urn_EOP_ING_EOLI_ESA.EECF.ENVISAT_ASA_GMI_1S_EN1-07100909354482-24911.XGI.xml
1365 urn_EOP_ING_EOLI_ESA.EECF.ALOS_AVNIR_AL-07052511353729-1036.AV0.xml
1366 urn_EOP_ING_EOLI_ESA.EECF.ALOS_AVNIR_AL-07011211383466-1036.AV0.xml
1367 urn_EOP_ING_EOLI_ESA.EECF.ALOS_AVNIR_AL-07042311133536-1036.AV0.xml
1368 urn_EOP_ING_EOLI_ESA.EECF.ALOS_PSM_O1_AL-07012111152459-518.Pr1.xml
1369 urn_EOP_ING_EOLI_ESA.EECF.ALOS_PSR_FD_AL-07060721352324-1640.Pfd.xml
1370 urn_EOP_ING_EOLI_ESA.EECF.ENVISAT_ASA_GMI_1S_EN1-07032620344847-121708.XGI.xml
1371 urn_EOP_ING_EOLI_ESA.EECF.ALOS_AVNIR_AL-07041210190030-1036.AV0.xml
1372 urn_EOP_ING_EOLI_ESA.EECF.ALOS_AVNIR_AL-07011810502328-1036.AV0.xml
1373 urn_EOP_ING_EOLI_ESA.EECF.ENVISAT_ASA_IMx_xS_EN1-07012121031168-24754.XI.xml
1374 urn_EOP_ING_EOLI_ESA.EECF.ALOS_AVNIR_AL-07042210305422-1036.AV0.xml
1375 urn_EOP_ING_EOLI_ESA.EECF.ALOS_AVNIR_AL-07031511012143-1036.AV0.xml
1376 urn_EOP_ING_EOLI_ESA.EECF.ENVISAT_ASA_GMI_1S_EN1-07110208374815-102228.XGI.xml
1377 urn_EOP_ING_EOLI_ESA.EECF.ALOS_AVNIR_AL-07041010370799-1036.AV0.xml
1378 urn_EOP_ING_EOLI_ESA.EECF.ALOS_AVNIR_AL-07050910344119-1036.AV0.xml
1379 urn_EOP_ING_EOLI_ESA.EECF.ENVISAT_ASA_GMI_1S_EN1-07121522234630-95207.XGI.xml
1380 urn_EOP_ING_EOLI_ESA.EECF.ENVISAT_ASA_GMI_1S_EN1-07090221520034-82144.XGI.xml
1381 urn_EOP_ING_EOLI_ESA.EECF.ALOS_PSM_O1_AL-07021110400748-518.Pr1.xml
1382 urn_EOP_ING_EOLI_ESA.EECF.ENVISAT_ASA_GMI_1S_EN1-07012321211643-164899.XGI.xml
1383 urn_EOP_ING_EOLI_ESA.EECF.ENVISAT_ASA_GMI_1S_EN1-07061420205317-125334.XGI.xml
1384 urn_EOP_ING_EOLI_ESA.EECF.ALOS_AVNIR_AL-07012111151382-1036.AV0.xml
1385 urn_EOP_ING_EOLI_ESA.EECF.ENVISAT_ASA_GMI_1S_EN1-07061122011634-70893.XGI.xml
1386 urn_EOP_ING_EOLI_ESA.EECF.ALOS_AVNIR_AL-07041609433413-1036.AV0.xml
1387 urn_EOP_ING_EOLI_ESA.EECF.ALOS_AVNIR_AL-07011409431502-1036.AV0.xml
1388 urn_EOP_ING_EOLI_ESA.EECF.ALOS_AVNIR_AL-07050509331936-1036.AV0.xml
1389 urn_EOP_ING_EOLI_ESA.EECF.ENVISAT_ASA_APx_xS_EN1-07081020441621-3931.XPV.xml
1390 urn_EOP_ING_EOLI_ESA.EECF.ALOS_AVNIR_AL-07031010551052-1036.AV0.xml
1391 urn_EOP_ING_EOLI_ESA.EECF.ENVISAT_ASA_IMx_xS_EN1-07011310325437-21128.XI.xml
1392 urn_EOP_ING_EOLI_ESA.EECF.ENVISAT_ASA_GMI_1S_EN1-07122308340560-110457.XGI.xml
1393 urn_EOP_ING_EOLI_ESA.EECF.ALOS_PSR_FD_AL-07060921193496-1640.Pfd.xml
1394 urn_EOP_ING_EOLI_ESA.EECF.ALOS_AVNIR_AL-07041210194136-1036.AV0.xml
1395 urn_EOP_ING_EOLI_ESA.EECF.ALOS_AVNIR_AL-07040411262662-1036.AV0.xml
1396 urn_EOP_ING_EOLI_ESA.EECF.ENVISAT_ASA_GMI_1S_EN1-07101920290816-130543.XGI.xml
1397 urn_EOP_ING_EOLI_ESA.EECF.ALOS_AVNIR_AL-07041710264013-1036.AV0.xml
1398 urn_EOP_ING_EOLI_ESA.EECF.ENVISAT_ASA_GMI_1S_EN1-07010622060805-61455.XGI.xml
1399 urn_EOP_ING_EOLI_ESA.EECF.ALOS_AVNIR_AL-07042210314349-1036.AV0.xml
1400 urn_EOP_ING_EOLI_ESA.EECF.ALOS_AVNIR_AL-07052211100589-1036.AV0.xml
1401 urn_EOP_ING_EOLI_ESA.EECF.ALOS_PSM_O1_AL-07020410523566-518.Pr1.xml
1402 urn_EOP_ING_EOLI_ESA.EECF.ENVISAT_ASA_GMI_1S_EN1-07051020205139-125333.XGI.xml
1403 urn_EOP_ING_EOLI_ESA.EECF.ALOS_AVNIR_AL-07060311054740-1036.AV0.xml
1404 urn_EOP_ING_EOLI_ESA.EECF.ALOS_AVNIR_AL-07052310134790-1036.AV0.xml
1405 urn_EOP_ING_EOLI_ESA.EECF.ALOS_AVNIR_AL-07060710293947-1036.AV0.xml
1406 urn_EOP_ING_EOLI_ESA.EECF.ALOS_AVNIR_AL-07050710514333-1036.AV0.xml
1407 urn_EOP_ING_EOLI_ESA.EECF.ENVISAT_ASA_GMI_1S_EN1-07060722271335-72705.XGI.xml
1408 urn_EOP_ING_EOLI_ESA.EECF.ENVISAT_ASA_GMI_1S_EN1-07010419551669-41975.XGI.xml
1409 urn_EOP_ING_EOLI_ESA.EECF.ALOS_PSM_O1_AL-07012111162209-518.Pr1.xml
1410 urn_EOP_ING_EOLI_ESA.EECF.ENVISAT_ASA_APx_xS_EN1-07121622050579-3809.XPH.xml
1411 urn_EOP_ING_EOLI_ESA.EECF.ENVISAT_ASA_GMI_1S_EN1-07110621201885-14265.XGI.xml
1412 urn_EOP_ING_EOLI_ESA.EECF.ALOS_AVNIR_AL-07031710445275-1036.AV0.xml
1413 urn_EOP_ING_EOLI_ESA.EECF.ALOS_AVNIR_AL-07010310313166-1036.AV0.xml
1414 urn_EOP_ING_EOLI_ESA.EECF.ENVISAT_ASA_APx_xS_EN1-07022710233412-3805.XPC.xml
1415 urn_EOP_ING_EOLI_ESA.EECF.ALOS_PSM_O1_AL-07012111112231-518.Pr1.xml
1416 urn_EOP_ING_EOLI_ESA.EECF.ENVISAT_ASA_GMI_1S_EN1-07011920064280-163086.XGI.xml
1417 urn_EOP_ING_EOLI_ESA.EECF.ALOS_AVNIR_AL-07042710390870-1036.AV0.xml
1418 urn_EOP_ING_EOLI_ESA.EECF.ENVISAT_ASA_IMx_xS_EN1-07011608595424-12263.XI.xml
1419 urn_EOP_ING_EOLI_ESA.EECF.ALOS_PSM_O1_AL-07011110594540-518.Pr1.xml
1420 urn_EOP_ING_EOLI_ESA.EECF.ENVISAT_ASA_GMI_1S_EN1-07100521212292-15473.XGI.xml
1421 urn_EOP_ING_EOLI_ESA.EECF.ALOS_AVNIR_AL-07010510101608-1036.AV0.xml
1422 urn_EOP_ING_EOLI_ESA.EECF.ALOS_PSR_FD_AL-07061022024092-1640.Pfd.xml
1423 urn_EOP_ING_EOLI_ESA.EECF.ENVISAT_ASA_GMI_1S_EN1-07101909231653-25515.XGI.xml
1424 urn_EOP_ING_EOLI_ESA.EECF.ALOS_AVNIR_AL-07052009501946-1036.AV0.xml
1425 urn_EOP_ING_EOLI_ESA.EECF.ENVISAT_ASA_GMI_1S_EN1-07091520142392-20682.XGI.xml
1426 urn_EOP_ING_EOLI_ESA.EECF.ENVISAT_ASA_GMI_1S_EN1-07041521515820-100415.XGI.xml
1427 urn_EOP_ING_EOLI_ESA.EECF.ENVISAT_ASA_GMI_1S_EN1-07070320404770-20077.XGI.xml
1428 urn_EOP_ING_EOLI_ESA.EECF.ENVISAT_ASA_GMI_1S_EN1-07101922151924-72101.XGI.xml
1429 urn_EOP_ING_EOLI_ESA.EECF.ALOS_AVNIR_AL-07010510102429-1036.AV0.xml
1430 urn_EOP_ING_EOLI_ESA.EECF.ALOS_AVNIR_AL-07031111385778-1036.AV0.xml
1431 urn_EOP_ING_EOLI_ESA.EECF.ALOS_PSM_O1_AL-07012111152870-518.Pr1.xml
1432 urn_EOP_ING_EOLI_ESA.EECF.ALOS_PSR_FD_AL-07060822190184-1640.Pfd.xml
1433 urn_EOP_ING_EOLI_ESA.EECF.ALOS_AVNIR_AL-07010709534807-1036.AV0.xml
1434 urn_EOP_ING_EOLI_ESA.EECF.ENVISAT_ASA_APx_xS_EN1-07071708383171-3665.XPC.xml
1435 urn_EOP_ING_EOLI_ESA.EECF.ALOS_AVNIR_AL-07042609575223-1036.AV0.xml
1436 urn_EOP_ING_EOLI_ESA.EECF.ALOS_AVNIR_AL-07042510570383-1036.AV0.xml
1437 urn_EOP_ING_EOLI_ESA.EECF.ALOS_AVNIR_AL-07050110045535-1036.AV0.xml
1438 urn_EOP_ING_EOLI_ESA.EECF.ENVISAT_ASA_IMx_xS_EN1-07010309080139-2782.XI.xml
1439 urn_EOP_ING_EOLI_ESA.EECF.ALOS_AVNIR_AL-07031511025176-1036.AV0.xml
1440 urn_EOP_ING_EOLI_ESA.EECF.ALOS_PSR_FD_AL-07060922565584-1640.Pfd.xml
1441 urn_EOP_ING_EOLI_ESA.EECF.ALOS_AVNIR_AL-07052711154287-1036.AV0.xml
1442 urn_EOP_ING_EOLI_ESA.EECF.ALOS_AVNIR_AL-07031311192839-1036.AV0.xml
1443 urn_EOP_ING_EOLI_ESA.EECF.ENVISAT_ASA_GMI_1S_EN1-07122019572305-50808.XGI.xml
1444 urn_EOP_ING_EOLI_ESA.EECF.ENVISAT_ASA_GMI_1S_EN1-07081720062557-151231.XGI.xml
1445 urn_EOP_ING_EOLI_ESA.EECF.ENVISAT_ASA_GMI_1S_EN1-07021322114688-71497.XGI.xml
1446 urn_EOP_ING_EOLI_ESA.EECF.ENVISAT_ASA_GMI_1S_EN1-07030122162022-10639.XGI.xml
1447 urn_EOP_ING_EOLI_ESA.EECF.ALOS_AVNIR_AL-07051210584188-1036.AV0.xml
1448 urn_EOP_ING_EOLI_ESA.EECF.ALOS_PSM_O1_AL-07020410521923-518.Pr1.xml
1449 urn_EOP_ING_EOLI_ESA.EECF.ALOS_AVNIR_AL-07050710531366-1036.AV0.xml
1450 urn_EOP_ING_EOLI_ESA.EECF.ALOS_AVNIR_AL-07042609573581-1036.AV0.xml
1451 urn_EOP_ING_EOLI_ESA.EECF.ENVISAT_ASA_GMI_1S_EN1-07051821090235-145418.XGI.xml
1452 urn_EOP_ING_EOLI_ESA.EECF.ALOS_AVNIR_AL-07051111532134-1036.AV0.xml
1453 urn_EOP_ING_EOLI_ESA.EECF.ENVISAT_ASA_GMI_1S_EN1-07061720263590-124126.XGI.xml
1454 urn_EOP_ING_EOLI_ESA.EECF.ALOS_PSM_O1_AL-07011110592897-518.Pr1.xml
1455 urn_EOP_ING_EOLI_ESA.EECF.ALOS_AVNIR_AL-07050710515154-1036.AV0.xml
1456 urn_EOP_ING_EOLI_ESA.EECF.ENVISAT_ASA_GMI_1S_EN1-07011222152084-83352.XGI.xml
1457 urn_EOP_ING_EOLI_ESA.EECF.ALOS_PSM_O1_AL-07021110414193-518.Pr1.xml
1458 urn_EOP_ING_EOLI_ESA.EECF.ENVISAT_ASA_APx_xS_EN1-07052408362379-1843.XPH.xml
1459 urn_EOP_ING_EOLI_ESA.EECF.ALOS_AVNIR_AL-07060811152127-1036.AV0.xml
1460 urn_EOP_ING_EOLI_ESA.EECF.ALOS_AVNIR_AL-07052310144539-1036.AV0.xml
1461 urn_EOP_ING_EOLI_ESA.EECF.ENVISAT_ASA_GMI_1S_EN1-07031022235105-82143.XGI.xml
1462 urn_EOP_ING_EOLI_ESA.EECF.ENVISAT_ASA_GMI_1S_EN1-07012220122085-165503.XGI.xml
1463 urn_EOP_ING_EOLI_ESA.EECF.ALOS_AVNIR_AL-07041611231468-1036.AV0.xml
1464 urn_EOP_ING_EOLI_ESA.EECF.ALOS_AVNIR_AL-07010810374391-1036.AV0.xml
1465 urn_EOP_ING_EOLI_ESA.EECF.ALOS_AVNIR_AL-07060710322370-1036.AV0.xml
1466 urn_EOP_ING_EOLI_ESA.EECF.ALOS_AVNIR_AL-07011810493401-1036.AV0.xml
1467 urn_EOP_ING_EOLI_ESA.EECF.ALOS_PSM_O1_AL-07011110575864-518.Pr1.xml
1468 urn_EOP_ING_EOLI_ESA.EECF.ALOS_PSR_FD_AL-07010310310743-1640.Pfd.xml
1469 urn_EOP_ING_EOLI_ESA.EECF.ENVISAT_ASA_GMI_1S_EN1-07032022114606-61455.XGI.xml
1470 urn_EOP_ING_EOLI_ESA.EECF.ALOS_AVNIR_AL-07050110055284-1036.AV0.xml
1471 urn_EOP_ING_EOLI_ESA.EECF.ENVISAT_ASA_GMI_1S_EN1-07041919572721-21285.XGI.xml
1472 urn_EOP_ING_EOLI_ESA.EECF.ENVISAT_ASA_GMI_1S_EN1-07082620262350-122313.XGI.xml
1473 urn_EOP_ING_EOLI_ESA.EECF.ALOS_PSR_FD_AL-07060723134981-1640.Pfd.xml
1474 urn_EOP_ING_EOLI_ESA.EECF.ALOS_AVNIR_AL-07051511242155-1036.AV0.xml
1475 urn_EOP_ING_EOLI_ESA.EECF.ALOS_AVNIR_AL-07031710451739-1036.AV0.xml
1476 urn_EOP_ING_EOLI_ESA.EECF.ALOS_AVNIR_AL-07060210270430-1036.AV0.xml
1477 urn_EOP_ING_EOLI_ESA.EECF.ENVISAT_ASA_GMI_1S_EN1-07070909350664-85768.XGI.xml
1478 urn_EOP_ING_EOLI_ESA.EECF.ENVISAT_ASA_IMx_xS_EN1-07010610560764-10501.XI.xml
1479 urn_EOP_ING_EOLI_ESA.EECF.ALOS_AVNIR_AL-07050610121079-1036.AV0.xml
1480 urn_EOP_ING_EOLI_ESA.EECF.ALOS_AVNIR_AL-07050809554979-1036.AV0.xml
1481 urn_EOP_ING_EOLI_ESA.EECF.ALOS_AVNIR_AL-07010610540382-1036.AV0.xml
1482 urn_EOP_ING_EOLI_ESA.EECF.ALOS_PSR_FD_AL-07060822160114-1640.Pfd.xml
1483 urn_EOP_ING_EOLI_ESA.EECF.ALOS_PSM_O1_AL-07020910582684-518.Pr1.xml
1484 urn_EOP_ING_EOLI_ESA.EECF.ENVISAT_ASA_GMI_1S_EN1-07060820062589-151835.XGI.xml
1485 urn_EOP_ING_EOLI_ESA.EECF.ALOS_PSM_O1_AL-07012510402394-518.Pr1.xml
1486 urn_EOP_ING_EOLI_ESA.EECF.ALOS_PSM_O1_AL-07012111161388-518.Pr1.xml
1487 urn_EOP_ING_EOLI_ESA.EECF.ENVISAT_ASA_GMI_1S_EN1-07081020452328-24911.XGI.xml
1488 urn_EOP_ING_EOLI_ESA.EECF.ALOS_AVNIR_AL-07040310463720-1036.AV0.xml
1489 urn_EOP_ING_EOLI_ESA.EECF.ALOS_PSR_FD_AL-07060921235776-1640.Pfd.xml
1490 urn_EOP_ING_EOLI_ESA.EECF.ENVISAT_ASA_GMI_1S_EN1-07022710244111-13660.XGI.xml
1491 urn_EOP_ING_EOLI_ESA.EECF.ENVISAT_ASA_GMI_1S_EN1-07032221002788-144210.XGI.xml
1492 urn_EOP_ING_EOLI_ESA.EECF.ALOS_AVNIR_AL-07060510490972-1036.AV0.xml
1493 urn_EOP_ING_EOLI_ESA.EECF.ALOS_AVNIR_AL-07012111144097-1036.AV0.xml
1494 urn_EOP_ING_EOLI_ESA.EECF.ENVISAT_ASA_APx_xS_EN1-07072008481572-3815.XPV.xml
1495 urn_EOP_ING_EOLI_ESA.EECF.ALOS_PSR_FD_AL-07060822172328-1640.Pfd.xml
1496 urn_EOP_ING_EOLI_ESA.EECF.ENVISAT_ASA_GMI_1S_EN1-07111121515590-82143.XGI.xml
1497 urn_EOP_ING_EOLI_ESA.EECF.ALOS_AVNIR_AL-07012111141633-1036.AV0.xml
1498 urn_EOP_ING_EOLI_ESA.EECF.ALOS_AVNIR_AL-07052711145361-1036.AV0.xml
1499 urn_EOP_ING_EOLI_ESA.EECF.ALOS_AVNIR_AL-07010110481595-1036.AV0.xml
1500 urn_EOP_ING_EOLI_ESA.EECF.ALOS_AVNIR_AL-07010510104892-1036.AV0.xml
1501 urn_EOP_ING_EOLI_ESA.EECF.ENVISAT_ASA_GMI_1S_EN1-07050519521428-45600.XGI.xml
1502 urn_EOP_ING_EOLI_ESA.EECF.ALOS_AVNIR_AL-07052211111158-1036.AV0.xml
1503 urn_EOP_ING_EOLI_ESA.EECF.ALOS_PSM_O1_AL-07012111124854-518.Pr1.xml
1504 urn_EOP_ING_EOLI_ESA.EECF.ENVISAT_ASA_GMI_1S_EN1-07112020273597-80331.XGI.xml
1505 urn_EOP_ING_EOLI_ESA.EECF.ALOS_AVNIR_AL-07050710522439-1036.AV0.xml
1506 urn_EOP_ING_EOLI_ESA.EECF.ENVISAT_ASA_IMx_xS_EN1-07011809370821-25835.XI.xml
1507 urn_EOP_ING_EOLI_ESA.EECF.ALOS_AVNIR_AL-07060811132628-1036.AV0.xml
1508 urn_EOP_ING_EOLI_ESA.EECF.ALOS_AVNIR_AL-07041210191672-1036.AV0.xml
1509 urn_EOP_ING_EOLI_ESA.EECF.ENVISAT_ASA_IMx_xS_EN1-07010110142022-23486.XI.xml
1510 urn_EOP_ING_EOLI_ESA.EECF.ENVISAT_ASA_GMI_1S_EN1-07081821163861-152439.XGI.xml
1511 urn_EOP_ING_EOLI_ESA.EECF.ENVISAT_ASA_GMI_1S_EN1-07020421515782-85164.XGI.xml
1512 urn_EOP_ING_EOLI_ESA.EECF.ALOS_AVNIR_AL-07042311131894-1036.AV0.xml
1513 urn_EOP_ING_EOLI_ESA.EECF.ALOS_AVNIR_AL-07060609545463-1036.AV0.xml
1514 urn_EOP_ING_EOLI_ESA.EECF.ENVISAT_ASA_GMI_1S_EN1-07060321065414-134772.XGI.xml
1515 urn_EOP_ING_EOLI_ESA.EECF.ALOS_AVNIR_AL-07040310475111-1036.AV0.xml
1516 urn_EOP_ING_EOLI_ESA.EECF.ALOS_AVNIR_AL-07022510193804-1036.AV0.xml
1517 urn_EOP_ING_EOLI_ESA.EECF.ALOS_AVNIR_AL-07031311183090-1036.AV0.xml
1518 urn_EOP_ING_EOLI_ESA.EECF.ENVISAT_ASA_IMx_xS_EN1-07010809510028-14874.XI.xml
1519 urn_EOP_ING_EOLI_ESA.EECF.ENVISAT_ASA_IMx_xS_EN1-07012121031168-15800.XI.xml
1520 urn_EOP_ING_EOLI_ESA.EECF.ENVISAT_ASA_APx_xS_EN1-07040522150998-4795.XPC.xml
1521 urn_EOP_ING_EOLI_ESA.EECF.ENVISAT_ASA_GMI_1S_EN1-07070420063267-41974.XGI.xml
1522 urn_EOP_ING_EOLI_ESA.EECF.ENVISAT_ASA_GMI_1S_EN1-07060820244264-24307.XGI.xml
1523 urn_EOP_ING_EOLI_ESA.EECF.ALOS_AVNIR_AL-07040409464607-1036.AV0.xml
1524 urn_EOP_ING_EOLI_ESA.EECF.ALOS_AVNIR_AL-07050511100744-1036.AV0.xml
1525 urn_EOP_ING_EOLI_ESA.EECF.ALOS_AVNIR_AL-07051209221021-1036.AV0.xml
1526 urn_EOP_ING_EOLI_ESA.EECF.ENVISAT_ASA_GMI_1S_EN1-07121620033298-145418.XGI.xml
1527 urn_EOP_ING_EOLI_ESA.EECF.ALOS_PSR_FD_AL-07010709530794-1640.Pfd.xml
1528 urn_EOP_ING_EOLI_ESA.EECF.ENVISAT_ASA_IMx_xS_EN1-07011509315446-13475.XI.xml
1529 urn_EOP_ING_EOLI_ESA.EECF.ALOS_AVNIR_AL-07032311324702-1036.AV0.xml
1530 urn_EOP_ING_EOLI_ESA.EECF.ALOS_AVNIR_AL-07060510493436-1036.AV0.xml
1531 urn_EOP_ING_EOLI_ESA.EECF.ALOS_AVNIR_AL-07040111051743-1036.AV0.xml
1532 urn_EOP_ING_EOLI_ESA.EECF.ALOS_AVNIR_AL-07060410085630-1036.AV0.xml
1533 urn_EOP_ING_EOLI_ESA.EECF.ALOS_AVNIR_AL-07030410083859-1036.AV0.xml
1534 urn_EOP_ING_EOLI_ESA.EECF.ALOS_AVNIR_AL-07010810383319-1036.AV0.xml
1535 urn_EOP_ING_EOLI_ESA.EECF.ALOS_AVNIR_AL-07050811311575-1036.AV0.xml
1536 urn_EOP_ING_EOLI_ESA.EECF.ENVISAT_ASA_GMI_1S_EN1-07071408251387-110458.XGI.xml
1537 urn_EOP_ING_EOLI_ESA.EECF.ALOS_AVNIR_AL-07060811123700-1036.AV0.xml
1538 urn_EOP_ING_EOLI_ESA.EECF.ENVISAT_ASA_GMI_1S_EN1-07022121095230-165503.XGI.xml
1539 urn_EOP_ING_EOLI_ESA.EECF.ENVISAT_ASA_GMI_1S_EN1-07082119571093-51412.XGI.xml
1540 urn_EOP_ING_EOLI_ESA.EECF.ENVISAT_ASA_GMI_1S_EN1-07090722351729-72706.XGI.xml
1541 urn_EOP_ING_EOLI_ESA.EECF.ALOS_PSR_FD_AL-07060922594834-1640.Pfd.xml
1542 urn_EOP_ING_EOLI_ESA.EECF.ENVISAT_ASA_GMI_1S_EN1-07042422094206-82144.XGI.xml
1543 urn_EOP_ING_EOLI_ESA.EECF.ALOS_AVNIR_AL-07042510554992-1036.AV0.xml
1544 urn_EOP_ING_EOLI_ESA.EECF.ALOS_AVNIR_AL-07031410232692-1036.AV0.xml
1545 urn_EOP_ING_EOLI_ESA.EECF.ALOS_AVNIR_AL-07060809345965-1036.AV0.xml
1546 urn_EOP_ING_EOLI_ESA.EECF.ALOS_AVNIR_AL-07050610124364-1036.AV0.xml
1547 urn_EOP_ING_EOLI_ESA.EECF.ALOS_PSM_O1_AL-07012111104947-518.Pr1.xml
1548 urn_EOP_ING_EOLI_ESA.EECF.ALOS_AVNIR_AL-07031710450918-1036.AV0.xml
1549 urn_EOP_ING_EOLI_ESA.EECF.ALOS_PSR_FD_AL-07061022015165-1640.Pfd.xml
1550 urn_EOP_ING_EOLI_ESA.EECF.ALOS_AVNIR_AL-07032511142304-1036.AV0.xml
1551 urn_EOP_ING_EOLI_ESA.EECF.ALOS_AVNIR_AL-07050610112973-1036.AV0.xml
1552 urn_EOP_ING_EOLI_ESA.EECF.ENVISAT_ASA_GMI_1S_EN1-07120820533393-180150.XGI.xml
1553 urn_EOP_ING_EOLI_ESA.EECF.ALOS_AVNIR_AL-07042609582508-1036.AV0.xml
1554 urn_EOP_ING_EOLI_ESA.EECF.ALOS_PSR_FD_AL-07060922555833-1640.Pfd.xml
1555 urn_EOP_ING_EOLI_ESA.EECF.ALOS_AVNIR_AL-07060710295589-1036.AV0.xml
1556 urn_EOP_ING_EOLI_ESA.EECF.ENVISAT_ASA_GMI_1S_EN1-07052020062959-132960.XGI.xml
1557 urn_EOP_ING_EOLI_ESA.EECF.ENVISAT_ASA_GMI_1S_EN1-07090409344754-34953.XGI.xml
1558 urn_EOP_ING_EOLI_ESA.EECF.ALOS_AVNIR_AL-07052509560495-1036.AV0.xml
1559 urn_EOP_ING_EOLI_ESA.EECF.ENVISAT_ASA_GMI_1S_EN1-07070110225474-60246.XGI.xml
1560 urn_EOP_ING_EOLI_ESA.EECF.ALOS_AVNIR_AL-07031511013785-1036.AV0.xml
1561 urn_EOP_ING_EOLI_ESA.EECF.ENVISAT_ASA_GMI_1S_EN1-07121509331841-10639.XGI.xml
1562 urn_EOP_ING_EOLI_ESA.EECF.ENVISAT_ASA_GMI_1S_EN1-07010520534744-85769.XGI.xml
1563 urn_EOP_ING_EOLI_ESA.EECF.ENVISAT_ASA_APx_xS_EN1-07060208560734-3818.XPC.xml
1564 urn_EOP_ING_EOLI_ESA.EECF.ALOS_AVNIR_AL-07010310311523-1036.AV0.xml
1565 urn_EOP_ING_EOLI_ESA.EECF.ALOS_PSR_FD_AL-07060922570406-1640.Pfd.xml
1566 urn_EOP_ING_EOLI_ESA.EECF.ENVISAT_ASA_GMI_1S_EN1-07102310445667-43183.XGI.xml
1567 urn_EOP_ING_EOLI_ESA.EECF.ALOS_AVNIR_AL-07050511085353-1036.AV0.xml
1568 urn_EOP_ING_EOLI_ESA.EECF.ALOS_PSR_FD_AL-07010310312386-1640.Pfd.xml
1569 urn_EOP_ING_EOLI_ESA.EECF.ALOS_AVNIR_AL-07010411121036-1036.AV0.xml
1570 urn_EOP_ING_EOLI_ESA.EECF.ALOS_AVNIR_AL-07051711045296-1036.AV0.xml
1571 urn_EOP_ING_EOLI_ESA.EECF.ENVISAT_ASA_GMI_1S_EN1-07110821461396-80331.XGI.xml
1572 urn_EOP_ING_EOLI_ESA.EECF.ENVISAT_ASA_GMI_1S_EN1-07070520562459-183171.XGI.xml
1573 urn_EOP_ING_EOLI_ESA.EECF.ALOS_AVNIR_AL-07051511235690-1036.AV0.xml
1574 urn_EOP_ING_EOLI_ESA.EECF.ALOS_AVNIR_AL-07031410210729-1036.AV0.xml
1575 urn_EOP_ING_EOLI_ESA.EECF.ALOS_AVNIR_AL-07012710220559-1036.AV0.xml
1576 urn_EOP_ING_EOLI_ESA.EECF.ALOS_AVNIR_AL-07041611234753-1036.AV0.xml
1577 urn_EOP_ING_EOLI_ESA.EECF.ALOS_PSM_O1_AL-07021110404855-518.Pr1.xml
1578 urn_EOP_ING_EOLI_ESA.EECF.ALOS_PSM_O1_AL-07012510391002-518.Pr1.xml
1579 urn_EOP_ING_EOLI_ESA.EECF.ENVISAT_ASA_GMI_1S_EN1-07030122085793-61454.XGI.xml
1580 urn_EOP_ING_EOLI_ESA.EECF.ALOS_AVNIR_AL-07051410421296-1036.AV0.xml
1581 urn_EOP_ING_EOLI_ESA.EECF.ALOS_AVNIR_AL-07060809364642-1036.AV0.xml
1582 urn_EOP_ING_EOLI_ESA.EECF.ENVISAT_ASA_GMI_1S_EN1-07042722152205-82748.XGI.xml
1583 urn_EOP_ING_EOLI_ESA.EECF.ENVISAT_ASA_GMI_1S_EN1-07011308535787-13660.XGI.xml
1584 urn_EOP_ING_EOLI_ESA.EECF.ALOS_PSR_FD_AL-07060921210531-1640.Pfd.xml
1585 urn_EOP_ING_EOLI_ESA.EECF.ALOS_AVNIR_AL-07041010365977-1036.AV0.xml
1586 urn_EOP_ING_EOLI_ESA.EECF.ENVISAT_ASA_GMI_1S_EN1-07032121335400-150023.XGI.xml
1587 urn_EOP_ING_EOLI_ESA.EECF.ALOS_AVNIR_AL-07011409423396-1036.AV0.xml
1588 urn_EOP_ING_EOLI_ESA.EECF.ENVISAT_ASA_GMI_1S_EN1-07041422235012-95207.XGI.xml
1589 urn_EOP_ING_EOLI_ESA.EECF.ALOS_AVNIR_AL-07060210302967-1036.AV0.xml
1590 urn_EOP_ING_EOLI_ESA.EECF.ALOS_AVNIR_AL-07011611040745-1036.AV0.xml
1591 urn_EOP_ING_EOLI_ESA.EECF.ENVISAT_ASA_GMI_1S_EN1-07040822122921-72705.XGI.xml
1592 urn_EOP_ING_EOLI_ESA.EECF.ALOS_AVNIR_AL-07052410534514-1036.AV0.xml
1593 urn_EOP_ING_EOLI_ESA.EECF.ALOS_AVNIR_AL-07060811103383-1036.AV0.xml
1594 urn_EOP_ING_EOLI_ESA.EECF.ALOS_PSR_FD_AL-07060921230028-1640.Pfd.xml
1595 urn_EOP_ING_EOLI_ESA.EECF.ENVISAT_ASA_GMI_1S_EN1-07062409025111-14869.XGI.xml
1596 urn_EOP_ING_EOLI_ESA.EECF.ALOS_AVNIR_AL-07060510490151-1036.AV0.xml
1597 urn_EOP_ING_EOLI_ESA.EECF.ENVISAT_ASA_GMI_1S_EN1-07030320523239-191401.XGI.xml
1598 urn_EOP_ING_EOLI_ESA.EECF.ALOS_AVNIR_AL-07031010573835-1036.AV0.xml
1599 urn_EOP_ING_EOLI_ESA.EECF.ALOS_AVNIR_AL-07040210073741-1036.AV0.xml
1600 urn_EOP_ING_EOLI_ESA.EECF.ALOS_AVNIR_AL-07050110053641-1036.AV0.xml
1601 urn_EOP_ING_EOLI_ESA.EECF.ALOS_AVNIR_AL-07051110164967-1036.AV0.xml
1602 urn_EOP_ING_EOLI_ESA.EECF.ALOS_AVNIR_AL-07050110062569-1036.AV0.xml
1603 urn_EOP_ING_EOLI_ESA.EECF.ENVISAT_ASA_GMI_1S_EN1-07031120074999-145419.XGI.xml
1604 urn_EOP_ING_EOLI_ESA.EECF.ALOS_AVNIR_AL-07051810071293-1036.AV0.xml
1605 urn_EOP_ING_EOLI_ESA.EECF.ALOS_AVNIR_AL-07060111245274-1036.AV0.xml
1606 urn_EOP_ING_EOLI_ESA.EECF.ENVISAT_ASA_GMI_1S_EN1-07101809575571-11243.XGI.xml
1607 urn_EOP_ING_EOLI_ESA.EECF.ALOS_AVNIR_AL-07050410282340-1036.AV0.xml
1608 urn_EOP_ING_EOLI_ESA.EECF.ALOS_AVNIR_AL-07010610551774-1036.AV0.xml
1609 urn_EOP_ING_EOLI_ESA.EECF.ENVISAT_ASA_APx_xS_EN1-07031621071333-3895.XPH.xml
1610 urn_EOP_ING_EOLI_ESA.EECF.ALOS_AVNIR_AL-07060811105025-1036.AV0.xml
1611 urn_EOP_ING_EOLI_ESA.EECF.ENVISAT_ASA_GMI_1S_EN1-07022520411589-183171.XGI.xml
1612 urn_EOP_ING_EOLI_ESA.EECF.ENVISAT_ASA_APx_xS_EN1-07042508510528-3814.XPC.xml
1613 urn_EOP_ING_EOLI_ESA.EECF.ENVISAT_ASA_GMI_1S_EN1-07110709340357-43183.XGI.xml
1614 urn_EOP_ING_EOLI_ESA.EECF.ALOS_AVNIR_AL-07041310595492-1036.AV0.xml
1615 urn_EOP_ING_EOLI_ESA.EECF.ALOS_AVNIR_AL-07060510483687-1036.AV0.xml
1616 urn_EOP_ING_EOLI_ESA.EECF.ALOS_AVNIR_AL-07051210594758-1036.AV0.xml
1617 urn_EOP_ING_EOLI_ESA.EECF.ALOS_PSR_FD_AL-07060922590727-1640.Pfd.xml
1618 urn_EOP_ING_EOLI_ESA.EECF.ALOS_PSR_FD_AL-07061022042767-1640.Pfd.xml
1619 urn_EOP_ING_EOLI_ESA.EECF.ALOS_AVNIR_AL-07010610550131-1036.AV0.xml
1620 urn_EOP_ING_EOLI_ESA.EECF.ENVISAT_ASA_GMI_1S_EN1-07012021134651-184379.XGI.xml
1621 urn_EOP_ING_EOLI_ESA.EECF.ALOS_AVNIR_AL-07011411241772-1036.AV0.xml
1622 urn_EOP_ING_EOLI_ESA.EECF.ENVISAT_ASA_GMI_1S_EN1-07022010445912-42579.XGI.xml
1623 urn_EOP_ING_EOLI_ESA.EECF.ENVISAT_ASA_GMI_1S_EN1-07050920534326-125938.XGI.xml
1624 urn_EOP_ING_EOLI_ESA.EECF.ALOS_AVNIR_AL-07030910155430-1036.AV0.xml
1625 urn_EOP_ING_EOLI_ESA.EECF.ALOS_AVNIR_AL-07031311200124-1036.AV0.xml
1626 urn_EOP_ING_EOLI_ESA.EECF.ALOS_AVNIR_AL-07032309512793-1036.AV0.xml
1627 urn_EOP_ING_EOLI_ESA.EECF.ALOS_AVNIR_AL-07030410080574-1036.AV0.xml
1628 urn_EOP_ING_EOLI_ESA.EECF.ALOS_AVNIR_AL-07030811121237-1036.AV0.xml
1629 urn_EOP_ING_EOLI_ESA.EECF.ENVISAT_ASA_APx_xS_EN1-07070408465170-4651.XPC.xml
1630 urn_EOP_ING_EOLI_ESA.EECF.ALOS_PSM_O1_AL-07020910581452-518.Pr1.xml
1631 urn_EOP_ING_EOLI_ESA.EECF.ENVISAT_ASA_IMx_xS_EN1-07011020081386-11567.XI.xml
1632 urn_EOP_ING_EOLI_ESA.EECF.ALOS_AVNIR_AL-07041210193315-1036.AV0.xml
1633 urn_EOP_ING_EOLI_ESA.EECF.ALOS_PSM_O1_AL-07021110422300-518.Pr1.xml
1634 urn_EOP_ING_EOLI_ESA.EECF.ALOS_PSR_FD_AL-07060921195960-1640.Pfd.xml
1635 urn_EOP_ING_EOLI_ESA.EECF.ALOS_AVNIR_AL-07040111072064-1036.AV0.xml
1636 urn_EOP_ING_EOLI_ESA.EECF.ALOS_PSM_O1_AL-07012111144352-518.Pr1.xml
1637 urn_EOP_ING_EOLI_ESA.EECF.ENVISAT_ASA_GMI_1S_EN1-07011220461673-13660.XGI.xml
1638 urn_EOP_ING_EOLI_ESA.EECF.ALOS_PSR_FD_AL-07060921221922-1640.Pfd.xml
1639 urn_EOP_ING_EOLI_ESA.EECF.ENVISAT_ASA_GMI_1S_EN1-07020121565480-20077.XGI.xml
1640 urn_EOP_ING_EOLI_ESA.EECF.ALOS_AVNIR_AL-07060609544641-1036.AV0.xml
1641 urn_EOP_ING_EOLI_ESA.EECF.ALOS_AVNIR_AL-07050610111330-1036.AV0.xml
1642 urn_EOP_ING_EOLI_ESA.EECF.ALOS_AVNIR_AL-07051210563870-1036.AV0.xml
1643 urn_EOP_ING_EOLI_ESA.EECF.ENVISAT_ASA_GMI_1S_EN1-07111020565545-11244.XGI.xml
1644 urn_EOP_ING_EOLI_ESA.EECF.ALOS_AVNIR_AL-07032210535552-1036.AV0.xml
1645 urn_EOP_ING_EOLI_ESA.EECF.ALOS_AVNIR_AL-07042210331383-1036.AV0.xml
1646 urn_EOP_ING_EOLI_ESA.EECF.ENVISAT_ASA_GMI_1S_EN1-07112322151641-75123.XGI.xml
1647 urn_EOP_ING_EOLI_ESA.EECF.ENVISAT_ASA_GMI_1S_EN1-07091510402581-55642.XGI.xml
1648 urn_EOP_ING_EOLI_ESA.EECF.ALOS_AVNIR_AL-07050811321323-1036.AV0.xml
1649 urn_EOP_ING_EOLI_ESA.EECF.ALOS_AVNIR_AL-07052410535335-1036.AV0.xml
1650 urn_EOP_ING_EOLI_ESA.EECF.ALOS_AVNIR_AL-07050910352225-1036.AV0.xml
1651 urn_EOP_ING_EOLI_ESA.EECF.ENVISAT_ASA_GMI_1S_EN1-07122621473754-15473.XGI.xml
1652 urn_EOP_ING_EOLI_ESA.EECF.ALOS_PSR_FD_AL-07060723135803-1640.Pfd.xml
1653 urn_EOP_ING_EOLI_ESA.EECF.ALOS_AVNIR_AL-07040111065599-1036.AV0.xml
1654 urn_EOP_ING_EOLI_ESA.EECF.ALOS_AVNIR_AL-07051311402582-1036.AV0.xml
1655 urn_EOP_ING_EOLI_ESA.EECF.ALOS_PSM_O1_AL-07011110580685-518.Pr1.xml
1656 urn_EOP_ING_EOLI_ESA.EECF.ENVISAT_ASA_GMI_1S_EN1-07021110281111-23703.XGI.xml
1657 urn_EOP_ING_EOLI_ESA.EECF.ALOS_AVNIR_AL-07030910161073-1036.AV0.xml
1658 urn_EOP_ING_EOLI_ESA.EECF.ALOS_AVNIR_AL-07051209215378-1036.AV0.xml
1659 urn_EOP_ING_EOLI_ESA.EECF.ENVISAT_ASA_GMI_1S_EN1-07030220052211-23702.XGI.xml
1660 urn_EOP_ING_EOLI_ESA.EECF.ALOS_AVNIR_AL-07010510104071-1036.AV0.xml
1661 urn_EOP_ING_EOLI_ESA.EECF.ALOS_AVNIR_AL-07010610550953-1036.AV0.xml
1662 urn_EOP_ING_EOLI_ESA.EECF.ENVISAT_ASA_GMI_1S_EN1-07032020273929-85165.XGI.xml
1663 urn_EOP_ING_EOLI_ESA.EECF.ALOS_PSM_O1_AL-07021110412550-518.Pr1.xml
1664 urn_EOP_ING_EOLI_ESA.EECF.ALOS_AVNIR_AL-07052009512516-1036.AV0.xml
1665 urn_EOP_ING_EOLI_ESA.EECF.ENVISAT_ASA_GMI_1S_EN1-07101320325343-33745.XGI.xml
1666 urn_EOP_ING_EOLI_ESA.EECF.ALOS_AVNIR_AL-07042710385228-1036.AV0.xml
1667 urn_EOP_ING_EOLI_ESA.EECF.ALOS_PSR_FD_AL-07060822183721-1640.Pfd.xml
1668 urn_EOP_ING_EOLI_ESA.EECF.ENVISAT_ASA_GMI_1S_EN1-07032622205927-82143.XGI.xml
1669 urn_EOP_ING_EOLI_ESA.EECF.ALOS_AVNIR_AL-07011111000748-1036.AV0.xml
1670 urn_EOP_ING_EOLI_ESA.EECF.ALOS_AVNIR_AL-07010110474310-1036.AV0.xml
1671 urn_EOP_ING_EOLI_ESA.EECF.ENVISAT_ASA_IMx_xS_EN1-07011121140764-3212.XI.xml
1672 urn_EOP_ING_EOLI_ESA.EECF.ALOS_AVNIR_AL-07041710270477-1036.AV0.xml
1673 urn_EOP_ING_EOLI_ESA.EECF.ALOS_PSR_FD_AL-07010510103281-1640.Pfd.xml
1674 urn_EOP_ING_EOLI_ESA.EECF.ALOS_PSM_O1_AL-07012111115927-518.Pr1.xml
1675 urn_EOP_ING_EOLI_ESA.EECF.ALOS_AVNIR_AL-07060710314264-1036.AV0.xml
1676 urn_EOP_ING_EOLI_ESA.EECF.ALOS_AVNIR_AL-07060809343501-1036.AV0.xml
1677 urn_EOP_ING_EOLI_ESA.EECF.ALOS_PSR_FD_AL-07061022045231-1640.Pfd.xml
1678 urn_EOP_ING_EOLI_ESA.EECF.ENVISAT_ASA_GMI_1S_EN1-07072021310711-112271.XGI.xml
1679 urn_EOP_ING_EOLI_ESA.EECF.ALOS_AVNIR_AL-07040310481575-1036.AV0.xml
1680 urn_EOP_ING_EOLI_ESA.EECF.ENVISAT_ASA_GMI_1S_EN1-07091810460013-31328.XGI.xml
1681 urn_EOP_ING_EOLI_ESA.EECF.ALOS_AVNIR_AL-07052011282968-1036.AV0.xml
1682 urn_EOP_ING_EOLI_ESA.EECF.ALOS_AVNIR_AL-07030811114773-1036.AV0.xml
1683 urn_EOP_ING_EOLI_ESA.EECF.ALOS_AVNIR_AL-07011411252343-1036.AV0.xml
1684 urn_EOP_ING_EOLI_ESA.EECF.ALOS_AVNIR_AL-07052009514159-1036.AV0.xml
1685 urn_EOP_ING_EOLI_ESA.EECF.ENVISAT_ASA_GMI_1S_EN1-07052622040538-81539.XGI.xml
1686 urn_EOP_ING_EOLI_ESA.EECF.ENVISAT_ASA_GMI_1S_EN1-07022220395774-135376.XGI.xml
1687 urn_EOP_ING_EOLI_ESA.EECF.ALOS_AVNIR_AL-07060609540534-1036.AV0.xml
1688 urn_EOP_ING_EOLI_ESA.EECF.ENVISAT_ASA_GMI_1S_EN1-07051510034174-92186.XGI.xml
1689 urn_EOP_ING_EOLI_ESA.EECF.ALOS_AVNIR_AL-07051309594778-1036.AV0.xml
1690 urn_EOP_ING_EOLI_ESA.EECF.ENVISAT_ASA_GMI_1S_EN1-07011822263988-75726.XGI.xml
1691 urn_EOP_ING_EOLI_ESA.EECF.ENVISAT_ASA_IMx_xS_EN1-07011909042408-3092.XI.xml
1692 urn_EOP_ING_EOLI_ESA.EECF.ALOS_AVNIR_AL-07041111194118-1036.AV0.xml
1693 urn_EOP_ING_EOLI_ESA.EECF.ALOS_AVNIR_AL-07030710332100-1036.AV0.xml
1694 urn_EOP_ING_EOLI_ESA.EECF.ENVISAT_ASA_GMI_1S_EN1-07121010332368-14264.XGI.xml
1695 urn_EOP_ING_EOLI_ESA.EECF.ALOS_AVNIR_AL-07010110472668-1036.AV0.xml
1696 urn_EOP_ING_EOLI_ESA.EECF.ALOS_PSM_O1_AL-07012111132960-518.Pr1.xml
1697 urn_EOP_ING_EOLI_ESA.EECF.ENVISAT_ASA_GMI_1S_EN1-07061210244850-75122.XGI.xml
1698 urn_EOP_ING_EOLI_ESA.EECF.ENVISAT_ASA_GMI_1S_EN1-07010421192859-152440.XGI.xml
1699 urn_EOP_ING_EOLI_ESA.EECF.ALOS_AVNIR_AL-07051110172252-1036.AV0.xml
1700 urn_EOP_ING_EOLI_ESA.EECF.ALOS_AVNIR_AL-07040411295194-1036.AV0.xml
1701 urn_EOP_ING_EOLI_ESA.EECF.ALOS_AVNIR_AL-07060809350786-1036.AV0.xml
1702 urn_EOP_ING_EOLI_ESA.EECF.ALOS_AVNIR_AL-07041111183547-1036.AV0.xml
1703 urn_EOP_ING_EOLI_ESA.EECF.ENVISAT_ASA_GMI_1S_EN1-07101419595948-40161.XGI.xml
1704 urn_EOP_ING_EOLI_ESA.EECF.ALOS_AVNIR_AL-07050910340834-1036.AV0.xml
1705 urn_EOP_ING_EOLI_ESA.EECF.ENVISAT_ASA_GMI_1S_EN1-07041722293375-75122.XGI.xml
1706 urn_EOP_ING_EOLI_ESA.EECF.ENVISAT_ASA_GMI_1S_EN1-07050909480962-11243.XGI.xml
1707 urn_EOP_ING_EOLI_ESA.EECF.ENVISAT_ASA_GMI_1S_EN1-07061020480500-105249.XGI.xml
1708 urn_EOP_ING_EOLI_ESA.EECF.ALOS_AVNIR_AL-07051210580903-1036.AV0.xml
1709 urn_EOP_ING_EOLI_ESA.EECF.ENVISAT_ASA_GMI_1S_EN1-07111322293088-75122.XGI.xml
1710 urn_EOP_ING_EOLI_ESA.EECF.ALOS_AVNIR_AL-07052211115265-1036.AV0.xml
1711 urn_EOP_ING_EOLI_ESA.EECF.ALOS_AVNIR_AL-07051511241333-1036.AV0.xml
1712 urn_EOP_ING_EOLI_ESA.EECF.ALOS_PSR_FD_AL-07060923003761-1640.Pfd.xml
1713 urn_EOP_ING_EOLI_ESA.EECF.ENVISAT_ASA_IMx_xS_EN1-07011920272294-3291.XI.xml
1714 urn_EOP_ING_EOLI_ESA.EECF.ALOS_PSM_O1_AL-07012111121158-518.Pr1.xml
1715 urn_EOP_ING_EOLI_ESA.EECF.ENVISAT_ASA_GMI_1S_EN1-07042508490577-20077.XGI.xml
1716 urn_EOP_ING_EOLI_ESA.EECF.ENVISAT_ASA_GMI_1S_EN1-07070609225183-24306.XGI.xml
1717 urn_EOP_ING_EOLI_ESA.EECF.ENVISAT_ASA_IMx_xS_EN1-07011020081386-10605.XI.xml
1718 urn_EOP_ING_EOLI_ESA.EECF.ALOS_PSM_O1_AL-07011110583149-518.Pr1.xml
1719 urn_EOP_ING_EOLI_ESA.EECF.ENVISAT_ASA_APx_xS_EN1-07031009364559-3813.XPC.xml
1720 urn_EOP_ING_EOLI_ESA.EECF.ENVISAT_ASA_APx_xS_EN1-07102008533748-4033.XPH.xml
1721 urn_EOP_ING_EOLI_ESA.EECF.ENVISAT_ASA_GMI_1S_EN1-07080109015570-54434.XGI.xml
1722 urn_EOP_ING_EOLI_ESA.EECF.ALOS_AVNIR_AL-07051610242177-1036.AV0.xml
1723 urn_EOP_ING_EOLI_ESA.EECF.ALOS_AVNIR_AL-07060609523499-1036.AV0.xml
1724 urn_EOP_ING_EOLI_ESA.EECF.ALOS_AVNIR_AL-07041910092976-1036.AV0.xml
1725 urn_EOP_ING_EOLI_ESA.EECF.ALOS_AVNIR_AL-07052511361014-1036.AV0.xml
1726 urn_EOP_ING_EOLI_ESA.EECF.ALOS_AVNIR_AL-07031010561622-1036.AV0.xml
1727 urn_EOP_ING_EOLI_ESA.EECF.ALOS_AVNIR_AL-07031111370280-1036.AV0.xml
1728 urn_EOP_ING_EOLI_ESA.EECF.ENVISAT_ASA_GMI_1S_EN1-07050720115430-163087.XGI.xml
1729 urn_EOP_ING_EOLI_ESA.EECF.ALOS_AVNIR_AL-07060811112309-1036.AV0.xml
1730 urn_EOP_ING_EOLI_ESA.EECF.ALOS_AVNIR_AL-07060410083987-1036.AV0.xml
1731 urn_EOP_ING_EOLI_ESA.EECF.ALOS_PSM_O1_AL-07020410532904-518.Pr1.xml
1732 urn_EOP_ING_EOLI_ESA.EECF.ALOS_AVNIR_AL-07031710444454-1036.AV0.xml
1733 urn_EOP_ING_EOLI_ESA.EECF.ENVISAT_ASA_APx_xS_EN1-07022421335953-3900.XPV.xml
1734 urn_EOP_ING_EOLI_ESA.EECF.ENVISAT_ASA_IMx_xS_EN1-07010509451897-13533.XI.xml
1735 urn_EOP_ING_EOLI_ESA.EECF.ALOS_AVNIR_AL-07030910164358-1036.AV0.xml
1736 urn_EOP_ING_EOLI_ESA.EECF.ENVISAT_ASA_APx_xS_EN1-07041522020611-3814.XPC.xml
1737 urn_EOP_ING_EOLI_ESA.EECF.ENVISAT_ASA_APx_xS_EN1-07070521145896-12106.XPH.xml
1738 urn_EOP_ING_EOLI_ESA.EECF.ALOS_AVNIR_AL-07060311062846-1036.AV0.xml
1739 urn_EOP_ING_EOLI_ESA.EECF.ALOS_PSM_O1_AL-07012111153281-518.Pr1.xml
1740 urn_EOP_ING_EOLI_ESA.EECF.ENVISAT_ASA_GMI_1S_EN1-07102222205896-72705.XGI.xml
1741 urn_EOP_ING_EOLI_ESA.EECF.ALOS_AVNIR_AL-07041609432592-1036.AV0.xml
1742 urn_EOP_ING_EOLI_ESA.EECF.ALOS_AVNIR_AL-07010810384141-1036.AV0.xml
1743 urn_EOP_ING_EOLI_ESA.EECF.ALOS_PSM_O1_AL-07012510395930-518.Pr1.xml
1744 urn_EOP_ING_EOLI_ESA.EECF.ENVISAT_ASA_GMI_1S_EN1-07090820180282-115896.XGI.xml
1745 urn_EOP_ING_EOLI_ESA.EECF.ALOS_AVNIR_AL-07041111200582-1036.AV0.xml
1746 urn_EOP_ING_EOLI_ESA.EECF.ENVISAT_ASA_APx_xS_EN1-07072121105531-13429.XPC.xml
1747 urn_EOP_ING_EOLI_ESA.EECF.ALOS_PSM_O1_AL-07012111130496-518.Pr1.xml
1748 urn_EOP_ING_EOLI_ESA.EECF.ALOS_AVNIR_AL-07042210324919-1036.AV0.xml
1749 urn_EOP_ING_EOLI_ESA.EECF.ENVISAT_ASA_GMI_1S_EN1-07010322073161-12452.XGI.xml
1750 urn_EOP_ING_EOLI_ESA.EECF.ALOS_PSR_FD_AL-07060822153649-1640.Pfd.xml
1751 urn_EOP_ING_EOLI_ESA.EECF.ALOS_PSM_O1_AL-07012510381253-518.Pr1.xml
1752 urn_EOP_ING_EOLI_ESA.EECF.ALOS_PSR_FD_AL-07060923010225-1640.Pfd.xml
1753 urn_EOP_ING_EOLI_ESA.EECF.ALOS_PSR_FD_AL-07060921205709-1640.Pfd.xml
1754 urn_EOP_ING_EOLI_ESA.EECF.ENVISAT_ASA_IMx_xS_EN1-07011008501556-3217.XI.xml
1755 urn_EOP_ING_EOLI_ESA.EECF.ALOS_AVNIR_AL-07060111250095-1036.AV0.xml
1756 urn_EOP_ING_EOLI_ESA.EECF.ALOS_PSR_FD_AL-07060822191827-1640.Pfd.xml
1757 urn_EOP_ING_EOLI_ESA.EECF.ALOS_AVNIR_AL-07051410405904-1036.AV0.xml
1758 urn_EOP_ING_EOLI_ESA.EECF.ENVISAT_ASA_GMI_1S_EN1-07100821134777-145418.XGI.xml
1759 urn_EOP_ING_EOLI_ESA.EECF.ENVISAT_ASA_APx_xS_EN1-07071609102153-3930.XPC.xml
1760 urn_EOP_ING_EOLI_ESA.EECF.ENVISAT_ASA_GMI_1S_EN1-07012621350792-85165.XGI.xml
1761 urn_EOP_ING_EOLI_ESA.EECF.ALOS_AVNIR_AL-07012710215737-1036.AV0.xml
1762 urn_EOP_ING_EOLI_ESA.EECF.ALOS_AVNIR_AL-07011810503150-1036.AV0.xml
1763 urn_EOP_ING_EOLI_ESA.EECF.ALOS_AVNIR_AL-07050811314039-1036.AV0.xml
1764 urn_EOP_ING_EOLI_ESA.EECF.ALOS_PSM_O1_AL-07011110584791-518.Pr1.xml
1765 urn_EOP_ING_EOLI_ESA.EECF.ALOS_AVNIR_AL-07050809554158-1036.AV0.xml
1766 urn_EOP_ING_EOLI_ESA.EECF.ALOS_PSM_O1_AL-07012111121980-518.Pr1.xml
1767 urn_EOP_ING_EOLI_ESA.EECF.ENVISAT_ASA_APx_xS_EN1-07041208585379-3813.XPC.xml
1768 urn_EOP_ING_EOLI_ESA.EECF.ALOS_AVNIR_AL-07042710402261-1036.AV0.xml
1769 urn_EOP_ING_EOLI_ESA.EECF.ENVISAT_ASA_GMI_1S_EN1-07102309044709-44391.XGI.xml
1770 urn_EOP_ING_EOLI_ESA.EECF.ENVISAT_ASA_GMI_1S_EN1-07061709263486-83956.XGI.xml
1771 urn_EOP_ING_EOLI_ESA.EECF.ALOS_PSR_FD_AL-07010310303458-1640.Pfd.xml
1772 urn_EOP_ING_EOLI_ESA.EECF.ENVISAT_ASA_APx_xS_EN1-07072209255525-5238.XPH.xml
1773 urn_EOP_ING_EOLI_ESA.EECF.ENVISAT_ASA_GMI_1S_EN1-07121021375412-110458.XGI.xml
1774 urn_EOP_ING_EOLI_ESA.EECF.ALOS_PSM_O1_AL-07011110590434-518.Pr1.xml
1775 urn_EOP_ING_EOLI_ESA.EECF.ALOS_AVNIR_AL-07060811133449-1036.AV0.xml
1776 urn_EOP_ING_EOLI_ESA.EECF.ALOS_PSM_O1_AL-07012111110178-518.Pr1.xml
1777 urn_EOP_ING_EOLI_ESA.EECF.ENVISAT_ASA_GMI_1S_EN1-07102021412189-93999.XGI.xml
1778 urn_EOP_ING_EOLI_ESA.EECF.ENVISAT_ASA_GMI_1S_EN1-07102721133459-182566.XGI.xml
1779 urn_EOP_ING_EOLI_ESA.EECF.ALOS_AVNIR_AL-07011110590999-1036.AV0.xml
1780 urn_EOP_ING_EOLI_ESA.EECF.ALOS_AVNIR_AL-07051210593937-1036.AV0.xml
1781 urn_EOP_ING_EOLI_ESA.EECF.ALOS_AVNIR_AL-07030410091965-1036.AV0.xml
1782 urn_EOP_ING_EOLI_ESA.EECF.ALOS_PSR_FD_AL-07060723141446-1640.Pfd.xml
1783 urn_EOP_ING_EOLI_ESA.EECF.ENVISAT_ASA_GMI_1S_EN1-07100521055845-171920.XGI.xml
1784 urn_EOP_ING_EOLI_ESA.EECF.ALOS_AVNIR_AL-07041710274584-1036.AV0.xml
1785 urn_EOP_ING_EOLI_ESA.EECF.ALOS_AVNIR_AL-07060410081524-1036.AV0.xml
1786 urn_EOP_ING_EOLI_ESA.EECF.ALOS_PSR_FD_AL-07061021580165-1640.Pfd.xml
1787 urn_EOP_ING_EOLI_ESA.EECF.ALOS_AVNIR_AL-07041910084048-1036.AV0.xml
1788 urn_EOP_ING_EOLI_ESA.EECF.ENVISAT_ASA_IMx_xS_EN1-07012209115298-32809.XI.xml
1789 urn_EOP_ING_EOLI_ESA.EECF.ENVISAT_ASA_GMI_1S_EN1-07091821490663-70893.XGI.xml
1790 urn_EOP_ING_EOLI_ESA.EECF.ENVISAT_ASA_GMI_1S_EN1-07111221260463-30119.XGI.xml
1791 urn_EOP_ING_EOLI_ESA.EECF.ALOS_AVNIR_AL-07031511014606-1036.AV0.xml
1792 urn_EOP_ING_EOLI_ESA.EECF.ALOS_AVNIR_AL-07052511360193-1036.AV0.xml
1793 urn_EOP_ING_EOLI_ESA.EECF.ALOS_AVNIR_AL-07052211122550-1036.AV0.xml
1794 urn_EOP_ING_EOLI_ESA.EECF.ALOS_AVNIR_AL-07040210081848-1036.AV0.xml
1795 urn_EOP_ING_EOLI_ESA.EECF.ALOS_AVNIR_AL-07051011151105-1036.AV0.xml
1796 urn_EOP_ING_EOLI_ESA.EECF.ENVISAT_ASA_GMI_1S_EN1-07061510271558-11244.XGI.xml
1797 urn_EOP_ING_EOLI_ESA.EECF.ALOS_PSR_FD_AL-07060921230849-1640.Pfd.xml
1798 urn_EOP_ING_EOLI_ESA.EECF.ENVISAT_ASA_APx_xS_EN1-07071821051285-14006.XPH.xml
1799 urn_EOP_ING_EOLI_ESA.EECF.ALOS_AVNIR_AL-07052410552369-1036.AV0.xml
1800 urn_EOP_ING_EOLI_ESA.EECF.ALOS_AVNIR_AL-07030910153788-1036.AV0.xml
1801 urn_EOP_ING_EOLI_ESA.EECF.ENVISAT_ASA_GMI_1S_EN1-07060409303948-11848.XGI.xml
1802 urn_EOP_ING_EOLI_ESA.EECF.ALOS_PSR_FD_AL-07061021582629-1640.Pfd.xml
1803 urn_EOP_ING_EOLI_ESA.EECF.ENVISAT_ASA_APx_xS_EN1-07041910203265-3818.XPC.xml
1804 urn_EOP_ING_EOLI_ESA.EECF.ENVISAT_ASA_GMI_1S_EN1-07081920505658-80330.XGI.xml
1805 urn_EOP_ING_EOLI_ESA.EECF.ALOS_AVNIR_AL-07052511351265-1036.AV0.xml
1806 urn_EOP_ING_EOLI_ESA.EECF.ENVISAT_ASA_GMI_1S_EN1-07081320363209-104041.XGI.xml
1807 urn_EOP_ING_EOLI_ESA.EECF.ALOS_PSM_O1_AL-07012111142709-518.Pr1.xml
1808 urn_EOP_ING_EOLI_ESA.EECF.ALOS_AVNIR_AL-07040409465428-1036.AV0.xml
1809 urn_EOP_ING_EOLI_ESA.EECF.ALOS_AVNIR_AL-07011510274353-1036.AV0.xml
1810 urn_EOP_ING_EOLI_ESA.EECF.ALOS_PSR_FD_AL-07060923025721-1640.Pfd.xml
1811 urn_EOP_ING_EOLI_ESA.EECF.ENVISAT_ASA_GMI_1S_EN1-07091120274031-85165.XGI.xml
1812 urn_EOP_ING_EOLI_ESA.EECF.ENVISAT_ASA_GMI_1S_EN1-07041209015937-33744.XGI.xml
1813 urn_EOP_ING_EOLI_ESA.EECF.ALOS_AVNIR_AL-07011810501507-1036.AV0.xml
1814 urn_EOP_ING_EOLI_ESA.EECF.ALOS_AVNIR_AL-07040810545093-1036.AV0.xml
1815 urn_EOP_ING_EOLI_ESA.EECF.ALOS_PSM_O1_AL-07020410514227-518.Pr1.xml
1816 urn_EOP_ING_EOLI_ESA.EECF.ALOS_AVNIR_AL-07031109594186-1036.AV0.xml
1817 urn_EOP_ING_EOLI_ESA.EECF.ALOS_AVNIR_AL-07032309521719-1036.AV0.xml
1818 urn_EOP_ING_EOLI_ESA.EECF.ENVISAT_ASA_GMI_1S_EN1-07100210043527-82747.XGI.xml
1819 urn_EOP_ING_EOLI_ESA.EECF.ALOS_AVNIR_AL-07031410215657-1036.AV0.xml
1820 urn_EOP_ING_EOLI_ESA.EECF.ALOS_AVNIR_AL-07032309513614-1036.AV0.xml
1821 urn_EOP_ING_EOLI_ESA.EECF.ENVISAT_ASA_IMx_xS_EN1-07011910442127-1600.XI.xml
1822 urn_EOP_ING_EOLI_ESA.EECF.ENVISAT_ASA_GMI_1S_EN1-07082708444899-73914.XGI.xml
1823 urn_EOP_ING_EOLI_ESA.EECF.ALOS_AVNIR_AL-07041811071825-1036.AV0.xml
1824 urn_EOP_ING_EOLI_ESA.EECF.ENVISAT_ASA_GMI_1S_EN1-07082320204016-122312.XGI.xml
1825 urn_EOP_ING_EOLI_ESA.EECF.ENVISAT_ASA_APx_xS_EN1-07032622292462-4442.XPC.xml
1826 urn_EOP_ING_EOLI_ESA.EECF.ENVISAT_ASA_GMI_1S_EN1-07111219532811-23703.XGI.xml
1827 urn_EOP_ING_EOLI_ESA.EECF.ENVISAT_ASA_GMI_1S_EN1-07061508454355-23098.XGI.xml
1828 urn_EOP_ING_EOLI_ESA.EECF.ALOS_AVNIR_AL-07030510464111-1036.AV0.xml
1829 urn_EOP_ING_EOLI_ESA.EECF.ENVISAT_ASA_GMI_1S_EN1-07020819583467-30119.XGI.xml
1830 urn_EOP_ING_EOLI_ESA.EECF.ENVISAT_ASA_GMI_1S_EN1-07101820551979-193213.XGI.xml
1831 urn_EOP_ING_EOLI_ESA.EECF.ENVISAT_ASA_GMI_1S_EN1-07040422380309-70289.XGI.xml
1832 urn_EOP_ING_EOLI_ESA.EECF.ALOS_AVNIR_AL-07042710401440-1036.AV0.xml
1833 urn_EOP_ING_EOLI_ESA.EECF.ALOS_AVNIR_AL-07050511091816-1036.AV0.xml
1834 urn_EOP_ING_EOLI_ESA.EECF.ALOS_AVNIR_AL-07060811150484-1036.AV0.xml
1835 urn_EOP_ING_EOLI_ESA.EECF.ALOS_AVNIR_AL-07050610122722-1036.AV0.xml
1836 urn_EOP_ING_EOLI_ESA.EECF.ENVISAT_ASA_GMI_1S_EN1-07102410131523-81540.XGI.xml
1837 urn_EOP_ING_EOLI_ESA.EECF.ALOS_AVNIR_AL-07032511135840-1036.AV0.xml
1838 urn_EOP_ING_EOLI_ESA.EECF.ALOS_PSM_O1_AL-07021110410908-518.Pr1.xml
1839 urn_EOP_ING_EOLI_ESA.EECF.ENVISAT_ASA_GMI_1S_EN1-07071920365207-30120.XGI.xml
1840 urn_EOP_ING_EOLI_ESA.EECF.ALOS_PSR_FD_AL-07061022033841-1640.Pfd.xml
1841 urn_EOP_ING_EOLI_ESA.EECF.ENVISAT_ASA_GMI_1S_EN1-07031622351610-72706.XGI.xml
1842 urn_EOP_ING_EOLI_ESA.EECF.ALOS_PSR_FD_AL-07060822211324-1640.Pfd.xml
1843 urn_EOP_ING_EOLI_ESA.EECF.ENVISAT_ASA_IMx_xS_EN1-07012209105342-12256.XI.xml
1844 urn_EOP_ING_EOLI_ESA.EECF.ALOS_AVNIR_AL-07060809353250-1036.AV0.xml
1845 urn_EOP_ING_EOLI_ESA.EECF.ALOS_AVNIR_AL-07041611225826-1036.AV0.xml
1846 urn_EOP_ING_EOLI_ESA.EECF.ENVISAT_ASA_GMI_1S_EN1-07050722011467-80330.XGI.xml
1847 urn_EOP_ING_EOLI_ESA.EECF.ALOS_AVNIR_AL-07032210533088-1036.AV0.xml
1848 urn_EOP_ING_EOLI_ESA.EECF.ENVISAT_ASA_GMI_1S_EN1-07111722035882-70892.XGI.xml
1849 urn_EOP_ING_EOLI_ESA.EECF.ALOS_AVNIR_AL-07031410231049-1036.AV0.xml
1850 urn_EOP_ING_EOLI_ESA.EECF.ENVISAT_ASA_GMI_1S_EN1-07091422152074-70288.XGI.xml
1851 urn_EOP_ING_EOLI_ESA.EECF.ENVISAT_ASA_GMI_1S_EN1-07090822060954-44392.XGI.xml
1852 urn_EOP_ING_EOLI_ESA.EECF.ALOS_PSM_O1_AL-07012510393055-518.Pr1.xml
1853 urn_EOP_ING_EOLI_ESA.EECF.ENVISAT_ASA_GMI_1S_EN1-07012220310483-15472.XGI.xml
1854 urn_EOP_ING_EOLI_ESA.EECF.ALOS_AVNIR_AL-07052711171320-1036.AV0.xml
1855 urn_EOP_ING_EOLI_ESA.EECF.ALOS_AVNIR_AL-07052711151003-1036.AV0.xml
1856 urn_EOP_ING_EOLI_ESA.EECF.ALOS_AVNIR_AL-07060210264788-1036.AV0.xml
1857 urn_EOP_ING_EOLI_ESA.EECF.ENVISAT_ASA_GMI_1S_EN1-07062210060678-11848.XGI.xml
1858 urn_EOP_ING_EOLI_ESA.EECF.ENVISAT_ASA_GMI_1S_EN1-07110122064972-74518.XGI.xml
1859 urn_EOP_ING_EOLI_ESA.EECF.ALOS_PSM_O1_AL-07012111111821-518.Pr1.xml
1860 urn_EOP_ING_EOLI_ESA.EECF.ENVISAT_ASA_GMI_1S_EN1-07111720174468-121104.XGI.xml
1861 urn_EOP_ING_EOLI_ESA.EECF.ALOS_AVNIR_AL-07041311002777-1036.AV0.xml
1862 urn_EOP_ING_EOLI_ESA.EECF.ALOS_AVNIR_AL-07032410340120-1036.AV0.xml
1863 urn_EOP_ING_EOLI_ESA.EECF.ALOS_AVNIR_AL-07030811113952-1036.AV0.xml
1864 urn_EOP_ING_EOLI_ESA.EECF.ENVISAT_ASA_IMx_xS_EN1-07011909060696-30450.XI.xml
1865 urn_EOP_ING_EOLI_ESA.EECF.ALOS_AVNIR_AL-07060809340216-1036.AV0.xml
1866 urn_EOP_ING_EOLI_ESA.EECF.ALOS_AVNIR_AL-07022510201089-1036.AV0.xml
1867 urn_EOP_ING_EOLI_ESA.EECF.ALOS_PSR_FD_AL-07060921215458-1640.Pfd.xml
1868 urn_EOP_ING_EOLI_ESA.EECF.ALOS_AVNIR_AL-07042410161961-1036.AV0.xml
1869 urn_EOP_ING_EOLI_ESA.EECF.ALOS_AVNIR_AL-07051711043654-1036.AV0.xml
1870 urn_EOP_ING_EOLI_ESA.EECF.ALOS_PSM_O1_AL-07011110593308-518.Pr1.xml
1871 urn_EOP_ING_EOLI_ESA.EECF.ENVISAT_ASA_GMI_1S_EN1-07042508533598-42578.XGI.xml
1872 urn_EOP_ING_EOLI_ESA.EECF.ALOS_PSM_O1_AL-07021110405676-518.Pr1.xml
1873 urn_EOP_ING_EOLI_ESA.EECF.ALOS_PSM_O1_AL-07012111135013-518.Pr1.xml
1874 urn_EOP_ING_EOLI_ESA.EECF.ENVISAT_ASA_GMI_1S_EN1-07072620160996-31328.XGI.xml
1875 urn_EOP_ING_EOLI_ESA.EECF.ALOS_AVNIR_AL-07030710323993-1036.AV0.xml
1876 urn_EOP_ING_EOLI_ESA.EECF.ALOS_AVNIR_AL-07060710310979-1036.AV0.xml
1877 urn_EOP_ING_EOLI_ESA.EECF.ALOS_AVNIR_AL-07051711044475-1036.AV0.xml
1878 urn_EOP_ING_EOLI_ESA.EECF.ALOS_AVNIR_AL-07040310470183-1036.AV0.xml
1879 urn_EOP_ING_EOLI_ESA.EECF.ALOS_PSM_O1_AL-07020410534136-518.Pr1.xml
1880 urn_EOP_ING_EOLI_ESA.EECF.ALOS_AVNIR_AL-07052711161572-1036.AV0.xml
1881 urn_EOP_ING_EOLI_ESA.EECF.ENVISAT_ASA_GMI_1S_EN1-07111609492121-21889.XGI.xml
1882 urn_EOP_ING_EOLI_ESA.EECF.ENVISAT_ASA_GMI_1S_EN1-07060221412702-102832.XGI.xml
1883 urn_EOP_ING_EOLI_ESA.EECF.ENVISAT_ASA_GMI_1S_EN1-07062022274387-10639.XGI.xml
1884 urn_EOP_ING_EOLI_ESA.EECF.ENVISAT_ASA_GMI_1S_EN1-07021821035055-171316.XGI.xml
1885 urn_EOP_ING_EOLI_ESA.EECF.ALOS_AVNIR_AL-07050710524081-1036.AV0.xml
1886 urn_EOP_ING_EOLI_ESA.EECF.ALOS_AVNIR_AL-07031010551873-1036.AV0.xml
1887 urn_EOP_ING_EOLI_ESA.EECF.ALOS_PSM_O1_AL-07012510375610-518.Pr1.xml
1888 urn_EOP_ING_EOLI_ESA.EECF.ENVISAT_ASA_APx_xS_EN1-07070609283004-5474.XPH.xml
1889 urn_EOP_ING_EOLI_ESA.EECF.ALOS_PSR_FD_AL-07061022001309-1640.Pfd.xml
1890 urn_EOP_ING_EOLI_ESA.EECF.ALOS_PSR_FD_AL-07060921204888-1640.Pfd.xml
1891 urn_EOP_ING_EOLI_ESA.EECF.ALOS_AVNIR_AL-07011409433965-1036.AV0.xml
1892 urn_EOP_ING_EOLI_ESA.EECF.ALOS_AVNIR_AL-07060809363000-1036.AV0.xml
1893 urn_EOP_ING_EOLI_ESA.EECF.ENVISAT_ASA_IMx_xS_EN1-07011609004158-20240.XI.xml
1894 urn_EOP_ING_EOLI_ESA.EECF.ALOS_AVNIR_AL-07051209213735-1036.AV0.xml
1895 urn_EOP_ING_EOLI_ESA.EECF.ENVISAT_ASA_IMx_xS_EN1-07011220441275-14466.XI.xml
1896 urn_EOP_ING_EOLI_ESA.EECF.ALOS_AVNIR_AL-07052711151824-1036.AV0.xml
1897 urn_EOP_ING_EOLI_ESA.EECF.ALOS_AVNIR_AL-07031111360531-1036.AV0.xml
1898 urn_EOP_ING_EOLI_ESA.EECF.ENVISAT_ASA_GMI_1S_EN1-07072308515912-23702.XGI.xml
1899 urn_EOP_ING_EOLI_ESA.EECF.ENVISAT_ASA_GMI_1S_EN1-07040921375763-123522.XGI.xml
1900 urn_EOP_ING_EOLI_ESA.EECF.ALOS_AVNIR_AL-07041510415550-1036.AV0.xml
1901 urn_EOP_ING_EOLI_ESA.EECF.ALOS_AVNIR_AL-07010711331222-1036.AV0.xml
1902 urn_EOP_ING_EOLI_ESA.EECF.ENVISAT_ASA_GMI_1S_EN1-07091208475523-35557.XGI.xml
1903 urn_EOP_ING_EOLI_ESA.EECF.ENVISAT_ASA_GMI_1S_EN1-07120108351143-11848.XGI.xml
1904 urn_EOP_ING_EOLI_ESA.EECF.ALOS_PSM_O1_AL-07012111132550-518.Pr1.xml
1905 urn_EOP_ING_EOLI_ESA.EECF.ENVISAT_ASA_GMI_1S_EN1-07060921134908-184379.XGI.xml
1906 urn_EOP_ING_EOLI_ESA.EECF.ALOS_AVNIR_AL-07052711172142-1036.AV0.xml
1907 urn_EOP_ING_EOLI_ESA.EECF.ALOS_AVNIR_AL-07040411263483-1036.AV0.xml
1908 urn_EOP_ING_EOLI_ESA.EECF.ALOS_AVNIR_AL-07051211014258-1036.AV0.xml
1909 urn_EOP_ING_EOLI_ESA.EECF.ALOS_PSM_O1_AL-07012111120337-518.Pr1.xml
1910 urn_EOP_ING_EOLI_ESA.EECF.ALOS_AVNIR_AL-07052211104695-1036.AV0.xml
1911 urn_EOP_ING_EOLI_ESA.EECF.ALOS_AVNIR_AL-07042609583329-1036.AV0.xml
1912 urn_EOP_ING_EOLI_ESA.EECF.ALOS_AVNIR_AL-07052011292717-1036.AV0.xml
1913 urn_EOP_ING_EOLI_ESA.EECF.ALOS_AVNIR_AL-07052011304109-1036.AV0.xml
1914 urn_EOP_ING_EOLI_ESA.EECF.ALOS_AVNIR_AL-07011510275174-1036.AV0.xml
1915 urn_EOP_ING_EOLI_ESA.EECF.ALOS_AVNIR_AL-07050110044714-1036.AV0.xml
1916 urn_EOP_ING_EOLI_ESA.EECF.ENVISAT_ASA_GMI_1S_EN1-07110109204803-85769.XGI.xml
1917 urn_EOP_ING_EOLI_ESA.EECF.ENVISAT_ASA_GMI_1S_EN1-07110910111304-72706.XGI.xml
1918 urn_EOP_ING_EOLI_ESA.EECF.ALOS_AVNIR_AL-07051209225128-1036.AV0.xml
1919 urn_EOP_ING_EOLI_ESA.EECF.ALOS_AVNIR_AL-07010411125964-1036.AV0.xml
1920 urn_EOP_ING_EOLI_ESA.EECF.ALOS_AVNIR_AL-07051311403403-1036.AV0.xml
1921 urn_EOP_ING_EOLI_ESA.EECF.ALOS_AVNIR_AL-07060609533248-1036.AV0.xml
1922 urn_EOP_ING_EOLI_ESA.EECF.ENVISAT_ASA_IMx_xS_EN1-07011721312833-2412.XI.xml
1923 urn_EOP_ING_EOLI_ESA.EECF.ALOS_AVNIR_AL-07031111384136-1036.AV0.xml
1924 urn_EOP_ING_EOLI_ESA.EECF.ALOS_AVNIR_AL-07050811330251-1036.AV0.xml
1925 urn_EOP_ING_EOLI_ESA.EECF.ENVISAT_ASA_GMI_1S_EN1-07122220313212-51412.XGI.xml
1926 urn_EOP_ING_EOLI_ESA.EECF.ALOS_AVNIR_AL-07012710212452-1036.AV0.xml
1927 urn_EOP_ING_EOLI_ESA.EECF.ALOS_AVNIR_AL-07051711042011-1036.AV0.xml
1928 urn_EOP_ING_EOLI_ESA.EECF.ALOS_AVNIR_AL-07051610245462-1036.AV0.xml
1929 urn_EOP_ING_EOLI_ESA.EECF.ENVISAT_ASA_GMI_1S_EN1-07060310032448-21890.XGI.xml
1930 urn_EOP_ING_EOLI_ESA.EECF.ALOS_AVNIR_AL-07031111373565-1036.AV0.xml
1931 urn_EOP_ING_EOLI_ESA.EECF.ALOS_PSM_O1_AL-07021110423532-518.Pr1.xml
1932 urn_EOP_ING_EOLI_ESA.EECF.ALOS_PSR_FD_AL-07060921204067-1640.Pfd.xml
1933 urn_EOP_ING_EOLI_ESA.EECF.ALOS_PSM_O1_AL-07012111111000-518.Pr1.xml
1934 urn_EOP_ING_EOLI_ESA.EECF.ENVISAT_ASA_APx_xS_EN1-07070609283004-5408.XPH.xml
1935 urn_EOP_ING_EOLI_ESA.EECF.ALOS_AVNIR_AL-07041609440698-1036.AV0.xml
1936 urn_EOP_ING_EOLI_ESA.EECF.ALOS_PSR_FD_AL-07060822182899-1640.Pfd.xml
1937 urn_EOP_ING_EOLI_ESA.EECF.ENVISAT_ASA_GMI_1S_EN1-07101021575829-72705.XGI.xml
1938 urn_EOP_ING_EOLI_ESA.EECF.ALOS_AVNIR_AL-07050509315722-1036.AV0.xml
1939 urn_EOP_ING_EOLI_ESA.EECF.ENVISAT_ASA_GMI_1S_EN1-07051320263395-124729.XGI.xml
1940 urn_EOP_ING_EOLI_ESA.EECF.ENVISAT_ASA_IMx_xS_EN1-07012321412993-15068.XI.xml
1941 urn_EOP_ING_EOLI_ESA.EECF.ALOS_AVNIR_AL-07060710315085-1036.AV0.xml
1942 urn_EOP_ING_EOLI_ESA.EECF.ALOS_PSM_O1_AL-07021110422710-518.Pr1.xml
1943 urn_EOP_ING_EOLI_ESA.EECF.ALOS_AVNIR_AL-07010510115462-1036.AV0.xml
1944 urn_EOP_ING_EOLI_ESA.EECF.ALOS_AVNIR_AL-07052711163214-1036.AV0.xml
1945 urn_EOP_ING_EOLI_ESA.EECF.ALOS_AVNIR_AL-07032311323060-1036.AV0.xml
1946 urn_EOP_ING_EOLI_ESA.EECF.ENVISAT_ASA_GMI_1S_EN1-07072308563467-33140.XGI.xml
1947 urn_EOP_ING_EOLI_ESA.EECF.ENVISAT_ASA_GMI_1S_EN1-07062020322936-115895.XGI.xml
1948 urn_EOP_ING_EOLI_ESA.EECF.ALOS_AVNIR_AL-07060811130985-1036.AV0.xml
1949 urn_EOP_ING_EOLI_ESA.EECF.ALOS_AVNIR_AL-07052509555674-1036.AV0.xml
1950 urn_EOP_ING_EOLI_ESA.EECF.ALOS_PSM_O1_AL-07012111142299-518.Pr1.xml
1951 urn_EOP_ING_EOLI_ESA.EECF.ENVISAT_ASA_APx_xS_EN1-07041822074758-3905.XPC.xml
1952 urn_EOP_ING_EOLI_ESA.EECF.ENVISAT_ASA_GMI_1S_EN1-07071520411897-183171.XGI.xml
1953 urn_EOP_ING_EOLI_ESA.EECF.ENVISAT_ASA_GMI_1S_EN1-07071009052044-25515.XGI.xml
1954 urn_EOP_ING_EOLI_ESA.EECF.ALOS_AVNIR_AL-07051110175537-1036.AV0.xml
1955 urn_EOP_ING_EOLI_ESA.EECF.ALOS_AVNIR_AL-07010411124322-1036.AV0.xml
1956 urn_EOP_ING_EOLI_ESA.EECF.ALOS_PSM_O1_AL-07011110581096-518.Pr1.xml
1957 urn_EOP_ING_EOLI_ESA.EECF.ALOS_PSR_FD_AL-07060822214608-1640.Pfd.xml
1958 urn_EOP_ING_EOLI_ESA.EECF.ALOS_AVNIR_AL-07060710301231-1036.AV0.xml
1959 urn_EOP_ING_EOLI_ESA.EECF.ALOS_AVNIR_AL-07041310585744-1036.AV0.xml
1960 urn_EOP_ING_EOLI_ESA.EECF.ALOS_AVNIR_AL-07011611061062-1036.AV0.xml
1961 urn_EOP_ING_EOLI_ESA.EECF.ALOS_AVNIR_AL-07051011162496-1036.AV0.xml
1962 urn_EOP_ING_EOLI_ESA.EECF.ALOS_AVNIR_AL-07051511224298-1036.AV0.xml
1963 urn_EOP_ING_EOLI_ESA.EECF.ALOS_AVNIR_AL-07032511150410-1036.AV0.xml
1964 urn_EOP_ING_EOLI_ESA.EECF.ENVISAT_ASA_GMI_1S_EN1-07041610150371-13056.XGI.xml
1965 urn_EOP_ING_EOLI_ESA.EECF.ENVISAT_ASA_IMx_xS_EN1-07011909050736-12260.XI.xml
1966 urn_EOP_ING_EOLI_ESA.EECF.ALOS_PSR_FD_AL-07060822192648-1640.Pfd.xml
1967 urn_EOP_ING_EOLI_ESA.EECF.ENVISAT_ASA_GMI_1S_EN1-07050821204421-173128.XGI.xml
1968 urn_EOP_ING_EOLI_ESA.EECF.ALOS_AVNIR_AL-07060811154591-1036.AV0.xml
1969 urn_EOP_ING_EOLI_ESA.EECF.ALOS_AVNIR_AL-07052509562959-1036.AV0.xml
1970 urn_EOP_ING_EOLI_ESA.EECF.ALOS_AVNIR_AL-07051610244641-1036.AV0.xml
1971 urn_EOP_ING_EOLI_ESA.EECF.ENVISAT_ASA_GMI_1S_EN1-07100620372621-131751.XGI.xml
1972 urn_EOP_ING_EOLI_ESA.EECF.ALOS_AVNIR_AL-07011810500686-1036.AV0.xml
1973 urn_EOP_ING_EOLI_ESA.EECF.ALOS_AVNIR_AL-07011611034281-1036.AV0.xml
1974 urn_EOP_ING_EOLI_ESA.EECF.ALOS_AVNIR_AL-07031511021070-1036.AV0.xml
1975 urn_EOP_ING_EOLI_ESA.EECF.ENVISAT_ASA_IMx_xS_EN1-07012209114054-34053.XI.xml
1976 urn_EOP_ING_EOLI_ESA.EECF.ALOS_AVNIR_AL-07040111055850-1036.AV0.xml
1977 urn_EOP_ING_EOLI_ESA.EECF.ENVISAT_ASA_GMI_1S_EN1-07082322090054-52621.XGI.xml
1978 urn_EOP_ING_EOLI_ESA.EECF.ENVISAT_ASA_GMI_1S_EN1-07112710445332-43182.XGI.xml
1979 urn_EOP_ING_EOLI_ESA.EECF.ALOS_AVNIR_AL-07051211002043-1036.AV0.xml
1980 urn_EOP_ING_EOLI_ESA.EECF.ALOS_PSR_FD_AL-07060822165864-1640.Pfd.xml
1981 urn_EOP_ING_EOLI_ESA.EECF.ALOS_AVNIR_AL-07060510501542-1036.AV0.xml
1982 urn_EOP_ING_EOLI_ESA.EECF.ENVISAT_ASA_GMI_1S_EN1-07081710515193-31932.XGI.xml
1983 urn_EOP_ING_EOLI_ESA.EECF.ALOS_AVNIR_AL-07011611055420-1036.AV0.xml
1984 urn_EOP_ING_EOLI_ESA.EECF.ALOS_AVNIR_AL-07031410231870-1036.AV0.xml
1985 urn_EOP_ING_EOLI_ESA.EECF.ALOS_AVNIR_AL-07010510121104-1036.AV0.xml
1986 urn_EOP_ING_EOLI_ESA.EECF.ALOS_PSM_O1_AL-07012510391412-518.Pr1.xml
1987 urn_EOP_ING_EOLI_ESA.EECF.ENVISAT_ASA_APx_xS_EN1-07021410320580-3813.XPC.xml
1988 urn_EOP_ING_EOLI_ESA.EECF.ENVISAT_ASA_GMI_1S_EN1-07010222293585-75122.XGI.xml
1989 urn_EOP_ING_EOLI_ESA.EECF.ENVISAT_ASA_GMI_1S_EN1-07110420451210-22494.XGI.xml
1990 urn_EOP_ING_EOLI_ESA.EECF.ALOS_AVNIR_AL-07060710302874-1036.AV0.xml
1991 urn_EOP_ING_EOLI_ESA.EECF.ENVISAT_ASA_GMI_1S_EN1-07052209434214-55642.XGI.xml
1992 urn_EOP_ING_EOLI_ESA.EECF.ALOS_PSR_FD_AL-07060721354788-1640.Pfd.xml
1993 urn_EOP_ING_EOLI_ESA.EECF.ALOS_AVNIR_AL-07041611225004-1036.AV0.xml
1994 urn_EOP_ING_EOLI_ESA.EECF.ENVISAT_ASA_GMI_1S_EN1-07072621462033-82747.XGI.xml
1995 urn_EOP_ING_EOLI_ESA.EECF.ALOS_AVNIR_AL-07060811141555-1036.AV0.xml
1996 urn_EOP_ING_EOLI_ESA.EECF.ALOS_AVNIR_AL-07051110182001-1036.AV0.xml
1997 urn_EOP_ING_EOLI_ESA.EECF.ENVISAT_ASA_GMI_1S_EN1-07110720315502-124125.XGI.xml
1998 urn_EOP_ING_EOLI_ESA.EECF.ALOS_PSM_O1_AL-07012111161799-518.Pr1.xml
1999 urn_EOP_ING_EOLI_ESA.EECF.ALOS_PSM_O1_AL-07012111123622-518.Pr1.xml
2000 urn_EOP_ING_EOLI_ESA.EECF.ALOS_PSR_FD_AL-07011810492611-1640.Pfd.xml
2001 urn_EOP_ING_EOLI_ESA.EECF.ENVISAT_ASA_APx_xS_EN1-07052009014266-4170.XPC.xml
2002 urn_EOP_ING_EOLI_ESA.EECF.ALOS_PSR_FD_AL-07061021594023-1640.Pfd.xml
2003 urn_EOP_ING_EOLI_ESA.EECF.ENVISAT_ASA_GMI_1S_EN1-07110810391185-14265.XGI.xml
2004 urn_EOP_ING_EOLI_ESA.EECF.ENVISAT_ASA_GMI_1S_EN1-07101020283449-21286.XGI.xml
2005 urn_EOP_ING_EOLI_ESA.EECF.ALOS_PSR_FD_AL-07060822194291-1640.Pfd.xml
2006 urn_EOP_ING_EOLI_ESA.EECF.ALOS_PSM_O1_AL-07020910580220-518.Pr1.xml
2007 urn_EOP_ING_EOLI_ESA.EECF.ENVISAT_ASA_GMI_1S_EN1-07010220480305-84561.XGI.xml
2008 urn_EOP_ING_EOLI_ESA.EECF.ALOS_PSR_FD_AL-07060923015152-1640.Pfd.xml
2009 urn_EOP_ING_EOLI_ESA.EECF.ALOS_AVNIR_AL-07041811060434-1036.AV0.xml
2010 urn_EOP_ING_EOLI_ESA.EECF.ALOS_AVNIR_AL-07011409440429-1036.AV0.xml
2011 urn_EOP_ING_EOLI_ESA.EECF.ALOS_AVNIR_AL-07040810560486-1036.AV0.xml
2012 urn_EOP_ING_EOLI_ESA.EECF.ALOS_AVNIR_AL-07052410544262-1036.AV0.xml
2013 urn_EOP_ING_EOLI_ESA.EECF.ALOS_AVNIR_AL-07060311060383-1036.AV0.xml
2014 urn_EOP_ING_EOLI_ESA.EECF.ENVISAT_ASA_GMI_1S_EN1-07122420504520-174336.XGI.xml
2015 urn_EOP_ING_EOLI_ESA.EECF.ENVISAT_ASA_GMI_1S_EN1-07051110255841-30723.XGI.xml
2016 urn_EOP_ING_EOLI_ESA.EECF.ALOS_AVNIR_AL-07042609580866-1036.AV0.xml
2017 urn_EOP_ING_EOLI_ESA.EECF.ENVISAT_ASA_GMI_1S_EN1-07101221043462-11847.XGI.xml
2018 urn_EOP_ING_EOLI_ESA.EECF.ALOS_AVNIR_AL-07011710093637-1036.AV0.xml
2019 urn_EOP_ING_EOLI_ESA.EECF.ALOS_PSR_FD_AL-07061022034662-1640.Pfd.xml
2020 urn_EOP_ING_EOLI_ESA.EECF.ENVISAT_ASA_GMI_1S_EN1-07071410151666-14869.XGI.xml
2021 urn_EOP_ING_EOLI_ESA.EECF.ALOS_PSM_O1_AL-07020910570061-518.Pr1.xml
2022 urn_EOP_ING_EOLI_ESA.EECF.ENVISAT_ASA_GMI_1S_EN1-07110720501179-21286.XGI.xml
2023 urn_EOP_ING_EOLI_ESA.EECF.ALOS_PSR_FD_AL-07010510101639-1640.Pfd.xml
2024 urn_EOP_ING_EOLI_ESA.EECF.ALOS_AVNIR_AL-07041111191654-1036.AV0.xml
2025 urn_EOP_ING_EOLI_ESA.EECF.ALOS_AVNIR_AL-07011409435608-1036.AV0.xml
2026 urn_EOP_ING_EOLI_ESA.EECF.ENVISAT_ASA_GMI_1S_EN1-07041621164374-121709.XGI.xml
2027 urn_EOP_ING_EOLI_ESA.EECF.ALOS_AVNIR_AL-07042710395797-1036.AV0.xml
2028 urn_EOP_ING_EOLI_ESA.EECF.ALOS_AVNIR_AL-07011211380182-1036.AV0.xml
2029 urn_EOP_ING_EOLI_ESA.EECF.ENVISAT_ASA_APx_xS_EN1-07112108510039-3813.XPV.xml
2030 urn_EOP_ING_EOLI_ESA.EECF.ENVISAT_ASA_IMx_xS_EN1-07012109422170-12256.XI.xml
2031 urn_EOP_ING_EOLI_ESA.EECF.ALOS_AVNIR_AL-07021911121224-1036.AV0.xml
2032 urn_EOP_ING_EOLI_ESA.EECF.ENVISAT_ASA_GMI_1S_EN1-07081221184908-21285.XGI.xml
2033 urn_EOP_ING_EOLI_ESA.EECF.ALOS_AVNIR_AL-07051210563049-1036.AV0.xml
2034 urn_EOP_ING_EOLI_ESA.EECF.ENVISAT_ASA_GMI_1S_EN1-07071920204165-130543.XGI.xml
2035 urn_EOP_ING_EOLI_ESA.EECF.ALOS_AVNIR_AL-07031511022712-1036.AV0.xml
2036 urn_EOP_ING_EOLI_ESA.EECF.ALOS_AVNIR_AL-07052711181069-1036.AV0.xml
2037 urn_EOP_ING_EOLI_ESA.EECF.ENVISAT_ASA_GMI_1S_EN1-07051209572332-25515.XGI.xml
2038 urn_EOP_ING_EOLI_ESA.EECF.ALOS_AVNIR_AL-07040210072920-1036.AV0.xml
2039 urn_EOP_ING_EOLI_ESA.EECF.ENVISAT_ASA_IMx_xS_EN1-07011310342958-24722.XI.xml
2040 urn_EOP_ING_EOLI_ESA.EECF.ALOS_AVNIR_AL-07041510431762-1036.AV0.xml
2041 urn_EOP_ING_EOLI_ESA.EECF.ALOS_AVNIR_AL-07041510425298-1036.AV0.xml
2042 urn_EOP_ING_EOLI_ESA.EECF.ALOS_AVNIR_AL-07051011152747-1036.AV0.xml
2043 urn_EOP_ING_EOLI_ESA.EECF.ENVISAT_ASA_GMI_1S_EN1-07032209595538-24307.XGI.xml
2044 urn_EOP_ING_EOLI_ESA.EECF.ENVISAT_ASA_GMI_1S_EN1-07040209103532-15473.XGI.xml
2045 urn_EOP_ING_EOLI_ESA.EECF.ALOS_PSR_FD_AL-07061022012701-1640.Pfd.xml
2046 urn_EOP_ING_EOLI_ESA.EECF.ALOS_AVNIR_AL-07051211010972-1036.AV0.xml
2047 urn_EOP_ING_EOLI_ESA.EECF.ENVISAT_ASA_GMI_1S_EN1-07022021490823-85165.XGI.xml
2048 urn_EOP_ING_EOLI_ESA.EECF.ENVISAT_ASA_IMx_xS_EN1-07011610383852-3462.XI.xml
2049 urn_EOP_ING_EOLI_ESA.EECF.ALOS_AVNIR_AL-07042410153854-1036.AV0.xml
2050 urn_EOP_ING_EOLI_ESA.EECF.ALOS_PSR_FD_AL-07060922584263-1640.Pfd.xml
2051 urn_EOP_ING_EOLI_ESA.EECF.ALOS_AVNIR_AL-07040810544272-1036.AV0.xml
2052 urn_EOP_ING_EOLI_ESA.EECF.ALOS_AVNIR_AL-07030710331279-1036.AV0.xml
2053 urn_EOP_ING_EOLI_ESA.EECF.ALOS_AVNIR_AL-07060609532427-1036.AV0.xml
2054 urn_EOP_ING_EOLI_ESA.EECF.ALOS_AVNIR_AL-07052711150182-1036.AV0.xml
2055 urn_EOP_ING_EOLI_ESA.EECF.ALOS_AVNIR_AL-07051211013436-1036.AV0.xml
2056 urn_EOP_ING_EOLI_ESA.EECF.ALOS_AVNIR_AL-07030811123700-1036.AV0.xml
2057 urn_EOP_ING_EOLI_ESA.EECF.ENVISAT_ASA_GMI_1S_EN1-07080508340685-80935.XGI.xml
2058 urn_EOP_ING_EOLI_ESA.EECF.ALOS_AVNIR_AL-07031311203409-1036.AV0.xml
2059 urn_EOP_ING_EOLI_ESA.EECF.ALOS_PSM_O1_AL-07012510384949-518.Pr1.xml
2060 urn_EOP_ING_EOLI_ESA.EECF.ENVISAT_ASA_GMI_1S_EN1-07080621060402-15472.XGI.xml
2061 urn_EOP_ING_EOLI_ESA.EECF.ALOS_AVNIR_AL-07050410281519-1036.AV0.xml
2062 urn_EOP_ING_EOLI_ESA.EECF.ENVISAT_ASA_GMI_1S_EN1-07062410480719-40766.XGI.xml
2063 urn_EOP_ING_EOLI_ESA.EECF.ALOS_PSM_O1_AL-07012510395519-518.Pr1.xml
2064 urn_EOP_ING_EOLI_ESA.EECF.ALOS_AVNIR_AL-07041510421192-1036.AV0.xml
2065 urn_EOP_ING_EOLI_ESA.EECF.ALOS_PSR_FD_AL-07060921241418-1640.Pfd.xml
2066 urn_EOP_ING_EOLI_ESA.EECF.ENVISAT_ASA_IMx_xS_EN1-07011209260693-15317.XI.xml
2067 urn_EOP_ING_EOLI_ESA.EECF.ENVISAT_ASA_GMI_1S_EN1-07040310210908-21890.XGI.xml
2068 urn_EOP_ING_EOLI_ESA.EECF.ALOS_AVNIR_AL-07042410162782-1036.AV0.xml
2069 urn_EOP_ING_EOLI_ESA.EECF.ALOS_AVNIR_AL-07042510563098-1036.AV0.xml
2070 urn_EOP_ING_EOLI_ESA.EECF.ENVISAT_ASA_GMI_1S_EN1-07020620383143-172525.XGI.xml
2071 urn_EOP_ING_EOLI_ESA.EECF.ALOS_AVNIR_AL-07060809333752-1036.AV0.xml
2072 urn_EOP_ING_EOLI_ESA.EECF.ENVISAT_ASA_GMI_1S_EN1-07020519515938-21890.XGI.xml
2073 urn_EOP_ING_EOLI_ESA.EECF.ENVISAT_ASA_GMI_1S_EN1-07090420480249-82143.XGI.xml
2074 urn_EOP_ING_EOLI_ESA.EECF.ALOS_AVNIR_AL-07010411125143-1036.AV0.xml
2075 urn_EOP_ING_EOLI_ESA.EECF.ALOS_PSM_O1_AL-07012111125675-518.Pr1.xml
2076 urn_EOP_ING_EOLI_ESA.EECF.ALOS_AVNIR_AL-07060111242810-1036.AV0.xml
2077 urn_EOP_ING_EOLI_ESA.EECF.ALOS_AVNIR_AL-07010711340971-1036.AV0.xml
2078 urn_EOP_ING_EOLI_ESA.EECF.ALOS_PSM_O1_AL-07012111143941-518.Pr1.xml
2079 urn_EOP_ING_EOLI_ESA.EECF.ENVISAT_ASA_GMI_1S_EN1-07111920503207-182566.XGI.xml
2080 urn_EOP_ING_EOLI_ESA.EECF.ALOS_PSM_O1_AL-07012510393466-518.Pr1.xml
2081 urn_EOP_ING_EOLI_ESA.EECF.ALOS_AVNIR_AL-07041811074289-1036.AV0.xml
2082 urn_EOP_ING_EOLI_ESA.EECF.ALOS_AVNIR_AL-07031311211516-1036.AV0.xml
2083 urn_EOP_ING_EOLI_ESA.EECF.ALOS_AVNIR_AL-07030811130164-1036.AV0.xml
2084 urn_EOP_ING_EOLI_ESA.EECF.ENVISAT_ASA_IMx_xS_EN1-07010822475112-2349.XI.xml
2085 urn_EOP_ING_EOLI_ESA.EECF.ALOS_AVNIR_AL-07021911084694-1036.AV0.xml
2086 urn_EOP_ING_EOLI_ESA.EECF.ALOS_AVNIR_AL-07031111354888-1036.AV0.xml
2087 urn_EOP_ING_EOLI_ESA.EECF.ALOS_AVNIR_AL-07031010563265-1036.AV0.xml
2088 urn_EOP_ING_EOLI_ESA.EECF.ALOS_AVNIR_AL-07052709404975-1036.AV0.xml
2089 urn_EOP_ING_EOLI_ESA.EECF.ALOS_AVNIR_AL-07052711152645-1036.AV0.xml
2090 urn_EOP_ING_EOLI_ESA.EECF.ALOS_AVNIR_AL-07050410283162-1036.AV0.xml
2091 urn_EOP_ING_EOLI_ESA.EECF.ALOS_AVNIR_AL-07021911094442-1036.AV0.xml
2092 urn_EOP_ING_EOLI_ESA.EECF.ENVISAT_ASA_GMI_1S_EN1-07041420380452-124729.XGI.xml
2093 urn_EOP_ING_EOLI_ESA.EECF.ALOS_PSM_O1_AL-07012111154102-518.Pr1.xml
2094 urn_EOP_ING_EOLI_ESA.EECF.ALOS_AVNIR_AL-07010310302595-1036.AV0.xml
2095 urn_EOP_ING_EOLI_ESA.EECF.ALOS_AVNIR_AL-07060809351607-1036.AV0.xml
2096 urn_EOP_ING_EOLI_ESA.EECF.ALOS_PSR_FD_AL-07060921191032-1640.Pfd.xml
2097 urn_EOP_ING_EOLI_ESA.EECF.ALOS_AVNIR_AL-07041010361050-1036.AV0.xml
2098 urn_EOP_ING_EOLI_ESA.EECF.ALOS_AVNIR_AL-07010911185541-1036.AV0.xml
2099 urn_EOP_ING_EOLI_ESA.EECF.ALOS_PSM_O1_AL-07012510380021-518.Pr1.xml
2100 urn_EOP_ING_EOLI_ESA.EECF.ALOS_AVNIR_AL-07041510422835-1036.AV0.xml
2101 urn_EOP_ING_EOLI_ESA.EECF.ENVISAT_ASA_APx_xS_EN1-07030808585535-3816.XPC.xml
2102 urn_EOP_ING_EOLI_ESA.EECF.ENVISAT_ASA_GMI_1S_EN1-07112721490228-82144.XGI.xml
2103 urn_EOP_ING_EOLI_ESA.EECF.ALOS_AVNIR_AL-07052711194925-1036.AV0.xml
2104 urn_EOP_ING_EOLI_ESA.EECF.ALOS_AVNIR_AL-07052711202211-1036.AV0.xml
2105 urn_EOP_ING_EOLI_ESA.EECF.ENVISAT_ASA_GMI_1S_EN1-07100710485382-32536.XGI.xml
2106 urn_EOP_ING_EOLI_ESA.EECF.ALOS_AVNIR_AL-07031410233513-1036.AV0.xml
2107 urn_EOP_ING_EOLI_ESA.EECF.ENVISAT_ASA_GMI_1S_EN1-07011620015668-151836.XGI.xml
2108 urn_EOP_ING_EOLI_ESA.EECF.ENVISAT_ASA_GMI_1S_EN1-07101521055883-30723.XGI.xml
2109 urn_EOP_ING_EOLI_ESA.EECF.ALOS_AVNIR_AL-07010810371927-1036.AV0.xml
2110 urn_EOP_ING_EOLI_ESA.EECF.ENVISAT_ASA_GMI_1S_EN1-07110120393362-23098.XGI.xml
2111 urn_EOP_ING_EOLI_ESA.EECF.ALOS_AVNIR_AL-07032311331166-1036.AV0.xml
2112 urn_EOP_ING_EOLI_ESA.EECF.ALOS_AVNIR_AL-07042210302137-1036.AV0.xml
2113 urn_EOP_ING_EOLI_ESA.EECF.ALOS_PSM_O1_AL-07020410531672-518.Pr1.xml
2114 urn_EOP_ING_EOLI_ESA.EECF.ENVISAT_ASA_IMx_xS_EN1-07010609134776-12271.XI.xml
2115 urn_EOP_ING_EOLI_ESA.EECF.ALOS_AVNIR_AL-07031511021891-1036.AV0.xml
2116 urn_EOP_ING_EOLI_ESA.EECF.ALOS_AVNIR_AL-07052709411440-1036.AV0.xml
2117 urn_EOP_ING_EOLI_ESA.EECF.ENVISAT_ASA_GMI_1S_EN1-07032421412240-115896.XGI.xml
2118 urn_EOP_ING_EOLI_ESA.EECF.ALOS_PSM_O1_AL-07020910560724-518.Pr1.xml
2119 urn_EOP_ING_EOLI_ESA.EECF.ENVISAT_ASA_GMI_1S_EN1-07050620411685-174337.XGI.xml
2120 urn_EOP_ING_EOLI_ESA.EECF.ENVISAT_ASA_GMI_1S_EN1-07060420534215-11243.XGI.xml
2121 urn_EOP_ING_EOLI_ESA.EECF.ALOS_AVNIR_AL-07031111361352-1036.AV0.xml
2122 urn_EOP_ING_EOLI_ESA.EECF.ALOS_AVNIR_AL-07042311125430-1036.AV0.xml
2123 urn_EOP_ING_EOLI_ESA.EECF.ENVISAT_ASA_GMI_1S_EN1-07010708311347-111666.XGI.xml
2124 urn_EOP_ING_EOLI_ESA.EECF.ALOS_AVNIR_AL-07012710221380-1036.AV0.xml
2125 urn_EOP_ING_EOLI_ESA.EECF.ALOS_AVNIR_AL-07052509554852-1036.AV0.xml
2126 urn_EOP_ING_EOLI_ESA.EECF.ALOS_AVNIR_AL-07040210081027-1036.AV0.xml
2127 urn_EOP_ING_EOLI_ESA.EECF.ENVISAT_ASA_GMI_1S_EN1-07010121315116-11847.XGI.xml
2128 urn_EOP_ING_EOLI_ESA.EECF.ENVISAT_ASA_APx_xS_EN1-07071220535141-10294.XPH.xml
2129 urn_EOP_ING_EOLI_ESA.EECF.ENVISAT_ASA_GMI_1S_EN1-07090522073839-11243.XGI.xml
2130 urn_EOP_ING_EOLI_ESA.EECF.ALOS_PSM_O1_AL-07012510384127-518.Pr1.xml
2131 urn_EOP_ING_EOLI_ESA.EECF.ALOS_AVNIR_AL-07031010562443-1036.AV0.xml
2132 urn_EOP_ING_EOLI_ESA.EECF.ENVISAT_ASA_GMI_1S_EN1-07121621515431-82144.XGI.xml
2133 urn_EOP_ING_EOLI_ESA.EECF.ALOS_AVNIR_AL-07052711201389-1036.AV0.xml
2134 urn_EOP_ING_EOLI_ESA.EECF.ENVISAT_ASA_APx_xS_EN1-07071521000405-12344.XPH.xml
2135 urn_EOP_ING_EOLI_ESA.EECF.ALOS_AVNIR_AL-07031010565729-1036.AV0.xml
2136 urn_EOP_ING_EOLI_ESA.EECF.ENVISAT_ASA_APx_xS_EN1-07100709013868-3946.XPC.xml
2137 urn_EOP_ING_EOLI_ESA.EECF.ALOS_AVNIR_AL-07010411122679-1036.AV0.xml
2138 urn_EOP_ING_EOLI_ESA.EECF.ALOS_AVNIR_AL-07052310143718-1036.AV0.xml
2139 urn_EOP_ING_EOLI_ESA.EECF.ALOS_AVNIR_AL-07052410540977-1036.AV0.xml
2140 urn_EOP_ING_EOLI_ESA.EECF.ALOS_AVNIR_AL-07031311184732-1036.AV0.xml
2141 urn_EOP_ING_EOLI_ESA.EECF.ALOS_PSM_O1_AL-07011611034537-518.Pr1.xml
2142 urn_EOP_ING_EOLI_ESA.EECF.ENVISAT_ASA_GMI_1S_EN1-07091321164400-23098.XGI.xml
2143 urn_EOP_ING_EOLI_ESA.EECF.ALOS_AVNIR_AL-07050910344940-1036.AV0.xml
2144 urn_EOP_ING_EOLI_ESA.EECF.ALOS_PSM_O1_AL-07021110401570-518.Pr1.xml
2145 urn_EOP_ING_EOLI_ESA.EECF.ALOS_AVNIR_AL-07021911122867-1036.AV0.xml
2146 urn_EOP_ING_EOLI_ESA.EECF.ENVISAT_ASA_GMI_1S_EN1-07070609313023-64476.XGI.xml
2147 urn_EOP_ING_EOLI_ESA.EECF.ENVISAT_ASA_APx_xS_EN1-07040421095988-3900.XPH.xml
2148 urn_EOP_ING_EOLI_ESA.EECF.ENVISAT_ASA_APx_xS_EN1-07091411050065-3900.XPH.xml
2149 urn_EOP_ING_EOLI_ESA.EECF.ALOS_AVNIR_AL-07010110471025-1036.AV0.xml
2150 urn_EOP_ING_EOLI_ESA.EECF.ALOS_AVNIR_AL-07031010552695-1036.AV0.xml
2151 urn_EOP_ING_EOLI_ESA.EECF.ALOS_AVNIR_AL-07060510500721-1036.AV0.xml
2152 urn_EOP_ING_EOLI_ESA.EECF.ALOS_AVNIR_AL-07030410082216-1036.AV0.xml
2153 urn_EOP_ING_EOLI_ESA.EECF.ALOS_AVNIR_AL-07040409472712-1036.AV0.xml
2154 urn_EOP_ING_EOLI_ESA.EECF.ALOS_PSM_O1_AL-07012111133371-518.Pr1.xml
2155 urn_EOP_ING_EOLI_ESA.EECF.ENVISAT_ASA_GMI_1S_EN1-07041120320722-125334.XGI.xml
2156 urn_EOP_ING_EOLI_ESA.EECF.ENVISAT_ASA_GMI_1S_EN1-07090908472797-45600.XGI.xml
2157 urn_EOP_ING_EOLI_ESA.EECF.ALOS_AVNIR_AL-07011611072454-1036.AV0.xml
2158 urn_EOP_ING_EOLI_ESA.EECF.ENVISAT_ASA_GMI_1S_EN1-07080620503954-171920.XGI.xml
2159 urn_EOP_ING_EOLI_ESA.EECF.ALOS_AVNIR_AL-07060311065310-1036.AV0.xml
2160 urn_EOP_ING_EOLI_ESA.EECF.ENVISAT_ASA_IMx_xS_EN1-07010221021912-3278.XI.xml
2161 urn_EOP_ING_EOLI_ESA.EECF.ALOS_AVNIR_AL-07050509321364-1036.AV0.xml
2162 urn_EOP_ING_EOLI_ESA.EECF.ENVISAT_ASA_APx_xS_EN1-07110411021450-3900.XPC.xml
2163 urn_EOP_ING_EOLI_ESA.EECF.ALOS_PSM_O1_AL-07021110404033-518.Pr1.xml
2164 urn_EOP_ING_EOLI_ESA.EECF.ENVISAT_ASA_GMI_1S_EN1-07092208244988-111061.XGI.xml
2165 urn_EOP_ING_EOLI_ESA.EECF.ALOS_AVNIR_AL-07030410083037-1036.AV0.xml
2166 urn_EOP_ING_EOLI_ESA.EECF.ALOS_AVNIR_AL-07060811130164-1036.AV0.xml
2167 urn_EOP_ING_EOLI_ESA.EECF.ALOS_AVNIR_AL-07050811312396-1036.AV0.xml
2168 urn_EOP_ING_EOLI_ESA.EECF.ALOS_AVNIR_AL-07032710580212-1036.AV0.xml
2169 urn_EOP_ING_EOLI_ESA.EECF.ALOS_AVNIR_AL-07052709405797-1036.AV0.xml
2170 urn_EOP_ING_EOLI_ESA.EECF.ALOS_AVNIR_AL-07052711164036-1036.AV0.xml
2171 urn_EOP_ING_EOLI_ESA.EECF.ALOS_AVNIR_AL-07032511141483-1036.AV0.xml
2172 urn_EOP_ING_EOLI_ESA.EECF.ALOS_AVNIR_AL-07040111064778-1036.AV0.xml
2173 urn_EOP_ING_EOLI_ESA.EECF.ENVISAT_ASA_GMI_1S_EN1-07012220314898-20682.XGI.xml
2174 urn_EOP_ING_EOLI_ESA.EECF.ALOS_AVNIR_AL-07060811153769-1036.AV0.xml
2175 urn_EOP_ING_EOLI_ESA.EECF.ALOS_AVNIR_AL-07041910095439-1036.AV0.xml
2176 urn_EOP_ING_EOLI_ESA.EECF.ALOS_AVNIR_AL-07040210072099-1036.AV0.xml
2177 urn_EOP_ING_EOLI_ESA.EECF.ALOS_AVNIR_AL-07042210320813-1036.AV0.xml
2178 urn_EOP_ING_EOLI_ESA.EECF.ALOS_AVNIR_AL-07050811335999-1036.AV0.xml
2179 urn_EOP_ING_EOLI_ESA.EECF.ENVISAT_ASA_GMI_1S_EN1-07071421334666-15473.XGI.xml
2180 urn_EOP_ING_EOLI_ESA.EECF.ALOS_AVNIR_AL-07060609542177-1036.AV0.xml
2181 urn_EOP_ING_EOLI_ESA.EECF.ALOS_AVNIR_AL-07052709412261-1036.AV0.xml
2182 urn_EOP_ING_EOLI_ESA.EECF.ALOS_AVNIR_AL-07042609584151-1036.AV0.xml
2183 urn_EOP_ING_EOLI_ESA.EECF.ENVISAT_ASA_GMI_1S_EN1-07091409292180-84560.XGI.xml
2184 urn_EOP_ING_EOLI_ESA.EECF.ALOS_AVNIR_AL-07060410090451-1036.AV0.xml
2185 urn_EOP_ING_EOLI_ESA.EECF.ALOS_AVNIR_AL-07052511345623-1036.AV0.xml
2186 urn_EOP_ING_EOLI_ESA.EECF.ALOS_AVNIR_AL-07060510491794-1036.AV0.xml
2187 urn_EOP_ING_EOLI_ESA.EECF.ENVISAT_ASA_APx_xS_EN1-07070611050449-3899.XPH.xml
2188 urn_EOP_ING_EOLI_ESA.EECF.ENVISAT_ASA_GMI_1S_EN1-07012120411275-183171.XGI.xml
2189 urn_EOP_ING_EOLI_ESA.EECF.ENVISAT_ASA_GMI_1S_EN1-07061821380293-110458.XGI.xml
2190 urn_EOP_ING_EOLI_ESA.EECF.ENVISAT_ASA_GMI_1S_EN1-07072520320095-121708.XGI.xml
2191 urn_EOP_ING_EOLI_ESA.EECF.ENVISAT_ASA_GMI_1S_EN1-07071021523759-41975.XGI.xml
2192 urn_EOP_ING_EOLI_ESA.EECF.ENVISAT_ASA_APx_xS_EN1-07090209013883-4392.XPC.xml
2193 urn_EOP_ING_EOLI_ESA.EECF.ALOS_AVNIR_AL-07040111050922-1036.AV0.xml
2194 urn_EOP_ING_EOLI_ESA.EECF.ALOS_PSR_FD_AL-07060822171507-1640.Pfd.xml
2195 urn_EOP_ING_EOLI_ESA.EECF.ENVISAT_ASA_GMI_1S_EN1-07051022065363-80935.XGI.xml
2196 urn_EOP_ING_EOLI_ESA.EECF.ALOS_PSM_O1_AL-07021110423942-518.Pr1.xml
2197 urn_EOP_ING_EOLI_ESA.EECF.ENVISAT_ASA_GMI_1S_EN1-07102610514684-12452.XGI.xml
2198 urn_EOP_ING_EOLI_ESA.EECF.ALOS_AVNIR_AL-07060210262324-1036.AV0.xml
2199 urn_EOP_ING_EOLI_ESA.EECF.ENVISAT_ASA_GMI_1S_EN1-07120622064607-71497.XGI.xml
2200 urn_EOP_ING_EOLI_ESA.EECF.ALOS_AVNIR_AL-07042609585793-1036.AV0.xml
2201 urn_EOP_ING_EOLI_ESA.EECF.ALOS_AVNIR_AL-07011411251521-1036.AV0.xml
2202 urn_EOP_ING_EOLI_ESA.EECF.ALOS_PSM_O1_AL-07020410533315-518.Pr1.xml
2203 urn_EOP_ING_EOLI_ESA.EECF.ALOS_AVNIR_AL-07031311185554-1036.AV0.xml
2204 urn_EOP_ING_EOLI_ESA.EECF.ALOS_PSR_FD_AL-07060822202397-1640.Pfd.xml
2205 urn_EOP_ING_EOLI_ESA.EECF.ENVISAT_ASA_GMI_1S_EN1-07082410272981-11847.XGI.xml
2206 urn_EOP_ING_EOLI_ESA.EECF.ENVISAT_ASA_IMx_xS_EN1-07010710234148-21814.XI.xml
2207 urn_EOP_ING_EOLI_ESA.EECF.ALOS_PSR_FD_AL-07060721362895-1640.Pfd.xml
2208 urn_EOP_ING_EOLI_ESA.EECF.ENVISAT_ASA_GMI_1S_EN1-07041921222713-125334.XGI.xml
2209 urn_EOP_ING_EOLI_ESA.EECF.ALOS_AVNIR_AL-07032309522541-1036.AV0.xml
2210 urn_EOP_ING_EOLI_ESA.EECF.ALOS_AVNIR_AL-07041710263192-1036.AV0.xml
2211 urn_EOP_ING_EOLI_ESA.EECF.ENVISAT_ASA_GMI_1S_EN1-07052220480375-84560.XGI.xml
2212 urn_EOP_ING_EOLI_ESA.EECF.ENVISAT_ASA_GMI_1S_EN1-07080320505576-111666.XGI.xml
2213 urn_EOP_ING_EOLI_ESA.EECF.ALOS_AVNIR_AL-07060809341858-1036.AV0.xml
2214 urn_EOP_ING_EOLI_ESA.EECF.ALOS_AVNIR_AL-07050811334357-1036.AV0.xml
2215 urn_EOP_ING_EOLI_ESA.EECF.ENVISAT_ASA_APx_xS_EN1-07032022180258-3817.XPC.xml
2216 urn_EOP_ING_EOLI_ESA.EECF.ENVISAT_ASA_GMI_1S_EN1-07051121454041-11847.XGI.xml
2217 urn_EOP_ING_EOLI_ESA.EECF.ALOS_PSR_FD_AL-07060921222743-1640.Pfd.xml
2218 urn_EOP_ING_EOLI_ESA.EECF.ENVISAT_ASA_IMx_xS_EN1-07011222235460-13103.XI.xml
2219 urn_EOP_ING_EOLI_ESA.EECF.ALOS_AVNIR_AL-07030710325636-1036.AV0.xml
2220 urn_EOP_ING_EOLI_ESA.EECF.ALOS_AVNIR_AL-07022510192161-1036.AV0.xml
2221 urn_EOP_ING_EOLI_ESA.EECF.ALOS_AVNIR_AL-07032311314132-1036.AV0.xml
2222 urn_EOP_ING_EOLI_ESA.EECF.ENVISAT_ASA_GMI_1S_EN1-07010720033820-13660.XGI.xml
2223 urn_EOP_ING_EOLI_ESA.EECF.ALOS_AVNIR_AL-07051211010150-1036.AV0.xml
2224 urn_EOP_ING_EOLI_ESA.EECF.ENVISAT_ASA_GMI_1S_EN1-07121008424643-95207.XGI.xml
2225 urn_EOP_ING_EOLI_ESA.EECF.ALOS_AVNIR_AL-07051310010169-1036.AV0.xml
2226 urn_EOP_ING_EOLI_ESA.EECF.ALOS_PSM_O1_AL-07012510385770-518.Pr1.xml
2227 urn_EOP_ING_EOLI_ESA.EECF.ALOS_AVNIR_AL-07011710100922-1036.AV0.xml
2228 urn_EOP_ING_EOLI_ESA.EECF.ALOS_AVNIR_AL-07052511352087-1036.AV0.xml
2229 urn_EOP_ING_EOLI_ESA.EECF.ENVISAT_ASA_GMI_1S_EN1-07031210140519-11243.XGI.xml
2230 urn_EOP_ING_EOLI_ESA.EECF.ALOS_AVNIR_AL-07060609535713-1036.AV0.xml
2231 urn_EOP_ING_EOLI_ESA.EECF.ALOS_AVNIR_AL-07010110482417-1036.AV0.xml
2232 urn_EOP_ING_EOLI_ESA.EECF.ALOS_AVNIR_AL-07040411304122-1036.AV0.xml
2233 urn_EOP_ING_EOLI_ESA.EECF.ALOS_AVNIR_AL-07010510113819-1036.AV0.xml
2234 urn_EOP_ING_EOLI_ESA.EECF.ALOS_AVNIR_AL-07041010371620-1036.AV0.xml
2235 urn_EOP_ING_EOLI_ESA.EECF.ENVISAT_ASA_GMI_1S_EN1-07101222351481-72706.XGI.xml
2236 urn_EOP_ING_EOLI_ESA.EECF.ALOS_AVNIR_AL-07041111193296-1036.AV0.xml
2237 urn_EOP_ING_EOLI_ESA.EECF.ENVISAT_ASA_APx_xS_EN1-07062108585846-3813.XPC.xml
2238 urn_EOP_ING_EOLI_ESA.EECF.ALOS_AVNIR_AL-07060609530784-1036.AV0.xml
2239 urn_EOP_ING_EOLI_ESA.EECF.ALOS_PSM_O1_AL-07011111001825-518.Pr1.xml
2240 urn_EOP_ING_EOLI_ESA.EECF.ALOS_AVNIR_AL-07060811135091-1036.AV0.xml
2241 urn_EOP_ING_EOLI_ESA.EECF.ALOS_AVNIR_AL-07041910085690-1036.AV0.xml
2242 urn_EOP_ING_EOLI_ESA.EECF.ENVISAT_ASA_GMI_1S_EN1-07012422380292-70288.XGI.xml
2243 urn_EOP_ING_EOLI_ESA.EECF.ALOS_AVNIR_AL-07032710581854-1036.AV0.xml
2244 urn_EOP_ING_EOLI_ESA.EECF.ALOS_PSM_O1_AL-07012111160156-518.Pr1.xml
2245 urn_EOP_ING_EOLI_ESA.EECF.ALOS_PSM_O1_AL-07012111160977-518.Pr1.xml
2246 urn_EOP_ING_EOLI_ESA.EECF.ENVISAT_ASA_GMI_1S_EN1-07100720234950-11847.XGI.xml
2247 urn_EOP_ING_EOLI_ESA.EECF.ALOS_AVNIR_AL-07042311141643-1036.AV0.xml
2248 urn_EOP_ING_EOLI_ESA.EECF.ENVISAT_ASA_GMI_1S_EN1-07050420253523-14869.XGI.xml
2249 urn_EOP_ING_EOLI_ESA.EECF.ALOS_PSR_FD_AL-07060922593191-1640.Pfd.xml
2250 urn_EOP_ING_EOLI_ESA.EECF.ALOS_AVNIR_AL-07060710331298-1036.AV0.xml
2251 urn_EOP_ING_EOLI_ESA.EECF.ENVISAT_ASA_GMI_1S_EN1-07040222031165-51412.XGI.xml
2252 urn_EOP_ING_EOLI_ESA.EECF.ALOS_PSM_O1_AL-07021110404444-518.Pr1.xml
2253 urn_EOP_ING_EOLI_ESA.EECF.ALOS_PSM_O1_AL-07021110421478-518.Pr1.xml
2254 urn_EOP_ING_EOLI_ESA.EECF.ALOS_AVNIR_AL-07032210541195-1036.AV0.xml
2255 urn_EOP_ING_EOLI_ESA.EECF.ALOS_AVNIR_AL-07052711153466-1036.AV0.xml
2256 urn_EOP_ING_EOLI_ESA.EECF.ALOS_AVNIR_AL-07052711184354-1036.AV0.xml
2257 urn_EOP_ING_EOLI_ESA.EECF.ALOS_AVNIR_AL-07012710204346-1036.AV0.xml
2258 urn_EOP_ING_EOLI_ESA.EECF.ALOS_PSM_O1_AL-07011110591255-518.Pr1.xml
2259 urn_EOP_ING_EOLI_ESA.EECF.ALOS_AVNIR_AL-07030710332921-1036.AV0.xml
2260 urn_EOP_ING_EOLI_ESA.EECF.ENVISAT_ASA_IMx_xS_EN1-07011320141813-14144.XI.xml
2261 urn_EOP_ING_EOLI_ESA.EECF.ENVISAT_ASA_IMx_xS_EN1-07011410045450-3212.XI.xml
2262 urn_EOP_ING_EOLI_ESA.EECF.ENVISAT_ASA_GMI_1S_EN1-07060610093703-14265.XGI.xml
2263 urn_EOP_ING_EOLI_ESA.EECF.ALOS_AVNIR_AL-07051210564691-1036.AV0.xml
2264 urn_EOP_ING_EOLI_ESA.EECF.ENVISAT_ASA_GMI_1S_EN1-07071419545037-33140.XGI.xml
2265 urn_EOP_ING_EOLI_ESA.EECF.ALOS_PSR_FD_AL-07060822173971-1640.Pfd.xml
2266 urn_EOP_ING_EOLI_ESA.EECF.ALOS_PSR_FD_AL-07061022003773-1640.Pfd.xml
2267 urn_EOP_ING_EOLI_ESA.EECF.ALOS_AVNIR_AL-07040810551557-1036.AV0.xml
2268 urn_EOP_ING_EOLI_ESA.EECF.ALOS_AVNIR_AL-07032710573748-1036.AV0.xml
2269 urn_EOP_ING_EOLI_ESA.EECF.ENVISAT_ASA_GMI_1S_EN1-07092221343641-20681.XGI.xml
2270 urn_EOP_ING_EOLI_ESA.EECF.ALOS_PSR_FD_AL-07060723130873-1640.Pfd.xml
2271 urn_EOP_ING_EOLI_ESA.EECF.ALOS_AVNIR_AL-07041710264835-1036.AV0.xml
2272 urn_EOP_ING_EOLI_ESA.EECF.ALOS_AVNIR_AL-07021911124510-1036.AV0.xml
2273 urn_EOP_ING_EOLI_ESA.EECF.ALOS_AVNIR_AL-07041811062076-1036.AV0.xml
2274 urn_EOP_ING_EOLI_ESA.EECF.ENVISAT_ASA_GMI_1S_EN1-07102220494546-21285.XGI.xml
2275 urn_EOP_ING_EOLI_ESA.EECF.ENVISAT_ASA_APx_xS_EN1-07051708585648-3813.XPC.xml
2276 urn_EOP_ING_EOLI_ESA.EECF.ALOS_PSR_FD_AL-07060822175614-1640.Pfd.xml
2277 urn_EOP_ING_EOLI_ESA.EECF.ALOS_PSM_O1_AL-07020910581041-518.Pr1.xml
2278 urn_EOP_ING_EOLI_ESA.EECF.ALOS_AVNIR_AL-07050511095923-1036.AV0.xml
2279 urn_EOP_ING_EOLI_ESA.EECF.ALOS_AVNIR_AL-07010911173328-1036.AV0.xml
2280 urn_EOP_ING_EOLI_ESA.EECF.ALOS_PSM_O1_AL-07020410523976-518.Pr1.xml
2281 urn_EOP_ING_EOLI_ESA.EECF.ENVISAT_ASA_APx_xS_EN1-07070410272642-5067.XPH.xml
2282 urn_EOP_ING_EOLI_ESA.EECF.ALOS_AVNIR_AL-07051210593115-1036.AV0.xml
2283 urn_EOP_ING_EOLI_ESA.EECF.ALOS_AVNIR_AL-07040310480753-1036.AV0.xml
2284 urn_EOP_ING_EOLI_ESA.EECF.ALOS_PSR_FD_AL-07010709532436-1640.Pfd.xml
2285 urn_EOP_ING_EOLI_ESA.EECF.ALOS_PSR_FD_AL-07060921194317-1640.Pfd.xml
2286 urn_EOP_ING_EOLI_ESA.EECF.ENVISAT_ASA_GMI_1S_EN1-07120620203185-122313.XGI.xml
2287 urn_EOP_ING_EOLI_ESA.EECF.ALOS_AVNIR_AL-07050910341655-1036.AV0.xml
2288 urn_EOP_ING_EOLI_ESA.EECF.ALOS_AVNIR_AL-07051810062365-1036.AV0.xml
2289 urn_EOP_ING_EOLI_ESA.EECF.ALOS_AVNIR_AL-07011211390751-1036.AV0.xml
2290 urn_EOP_ING_EOLI_ESA.EECF.ALOS_AVNIR_AL-07050610113794-1036.AV0.xml
2291 urn_EOP_ING_EOLI_ESA.EECF.ALOS_AVNIR_AL-07050811323787-1036.AV0.xml
2292 urn_EOP_ING_EOLI_ESA.EECF.ENVISAT_ASA_GMI_1S_EN1-07080120275486-52017.XGI.xml
2293 urn_EOP_ING_EOLI_ESA.EECF.ENVISAT_ASA_GMI_1S_EN1-07020121461518-85769.XGI.xml
2294 urn_EOP_ING_EOLI_ESA.EECF.ENVISAT_ASA_APx_xS_EN1-07052410203531-3817.XPC.xml
2295 urn_EOP_ING_EOLI_ESA.EECF.ALOS_AVNIR_AL-07011710103387-1036.AV0.xml
2296 urn_EOP_ING_EOLI_ESA.EECF.ALOS_AVNIR_AL-07012710213274-1036.AV0.xml
2297 urn_EOP_ING_EOLI_ESA.EECF.ALOS_AVNIR_AL-07060410092915-1036.AV0.xml
2298 urn_EOP_ING_EOLI_ESA.EECF.ALOS_PSR_FD_AL-07060822160935-1640.Pfd.xml
2299 urn_EOP_ING_EOLI_ESA.EECF.ENVISAT_ASA_APx_xS_EN1-07051622263677-3814.XPC.xml
2300 urn_EOP_ING_EOLI_ESA.EECF.ALOS_PSM_O1_AL-07020910570472-518.Pr1.xml
2301 urn_EOP_ING_EOLI_ESA.EECF.ALOS_AVNIR_AL-07060609541355-1036.AV0.xml
2302 urn_EOP_ING_EOLI_ESA.EECF.ALOS_AVNIR_AL-07031710452560-1036.AV0.xml
2303 urn_EOP_ING_EOLI_ESA.EECF.ALOS_AVNIR_AL-07041811073467-1036.AV0.xml
2304 urn_EOP_ING_EOLI_ESA.EECF.ALOS_AVNIR_AL-07051011145463-1036.AV0.xml
2305 urn_EOP_ING_EOLI_ESA.EECF.ENVISAT_ASA_GMI_1S_EN1-07020510140419-10639.XGI.xml
2306 urn_EOP_ING_EOLI_ESA.EECF.ENVISAT_ASA_APx_xS_EN1-07070408510823-3899.XPH.xml
2307 urn_EOP_ING_EOLI_ESA.EECF.ALOS_AVNIR_AL-07051210580082-1036.AV0.xml
2308 urn_EOP_ING_EOLI_ESA.EECF.ALOS_AVNIR_AL-07051511230762-1036.AV0.xml
2309 urn_EOP_ING_EOLI_ESA.EECF.ENVISAT_ASA_GMI_1S_EN1-07051410333064-101019.XGI.xml
2310 urn_EOP_ING_EOLI_ESA.EECF.ALOS_AVNIR_AL-07031111363816-1036.AV0.xml
2311 urn_EOP_ING_EOLI_ESA.EECF.ALOS_AVNIR_AL-07041111190011-1036.AV0.xml
2312 urn_EOP_ING_EOLI_ESA.EECF.ENVISAT_ASA_APx_xS_EN1-07040509184676-3813.XPC.xml
2313 urn_EOP_ING_EOLI_ESA.EECF.ALOS_AVNIR_AL-07032210523339-1036.AV0.xml
2314 urn_EOP_ING_EOLI_ESA.EECF.ALOS_AVNIR_AL-07031111391421-1036.AV0.xml
2315 urn_EOP_ING_EOLI_ESA.EECF.ENVISAT_ASA_GMI_1S_EN1-07090921350426-62663.XGI.xml
2316 urn_EOP_ING_EOLI_ESA.EECF.ALOS_AVNIR_AL-07022010100945-1036.AV0.xml
2317 urn_EOP_ING_EOLI_ESA.EECF.ALOS_AVNIR_AL-07050811305933-1036.AV0.xml
2318 urn_EOP_ING_EOLI_ESA.EECF.ALOS_AVNIR_AL-07060710323192-1036.AV0.xml
2319 urn_EOP_ING_EOLI_ESA.EECF.ALOS_AVNIR_AL-07010610545310-1036.AV0.xml
2320 urn_EOP_ING_EOLI_ESA.EECF.ALOS_AVNIR_AL-07031511020249-1036.AV0.xml
2321 urn_EOP_ING_EOLI_ESA.EECF.ALOS_AVNIR_AL-07051209212092-1036.AV0.xml
2322 urn_EOP_ING_EOLI_ESA.EECF.ENVISAT_ASA_IMx_xS_EN1-07012010132801-15396.XI.xml
2323 urn_EOP_ING_EOLI_ESA.EECF.ENVISAT_ASA_IMx_xS_EN1-07011308530507-3372.XI.xml
2324 urn_EOP_ING_EOLI_ESA.EECF.ALOS_AVNIR_AL-07051211002865-1036.AV0.xml
2325 urn_EOP_ING_EOLI_ESA.EECF.ALOS_AVNIR_AL-07050811331893-1036.AV0.xml
2326 urn_EOP_ING_EOLI_ESA.EECF.ALOS_AVNIR_AL-07011611044029-1036.AV0.xml
2327 urn_EOP_ING_EOLI_ESA.EECF.ALOS_PSR_FD_AL-07060721362074-1640.Pfd.xml
2328 urn_EOP_ING_EOLI_ESA.EECF.ENVISAT_ASA_GMI_1S_EN1-07011721223178-41370.XGI.xml
2329 urn_EOP_ING_EOLI_ESA.EECF.ENVISAT_ASA_IMx_xS_EN1-07010909195014-33374.XI.xml
2330 urn_EOP_ING_EOLI_ESA.EECF.ENVISAT_ASA_GMI_1S_EN1-07050410515035-31932.XGI.xml
2331 urn_EOP_ING_EOLI_ESA.EECF.ENVISAT_ASA_GMI_1S_EN1-07101320143611-152440.XGI.xml
2332 urn_EOP_ING_EOLI_ESA.EECF.ENVISAT_ASA_GMI_1S_EN1-07031720182446-125938.XGI.xml
2333 urn_EOP_ING_EOLI_ESA.EECF.ALOS_AVNIR_AL-07052509562137-1036.AV0.xml
2334 urn_EOP_ING_EOLI_ESA.EECF.ALOS_AVNIR_AL-07010709541270-1036.AV0.xml
2335 urn_EOP_ING_EOLI_ESA.EECF.ENVISAT_ASA_APx_xS_EN1-07051022150513-3818.XPC.xml
2336 urn_EOP_ING_EOLI_ESA.EECF.ALOS_AVNIR_AL-07060710334584-1036.AV0.xml
2337 urn_EOP_ING_EOLI_ESA.EECF.ENVISAT_ASA_GMI_1S_EN1-07022310514946-31932.XGI.xml
2338 urn_EOP_ING_EOLI_ESA.EECF.ENVISAT_ASA_APx_xS_EN1-07071521042651-3896.XPH.xml
2339 urn_EOP_ING_EOLI_ESA.EECF.ALOS_AVNIR_AL-07050610120258-1036.AV0.xml
2340 urn_EOP_ING_EOLI_ESA.EECF.ALOS_AVNIR_AL-07011810495043-1036.AV0.xml
2341 urn_EOP_ING_EOLI_ESA.EECF.ENVISAT_ASA_GMI_1S_EN1-07102421074967-182567.XGI.xml
2342 urn_EOP_ING_EOLI_ESA.EECF.ENVISAT_ASA_GMI_1S_EN1-07062121462018-73914.XGI.xml
2343 urn_EOP_ING_EOLI_ESA.EECF.ENVISAT_ASA_GMI_1S_EN1-07072320123863-10639.XGI.xml
2344 urn_EOP_ING_EOLI_ESA.EECF.ENVISAT_ASA_GMI_1S_EN1-07061022322980-74519.XGI.xml
2345 urn_EOP_ING_EOLI_ESA.EECF.ALOS_AVNIR_AL-07050811313218-1036.AV0.xml
2346 urn_EOP_ING_EOLI_ESA.EECF.ALOS_PSM_O1_AL-07021110412961-518.Pr1.xml
2347 urn_EOP_ING_EOLI_ESA.EECF.ALOS_AVNIR_AL-07010411131607-1036.AV0.xml
2348 urn_EOP_ING_EOLI_ESA.EECF.ENVISAT_ASA_IMx_xS_EN1-07012109422170-13720.XI.xml
2349 urn_EOP_ING_EOLI_ESA.EECF.ENVISAT_ASA_GMI_1S_EN1-07100620523625-21285.XGI.xml
2350 urn_EOP_ING_EOLI_ESA.EECF.ALOS_PSR_FD_AL-07060921240597-1640.Pfd.xml
2351 urn_EOP_ING_EOLI_ESA.EECF.ALOS_AVNIR_AL-07052310140433-1036.AV0.xml
2352 urn_EOP_ING_EOLI_ESA.EECF.ENVISAT_ASA_GMI_1S_EN1-07051710422673-63872.XGI.xml
2353 urn_EOP_ING_EOLI_ESA.EECF.ALOS_AVNIR_AL-07042510571204-1036.AV0.xml
2354 urn_EOP_ING_EOLI_ESA.EECF.ALOS_AVNIR_AL-07010911174971-1036.AV0.xml
2355 urn_EOP_ING_EOLI_ESA.EECF.ALOS_AVNIR_AL-07050809563086-1036.AV0.xml
2356 urn_EOP_ING_EOLI_ESA.EECF.ALOS_AVNIR_AL-07052709413082-1036.AV0.xml
2357 urn_EOP_ING_EOLI_ESA.EECF.ALOS_AVNIR_AL-07010510123568-1036.AV0.xml
2358 urn_EOP_ING_EOLI_ESA.EECF.ALOS_PSM_O1_AL-07012111154513-518.Pr1.xml
2359 urn_EOP_ING_EOLI_ESA.EECF.ENVISAT_ASA_APx_xS_EN1-07071821070188-3895.XPC.xml
2360 urn_EOP_ING_EOLI_ESA.EECF.ALOS_AVNIR_AL-07060811142377-1036.AV0.xml
2361 urn_EOP_ING_EOLI_ESA.EECF.ALOS_AVNIR_AL-07040310473468-1036.AV0.xml
2362 urn_EOP_ING_EOLI_ESA.EECF.ALOS_AVNIR_AL-07022310334710-1036.AV0.xml
2363 urn_EOP_ING_EOLI_ESA.EECF.ALOS_AVNIR_AL-07042311124609-1036.AV0.xml
2364 urn_EOP_ING_EOLI_ESA.EECF.ENVISAT_ASA_IMx_xS_EN1-07011520514551-4518.XI.xml
2365 urn_EOP_ING_EOLI_ESA.EECF.ALOS_AVNIR_AL-07042210304601-1036.AV0.xml
2366 urn_EOP_ING_EOLI_ESA.EECF.ALOS_AVNIR_AL-07051711050939-1036.AV0.xml
2367 urn_EOP_ING_EOLI_ESA.EECF.ALOS_AVNIR_AL-07011710092816-1036.AV0.xml
2368 urn_EOP_ING_EOLI_ESA.EECF.ALOS_AVNIR_AL-07051311400939-1036.AV0.xml
2369 urn_EOP_ING_EOLI_ESA.EECF.ALOS_PSR_FD_AL-07010310305921-1640.Pfd.xml
2370 urn_EOP_ING_EOLI_ESA.EECF.ENVISAT_ASA_APx_xS_EN1-07061422151420-4832.XPC.xml
2371 urn_EOP_ING_EOLI_ESA.EECF.ALOS_PSR_FD_AL-07061022005416-1640.Pfd.xml
2372 urn_EOP_ING_EOLI_ESA.EECF.ENVISAT_ASA_GMI_1S_EN1-07020420074829-122312.XGI.xml
2373 urn_EOP_ING_EOLI_ESA.EECF.ALOS_AVNIR_AL-07051310004526-1036.AV0.xml
2374 urn_EOP_ING_EOLI_ESA.EECF.ENVISAT_ASA_GMI_1S_EN1-07071310515249-31932.XGI.xml
2375 urn_EOP_ING_EOLI_ESA.EECF.ALOS_AVNIR_AL-07011611062705-1036.AV0.xml
2376 urn_EOP_ING_EOLI_ESA.EECF.ALOS_AVNIR_AL-07051210585830-1036.AV0.xml
2377 urn_EOP_ING_EOLI_ESA.EECF.ALOS_AVNIR_AL-07021911122046-1036.AV0.xml
2378 urn_EOP_ING_EOLI_ESA.EECF.ALOS_PSR_FD_AL-07060922572870-1640.Pfd.xml
2379 urn_EOP_ING_EOLI_ESA.EECF.ALOS_PSR_FD_AL-07061022035483-1640.Pfd.xml
2380 urn_EOP_ING_EOLI_ESA.EECF.ALOS_PSM_O1_AL-07020410530440-518.Pr1.xml
2381 urn_EOP_ING_EOLI_ESA.EECF.ALOS_PSM_O1_AL-07011110595361-518.Pr1.xml
2382 urn_EOP_ING_EOLI_ESA.EECF.ENVISAT_ASA_GMI_1S_EN1-07080219573085-24910.XGI.xml
2383 urn_EOP_ING_EOLI_ESA.EECF.ENVISAT_ASA_GMI_1S_EN1-07060720401864-124126.XGI.xml
2384 urn_EOP_ING_EOLI_ESA.EECF.ENVISAT_ASA_GMI_1S_EN1-07042420274075-85164.XGI.xml
2385 urn_EOP_ING_EOLI_ESA.EECF.ALOS_AVNIR_AL-07022510200268-1036.AV0.xml
2386 urn_EOP_ING_EOLI_ESA.EECF.ALOS_AVNIR_AL-07052009515802-1036.AV0.xml
2387 urn_EOP_ING_EOLI_ESA.EECF.ALOS_AVNIR_AL-07040111063957-1036.AV0.xml
2388 urn_EOP_ING_EOLI_ESA.EECF.ALOS_AVNIR_AL-07010711340149-1036.AV0.xml
2389 urn_EOP_ING_EOLI_ESA.EECF.ALOS_AVNIR_AL-07040210083491-1036.AV0.xml
2390 urn_EOP_ING_EOLI_ESA.EECF.ALOS_PSR_FD_AL-07060822164221-1640.Pfd.xml
2391 urn_EOP_ING_EOLI_ESA.EECF.ALOS_AVNIR_AL-07031311205052-1036.AV0.xml
2392 urn_EOP_ING_EOLI_ESA.EECF.ALOS_AVNIR_AL-07010711324759-1036.AV0.xml
2393 urn_EOP_ING_EOLI_ESA.EECF.ALOS_AVNIR_AL-07010510110535-1036.AV0.xml
2394 urn_EOP_ING_EOLI_ESA.EECF.ALOS_PSM_O1_AL-07020910573757-518.Pr1.xml
2395 urn_EOP_ING_EOLI_ESA.EECF.ENVISAT_ASA_GMI_1S_EN1-07122008282045-101019.XGI.xml
2396 urn_EOP_ING_EOLI_ESA.EECF.ALOS_AVNIR_AL-07011409424217-1036.AV0.xml
2397 urn_EOP_ING_EOLI_ESA.EECF.ALOS_AVNIR_AL-07030710314245-1036.AV0.xml
2398 urn_EOP_ING_EOLI_ESA.EECF.ALOS_AVNIR_AL-07052709420368-1036.AV0.xml
2399 urn_EOP_ING_EOLI_ESA.EECF.ALOS_AVNIR_AL-07051211000401-1036.AV0.xml
2400 urn_EOP_ING_EOLI_ESA.EECF.ENVISAT_ASA_APx_xS_EN1-07031009364559-3895.XPC.xml
2401 urn_EOP_ING_EOLI_ESA.EECF.ALOS_AVNIR_AL-07052011293538-1036.AV0.xml
2402 urn_EOP_ING_EOLI_ESA.EECF.ENVISAT_ASA_GMI_1S_EN1-07061620523526-181962.XGI.xml
2403 urn_EOP_ING_EOLI_ESA.EECF.ALOS_AVNIR_AL-07031710442811-1036.AV0.xml
2404 urn_EOP_ING_EOLI_ESA.EECF.ALOS_PSM_O1_AL-07020910572114-518.Pr1.xml
2405 urn_EOP_ING_EOLI_ESA.EECF.ALOS_AVNIR_AL-07031410205087-1036.AV0.xml
2406 urn_EOP_ING_EOLI_ESA.EECF.ALOS_AVNIR_AL-07041210185209-1036.AV0.xml
2407 urn_EOP_ING_EOLI_ESA.EECF.ENVISAT_ASA_GMI_1S_EN1-07052022020122-14869.XGI.xml
2408 urn_EOP_ING_EOLI_ESA.EECF.ENVISAT_ASA_GMI_1S_EN1-07072609021290-51412.XGI.xml
2409 urn_EOP_ING_EOLI_ESA.EECF.ALOS_AVNIR_AL-07040411280517-1036.AV0.xml
2410 urn_EOP_ING_EOLI_ESA.EECF.ENVISAT_ASA_GMI_1S_EN1-07102008544546-23702.XGI.xml
2411 urn_EOP_ING_EOLI_ESA.EECF.ENVISAT_ASA_GMI_1S_EN1-07090910275185-73310.XGI.xml
2412 urn_EOP_ING_EOLI_ESA.EECF.ALOS_AVNIR_AL-07032210542838-1036.AV0.xml
2413 urn_EOP_ING_EOLI_ESA.EECF.ENVISAT_ASA_APx_xS_EN1-07100309272334-3951.XPV.xml
2414 urn_EOP_ING_EOLI_ESA.EECF.ALOS_AVNIR_AL-07042609590614-1036.AV0.xml
2415 urn_EOP_ING_EOLI_ESA.EECF.ALOS_AVNIR_AL-07040409471070-1036.AV0.xml
2416 urn_EOP_ING_EOLI_ESA.EECF.ENVISAT_ASA_GMI_1S_EN1-07062421520248-74518.XGI.xml
2417 urn_EOP_ING_EOLI_ESA.EECF.ALOS_AVNIR_AL-07052711185997-1036.AV0.xml
2418 urn_EOP_ING_EOLI_ESA.EECF.ALOS_PSM_O1_AL-07021110401980-518.Pr1.xml
2419 urn_EOP_ING_EOLI_ESA.EECF.ENVISAT_ASA_GMI_1S_EN1-07022522322709-74518.XGI.xml
2420 urn_EOP_ING_EOLI_ESA.EECF.ENVISAT_ASA_IMx_xS_EN1-07011410012974-13165.XI.xml
2421 urn_EOP_ING_EOLI_ESA.EECF.ALOS_AVNIR_AL-07060811113131-1036.AV0.xml
2422 urn_EOP_ING_EOLI_ESA.EECF.ENVISAT_ASA_GMI_1S_EN1-07021721550213-10639.XGI.xml
2423 urn_EOP_ING_EOLI_ESA.EECF.ALOS_AVNIR_AL-07010911180613-1036.AV0.xml
2424 urn_EOP_ING_EOLI_ESA.EECF.ALOS_AVNIR_AL-07030710320708-1036.AV0.xml
2425 urn_EOP_ING_EOLI_ESA.EECF.ENVISAT_ASA_GMI_1S_EN1-07100510095885-55038.XGI.xml
2426 urn_EOP_ING_EOLI_ESA.EECF.ALOS_AVNIR_AL-07041111184368-1036.AV0.xml
2427 urn_EOP_ING_EOLI_ESA.EECF.ENVISAT_ASA_APx_xS_EN1-07071922151879-3818.XPC.xml
2428 urn_EOP_ING_EOLI_ESA.EECF.ENVISAT_ASA_GMI_1S_EN1-07040820263002-121104.XGI.xml
2429 urn_EOP_ING_EOLI_ESA.EECF.ENVISAT_ASA_GMI_1S_EN1-07102321490571-74518.XGI.xml
2430 urn_EOP_ING_EOLI_ESA.EECF.ALOS_AVNIR_AL-07051511232405-1036.AV0.xml
2431 urn_EOP_ING_EOLI_ESA.EECF.ENVISAT_ASA_APx_xS_EN1-07061508481471-3904.XPV.xml
2432 urn_EOP_ING_EOLI_ESA.EECF.ALOS_AVNIR_AL-07011810505614-1036.AV0.xml
2433 urn_EOP_ING_EOLI_ESA.EECF.ALOS_AVNIR_AL-07031410211551-1036.AV0.xml
2434 urn_EOP_ING_EOLI_ESA.EECF.ALOS_PSM_O1_AL-07020410532083-518.Pr1.xml
2435 urn_EOP_ING_EOLI_ESA.EECF.ENVISAT_ASA_GMI_1S_EN1-07031121515888-82748.XGI.xml
2436 urn_EOP_ING_EOLI_ESA.EECF.ALOS_PSM_O1_AL-07012111133781-518.Pr1.xml
2437 urn_EOP_ING_EOLI_ESA.EECF.ALOS_PSR_FD_AL-07060721342573-1640.Pfd.xml
2438 urn_EOP_ING_EOLI_ESA.EECF.ENVISAT_ASA_IMx_xS_EN1-07010509462668-10422.XI.xml
2439 urn_EOP_ING_EOLI_ESA.EECF.ALOS_AVNIR_AL-07011110595927-1036.AV0.xml
2440 urn_EOP_ING_EOLI_ESA.EECF.ALOS_AVNIR_AL-07032311330345-1036.AV0.xml
2441 urn_EOP_ING_EOLI_ESA.EECF.ALOS_AVNIR_AL-07010911183899-1036.AV0.xml
2442 urn_EOP_ING_EOLI_ESA.EECF.ALOS_AVNIR_AL-07040411303301-1036.AV0.xml
2443 urn_EOP_ING_EOLI_ESA.EECF.ENVISAT_ASA_GMI_1S_EN1-07050221064176-184983.XGI.xml
2444 urn_EOP_ING_EOLI_ESA.EECF.ALOS_PSR_FD_AL-07060923030542-1640.Pfd.xml
2445 urn_EOP_ING_EOLI_ESA.EECF.ALOS_AVNIR_AL-07010610552595-1036.AV0.xml
2446 urn_EOP_ING_EOLI_ESA.EECF.ALOS_AVNIR_AL-07010810380034-1036.AV0.xml
2447 urn_EOP_ING_EOLI_ESA.EECF.ALOS_AVNIR_AL-07051209224306-1036.AV0.xml
2448 urn_EOP_ING_EOLI_ESA.EECF.ALOS_AVNIR_AL-07052310133969-1036.AV0.xml
2449 urn_EOP_ING_EOLI_ESA.EECF.ALOS_AVNIR_AL-07022510184055-1036.AV0.xml
2450 urn_EOP_ING_EOLI_ESA.EECF.ALOS_AVNIR_AL-07060609534891-1036.AV0.xml
2451 urn_EOP_ING_EOLI_ESA.EECF.ALOS_PSR_FD_AL-07010310311564-1640.Pfd.xml
2452 urn_EOP_ING_EOLI_ESA.EECF.ALOS_PSM_O1_AL-07012111143531-518.Pr1.xml
2453 urn_EOP_ING_EOLI_ESA.EECF.ALOS_AVNIR_AL-07031311200945-1036.AV0.xml
2454 urn_EOP_ING_EOLI_ESA.EECF.ALOS_AVNIR_AL-07051610252748-1036.AV0.xml
2455 urn_EOP_ING_EOLI_ESA.EECF.ENVISAT_ASA_APx_xS_EN1-07072008443765-3856.XPH.xml
2456 urn_EOP_ING_EOLI_ESA.EECF.ENVISAT_ASA_APx_xS_EN1-07032609301761-3946.XPV.xml
2457 urn_EOP_ING_EOLI_ESA.EECF.ENVISAT_ASA_GMI_1S_EN1-07040522085479-61455.XGI.xml
2458 urn_EOP_ING_EOLI_ESA.EECF.ALOS_AVNIR_AL-07021911125331-1036.AV0.xml
2459 urn_EOP_ING_EOLI_ESA.EECF.ALOS_AVNIR_AL-07051311400118-1036.AV0.xml
2460 urn_EOP_ING_EOLI_ESA.EECF.ALOS_AVNIR_AL-07031410204266-1036.AV0.xml
2461 urn_EOP_ING_EOLI_ESA.EECF.ENVISAT_ASA_GMI_1S_EN1-07040920083830-41370.XGI.xml
2462 urn_EOP_ING_EOLI_ESA.EECF.ENVISAT_ASA_GMI_1S_EN1-07032420113167-33745.XGI.xml
2463 urn_EOP_ING_EOLI_ESA.EECF.ALOS_PSM_O1_AL-07020410532494-518.Pr1.xml
2464 urn_EOP_ING_EOLI_ESA.EECF.ALOS_PSM_O1_AL-07012111160566-518.Pr1.xml
2465 urn_EOP_ING_EOLI_ESA.EECF.ALOS_AVNIR_AL-07021911090336-1036.AV0.xml
2466 urn_EOP_ING_EOLI_ESA.EECF.ENVISAT_ASA_GMI_1S_EN1-07020519531344-10639.XGI.xml
2467 urn_EOP_ING_EOLI_ESA.EECF.ENVISAT_ASA_APx_xS_EN1-07042722235197-3817.XPC.xml
2468 urn_EOP_ING_EOLI_ESA.EECF.ALOS_AVNIR_AL-07050410293732-1036.AV0.xml
2469 urn_EOP_ING_EOLI_ESA.EECF.ALOS_AVNIR_AL-07032311314954-1036.AV0.xml
2470 urn_EOP_ING_EOLI_ESA.EECF.ALOS_AVNIR_AL-07030910154609-1036.AV0.xml
2471 urn_EOP_ING_EOLI_ESA.EECF.ALOS_AVNIR_AL-07041510420371-1036.AV0.xml
2472 urn_EOP_ING_EOLI_ESA.EECF.ALOS_AVNIR_AL-07051011161675-1036.AV0.xml
2473 urn_EOP_ING_EOLI_ESA.EECF.ALOS_AVNIR_AL-07052211095768-1036.AV0.xml
2474 urn_EOP_ING_EOLI_ESA.EECF.ALOS_AVNIR_AL-07041111181083-1036.AV0.xml
2475 urn_EOP_ING_EOLI_ESA.EECF.ENVISAT_ASA_GMI_1S_EN1-07122621305117-150022.XGI.xml
2476 urn_EOP_ING_EOLI_ESA.EECF.ALOS_AVNIR_AL-07052709414725-1036.AV0.xml
2477 urn_EOP_ING_EOLI_ESA.EECF.ALOS_AVNIR_AL-07010711332865-1036.AV0.xml
2478 urn_EOP_ING_EOLI_ESA.EECF.ALOS_AVNIR_AL-07010610544488-1036.AV0.xml
2479 urn_EOP_ING_EOLI_ESA.EECF.ALOS_AVNIR_AL-07060809354071-1036.AV0.xml
2480 urn_EOP_ING_EOLI_ESA.EECF.ALOS_PSR_FD_AL-07061021585094-1640.Pfd.xml
2481 urn_EOP_ING_EOLI_ESA.EECF.ENVISAT_ASA_GMI_1S_EN1-07042610011688-85769.XGI.xml
2482 urn_EOP_ING_EOLI_ESA.EECF.ENVISAT_ASA_GMI_1S_EN1-07070920363232-112875.XGI.xml
2483 urn_EOP_ING_EOLI_ESA.EECF.ALOS_PSM_O1_AL-07020910562366-518.Pr1.xml
2484 urn_EOP_ING_EOLI_ESA.EECF.ALOS_AVNIR_AL-07012710205989-1036.AV0.xml
2485 urn_EOP_ING_EOLI_ESA.EECF.ALOS_PSR_FD_AL-07060822165043-1640.Pfd.xml
2486 urn_EOP_ING_EOLI_ESA.EECF.ALOS_AVNIR_AL-07050710524903-1036.AV0.xml
2487 urn_EOP_ING_EOLI_ESA.EECF.ENVISAT_ASA_GMI_1S_EN1-07020922351608-72706.XGI.xml
2488 urn_EOP_ING_EOLI_ESA.EECF.ENVISAT_ASA_APx_xS_EN1-07070408510823-3812.XPH.xml
2489 urn_EOP_ING_EOLI_ESA.EECF.ALOS_AVNIR_AL-07042311131072-1036.AV0.xml
2490 urn_EOP_ING_EOLI_ESA.EECF.ALOS_AVNIR_AL-07050110052820-1036.AV0.xml
2491 urn_EOP_ING_EOLI_ESA.EECF.ALOS_AVNIR_AL-07050511094280-1036.AV0.xml
2492 urn_EOP_ING_EOLI_ESA.EECF.ENVISAT_ASA_GMI_1S_EN1-07060810515216-31932.XGI.xml
2493 urn_EOP_ING_EOLI_ESA.EECF.ALOS_AVNIR_AL-07051410422938-1036.AV0.xml
2494 urn_EOP_ING_EOLI_ESA.EECF.ALOS_AVNIR_AL-07030710330457-1036.AV0.xml
2495 urn_EOP_ING_EOLI_ESA.EECF.ALOS_AVNIR_AL-07051511231584-1036.AV0.xml
2496 urn_EOP_ING_EOLI_ESA.EECF.ENVISAT_ASA_IMx_xS_EN1-07011021485119-11802.XI.xml
2497 urn_EOP_ING_EOLI_ESA.EECF.ALOS_AVNIR_AL-07060811131806-1036.AV0.xml
2498 urn_EOP_ING_EOLI_ESA.EECF.ALOS_AVNIR_AL-07041111181904-1036.AV0.xml
2499 urn_EOP_ING_EOLI_ESA.EECF.ENVISAT_ASA_IMx_xS_EN1-07012222091571-23858.XI.xml
2500 urn_EOP_ING_EOLI_ESA.EECF.ENVISAT_ASA_GMI_1S_EN1-07040321180113-193817.XGI.xml
2501 urn_EOP_ING_EOLI_ESA.EECF.ALOS_AVNIR_AL-07050410285625-1036.AV0.xml
2502 urn_EOP_ING_EOLI_ESA.EECF.ENVISAT_ASA_GMI_1S_EN1-07061420372975-23099.XGI.xml
2503 urn_EOP_ING_EOLI_ESA.EECF.ENVISAT_ASA_GMI_1S_EN1-07091210342366-62663.XGI.xml
2504 urn_EOP_ING_EOLI_ESA.EECF.ALOS_PSM_O1_AL-07012111105357-518.Pr1.xml
2505 urn_EOP_ING_EOLI_ESA.EECF.ENVISAT_ASA_APx_xS_EN1-07071009032812-12340.XPH.xml
2506 urn_EOP_ING_EOLI_ESA.EECF.ALOS_PSR_FD_AL-07060822173150-1640.Pfd.xml
2507 urn_EOP_ING_EOLI_ESA.EECF.ALOS_AVNIR_AL-07051210573618-1036.AV0.xml
2508 urn_EOP_ING_EOLI_ESA.EECF.ALOS_AVNIR_AL-07052211103052-1036.AV0.xml
2509 urn_EOP_ING_EOLI_ESA.EECF.ALOS_PSM_O1_AL-07012111150816-518.Pr1.xml
2510 urn_EOP_ING_EOLI_ESA.EECF.ALOS_AVNIR_AL-07031111345961-1036.AV0.xml
2511 urn_EOP_ING_EOLI_ESA.EECF.ENVISAT_ASA_GMI_1S_EN1-07062221090389-132355.XGI.xml
2512 urn_EOP_ING_EOLI_ESA.EECF.ENVISAT_ASA_GMI_1S_EN1-07011509363105-30120.XGI.xml
2513 urn_EOP_ING_EOLI_ESA.EECF.ALOS_AVNIR_AL-07060111243631-1036.AV0.xml
2514 urn_EOP_ING_EOLI_ESA.EECF.ALOS_PSR_FD_AL-07060721353145-1640.Pfd.xml
2515 urn_EOP_ING_EOLI_ESA.EECF.ENVISAT_ASA_IMx_xS_EN1-07011310325437-13357.XI.xml
2516 urn_EOP_ING_EOLI_ESA.EECF.ENVISAT_ASA_GMI_1S_EN1-07110321075402-30119.XGI.xml
2517 urn_EOP_ING_EOLI_ESA.EECF.ALOS_AVNIR_AL-07051511222656-1036.AV0.xml
2518 urn_EOP_ING_EOLI_ESA.EECF.ALOS_AVNIR_AL-07060811114773-1036.AV0.xml
2519 urn_EOP_ING_EOLI_ESA.EECF.ALOS_AVNIR_AL-07010411130786-1036.AV0.xml
2520 urn_EOP_ING_EOLI_ESA.EECF.ALOS_AVNIR_AL-07042710394976-1036.AV0.xml
2521 urn_EOP_ING_EOLI_ESA.EECF.ALOS_AVNIR_AL-07052011301645-1036.AV0.xml
2522 urn_EOP_ING_EOLI_ESA.EECF.ENVISAT_ASA_GMI_1S_EN1-07091221321328-140584.XGI.xml
2523 urn_EOP_ING_EOLI_ESA.EECF.ENVISAT_ASA_GMI_1S_EN1-07050322264303-75727.XGI.xml
2524 urn_EOP_ING_EOLI_ESA.EECF.ENVISAT_ASA_GMI_1S_EN1-07081409045226-12452.XGI.xml
2525 urn_EOP_ING_EOLI_ESA.EECF.ALOS_PSM_O1_AL-07012111143120-518.Pr1.xml
2526 urn_EOP_ING_EOLI_ESA.EECF.ALOS_AVNIR_AL-07041910092154-1036.AV0.xml
2527 urn_EOP_ING_EOLI_ESA.EECF.ENVISAT_ASA_GMI_1S_EN1-07100221001642-174941.XGI.xml
2528 urn_EOP_ING_EOLI_ESA.EECF.ALOS_PSR_FD_AL-07061021594844-1640.Pfd.xml
2529 urn_EOP_ING_EOLI_ESA.EECF.ENVISAT_ASA_IMx_xS_EN1-07011211043162-11748.XI.xml
2530 urn_EOP_ING_EOLI_ESA.EECF.ENVISAT_ASA_GMI_1S_EN1-07081022152439-92790.XGI.xml
2531 urn_EOP_ING_EOLI_ESA.EECF.ENVISAT_ASA_APx_xS_EN1-07100322263220-3813.XPC.xml
2532 urn_EOP_ING_EOLI_ESA.EECF.ENVISAT_ASA_APx_xS_EN1-07031521364925-3896.XPV.xml
2533 urn_EOP_ING_EOLI_ESA.EECF.ALOS_AVNIR_AL-07032410340941-1036.AV0.xml
2534 urn_EOP_ING_EOLI_ESA.EECF.ALOS_AVNIR_AL-07041611230647-1036.AV0.xml
2535 urn_EOP_ING_EOLI_ESA.EECF.ALOS_AVNIR_AL-07060710325655-1036.AV0.xml
2536 urn_EOP_ING_EOLI_ESA.EECF.ALOS_AVNIR_AL-07041210194957-1036.AV0.xml
2537 urn_EOP_ING_EOLI_ESA.EECF.ALOS_AVNIR_AL-07010709531522-1036.AV0.xml
2538 urn_EOP_ING_EOLI_ESA.EECF.ENVISAT_ASA_IMx_xS_EN1-07010509451897-12271.XI.xml
2539 urn_EOP_ING_EOLI_ESA.EECF.ENVISAT_ASA_IMx_xS_EN1-07012121005715-33225.XI.xml
2540 urn_EOP_ING_EOLI_ESA.EECF.ENVISAT_ASA_GMI_1S_EN1-07082222380904-70289.XGI.xml
2541 urn_EOP_ING_EOLI_ESA.EECF.ALOS_AVNIR_AL-07011409434786-1036.AV0.xml
2542 urn_EOP_ING_EOLI_ESA.EECF.ENVISAT_ASA_APx_xS_EN1-07042021071386-4180.XPH.xml
2543 urn_EOP_ING_EOLI_ESA.EECF.ENVISAT_ASA_GMI_1S_EN1-07042621015382-114688.XGI.xml
2544 urn_EOP_ING_EOLI_ESA.EECF.ENVISAT_ASA_IMx_xS_EN1-07010620322798-3312.XI.xml
2545 urn_EOP_ING_EOLI_ESA.EECF.ENVISAT_ASA_GMI_1S_EN1-07051020343840-45600.XGI.xml
2546 urn_EOP_ING_EOLI_ESA.EECF.ALOS_AVNIR_AL-07060811152948-1036.AV0.xml
2547 urn_EOP_ING_EOLI_ESA.EECF.ALOS_PSR_FD_AL-07011810502360-1640.Pfd.xml
2548 urn_EOP_ING_EOLI_ESA.EECF.ENVISAT_ASA_GMI_1S_EN1-07080420175225-150022.XGI.xml
2549 urn_EOP_ING_EOLI_ESA.EECF.ENVISAT_ASA_GMI_1S_EN1-07062721580369-72705.XGI.xml
2550 urn_EOP_ING_EOLI_ESA.EECF.ALOS_AVNIR_AL-07011611042387-1036.AV0.xml
2551 urn_EOP_ING_EOLI_ESA.EECF.ALOS_AVNIR_AL-07041910082405-1036.AV0.xml
2552 urn_EOP_ING_EOLI_ESA.EECF.ALOS_AVNIR_AL-07060811113952-1036.AV0.xml
2553 urn_EOP_ING_EOLI_ESA.EECF.ENVISAT_ASA_GMI_1S_EN1-07102520555425-11847.XGI.xml
2554 urn_EOP_ING_EOLI_ESA.EECF.ALOS_AVNIR_AL-07031311192017-1036.AV0.xml
2555 urn_EOP_ING_EOLI_ESA.EECF.ALOS_AVNIR_AL-07060811151305-1036.AV0.xml
2556 urn_EOP_ING_EOLI_ESA.EECF.ALOS_PSR_FD_AL-07060922573692-1640.Pfd.xml
2557 urn_EOP_ING_EOLI_ESA.EECF.ENVISAT_ASA_GMI_1S_EN1-07051622181277-82144.XGI.xml
2558 urn_EOP_ING_EOLI_ESA.EECF.ALOS_AVNIR_AL-07031111352425-1036.AV0.xml
2559 urn_EOP_ING_EOLI_ESA.EECF.ALOS_PSM_O1_AL-07012510392644-518.Pr1.xml
2560 urn_EOP_ING_EOLI_ESA.EECF.ENVISAT_ASA_GMI_1S_EN1-07041221461545-72706.XGI.xml
2561 urn_EOP_ING_EOLI_ESA.EECF.ALOS_AVNIR_AL-07050410284804-1036.AV0.xml
2562 urn_EOP_ING_EOLI_ESA.EECF.ALOS_PSM_O1_AL-07021110423121-518.Pr1.xml
2563 urn_EOP_ING_EOLI_ESA.EECF.ALOS_PSR_FD_AL-07060822155292-1640.Pfd.xml
2564 urn_EOP_ING_EOLI_ESA.EECF.ALOS_AVNIR_AL-07041609424486-1036.AV0.xml
2565 urn_EOP_ING_EOLI_ESA.EECF.ALOS_PSM_O1_AL-07021110401159-518.Pr1.xml
2566 urn_EOP_ING_EOLI_ESA.EECF.ENVISAT_ASA_GMI_1S_EN1-07011721070731-193817.XGI.xml
2567 urn_EOP_ING_EOLI_ESA.EECF.ALOS_AVNIR_AL-07021911133438-1036.AV0.xml
2568 urn_EOP_ING_EOLI_ESA.EECF.ENVISAT_ASA_GMI_1S_EN1-07091709230340-74518.XGI.xml
2569 urn_EOP_ING_EOLI_ESA.EECF.ALOS_PSR_FD_AL-07060922562298-1640.Pfd.xml
2570 urn_EOP_ING_EOLI_ESA.EECF.ALOS_AVNIR_AL-07010310304238-1036.AV0.xml
2571 urn_EOP_ING_EOLI_ESA.EECF.ALOS_PSR_FD_AL-07060721344216-1640.Pfd.xml
2572 urn_EOP_ING_EOLI_ESA.EECF.ALOS_AVNIR_AL-07012710205167-1036.AV0.xml
2573 urn_EOP_ING_EOLI_ESA.EECF.ALOS_AVNIR_AL-07041510430120-1036.AV0.xml
2574 urn_EOP_ING_EOLI_ESA.EECF.ENVISAT_ASA_GMI_1S_EN1-07122120473509-150627.XGI.xml
2575 urn_EOP_ING_EOLI_ESA.EECF.ALOS_AVNIR_AL-07052709403333-1036.AV0.xml
2576 urn_EOP_ING_EOLI_ESA.EECF.ENVISAT_ASA_GMI_1S_EN1-07121710123818-23098.XGI.xml
2577 urn_EOP_ING_EOLI_ESA.EECF.ENVISAT_ASA_GMI_1S_EN1-07121120590929-171920.XGI.xml
2578 urn_EOP_ING_EOLI_ESA.EECF.ALOS_AVNIR_AL-07052711162393-1036.AV0.xml
2579 urn_EOP_ING_EOLI_ESA.EECF.ENVISAT_ASA_GMI_1S_EN1-07072010262650-12452.XGI.xml
2580 urn_EOP_ING_EOLI_ESA.EECF.ALOS_AVNIR_AL-07041010380548-1036.AV0.xml
2581 urn_EOP_ING_EOLI_ESA.EECF.ENVISAT_ASA_IMx_xS_EN1-07011209255492-20518.XI.xml
2582 urn_EOP_ING_EOLI_ESA.EECF.ENVISAT_ASA_GMI_1S_EN1-07111620440030-180150.XGI.xml
2583 urn_EOP_ING_EOLI_ESA.EECF.ENVISAT_ASA_GMI_1S_EN1-07021022060667-61455.XGI.xml
2584 urn_EOP_ING_EOLI_ESA.EECF.ALOS_AVNIR_AL-07042410152212-1036.AV0.xml
2585 urn_EOP_ING_EOLI_ESA.EECF.ENVISAT_ASA_IMx_xS_EN1-07010920381069-2837.XI.xml
2586 urn_EOP_ING_EOLI_ESA.EECF.ENVISAT_ASA_GMI_1S_EN1-07021320272610-90373.XGI.xml
2587 urn_EOP_ING_EOLI_ESA.EECF.ENVISAT_ASA_IMx_xS_EN1-07010209403327-51165.XI.xml
2588 urn_EOP_ING_EOLI_ESA.EECF.ENVISAT_ASA_APx_xS_EN1-07091208464822-3925.XPC.xml
2589 urn_EOP_ING_EOLI_ESA.EECF.ENVISAT_ASA_GMI_1S_EN1-07071220420535-114688.XGI.xml
2590 urn_EOP_ING_EOLI_ESA.EECF.ENVISAT_ASA_GMI_1S_EN1-07070509504146-50204.XGI.xml
2591 urn_EOP_ING_EOLI_ESA.EECF.ALOS_AVNIR_AL-07010709533985-1036.AV0.xml
2592 urn_EOP_ING_EOLI_ESA.EECF.ALOS_AVNIR_AL-07041010362692-1036.AV0.xml
2593 urn_EOP_ING_EOLI_ESA.EECF.ALOS_AVNIR_AL-07051610235714-1036.AV0.xml
2594 urn_EOP_ING_EOLI_ESA.EECF.ALOS_AVNIR_AL-07050509325471-1036.AV0.xml
2595 urn_EOP_ING_EOLI_ESA.EECF.ENVISAT_ASA_GMI_1S_EN1-07040621391489-41370.XGI.xml
2596 urn_EOP_ING_EOLI_ESA.EECF.ALOS_AVNIR_AL-07052711164857-1036.AV0.xml
2597 urn_EOP_ING_EOLI_ESA.EECF.ENVISAT_ASA_GMI_1S_EN1-07012610280440-11847.XGI.xml
2598 urn_EOP_ING_EOLI_ESA.EECF.ALOS_PSR_FD_AL-07060721353967-1640.Pfd.xml
2599 urn_EOP_ING_EOLI_ESA.EECF.ENVISAT_ASA_GMI_1S_EN1-07101821104426-40766.XGI.xml
2600 urn_EOP_ING_EOLI_ESA.EECF.ENVISAT_ASA_GMI_1S_EN1-07070821223972-14264.XGI.xml
2601 urn_EOP_ING_EOLI_ESA.EECF.ENVISAT_ASA_GMI_1S_EN1-07072008454398-23098.XGI.xml
2602 urn_EOP_ING_EOLI_ESA.EECF.ENVISAT_ASA_GMI_1S_EN1-07090422293528-75122.XGI.xml
2603 urn_EOP_ING_EOLI_ESA.EECF.ENVISAT_ASA_APx_xS_EN1-07080420325420-3900.XPV.xml
2604 urn_EOP_ING_EOLI_ESA.EECF.ALOS_AVNIR_AL-07010310312345-1036.AV0.xml
2605 urn_EOP_ING_EOLI_ESA.EECF.ENVISAT_ASA_APx_xS_EN1-07021410320580-3930.XPC.xml
2606 urn_EOP_ING_EOLI_ESA.EECF.ENVISAT_ASA_GMI_1S_EN1-07060420534872-23703.XGI.xml
2607 urn_EOP_ING_EOLI_ESA.EECF.ENVISAT_ASA_APx_xS_EN1-07121222262916-3813.XPC.xml
2608 urn_EOP_ING_EOLI_ESA.EECF.ENVISAT_ASA_GMI_1S_EN1-07061120302362-34953.XGI.xml
2609 urn_EOP_ING_EOLI_ESA.EECF.ALOS_AVNIR_AL-07022510191340-1036.AV0.xml
2610 urn_EOP_ING_EOLI_ESA.EECF.ALOS_AVNIR_AL-07051011160853-1036.AV0.xml
2611 urn_EOP_ING_EOLI_ESA.EECF.ALOS_PSR_FD_AL-07060921192675-1640.Pfd.xml
2612 urn_EOP_ING_EOLI_ESA.EECF.ALOS_AVNIR_AL-07031311195302-1036.AV0.xml
2613 urn_EOP_ING_EOLI_ESA.EECF.ENVISAT_ASA_GMI_1S_EN1-07111320382904-174941.XGI.xml
2614 urn_EOP_ING_EOLI_ESA.EECF.ALOS_AVNIR_AL-07031010564086-1036.AV0.xml
2615 urn_EOP_ING_EOLI_ESA.EECF.ALOS_AVNIR_AL-07042311142464-1036.AV0.xml
2616 urn_EOP_ING_EOLI_ESA.EECF.ALOS_AVNIR_AL-07031109593364-1036.AV0.xml
2617 urn_EOP_ING_EOLI_ESA.EECF.ALOS_AVNIR_AL-07060311070131-1036.AV0.xml
2618 urn_EOP_ING_EOLI_ESA.EECF.ALOS_AVNIR_AL-07041010374084-1036.AV0.xml
2619 urn_EOP_ING_EOLI_ESA.EECF.ALOS_AVNIR_AL-07042210311064-1036.AV0.xml
2620 urn_EOP_ING_EOLI_ESA.EECF.ENVISAT_ASA_GMI_1S_EN1-07051521042808-134167.XGI.xml
2621 urn_EOP_ING_EOLI_ESA.EECF.ENVISAT_ASA_GMI_1S_EN1-07052321580261-80330.XGI.xml
2622 urn_EOP_ING_EOLI_ESA.EECF.ALOS_AVNIR_AL-07011710101744-1036.AV0.xml
2623 urn_EOP_ING_EOLI_ESA.EECF.ALOS_AVNIR_AL-07060510495900-1036.AV0.xml
2624 urn_EOP_ING_EOLI_ESA.EECF.ALOS_AVNIR_AL-07060210272073-1036.AV0.xml
2625 urn_EOP_ING_EOLI_ESA.EECF.ENVISAT_ASA_GMI_1S_EN1-07080720274354-85164.XGI.xml
2626 urn_EOP_ING_EOLI_ESA.EECF.ALOS_PSR_FD_AL-07010310304279-1640.Pfd.xml
2627 urn_EOP_ING_EOLI_ESA.EECF.ALOS_AVNIR_AL-07060710335405-1036.AV0.xml
2628 urn_EOP_ING_EOLI_ESA.EECF.ALOS_AVNIR_AL-07031710440348-1036.AV0.xml
2629 urn_EOP_ING_EOLI_ESA.EECF.ALOS_AVNIR_AL-07052310142897-1036.AV0.xml
2630 urn_EOP_ING_EOLI_ESA.EECF.ALOS_AVNIR_AL-07050410290447-1036.AV0.xml
2631 urn_EOP_ING_EOLI_ESA.EECF.ENVISAT_ASA_APx_xS_EN1-07060122235419-3817.XPC.xml
2632 urn_EOP_ING_EOLI_ESA.EECF.ALOS_AVNIR_AL-07052509570244-1036.AV0.xml
2633 urn_EOP_ING_EOLI_ESA.EECF.ENVISAT_ASA_GMI_1S_EN1-07062022181450-82143.XGI.xml
2634 urn_EOP_ING_EOLI_ESA.EECF.ENVISAT_ASA_GMI_1S_EN1-07011410032069-13056.XGI.xml
2635 urn_EOP_ING_EOLI_ESA.EECF.ENVISAT_ASA_GMI_1S_EN1-07061422065516-81539.XGI.xml
2636 urn_EOP_ING_EOLI_ESA.EECF.ENVISAT_ASA_GMI_1S_EN1-07011920281501-23702.XGI.xml
2637 urn_EOP_ING_EOLI_ESA.EECF.ALOS_AVNIR_AL-07041811063718-1036.AV0.xml
2638 urn_EOP_ING_EOLI_ESA.EECF.ALOS_PSM_O1_AL-07020410514638-518.Pr1.xml
2639 urn_EOP_ING_EOLI_ESA.EECF.ALOS_AVNIR_AL-07060710332119-1036.AV0.xml
2640 urn_EOP_ING_EOLI_ESA.EECF.ALOS_AVNIR_AL-07042311130251-1036.AV0.xml
2641 urn_EOP_ING_EOLI_ESA.EECF.ALOS_PSR_FD_AL-07060921213816-1640.Pfd.xml
2642 urn_EOP_ING_EOLI_ESA.EECF.ALOS_AVNIR_AL-07021911131795-1036.AV0.xml
2643 urn_EOP_ING_EOLI_ESA.EECF.ALOS_PSR_FD_AL-07060923023257-1640.Pfd.xml
2644 urn_EOP_ING_EOLI_ESA.EECF.ALOS_PSM_O1_AL-07012111141888-518.Pr1.xml
2645 urn_EOP_ING_EOLI_ESA.EECF.ENVISAT_ASA_APx_xS_EN1-07072308505205-3931.XPH.xml
2646 urn_EOP_ING_EOLI_ESA.EECF.ALOS_PSR_FD_AL-07060921200782-1640.Pfd.xml
2647 urn_EOP_ING_EOLI_ESA.EECF.ENVISAT_ASA_GMI_1S_EN1-07051120025581-50204.XGI.xml
2648 urn_EOP_ING_EOLI_ESA.EECF.ALOS_AVNIR_AL-07041310593029-1036.AV0.xml
2649 urn_EOP_ING_EOLI_ESA.EECF.ALOS_AVNIR_AL-07032210533910-1036.AV0.xml
2650 urn_EOP_ING_EOLI_ESA.EECF.ALOS_AVNIR_AL-07040310482396-1036.AV0.xml
2651 urn_EOP_ING_EOLI_ESA.EECF.ALOS_AVNIR_AL-07050710520796-1036.AV0.xml
2652 urn_EOP_ING_EOLI_ESA.EECF.ALOS_PSR_FD_AL-07060822222714-1640.Pfd.xml
2653 urn_EOP_ING_EOLI_ESA.EECF.ENVISAT_ASA_APx_xS_EN1-07051322205513-3813.XPC.xml
2654 urn_EOP_ING_EOLI_ESA.EECF.ALOS_AVNIR_AL-07021911120403-1036.AV0.xml
2655 urn_EOP_ING_EOLI_ESA.EECF.ALOS_AVNIR_AL-07052410545905-1036.AV0.xml
2656 urn_EOP_ING_EOLI_ESA.EECF.ALOS_AVNIR_AL-07052211120086-1036.AV0.xml
2657 urn_EOP_ING_EOLI_ESA.EECF.ENVISAT_ASA_GMI_1S_EN1-07030422143746-52016.XGI.xml
2658 urn_EOP_ING_EOLI_ESA.EECF.ALOS_AVNIR_AL-07031710441990-1036.AV0.xml
2659 urn_EOP_ING_EOLI_ESA.EECF.ALOS_AVNIR_AL-07050110054463-1036.AV0.xml
2660 urn_EOP_ING_EOLI_ESA.EECF.ALOS_PSR_FD_AL-07060922575335-1640.Pfd.xml
2661 urn_EOP_ING_EOLI_ESA.EECF.ALOS_AVNIR_AL-07041510424477-1036.AV0.xml
2662 urn_EOP_ING_EOLI_ESA.EECF.ALOS_AVNIR_AL-07051210560586-1036.AV0.xml
2663 urn_EOP_ING_EOLI_ESA.EECF.ALOS_AVNIR_AL-07022510192982-1036.AV0.xml
2664 urn_EOP_ING_EOLI_ESA.EECF.ALOS_AVNIR_AL-07051311393654-1036.AV0.xml
2665 urn_EOP_ING_EOLI_ESA.EECF.ALOS_AVNIR_AL-07060510484509-1036.AV0.xml
2666 urn_EOP_ING_EOLI_ESA.EECF.ALOS_AVNIR_AL-07031410222942-1036.AV0.xml
2667 urn_EOP_ING_EOLI_ESA.EECF.ENVISAT_ASA_GMI_1S_EN1-07102509404520-84561.XGI.xml
2668 urn_EOP_ING_EOLI_ESA.EECF.ALOS_AVNIR_AL-07031111380850-1036.AV0.xml
2669 urn_EOP_ING_EOLI_ESA.EECF.ALOS_AVNIR_AL-07041611233110-1036.AV0.xml
2670 urn_EOP_ING_EOLI_ESA.EECF.ALOS_AVNIR_AL-07010510121925-1036.AV0.xml
2671 urn_EOP_ING_EOLI_ESA.EECF.ALOS_PSR_FD_AL-07061021584272-1640.Pfd.xml
2672 urn_EOP_ING_EOLI_ESA.EECF.ALOS_AVNIR_AL-07040411283802-1036.AV0.xml
2673 urn_EOP_ING_EOLI_ESA.EECF.ALOS_AVNIR_AL-07051511234869-1036.AV0.xml
2674 urn_EOP_ING_EOLI_ESA.EECF.ALOS_PSR_FD_AL-07060721351502-1640.Pfd.xml
2675 urn_EOP_ING_EOLI_ESA.EECF.ALOS_PSM_O1_AL-07021110400338-518.Pr1.xml
2676 urn_EOP_ING_EOLI_ESA.EECF.ALOS_AVNIR_AL-07031010573014-1036.AV0.xml
2677 urn_EOP_ING_EOLI_ESA.EECF.ALOS_AVNIR_AL-07041811062897-1036.AV0.xml
2678 urn_EOP_ING_EOLI_ESA.EECF.ENVISAT_ASA_GMI_1S_EN1-07082421235527-193818.XGI.xml
2679 urn_EOP_ING_EOLI_ESA.EECF.ALOS_AVNIR_AL-07052211094946-1036.AV0.xml
2680 urn_EOP_ING_EOLI_ESA.EECF.ALOS_AVNIR_AL-07060811122879-1036.AV0.xml
2681 urn_EOP_ING_EOLI_ESA.EECF.ENVISAT_ASA_GMI_1S_EN1-07071020185499-31932.XGI.xml
2682 urn_EOP_ING_EOLI_ESA.EECF.ENVISAT_ASA_GMI_1S_EN1-07120222322069-74518.XGI.xml
2683 urn_EOP_ING_EOLI_ESA.EECF.ALOS_PSR_FD_AL-07060921231670-1640.Pfd.xml
2684 urn_EOP_ING_EOLI_ESA.EECF.ALOS_AVNIR_AL-07031111353246-1036.AV0.xml
2685 urn_EOP_ING_EOLI_ESA.EECF.ENVISAT_ASA_GMI_1S_EN1-07052410214243-11243.XGI.xml
2686 urn_EOP_ING_EOLI_ESA.EECF.ALOS_AVNIR_AL-07030710321530-1036.AV0.xml
2687 urn_EOP_ING_EOLI_ESA.EECF.ENVISAT_ASA_GMI_1S_EN1-07080821335833-131751.XGI.xml
2688 urn_EOP_ING_EOLI_ESA.EECF.ALOS_AVNIR_AL-07052509561316-1036.AV0.xml
2689 urn_EOP_ING_EOLI_ESA.EECF.ENVISAT_ASA_IMx_xS_EN1-07011721272832-21814.XI.xml
2690 urn_EOP_ING_EOLI_ESA.EECF.ALOS_PSR_FD_AL-07060822152006-1640.Pfd.xml
2691 urn_EOP_ING_EOLI_ESA.EECF.ALOS_AVNIR_AL-07052009504410-1036.AV0.xml
2692 urn_EOP_ING_EOLI_ESA.EECF.ENVISAT_ASA_GMI_1S_EN1-07062709084590-13660.XGI.xml
2693 urn_EOP_ING_EOLI_ESA.EECF.ENVISAT_ASA_GMI_1S_EN1-07081110362504-95811.XGI.xml
2694 urn_EOP_ING_EOLI_ESA.EECF.ENVISAT_ASA_APx_xS_EN1-07112311050270-3990.XPH.xml
2695 urn_EOP_ING_EOLI_ESA.EECF.ENVISAT_ASA_GMI_1S_EN1-07122620072558-31932.XGI.xml
2696 urn_EOP_ING_EOLI_ESA.EECF.ENVISAT_ASA_GMI_1S_EN1-07102719512018-60246.XGI.xml
2697 urn_EOP_ING_EOLI_ESA.EECF.ALOS_AVNIR_AL-07060710305337-1036.AV0.xml
2698 urn_EOP_ING_EOLI_ESA.EECF.ALOS_AVNIR_AL-07060809354893-1036.AV0.xml
2699 urn_EOP_ING_EOLI_ESA.EECF.ALOS_PSR_FD_AL-07060822215429-1640.Pfd.xml
2700 urn_EOP_ING_EOLI_ESA.EECF.ENVISAT_ASA_GMI_1S_EN1-07020521092963-200838.XGI.xml
2701 urn_EOP_ING_EOLI_ESA.EECF.ALOS_PSR_FD_AL-07060921234133-1640.Pfd.xml
2702 urn_EOP_ING_EOLI_ESA.EECF.ENVISAT_ASA_GMI_1S_EN1-07111921055654-30119.XGI.xml
2703 urn_EOP_ING_EOLI_ESA.EECF.ENVISAT_ASA_GMI_1S_EN1-07071820465665-181358.XGI.xml
2704 urn_EOP_ING_EOLI_ESA.EECF.ALOS_AVNIR_AL-07050509323829-1036.AV0.xml
2705 urn_EOP_ING_EOLI_ESA.EECF.ENVISAT_ASA_GMI_1S_EN1-07031922405560-65684.XGI.xml
2706 urn_EOP_ING_EOLI_ESA.EECF.ALOS_AVNIR_AL-07051410413189-1036.AV0.xml
2707 urn_EOP_ING_EOLI_ESA.EECF.ALOS_PSM_O1_AL-07020410525619-518.Pr1.xml
2708 urn_EOP_ING_EOLI_ESA.EECF.ALOS_PSM_O1_AL-07020910582273-518.Pr1.xml
2709 urn_EOP_ING_EOLI_ESA.EECF.ALOS_PSR_FD_AL-07060921203246-1640.Pfd.xml
2710 urn_EOP_ING_EOLI_ESA.EECF.ALOS_AVNIR_AL-07030811124522-1036.AV0.xml
2711 urn_EOP_ING_EOLI_ESA.EECF.ALOS_PSR_FD_AL-07060723134160-1640.Pfd.xml
2712 urn_EOP_ING_EOLI_ESA.EECF.ALOS_PSR_FD_AL-07060922580977-1640.Pfd.xml
2713 urn_EOP_ING_EOLI_ESA.EECF.ALOS_AVNIR_AL-07060809345143-1036.AV0.xml
2714 urn_EOP_ING_EOLI_ESA.EECF.ALOS_AVNIR_AL-07032309525825-1036.AV0.xml
2715 urn_EOP_ING_EOLI_ESA.EECF.ALOS_AVNIR_AL-07060710302053-1036.AV0.xml
2716 urn_EOP_ING_EOLI_ESA.EECF.ALOS_AVNIR_AL-07042609591436-1036.AV0.xml
2717 urn_EOP_ING_EOLI_ESA.EECF.ALOS_PSR_FD_AL-07061022002951-1640.Pfd.xml
2718 urn_EOP_ING_EOLI_ESA.EECF.ENVISAT_ASA_GMI_1S_EN1-07061521433125-14869.XGI.xml
2719 urn_EOP_ING_EOLI_ESA.EECF.ALOS_AVNIR_AL-07032410352333-1036.AV0.xml
2720 urn_EOP_ING_EOLI_ESA.EECF.ALOS_AVNIR_AL-07040411271589-1036.AV0.xml
2721 urn_EOP_ING_EOLI_ESA.EECF.ENVISAT_ASA_GMI_1S_EN1-07100320315519-130542.XGI.xml
2722 urn_EOP_ING_EOLI_ESA.EECF.ENVISAT_ASA_GMI_1S_EN1-07081120153223-10639.XGI.xml
2723 urn_EOP_ING_EOLI_ESA.EECF.ALOS_AVNIR_AL-07060210273716-1036.AV0.xml
2724 urn_EOP_ING_EOLI_ESA.EECF.ALOS_AVNIR_AL-07031111390600-1036.AV0.xml
2725 urn_EOP_ING_EOLI_ESA.EECF.ALOS_AVNIR_AL-07041609430950-1036.AV0.xml
2726 urn_EOP_ING_EOLI_ESA.EECF.ALOS_AVNIR_AL-07010610534739-1036.AV0.xml
2727 urn_EOP_ING_EOLI_ESA.EECF.ENVISAT_ASA_GMI_1S_EN1-07112009234622-41974.XGI.xml
2728 urn_EOP_ING_EOLI_ESA.EECF.ALOS_PSM_O1_AL-07012111130086-518.Pr1.xml
2729 urn_EOP_ING_EOLI_ESA.EECF.ALOS_AVNIR_AL-07041010355407-1036.AV0.xml
2730 urn_EOP_ING_EOLI_ESA.EECF.ALOS_AVNIR_AL-07031410221299-1036.AV0.xml
2731 urn_EOP_ING_EOLI_ESA.EECF.ALOS_AVNIR_AL-07011810494222-1036.AV0.xml
2732 urn_EOP_ING_EOLI_ESA.EECF.ENVISAT_ASA_GMI_1S_EN1-07050121490905-82748.XGI.xml
2733 urn_EOP_ING_EOLI_ESA.EECF.ALOS_AVNIR_AL-07060210265609-1036.AV0.xml
2734 urn_EOP_ING_EOLI_ESA.EECF.ALOS_AVNIR_AL-07031410212372-1036.AV0.xml
2735 urn_EOP_ING_EOLI_ESA.EECF.ENVISAT_ASA_GMI_1S_EN1-07062521104688-172524.XGI.xml
2736 urn_EOP_ING_EOLI_ESA.EECF.ALOS_AVNIR_AL-07011110595105-1036.AV0.xml
2737 urn_EOP_ING_EOLI_ESA.EECF.ENVISAT_ASA_APx_xS_EN1-07082009102068-3930.XPC.xml
2738 urn_EOP_ING_EOLI_ESA.EECF.ALOS_AVNIR_AL-07010711325580-1036.AV0.xml
2739 urn_EOP_ING_EOLI_ESA.EECF.ALOS_AVNIR_AL-07030710322351-1036.AV0.xml
2740 urn_EOP_ING_EOLI_ESA.EECF.ALOS_AVNIR_AL-07042210295674-1036.AV0.xml
2741 urn_EOP_ING_EOLI_ESA.EECF.ENVISAT_ASA_GMI_1S_EN1-07060821545327-85164.XGI.xml
2742 urn_EOP_ING_EOLI_ESA.EECF.ALOS_AVNIR_AL-07060609531606-1036.AV0.xml
2743 urn_EOP_ING_EOLI_ESA.EECF.ALOS_AVNIR_AL-07051410415653-1036.AV0.xml
2744 urn_EOP_ING_EOLI_ESA.EECF.ALOS_AVNIR_AL-07010911175792-1036.AV0.xml
2745 urn_EOP_ING_EOLI_ESA.EECF.ENVISAT_ASA_GMI_1S_EN1-07072721035438-190192.XGI.xml
2746 urn_EOP_ING_EOLI_ESA.EECF.ALOS_PSR_FD_AL-07060723133338-1640.Pfd.xml
2747 urn_EOP_ING_EOLI_ESA.EECF.ENVISAT_ASA_APx_xS_EN1-07031210125820-3805.XPV.xml
2748 urn_EOP_ING_EOLI_ESA.EECF.ALOS_PSM_O1_AL-07012111135835-518.Pr1.xml
2749 urn_EOP_ING_EOLI_ESA.EECF.ALOS_AVNIR_AL-07051111533776-1036.AV0.xml
2750 urn_EOP_ING_EOLI_ESA.EECF.ENVISAT_ASA_APx_xS_EN1-07062009273566-3950.XPV.xml
2751 urn_EOP_ING_EOLI_ESA.EECF.ENVISAT_ASA_GMI_1S_EN1-07100421461474-82144.XGI.xml
2752 urn_EOP_ING_EOLI_ESA.EECF.ALOS_PSM_O1_AL-07020910561545-518.Pr1.xml
2753 urn_EOP_ING_EOLI_ESA.EECF.ALOS_AVNIR_AL-07050811303470-1036.AV0.xml
2754 urn_EOP_ING_EOLI_ESA.EECF.ENVISAT_ASA_GMI_1S_EN1-07022320100841-130542.XGI.xml
2755 urn_EOP_ING_EOLI_ESA.EECF.ALOS_AVNIR_AL-07041010365156-1036.AV0.xml
2756 urn_EOP_ING_EOLI_ESA.EECF.ENVISAT_ASA_IMx_xS_EN1-07010809513372-20514.XI.xml
2757 urn_EOP_ING_EOLI_ESA.EECF.ALOS_AVNIR_AL-07030811115594-1036.AV0.xml
2758 urn_EOP_ING_EOLI_ESA.EECF.ALOS_AVNIR_AL-07051810063187-1036.AV0.xml
2759 urn_EOP_ING_EOLI_ESA.EECF.ENVISAT_ASA_GMI_1S_EN1-07050521122449-185587.XGI.xml
2760 urn_EOP_ING_EOLI_ESA.EECF.ALOS_AVNIR_AL-07052711160751-1036.AV0.xml
2761 urn_EOP_ING_EOLI_ESA.EECF.ALOS_AVNIR_AL-07041010381369-1036.AV0.xml
2762 urn_EOP_ING_EOLI_ESA.EECF.ENVISAT_ASA_APx_xS_EN1-07050921100483-3899.XPH.xml
2763 urn_EOP_ING_EOLI_ESA.EECF.ENVISAT_ASA_GMI_1S_EN1-07100420180448-11847.XGI.xml
2764 urn_EOP_ING_EOLI_ESA.EECF.ALOS_PSR_FD_AL-07060923014331-1640.Pfd.xml
2765 urn_EOP_ING_EOLI_ESA.EECF.ENVISAT_ASA_GMI_1S_EN1-07062720273987-34349.XGI.xml
2766 urn_EOP_ING_EOLI_ESA.EECF.ALOS_AVNIR_AL-07052711200568-1036.AV0.xml
2767 urn_EOP_ING_EOLI_ESA.EECF.ALOS_PSR_FD_AL-07060921185389-1640.Pfd.xml
2768 urn_EOP_ING_EOLI_ESA.EECF.ALOS_AVNIR_AL-07040411264305-1036.AV0.xml
2769 urn_EOP_ING_EOLI_ESA.EECF.ENVISAT_ASA_GMI_1S_EN1-07072608570011-15473.XGI.xml
2770 urn_EOP_ING_EOLI_ESA.EECF.ALOS_AVNIR_AL-07050811315681-1036.AV0.xml
2771 urn_EOP_ING_EOLI_ESA.EECF.ALOS_PSM_O1_AL-07012111153691-518.Pr1.xml
2772 urn_EOP_ING_EOLI_ESA.EECF.ENVISAT_ASA_GMI_1S_EN1-07091722210002-82748.XGI.xml
2773 urn_EOP_ING_EOLI_ESA.EECF.ALOS_AVNIR_AL-07050910351404-1036.AV0.xml
2774 urn_EOP_ING_EOLI_ESA.EECF.ALOS_AVNIR_AL-07031410205908-1036.AV0.xml
2775 urn_EOP_ING_EOLI_ESA.EECF.ENVISAT_ASA_GMI_1S_EN1-07121909072421-15472.XGI.xml
2776 urn_EOP_ING_EOLI_ESA.EECF.ALOS_AVNIR_AL-07041010375727-1036.AV0.xml
2777 urn_EOP_ING_EOLI_ESA.EECF.ALOS_AVNIR_AL-07050410292089-1036.AV0.xml
2778 urn_EOP_ING_EOLI_ESA.EECF.ALOS_AVNIR_AL-07010610542025-1036.AV0.xml
2779 urn_EOP_ING_EOLI_ESA.EECF.ALOS_PSM_O1_AL-07011111000182-518.Pr1.xml
2780 urn_EOP_ING_EOLI_ESA.EECF.ALOS_AVNIR_AL-07052511344801-1036.AV0.xml
2781 urn_EOP_ING_EOLI_ESA.EECF.ALOS_AVNIR_AL-07042210294853-1036.AV0.xml
2782 urn_EOP_ING_EOLI_ESA.EECF.ENVISAT_ASA_GMI_1S_EN1-07041509073681-21285.XGI.xml
2783 urn_EOP_ING_EOLI_ESA.EECF.ALOS_AVNIR_AL-07010911191184-1036.AV0.xml
2784 urn_EOP_ING_EOLI_ESA.EECF.ENVISAT_ASA_GMI_1S_EN1-07051922235311-95207.XGI.xml
2785 urn_EOP_ING_EOLI_ESA.EECF.ALOS_AVNIR_AL-07052011290253-1036.AV0.xml
2786 urn_EOP_ING_EOLI_ESA.EECF.ALOS_AVNIR_AL-07060111244453-1036.AV0.xml
2787 urn_EOP_ING_EOLI_ESA.EECF.ALOS_AVNIR_AL-07041710272120-1036.AV0.xml
2788 urn_EOP_ING_EOLI_ESA.EECF.ALOS_AVNIR_AL-07011409432323-1036.AV0.xml
2789 urn_EOP_ING_EOLI_ESA.EECF.ALOS_AVNIR_AL-07050809555800-1036.AV0.xml
2790 urn_EOP_ING_EOLI_ESA.EECF.ALOS_AVNIR_AL-07042410161139-1036.AV0.xml
2791 urn_EOP_ING_EOLI_ESA.EECF.ENVISAT_ASA_GMI_1S_EN1-07110722180838-82144.XGI.xml
2792 urn_EOP_ING_EOLI_ESA.EECF.ENVISAT_ASA_GMI_1S_EN1-07101421322504-80331.XGI.xml
2793 urn_EOP_ING_EOLI_ESA.EECF.ENVISAT_ASA_GMI_1S_EN1-07061409205338-23099.XGI.xml
2794 urn_EOP_ING_EOLI_ESA.EECF.ALOS_AVNIR_AL-07011611050493-1036.AV0.xml
2795 urn_EOP_ING_EOLI_ESA.EECF.ALOS_AVNIR_AL-07031010555158-1036.AV0.xml
2796 urn_EOP_ING_EOLI_ESA.EECF.ENVISAT_ASA_GMI_1S_EN1-07121920254695-80331.XGI.xml
2797 urn_EOP_ING_EOLI_ESA.EECF.ALOS_PSM_O1_AL-07011111001414-518.Pr1.xml
2798 urn_EOP_ING_EOLI_ESA.EECF.ENVISAT_ASA_GMI_1S_EN1-07011910514705-31932.XGI.xml
2799 urn_EOP_ING_EOLI_ESA.EECF.ALOS_AVNIR_AL-07052509564601-1036.AV0.xml
2800 urn_EOP_ING_EOLI_ESA.EECF.ENVISAT_ASA_GMI_1S_EN1-07070821020936-183170.XGI.xml
2801 urn_EOP_ING_EOLI_ESA.EECF.ALOS_PSR_FD_AL-07060721361252-1640.Pfd.xml
2802 urn_EOP_ING_EOLI_ESA.EECF.ALOS_AVNIR_AL-07060809363821-1036.AV0.xml
2803 urn_EOP_ING_EOLI_ESA.EECF.ENVISAT_ASA_APx_xS_EN1-07042510335031-5224.XPC.xml
2804 urn_EOP_ING_EOLI_ESA.EECF.ALOS_AVNIR_AL-07060811145662-1036.AV0.xml
2805 urn_EOP_ING_EOLI_ESA.EECF.ALOS_AVNIR_AL-07060710312622-1036.AV0.xml
2806 urn_EOP_ING_EOLI_ESA.EECF.ENVISAT_ASA_IMx_xS_EN1-07011609005387-15011.XI.xml
2807 urn_EOP_ING_EOLI_ESA.EECF.ALOS_AVNIR_AL-07041611224183-1036.AV0.xml
2808 urn_EOP_ING_EOLI_ESA.EECF.ENVISAT_ASA_GMI_1S_EN1-07051810093896-90373.XGI.xml
2809 urn_EOP_ING_EOLI_ESA.EECF.ENVISAT_ASA_GMI_1S_EN1-07100821314957-14264.XGI.xml
2810 urn_EOP_ING_EOLI_ESA.EECF.ENVISAT_ASA_GMI_1S_EN1-07030821461689-82748.XGI.xml
2811 urn_EOP_ING_EOLI_ESA.EECF.ALOS_AVNIR_AL-07030710323172-1036.AV0.xml
2812 urn_EOP_ING_EOLI_ESA.EECF.ALOS_AVNIR_AL-07011510271068-1036.AV0.xml
2813 urn_EOP_ING_EOLI_ESA.EECF.ENVISAT_ASA_IMx_xS_EN1-07012121024317-31605.XI.xml
2814 urn_EOP_ING_EOLI_ESA.EECF.ENVISAT_ASA_IMx_xS_EN1-07010209393356-12274.XI.xml
2815 urn_EOP_ING_EOLI_ESA.EECF.ALOS_PSM_O1_AL-07021110402802-518.Pr1.xml
2816 urn_EOP_ING_EOLI_ESA.EECF.ENVISAT_ASA_GMI_1S_EN1-07040910332718-20682.XGI.xml
2817 urn_EOP_ING_EOLI_ESA.EECF.ALOS_AVNIR_AL-07011510263782-1036.AV0.xml
2818 urn_EOP_ING_EOLI_ESA.EECF.ALOS_AVNIR_AL-07011211382645-1036.AV0.xml
2819 urn_EOP_ING_EOLI_ESA.EECF.ALOS_PSM_O1_AL-07020910575399-518.Pr1.xml
2820 urn_EOP_ING_EOLI_ESA.EECF.ENVISAT_ASA_GMI_1S_EN1-07031920494163-193213.XGI.xml
2821 urn_EOP_ING_EOLI_ESA.EECF.ALOS_AVNIR_AL-07051210571155-1036.AV0.xml
2822 urn_EOP_ING_EOLI_ESA.EECF.ALOS_AVNIR_AL-07031010571371-1036.AV0.xml
2823 urn_EOP_ING_EOLI_ESA.EECF.ALOS_AVNIR_AL-07011211385930-1036.AV0.xml
2824 urn_EOP_ING_EOLI_ESA.EECF.ALOS_AVNIR_AL-07060811102562-1036.AV0.xml
2825 urn_EOP_ING_EOLI_ESA.EECF.ENVISAT_ASA_GMI_1S_EN1-07061322380963-70288.XGI.xml
2826 urn_EOP_ING_EOLI_ESA.EECF.ALOS_AVNIR_AL-07050811320502-1036.AV0.xml
2827 urn_EOP_ING_EOLI_ESA.EECF.ALOS_AVNIR_AL-07052009503588-1036.AV0.xml
2828 urn_EOP_ING_EOLI_ESA.EECF.ENVISAT_ASA_GMI_1S_EN1-07012122322394-74519.XGI.xml
2829 urn_EOP_ING_EOLI_ESA.EECF.ENVISAT_ASA_GMI_1S_EN1-07101710300154-15473.XGI.xml
2830 urn_EOP_ING_EOLI_ESA.EECF.ALOS_AVNIR_AL-07040210065635-1036.AV0.xml
2831 urn_EOP_ING_EOLI_ESA.EECF.ALOS_AVNIR_AL-07022510184876-1036.AV0.xml
2832 urn_EOP_ING_EOLI_ESA.EECF.ALOS_AVNIR_AL-07050710530545-1036.AV0.xml
2833 urn_EOP_ING_EOLI_ESA.EECF.ALOS_AVNIR_AL-07011111001569-1036.AV0.xml
2834 urn_EOP_ING_EOLI_ESA.EECF.ALOS_AVNIR_AL-07010711330401-1036.AV0.xml
2835 urn_EOP_ING_EOLI_ESA.EECF.ENVISAT_ASA_GMI_1S_EN1-07081609411325-13056.XGI.xml
2836 urn_EOP_ING_EOLI_ESA.EECF.ALOS_PSR_FD_AL-07060922592370-1640.Pfd.xml
2837 urn_EOP_ING_EOLI_ESA.EECF.ALOS_AVNIR_AL-07052711185176-1036.AV0.xml
2838 urn_EOP_ING_EOLI_ESA.EECF.ALOS_AVNIR_AL-07041010361871-1036.AV0.xml
2839 urn_EOP_ING_EOLI_ESA.EECF.ENVISAT_ASA_APx_xS_EN1-07081108560748-3817.XPC.xml
2840 urn_EOP_ING_EOLI_ESA.EECF.ALOS_AVNIR_AL-07050410294553-1036.AV0.xml
2841 urn_EOP_ING_EOLI_ESA.EECF.ALOS_AVNIR_AL-07060811110667-1036.AV0.xml
2842 urn_EOP_ING_EOLI_ESA.EECF.ALOS_PSR_FD_AL-07011810490147-1640.Pfd.xml
2843 urn_EOP_ING_EOLI_ESA.EECF.ALOS_AVNIR_AL-07041611232289-1036.AV0.xml
2844 urn_EOP_ING_EOLI_ESA.EECF.ALOS_PSM_O1_AL-07012111145584-518.Pr1.xml
2845 urn_EOP_ING_EOLI_ESA.EECF.ALOS_AVNIR_AL-07042311140000-1036.AV0.xml
2846 urn_EOP_ING_EOLI_ESA.EECF.ALOS_AVNIR_AL-07041010360229-1036.AV0.xml
2847 urn_EOP_ING_EOLI_ESA.EECF.ALOS_AVNIR_AL-07012111152204-1036.AV0.xml
2848 urn_EOP_ING_EOLI_ESA.EECF.ENVISAT_ASA_IMx_xS_EN1-07011320135002-20955.XI.xml
2849 urn_EOP_ING_EOLI_ESA.EECF.ALOS_AVNIR_AL-07010911183077-1036.AV0.xml
2850 urn_EOP_ING_EOLI_ESA.EECF.ALOS_AVNIR_AL-07052509563780-1036.AV0.xml
2851 urn_EOP_ING_EOLI_ESA.EECF.ALOS_PSM_O1_AL-07011111000593-518.Pr1.xml
2852 urn_EOP_ING_EOLI_ESA.EECF.ENVISAT_ASA_GMI_1S_EN1-07020720125788-113479.XGI.xml
2853 urn_EOP_ING_EOLI_ESA.EECF.ALOS_PSM_O1_AL-07012111140245-518.Pr1.xml
2854 urn_EOP_ING_EOLI_ESA.EECF.ALOS_AVNIR_AL-07031109583615-1036.AV0.xml
2855 urn_EOP_ING_EOLI_ESA.EECF.ALOS_AVNIR_AL-07051410414832-1036.AV0.xml
2856 urn_EOP_ING_EOLI_ESA.EECF.ALOS_AVNIR_AL-07032309520077-1036.AV0.xml
2857 urn_EOP_ING_EOLI_ESA.EECF.ENVISAT_ASA_APx_xS_EN1-07061321100638-4386.XPH.xml
2858 urn_EOP_ING_EOLI_ESA.EECF.ALOS_AVNIR_AL-07050110061748-1036.AV0.xml
2859 urn_EOP_ING_EOLI_ESA.EECF.ALOS_AVNIR_AL-07011710100101-1036.AV0.xml
2860 urn_EOP_ING_EOLI_ESA.EECF.ENVISAT_ASA_IMx_xS_EN1-07012321383042-33192.XI.xml
2861 urn_EOP_ING_EOLI_ESA.EECF.ALOS_AVNIR_AL-07040210080205-1036.AV0.xml
2862 urn_EOP_ING_EOLI_ESA.EECF.ALOS_AVNIR_AL-07010510111356-1036.AV0.xml
2863 urn_EOP_ING_EOLI_ESA.EECF.ENVISAT_ASA_GMI_1S_EN1-07042521482969-11848.XGI.xml
2864 urn_EOP_ING_EOLI_ESA.EECF.ENVISAT_ASA_GMI_1S_EN1-07062322235454-90373.XGI.xml
2865 urn_EOP_ING_EOLI_ESA.EECF.ENVISAT_ASA_GMI_1S_EN1-07061820124118-10034.XGI.xml
2866 urn_EOP_ING_EOLI_ESA.EECF.ENVISAT_ASA_APx_xS_EN1-07071920354501-3896.XPV.xml
2867 urn_EOP_ING_EOLI_ESA.EECF.ENVISAT_ASA_IMx_xS_EN1-07010209402111-52381.XI.xml
2868 urn_EOP_ING_EOLI_ESA.EECF.ENVISAT_ASA_GMI_1S_EN1-07011120552158-184379.XGI.xml
2869 urn_EOP_ING_EOLI_ESA.EECF.ALOS_AVNIR_AL-07012111144918-1036.AV0.xml
2870 urn_EOP_ING_EOLI_ESA.EECF.ALOS_AVNIR_AL-07011211385109-1036.AV0.xml
2871 urn_EOP_ING_EOLI_ESA.EECF.ALOS_AVNIR_AL-07052009513338-1036.AV0.xml
2872 urn_EOP_ING_EOLI_ESA.EECF.ALOS_AVNIR_AL-07051210572797-1036.AV0.xml
2873 urn_EOP_ING_EOLI_ESA.EECF.ALOS_AVNIR_AL-07052009510874-1036.AV0.xml
2874 urn_EOP_ING_EOLI_ESA.EECF.ENVISAT_ASA_GMI_1S_EN1-07071321545355-74518.XGI.xml
2875 urn_EOP_ING_EOLI_ESA.EECF.ALOS_AVNIR_AL-07032410344226-1036.AV0.xml
2876 urn_EOP_ING_EOLI_ESA.EECF.ALOS_PSM_O1_AL-07020910572935-518.Pr1.xml
2877 urn_EOP_ING_EOLI_ESA.EECF.ENVISAT_ASA_IMx_xS_EN1-07012109430916-22582.XI.xml
2878 urn_EOP_ING_EOLI_ESA.EECF.ALOS_AVNIR_AL-07051209221842-1036.AV0.xml
2879 urn_EOP_ING_EOLI_ESA.EECF.ENVISAT_ASA_IMx_xS_EN1-07010609134776-13544.XI.xml
2880 urn_EOP_ING_EOLI_ESA.EECF.ALOS_AVNIR_AL-07052011300002-1036.AV0.xml
2881 urn_EOP_ING_EOLI_ESA.EECF.ALOS_PSR_FD_AL-07061021580986-1640.Pfd.xml
2882 urn_EOP_ING_EOLI_ESA.EECF.ENVISAT_ASA_GMI_1S_EN1-07020821151491-194422.XGI.xml
2883 urn_EOP_ING_EOLI_ESA.EECF.ALOS_AVNIR_AL-07041010364335-1036.AV0.xml
2884 urn_EOP_ING_EOLI_ESA.EECF.ALOS_AVNIR_AL-07042410164425-1036.AV0.xml
2885 urn_EOP_ING_EOLI_ESA.EECF.ALOS_AVNIR_AL-07052509565422-1036.AV0.xml
2886 urn_EOP_ING_EOLI_ESA.EECF.ALOS_AVNIR_AL-07052711195747-1036.AV0.xml
2887 urn_EOP_ING_EOLI_ESA.EECF.ENVISAT_ASA_GMI_1S_EN1-07080120121890-115896.XGI.xml
2888 urn_EOP_ING_EOLI_ESA.EECF.ALOS_AVNIR_AL-07010709542091-1036.AV0.xml
2889 urn_EOP_ING_EOLI_ESA.EECF.ALOS_AVNIR_AL-07052711181890-1036.AV0.xml
2890 urn_EOP_ING_EOLI_ESA.EECF.ENVISAT_ASA_APx_xS_EN1-07022410154932-3806.XPV.xml
2891 urn_EOP_ING_EOLI_ESA.EECF.ENVISAT_ASA_GMI_1S_EN1-07082020294715-35557.XGI.xml
2892 urn_EOP_ING_EOLI_ESA.EECF.ALOS_AVNIR_AL-07051511221013-1036.AV0.xml
2893 urn_EOP_ING_EOLI_ESA.EECF.ENVISAT_ASA_GMI_1S_EN1-07031720340964-11848.XGI.xml
2894 urn_EOP_ING_EOLI_ESA.EECF.ENVISAT_ASA_GMI_1S_EN1-07120220410948-183171.XGI.xml
2895 urn_EOP_ING_EOLI_ESA.EECF.ALOS_AVNIR_AL-07060809360535-1036.AV0.xml
2896 urn_EOP_ING_EOLI_ESA.EECF.ENVISAT_ASA_IMx_xS_EN1-07011620171368-12794.XI.xml
2897 urn_EOP_ING_EOLI_ESA.EECF.ENVISAT_ASA_GMI_1S_EN1-07010922114500-55642.XGI.xml
2898 urn_EOP_ING_EOLI_ESA.EECF.ALOS_AVNIR_AL-07052711203854-1036.AV0.xml
2899 urn_EOP_ING_EOLI_ESA.EECF.ENVISAT_ASA_GMI_1S_EN1-07081721545295-81540.XGI.xml
2900 urn_EOP_ING_EOLI_ESA.EECF.ALOS_AVNIR_AL-07041010373263-1036.AV0.xml
2901 urn_EOP_ING_EOLI_ESA.EECF.ENVISAT_ASA_GMI_1S_EN1-07080422055961-55037.XGI.xml
2902 urn_EOP_ING_EOLI_ESA.EECF.ALOS_AVNIR_AL-07060410094558-1036.AV0.xml
2903 urn_EOP_ING_EOLI_ESA.EECF.ALOS_AVNIR_AL-07060111260666-1036.AV0.xml
2904 urn_EOP_ING_EOLI_ESA.EECF.ALOS_AVNIR_AL-07060710293126-1036.AV0.xml
2905 urn_EOP_ING_EOLI_ESA.EECF.ENVISAT_ASA_GMI_1S_EN1-07110621112891-61455.XGI.xml
2906 urn_EOP_ING_EOLI_ESA.EECF.ALOS_AVNIR_AL-07031511012964-1036.AV0.xml
2907 urn_EOP_ING_EOLI_ESA.EECF.ALOS_PSR_FD_AL-07061022021629-1640.Pfd.xml
2908 urn_EOP_ING_EOLI_ESA.EECF.ENVISAT_ASA_APx_xS_EN1-07071609143378-10888.XPH.xml
2909 urn_EOP_ING_EOLI_ESA.EECF.ALOS_AVNIR_AL-07011409425859-1036.AV0.xml
2910 urn_EOP_ING_EOLI_ESA.EECF.ENVISAT_ASA_GMI_1S_EN1-07010119492126-50204.XGI.xml
2911 urn_EOP_ING_EOLI_ESA.EECF.ENVISAT_ASA_GMI_1S_EN1-07061109112814-11847.XGI.xml
2912 urn_EOP_ING_EOLI_ESA.EECF.ENVISAT_ASA_APx_xS_EN1-07031821423024-3809.XPV.xml
2913 urn_EOP_ING_EOLI_ESA.EECF.ENVISAT_ASA_APx_xS_EN1-07080508421881-3946.XPH.xml
2914 urn_EOP_ING_EOLI_ESA.EECF.ALOS_AVNIR_AL-07051209223485-1036.AV0.xml
2915 urn_EOP_ING_EOLI_ESA.EECF.ENVISAT_ASA_GMI_1S_EN1-07042210284513-63871.XGI.xml
2916 urn_EOP_ING_EOLI_ESA.EECF.ENVISAT_ASA_GMI_1S_EN1-07112620530160-11848.XGI.xml
2917 urn_EOP_ING_EOLI_ESA.EECF.ALOS_AVNIR_AL-07041010374905-1036.AV0.xml
2918 urn_EOP_ING_EOLI_ESA.EECF.ENVISAT_ASA_GMI_1S_EN1-07091621065015-122917.XGI.xml
2919 urn_EOP_ING_EOLI_ESA.EECF.ENVISAT_ASA_GMI_1S_EN1-07051721461857-85769.XGI.xml
2920 urn_EOP_ING_EOLI_ESA.EECF.ALOS_PSM_O1_AL-07012111121569-518.Pr1.xml
2921 urn_EOP_ING_EOLI_ESA.EECF.ENVISAT_ASA_GMI_1S_EN1-07111020372609-125334.XGI.xml
2922 urn_EOP_ING_EOLI_ESA.EECF.ENVISAT_ASA_GMI_1S_EN1-07082020165449-115896.XGI.xml
2923 urn_EOP_ING_EOLI_ESA.EECF.ENVISAT_ASA_APx_xS_EN1-07062110403891-3900.XPC.xml
2924 urn_EOP_ING_EOLI_ESA.EECF.ALOS_AVNIR_AL-07011409430680-1036.AV0.xml
2925 urn_EOP_ING_EOLI_ESA.EECF.ALOS_AVNIR_AL-07040310483217-1036.AV0.xml
2926 urn_EOP_ING_EOLI_ESA.EECF.ENVISAT_ASA_GMI_1S_EN1-07021920344489-131147.XGI.xml
2927 urn_EOP_ING_EOLI_ESA.EECF.ENVISAT_ASA_IMx_xS_EN1-07010410195987-3282.XI.xml
2928 urn_EOP_ING_EOLI_ESA.EECF.ENVISAT_ASA_GMI_1S_EN1-07051920380749-124730.XGI.xml
2929 urn_EOP_ING_EOLI_ESA.EECF.ALOS_PSM_O1_AL-07012510381664-518.Pr1.xml
2930 urn_EOP_ING_EOLI_ESA.EECF.ALOS_AVNIR_AL-07031410224585-1036.AV0.xml
2931 urn_EOP_ING_EOLI_ESA.EECF.ALOS_PSR_FD_AL-07010310300994-1640.Pfd.xml
2932 urn_EOP_ING_EOLI_ESA.EECF.ALOS_AVNIR_AL-07050509331114-1036.AV0.xml
2933 urn_EOP_ING_EOLI_ESA.EECF.ALOS_AVNIR_AL-07051210581724-1036.AV0.xml
2934 urn_EOP_ING_EOLI_ESA.EECF.ALOS_AVNIR_AL-07060710310158-1036.AV0.xml
2935 urn_EOP_ING_EOLI_ESA.EECF.ALOS_AVNIR_AL-07050811324608-1036.AV0.xml
2936 urn_EOP_ING_EOLI_ESA.EECF.ALOS_AVNIR_AL-07052711191640-1036.AV0.xml
2937 urn_EOP_ING_EOLI_ESA.EECF.ALOS_PSM_O1_AL-07012111154923-518.Pr1.xml
2938 urn_EOP_ING_EOLI_ESA.EECF.ALOS_PSM_O1_AL-07012111131728-518.Pr1.xml
2939 urn_EOP_ING_EOLI_ESA.EECF.ALOS_PSM_O1_AL-07021110405265-518.Pr1.xml
2940 urn_EOP_ING_EOLI_ESA.EECF.ALOS_AVNIR_AL-07010510105713-1036.AV0.xml
2941 urn_EOP_ING_EOLI_ESA.EECF.ALOS_AVNIR_AL-07031010570550-1036.AV0.xml
2942 urn_EOP_ING_EOLI_ESA.EECF.ALOS_PSR_FD_AL-07060923011867-1640.Pfd.xml
2943 urn_EOP_ING_EOLI_ESA.EECF.ALOS_AVNIR_AL-07011710090352-1036.AV0.xml
2944 urn_EOP_ING_EOLI_ESA.EECF.ALOS_AVNIR_AL-07051311390369-1036.AV0.xml
2945 urn_EOP_ING_EOLI_ESA.EECF.ENVISAT_ASA_APx_xS_EN1-07022010433059-5560.XPC.xml
2946 urn_EOP_ING_EOLI_ESA.EECF.ENVISAT_ASA_APx_xS_EN1-07070221095276-3895.XPC.xml
2947 urn_EOP_ING_EOLI_ESA.EECF.ALOS_AVNIR_AL-07030910152966-1036.AV0.xml
2948 urn_EOP_ING_EOLI_ESA.EECF.ENVISAT_ASA_GMI_1S_EN1-07080720394268-23703.XGI.xml
2949 urn_EOP_ING_EOLI_ESA.EECF.ALOS_AVNIR_AL-07040111050101-1036.AV0.xml
2950 urn_EOP_ING_EOLI_ESA.EECF.ENVISAT_ASA_GMI_1S_EN1-07042720291240-125938.XGI.xml
2951 urn_EOP_ING_EOLI_ESA.EECF.ENVISAT_ASA_GMI_1S_EN1-07120320114687-151231.XGI.xml
2952 urn_EOP_ING_EOLI_ESA.EECF.ALOS_AVNIR_AL-07010110473489-1036.AV0.xml
2953 urn_EOP_ING_EOLI_ESA.EECF.ALOS_AVNIR_AL-07011611061883-1036.AV0.xml
2954 urn_EOP_ING_EOLI_ESA.EECF.ALOS_AVNIR_AL-07040210062350-1036.AV0.xml
2955 urn_EOP_ING_EOLI_ESA.EECF.ALOS_PSR_FD_AL-07060923015973-1640.Pfd.xml
2956 urn_EOP_ING_EOLI_ESA.EECF.ALOS_AVNIR_AL-07051310005348-1036.AV0.xml
2957 urn_EOP_ING_EOLI_ESA.EECF.ALOS_AVNIR_AL-07011110585357-1036.AV0.xml
2958 urn_EOP_ING_EOLI_ESA.EECF.ENVISAT_ASA_GMI_1S_EN1-07040308373144-23703.XGI.xml
2959 urn_EOP_ING_EOLI_ESA.EECF.ALOS_AVNIR_AL-07010110465382-1036.AV0.xml
2960 urn_EOP_ING_EOLI_ESA.EECF.ENVISAT_ASA_GMI_1S_EN1-07091610032064-10639.XGI.xml
2961 urn_EOP_ING_EOLI_ESA.EECF.ALOS_AVNIR_AL-07032710574569-1036.AV0.xml
2962 urn_EOP_ING_EOLI_ESA.EECF.ENVISAT_ASA_IMx_xS_EN1-07011809355750-15800.XI.xml
2963 urn_EOP_ING_EOLI_ESA.EECF.ALOS_AVNIR_AL-07051311391190-1036.AV0.xml
2964 urn_EOP_ING_EOLI_ESA.EECF.ALOS_AVNIR_AL-07032410343405-1036.AV0.xml
2965 urn_EOP_ING_EOLI_ESA.EECF.ENVISAT_ASA_GMI_1S_EN1-07011520344325-131146.XGI.xml
2966 urn_EOP_ING_EOLI_ESA.EECF.ENVISAT_ASA_GMI_1S_EN1-07092110514726-31932.XGI.xml
2967 urn_EOP_ING_EOLI_ESA.EECF.ENVISAT_ASA_GMI_1S_EN1-07031020392445-112874.XGI.xml
2968 urn_EOP_ING_EOLI_ESA.EECF.ALOS_PSR_FD_AL-07060921234954-1640.Pfd.xml
2969 urn_EOP_ING_EOLI_ESA.EECF.ENVISAT_ASA_GMI_1S_EN1-07091220074107-30724.XGI.xml
2970 urn_EOP_ING_EOLI_ESA.EECF.ENVISAT_ASA_GMI_1S_EN1-07101410280561-71497.XGI.xml
2971 urn_EOP_ING_EOLI_ESA.EECF.ALOS_PSR_FD_AL-07060822195112-1640.Pfd.xml
2972 urn_EOP_ING_EOLI_ESA.EECF.ALOS_PSR_FD_AL-07060923011046-1640.Pfd.xml
2973 urn_EOP_ING_EOLI_ESA.EECF.ENVISAT_ASA_GMI_1S_EN1-07111820035530-11243.XGI.xml
2974 urn_EOP_ING_EOLI_ESA.EECF.ENVISAT_ASA_GMI_1S_EN1-07060420363217-112875.XGI.xml
2975 urn_EOP_ING_EOLI_ESA.EECF.ENVISAT_ASA_GMI_1S_EN1-07061221222285-142397.XGI.xml
2976 urn_EOP_ING_EOLI_ESA.EECF.ALOS_AVNIR_AL-07040111055028-1036.AV0.xml
2977 urn_EOP_ING_EOLI_ESA.EECF.ALOS_PSM_O1_AL-07011110592487-518.Pr1.xml
2978 urn_EOP_ING_EOLI_ESA.EECF.ENVISAT_ASA_GMI_1S_EN1-07011920255179-13056.XGI.xml
2979 urn_EOP_ING_EOLI_ESA.EECF.ENVISAT_ASA_APx_xS_EN1-07071309090227-12089.XPH.xml
2980 urn_EOP_ING_EOLI_ESA.EECF.ALOS_AVNIR_AL-07052211102231-1036.AV0.xml
2981 urn_EOP_ING_EOLI_ESA.EECF.ENVISAT_ASA_GMI_1S_EN1-07102710151098-21285.XGI.xml
2982 urn_EOP_ING_EOLI_ESA.EECF.ALOS_AVNIR_AL-07051711050117-1036.AV0.xml
2983 urn_EOP_ING_EOLI_ESA.EECF.ALOS_AVNIR_AL-07010709532343-1036.AV0.xml
2984 urn_EOP_ING_EOLI_ESA.EECF.ALOS_AVNIR_AL-07032309524183-1036.AV0.xml
2985 urn_EOP_ING_EOLI_ESA.EECF.ALOS_PSM_O1_AL-07020410512995-518.Pr1.xml
2986 urn_EOP_ING_EOLI_ESA.EECF.ALOS_PSR_FD_AL-07060921212173-1640.Pfd.xml
2987 urn_EOP_ING_EOLI_ESA.EECF.ENVISAT_ASA_GMI_1S_EN1-07062720121893-131751.XGI.xml
2988 urn_EOP_ING_EOLI_ESA.EECF.ALOS_AVNIR_AL-07031511023534-1036.AV0.xml
2989 urn_EOP_ING_EOLI_ESA.EECF.ENVISAT_ASA_GMI_1S_EN1-07021720113332-50204.XGI.xml
2990 urn_EOP_ING_EOLI_ESA.EECF.ALOS_AVNIR_AL-07052709415547-1036.AV0.xml
2991 urn_EOP_ING_EOLI_ESA.EECF.ALOS_PSM_O1_AL-07012111163031-518.Pr1.xml
2992 urn_EOP_ING_EOLI_ESA.EECF.ALOS_AVNIR_AL-07040111053386-1036.AV0.xml
2993 urn_EOP_ING_EOLI_ESA.EECF.ENVISAT_ASA_APx_xS_EN1-07030122151311-3818.XPC.xml
2994 urn_EOP_ING_EOLI_ESA.EECF.ALOS_AVNIR_AL-07031311215623-1036.AV0.xml
2995 urn_EOP_ING_EOLI_ESA.EECF.ALOS_PSM_O1_AL-07011110585202-518.Pr1.xml
2996 urn_EOP_ING_EOLI_ESA.EECF.ALOS_AVNIR_AL-07041611235574-1036.AV0.xml
2997 urn_EOP_ING_EOLI_ESA.EECF.ALOS_AVNIR_AL-07011110592642-1036.AV0.xml
2998 urn_EOP_ING_EOLI_ESA.EECF.ALOS_AVNIR_AL-07031311213980-1036.AV0.xml
2999 urn_EOP_ING_EOLI_ESA.EECF.ENVISAT_ASA_APx_xS_EN1-07102308591889-3990.XPH.xml
3000 urn_EOP_ING_EOLI_ESA.EECF.ALOS_AVNIR_AL-07060710300410-1036.AV0.xml
3001 urn_EOP_ING_EOLI_ESA.EECF.ENVISAT_ASA_GMI_1S_EN1-07090210480244-21286.XGI.xml
3002 urn_EOP_ING_EOLI_ESA.EECF.ENVISAT_ASA_GMI_1S_EN1-07011520524985-10639.XGI.xml
3003 urn_EOP_ING_EOLI_ESA.EECF.ALOS_AVNIR_AL-07040411273232-1036.AV0.xml
3004 urn_EOP_ING_EOLI_ESA.EECF.ENVISAT_ASA_IMx_xS_EN1-07010410195987-3205.XI.xml
3005 urn_EOP_ING_EOLI_ESA.EECF.ENVISAT_ASA_GMI_1S_EN1-07111020570299-10639.XGI.xml
3006 urn_EOP_ING_EOLI_ESA.EECF.ALOS_AVNIR_AL-07060510494257-1036.AV0.xml
3007 urn_EOP_ING_EOLI_ESA.EECF.ALOS_PSM_O1_AL-07021110412140-518.Pr1.xml
3008 urn_EOP_ING_EOLI_ESA.EECF.ALOS_PSR_FD_AL-07010310300172-1640.Pfd.xml
3009 urn_EOP_ING_EOLI_ESA.EECF.ALOS_AVNIR_AL-07031311221266-1036.AV0.xml
3010 urn_EOP_ING_EOLI_ESA.EECF.ALOS_PSM_O1_AL-07021110411729-518.Pr1.xml
3011 urn_EOP_ING_EOLI_ESA.EECF.ALOS_PSR_FD_AL-07060822161757-1640.Pfd.xml
3012 urn_EOP_ING_EOLI_ESA.EECF.ALOS_AVNIR_AL-07021911093620-1036.AV0.xml
3013 urn_EOP_ING_EOLI_ESA.EECF.ALOS_AVNIR_AL-07011611063526-1036.AV0.xml
3014 urn_EOP_ING_EOLI_ESA.EECF.ALOS_AVNIR_AL-07021911083051-1036.AV0.xml
3015 urn_EOP_ING_EOLI_ESA.EECF.ALOS_AVNIR_AL-07041611221720-1036.AV0.xml
3016 urn_EOP_ING_EOLI_ESA.EECF.ALOS_AVNIR_AL-07060710340226-1036.AV0.xml
3017 urn_EOP_ING_EOLI_ESA.EECF.ALOS_AVNIR_AL-07051210570333-1036.AV0.xml
3018 urn_EOP_ING_EOLI_ESA.EECF.ALOS_AVNIR_AL-07060811160234-1036.AV0.xml
3019 urn_EOP_ING_EOLI_ESA.EECF.ALOS_AVNIR_AL-07040310464541-1036.AV0.xml
3020 urn_EOP_ING_EOLI_ESA.EECF.ALOS_AVNIR_AL-07042210303780-1036.AV0.xml
3021 urn_EOP_ING_EOLI_ESA.EECF.ALOS_AVNIR_AL-07032210543660-1036.AV0.xml
3022 urn_EOP_ING_EOLI_ESA.EECF.ENVISAT_ASA_GMI_1S_EN1-07041122201615-61454.XGI.xml
3023 urn_EOP_ING_EOLI_ESA.EECF.ENVISAT_ASA_GMI_1S_EN1-07031320383209-181962.XGI.xml
3024 urn_EOP_ING_EOLI_ESA.EECF.ENVISAT_ASA_GMI_1S_EN1-07122520273629-85164.XGI.xml
3025 urn_EOP_ING_EOLI_ESA.EECF.ALOS_AVNIR_AL-07011611041566-1036.AV0.xml
3026 urn_EOP_ING_EOLI_ESA.EECF.ENVISAT_ASA_GMI_1S_EN1-07022421122356-200838.XGI.xml
3027 urn_EOP_ING_EOLI_ESA.EECF.ENVISAT_ASA_GMI_1S_EN1-07080722094484-73914.XGI.xml
3028 urn_EOP_ING_EOLI_ESA.EECF.ENVISAT_ASA_GMI_1S_EN1-07072120534314-171315.XGI.xml
3029 urn_EOP_ING_EOLI_ESA.EECF.ALOS_AVNIR_AL-07051810061544-1036.AV0.xml
3030 urn_EOP_ING_EOLI_ESA.EECF.ENVISAT_ASA_GMI_1S_EN1-07070622152465-84561.XGI.xml
3031 urn_EOP_ING_EOLI_ESA.EECF.ALOS_AVNIR_AL-07031010550231-1036.AV0.xml
3032 urn_EOP_ING_EOLI_ESA.EECF.ALOS_AVNIR_AL-07051011160032-1036.AV0.xml
3033 urn_EOP_ING_EOLI_ESA.EECF.ALOS_AVNIR_AL-07042609580044-1036.AV0.xml
3034 urn_EOP_ING_EOLI_ESA.EECF.ALOS_PSM_O1_AL-07020910573346-518.Pr1.xml
3035 urn_EOP_ING_EOLI_ESA.EECF.ENVISAT_ASA_IMx_xS_EN1-07011710071991-15582.XI.xml
3036 urn_EOP_ING_EOLI_ESA.EECF.ENVISAT_ASA_GMI_1S_EN1-07020109015906-15473.XGI.xml
3037 urn_EOP_ING_EOLI_ESA.EECF.ALOS_AVNIR_AL-07051110180358-1036.AV0.xml
3038 urn_EOP_ING_EOLI_ESA.EECF.ENVISAT_ASA_GMI_1S_EN1-07041321251864-14868.XGI.xml
3039 urn_EOP_ING_EOLI_ESA.EECF.ENVISAT_ASA_APx_xS_EN1-07090908421585-3946.XPH.xml
3040 urn_EOP_ING_EOLI_ESA.EECF.ENVISAT_ASA_GMI_1S_EN1-07042122040279-81539.XGI.xml
3041 urn_EOP_ING_EOLI_ESA.EECF.ENVISAT_ASA_GMI_1S_EN1-07031421575980-82143.XGI.xml
3042 urn_EOP_ING_EOLI_ESA.EECF.ALOS_AVNIR_AL-07051810060723-1036.AV0.xml
3043 urn_EOP_ING_EOLI_ESA.EECF.ALOS_PSM_O1_AL-07012111131318-518.Pr1.xml
3044 urn_EOP_ING_EOLI_ESA.EECF.ENVISAT_ASA_APx_xS_EN1-07021121423062-3900.XPV.xml
3045 urn_EOP_ING_EOLI_ESA.EECF.ALOS_AVNIR_AL-07032511151231-1036.AV0.xml
3046 urn_EOP_ING_EOLI_ESA.EECF.ENVISAT_ASA_GMI_1S_EN1-07122608395066-95207.XGI.xml
3047 urn_EOP_ING_EOLI_ESA.EECF.ENVISAT_ASA_GMI_1S_EN1-07102121172841-30119.XGI.xml
3048 urn_EOP_ING_EOLI_ESA.EECF.ENVISAT_ASA_GMI_1S_EN1-07040122322381-74519.XGI.xml
3049 urn_EOP_ING_EOLI_ESA.EECF.ALOS_PSR_FD_AL-07011810491789-1640.Pfd.xml
3050 urn_EOP_ING_EOLI_ESA.EECF.ALOS_AVNIR_AL-07011211381003-1036.AV0.xml
3051 urn_EOP_ING_EOLI_ESA.EECF.ENVISAT_ASA_GMI_1S_EN1-07112421411892-101624.XGI.xml
3052 urn_EOP_ING_EOLI_ESA.EECF.ALOS_AVNIR_AL-07010610535561-1036.AV0.xml
3053 urn_EOP_ING_EOLI_ESA.EECF.ALOS_PSM_O1_AL-07012111155334-518.Pr1.xml
3054 urn_EOP_ING_EOLI_ESA.EECF.ALOS_PSR_FD_AL-07061022004594-1640.Pfd.xml
3055 urn_EOP_ING_EOLI_ESA.EECF.ALOS_PSR_FD_AL-07061022011880-1640.Pfd.xml
3056 urn_EOP_ING_EOLI_ESA.EECF.ALOS_PSM_O1_AL-07021110403623-518.Pr1.xml
3057 urn_EOP_ING_EOLI_ESA.EECF.ALOS_AVNIR_AL-07041811071003-1036.AV0.xml
3058 urn_EOP_ING_EOLI_ESA.EECF.ALOS_AVNIR_AL-07060111251738-1036.AV0.xml
3059 urn_EOP_ING_EOLI_ESA.EECF.ALOS_AVNIR_AL-07052711165678-1036.AV0.xml
3060 urn_EOP_ING_EOLI_ESA.EECF.ALOS_AVNIR_AL-07040310471004-1036.AV0.xml
3061 urn_EOP_ING_EOLI_ESA.EECF.ENVISAT_ASA_GMI_1S_EN1-07100110365576-23098.XGI.xml
3062 urn_EOP_ING_EOLI_ESA.EECF.ALOS_AVNIR_AL-07051311392833-1036.AV0.xml
3063 urn_EOP_ING_EOLI_ESA.EECF.ALOS_AVNIR_AL-07040810550736-1036.AV0.xml
3064 urn_EOP_ING_EOLI_ESA.EECF.ENVISAT_ASA_GMI_1S_EN1-07061520025738-40162.XGI.xml
3065 urn_EOP_ING_EOLI_ESA.EECF.ENVISAT_ASA_GMI_1S_EN1-07080709142847-41370.XGI.xml
3066 urn_EOP_ING_EOLI_ESA.EECF.ALOS_AVNIR_AL-07042210294032-1036.AV0.xml
3067 urn_EOP_ING_EOLI_ESA.EECF.ENVISAT_ASA_GMI_1S_EN1-07062320392794-103437.XGI.xml
3068 urn_EOP_ING_EOLI_ESA.EECF.ENVISAT_ASA_APx_xS_EN1-07071721412745-4066.XPC.xml
3069 urn_EOP_ING_EOLI_ESA.EECF.ALOS_AVNIR_AL-07032511143946-1036.AV0.xml
3070 urn_EOP_ING_EOLI_ESA.EECF.ENVISAT_ASA_GMI_1S_EN1-07101609192676-12452.XGI.xml
3071 urn_EOP_ING_EOLI_ESA.EECF.ALOS_AVNIR_AL-07050811341642-1036.AV0.xml
3072 urn_EOP_ING_EOLI_ESA.EECF.ENVISAT_ASA_GMI_1S_EN1-07062420063096-122312.XGI.xml
3073 urn_EOP_ING_EOLI_ESA.EECF.ALOS_AVNIR_AL-07050809562265-1036.AV0.xml
3074 urn_EOP_ING_EOLI_ESA.EECF.ALOS_AVNIR_AL-07032710570463-1036.AV0.xml
3075 urn_EOP_ING_EOLI_ESA.EECF.ALOS_AVNIR_AL-07010709542912-1036.AV0.xml
3076 urn_EOP_ING_EOLI_ESA.EECF.ALOS_PSM_O1_AL-07020910565240-518.Pr1.xml
3077 urn_EOP_ING_EOLI_ESA.EECF.ALOS_AVNIR_AL-07040411300836-1036.AV0.xml
3078 urn_EOP_ING_EOLI_ESA.EECF.ENVISAT_ASA_GMI_1S_EN1-07012720552817-152440.XGI.xml
3079 urn_EOP_ING_EOLI_ESA.EECF.ALOS_PSM_O1_AL-07012111150406-518.Pr1.xml
3080 urn_EOP_ING_EOLI_ESA.EECF.ALOS_AVNIR_AL-07042210293211-1036.AV0.xml
3081 urn_EOP_ING_EOLI_ESA.EECF.ALOS_AVNIR_AL-07042410165246-1036.AV0.xml
3082 urn_EOP_ING_EOLI_ESA.EECF.ALOS_PSM_O1_AL-07020410520280-518.Pr1.xml
3083 urn_EOP_ING_EOLI_ESA.EECF.ENVISAT_ASA_GMI_1S_EN1-07082022103409-11244.XGI.xml
3084 urn_EOP_ING_EOLI_ESA.EECF.ALOS_AVNIR_AL-07052711193282-1036.AV0.xml
3085 urn_EOP_ING_EOLI_ESA.EECF.ENVISAT_ASA_GMI_1S_EN1-07101020130953-112270.XGI.xml
3086 urn_EOP_ING_EOLI_ESA.EECF.ALOS_PSM_O1_AL-07012111114284-518.Pr1.xml
3087 urn_EOP_ING_EOLI_ESA.EECF.ALOS_AVNIR_AL-07040810554022-1036.AV0.xml
3088 urn_EOP_ING_EOLI_ESA.EECF.ALOS_AVNIR_AL-07032511135019-1036.AV0.xml
3089 urn_EOP_ING_EOLI_ESA.EECF.ALOS_AVNIR_AL-07060811122058-1036.AV0.xml
3090 urn_EOP_ING_EOLI_ESA.EECF.ALOS_AVNIR_AL-07011611054599-1036.AV0.xml
3091 urn_EOP_ING_EOLI_ESA.EECF.ALOS_AVNIR_AL-07011710094458-1036.AV0.xml
3092 urn_EOP_ING_EOLI_ESA.EECF.ALOS_PSM_O1_AL-07012510382895-518.Pr1.xml
3093 urn_EOP_ING_EOLI_ESA.EECF.ALOS_AVNIR_AL-07060811140734-1036.AV0.xml
3094 urn_EOP_ING_EOLI_ESA.EECF.ALOS_AVNIR_AL-07011411245878-1036.AV0.xml
3095 urn_EOP_ING_EOLI_ESA.EECF.ALOS_AVNIR_AL-07010411115393-1036.AV0.xml
3096 urn_EOP_ING_EOLI_ESA.EECF.ENVISAT_ASA_GMI_1S_EN1-07122222035852-70893.XGI.xml
3097 urn_EOP_ING_EOLI_ESA.EECF.ENVISAT_ASA_GMI_1S_EN1-07051320410065-11848.XGI.xml
3098 urn_EOP_ING_EOLI_ESA.EECF.ALOS_AVNIR_AL-07052410540156-1036.AV0.xml
3099 urn_EOP_ING_EOLI_ESA.EECF.ALOS_PSR_FD_AL-07061021591558-1640.Pfd.xml
3100 urn_EOP_ING_EOLI_ESA.EECF.ENVISAT_ASA_GMI_1S_EN1-07121010355995-73310.XGI.xml
3101 urn_EOP_ING_EOLI_ESA.EECF.ALOS_AVNIR_AL-07011710091994-1036.AV0.xml
3102 urn_EOP_ING_EOLI_ESA.EECF.ALOS_PSM_O1_AL-07012510394287-518.Pr1.xml
3103 urn_EOP_ING_EOLI_ESA.EECF.ALOS_AVNIR_AL-07030910170001-1036.AV0.xml
3104 urn_EOP_ING_EOLI_ESA.EECF.ALOS_AVNIR_AL-07032410341762-1036.AV0.xml
3105 urn_EOP_ING_EOLI_ESA.EECF.ENVISAT_ASA_GMI_1S_EN1-07010622133027-10639.XGI.xml
3106 urn_EOP_ING_EOLI_ESA.EECF.ALOS_PSR_FD_AL-07061022033019-1640.Pfd.xml
3107 urn_EOP_ING_EOLI_ESA.EECF.ALOS_AVNIR_AL-07060111255024-1036.AV0.xml
3108 urn_EOP_ING_EOLI_ESA.EECF.ALOS_AVNIR_AL-07041310592207-1036.AV0.xml
3109 urn_EOP_ING_EOLI_ESA.EECF.ALOS_AVNIR_AL-07032311331988-1036.AV0.xml
3110 urn_EOP_ING_EOLI_ESA.EECF.ENVISAT_ASA_APx_xS_EN1-07060422292956-3818.XPC.xml
3111 urn_EOP_ING_EOLI_ESA.EECF.ENVISAT_ASA_GMI_1S_EN1-07071720012763-10035.XGI.xml
3112 urn_EOP_ING_EOLI_ESA.EECF.ALOS_AVNIR_AL-07052211120907-1036.AV0.xml
3113 urn_EOP_ING_EOLI_ESA.EECF.ALOS_AVNIR_AL-07042710392513-1036.AV0.xml
3114 urn_EOP_ING_EOLI_ESA.EECF.ENVISAT_ASA_APx_xS_EN1-07070821242175-3896.XPC.xml
3115 urn_EOP_ING_EOLI_ESA.EECF.ENVISAT_ASA_APx_xS_EN1-07101408421357-3946.XPH.xml
3116 urn_EOP_ING_EOLI_ESA.EECF.ENVISAT_ASA_IMx_xS_EN1-07010509461438-11652.XI.xml
3117 urn_EOP_ING_EOLI_ESA.EECF.ALOS_PSR_FD_AL-07010310301815-1640.Pfd.xml
3118 urn_EOP_ING_EOLI_ESA.EECF.ALOS_AVNIR_AL-07032710571285-1036.AV0.xml
3119 urn_EOP_ING_EOLI_ESA.EECF.ALOS_PSM_O1_AL-07012111113052-518.Pr1.xml
3120 urn_EOP_ING_EOLI_ESA.EECF.ALOS_AVNIR_AL-07030410085501-1036.AV0.xml
3121 urn_EOP_ING_EOLI_ESA.EECF.ALOS_AVNIR_AL-07060809361357-1036.AV0.xml
3122 urn_EOP_ING_EOLI_ESA.EECF.ALOS_PSM_O1_AL-07012510401572-518.Pr1.xml
3123 urn_EOP_ING_EOLI_ESA.EECF.ALOS_PSM_O1_AL-07011110580275-518.Pr1.xml
3124 urn_EOP_ING_EOLI_ESA.EECF.ALOS_AVNIR_AL-07041910090512-1036.AV0.xml
3125 urn_EOP_ING_EOLI_ESA.EECF.ENVISAT_ASA_GMI_1S_EN1-07081210071555-45600.XGI.xml
3126 urn_EOP_ING_EOLI_ESA.EECF.ALOS_AVNIR_AL-07032210532267-1036.AV0.xml
3127 urn_EOP_ING_EOLI_ESA.EECF.ENVISAT_ASA_GMI_1S_EN1-07010920225339-124125.XGI.xml
3128 urn_EOP_ING_EOLI_ESA.EECF.ALOS_AVNIR_AL-07042210321634-1036.AV0.xml
3129 urn_EOP_ING_EOLI_ESA.EECF.ALOS_PSR_FD_AL-07061021583451-1640.Pfd.xml
3130 urn_EOP_ING_EOLI_ESA.EECF.ALOS_AVNIR_AL-07040210063992-1036.AV0.xml
3131 urn_EOP_ING_EOLI_ESA.EECF.ALOS_PSM_O1_AL-07012510395108-518.Pr1.xml
3132 urn_EOP_ING_EOLI_ESA.EECF.ALOS_AVNIR_AL-07042210313528-1036.AV0.xml
3133 urn_EOP_ING_EOLI_ESA.EECF.ALOS_AVNIR_AL-07030910165180-1036.AV0.xml
3134 urn_EOP_ING_EOLI_ESA.EECF.ENVISAT_ASA_GMI_1S_EN1-07052010481459-40162.XGI.xml
3135 urn_EOP_ING_EOLI_ESA.EECF.ALOS_AVNIR_AL-07060811144020-1036.AV0.xml
3136 urn_EOP_ING_EOLI_ESA.EECF.ALOS_PSM_O1_AL-07020910575810-518.Pr1.xml
3137 urn_EOP_ING_EOLI_ESA.EECF.ALOS_AVNIR_AL-07032210542017-1036.AV0.xml
3138 urn_EOP_ING_EOLI_ESA.EECF.ALOS_AVNIR_AL-07051310003705-1036.AV0.xml
3139 urn_EOP_ING_EOLI_ESA.EECF.ALOS_AVNIR_AL-07042210311885-1036.AV0.xml
3140 urn_EOP_ING_EOLI_ESA.EECF.ENVISAT_ASA_GMI_1S_EN1-07110722273862-10639.XGI.xml
3141 urn_EOP_ING_EOLI_ESA.EECF.ALOS_PSR_FD_AL-07060723140624-1640.Pfd.xml
3142 urn_EOP_ING_EOLI_ESA.EECF.ALOS_PSM_O1_AL-07012510382485-518.Pr1.xml
3143 urn_EOP_ING_EOLI_ESA.EECF.ALOS_AVNIR_AL-07032210530624-1036.AV0.xml
3144 urn_EOP_ING_EOLI_ESA.EECF.ALOS_AVNIR_AL-07052709404154-1036.AV0.xml
3145 urn_EOP_ING_EOLI_ESA.EECF.ALOS_AVNIR_AL-07031111345140-1036.AV0.xml
3146 urn_EOP_ING_EOLI_ESA.EECF.ENVISAT_ASA_GMI_1S_EN1-07121321461178-82748.XGI.xml
3147 urn_EOP_ING_EOLI_ESA.EECF.ALOS_AVNIR_AL-07011810504792-1036.AV0.xml
3148 urn_EOP_ING_EOLI_ESA.EECF.ALOS_AVNIR_AL-07050710513511-1036.AV0.xml
3149 urn_EOP_ING_EOLI_ESA.EECF.ALOS_AVNIR_AL-07051410420474-1036.AV0.xml
3150 urn_EOP_ING_EOLI_ESA.EECF.ALOS_AVNIR_AL-07051311394475-1036.AV0.xml
3151 urn_EOP_ING_EOLI_ESA.EECF.ALOS_AVNIR_AL-07051711042832-1036.AV0.xml
3152 urn_EOP_ING_EOLI_ESA.EECF.ALOS_AVNIR_AL-07031311213158-1036.AV0.xml
3153 urn_EOP_ING_EOLI_ESA.EECF.ALOS_AVNIR_AL-07031010572193-1036.AV0.xml
3154 urn_EOP_ING_EOLI_ESA.EECF.ALOS_AVNIR_AL-07011611052956-1036.AV0.xml
3155 urn_EOP_ING_EOLI_ESA.EECF.ALOS_AVNIR_AL-07060311070952-1036.AV0.xml
3156 urn_EOP_ING_EOLI_ESA.EECF.ALOS_PSM_O1_AL-07012111115105-518.Pr1.xml
3157 urn_EOP_ING_EOLI_ESA.EECF.ALOS_AVNIR_AL-07010310305881-1036.AV0.xml
3158 urn_EOP_ING_EOLI_ESA.EECF.ALOS_PSM_O1_AL-07011110581507-518.Pr1.xml
3159 urn_EOP_ING_EOLI_ESA.EECF.ALOS_PSR_FD_AL-07060923020794-1640.Pfd.xml
3160 urn_EOP_ING_EOLI_ESA.EECF.ALOS_AVNIR_AL-07060609524320-1036.AV0.xml
3161 urn_EOP_ING_EOLI_ESA.EECF.ALOS_AVNIR_AL-07032210531445-1036.AV0.xml
3162 urn_EOP_ING_EOLI_ESA.EECF.ENVISAT_ASA_GMI_1S_EN1-07102620062049-205673.XGI.xml
3163 urn_EOP_ING_EOLI_ESA.EECF.ALOS_AVNIR_AL-07052011284611-1036.AV0.xml
3164 urn_EOP_ING_EOLI_ESA.EECF.ALOS_AVNIR_AL-07060410091273-1036.AV0.xml
3165 urn_EOP_ING_EOLI_ESA.EECF.ENVISAT_ASA_GMI_1S_EN1-07031420125793-152439.XGI.xml
3166 urn_EOP_ING_EOLI_ESA.EECF.ENVISAT_ASA_IMx_xS_EN1-07010922190438-12483.XI.xml
3167 urn_EOP_ING_EOLI_ESA.EECF.ALOS_AVNIR_AL-07051310001241-1036.AV0.xml
3168 urn_EOP_ING_EOLI_ESA.EECF.ENVISAT_ASA_GMI_1S_EN1-07112622205567-82144.XGI.xml
3169 urn_EOP_ING_EOLI_ESA.EECF.ENVISAT_ASA_APx_xS_EN1-07041608360306-3812.XPH.xml
3170 urn_EOP_ING_EOLI_ESA.EECF.ALOS_PSM_O1_AL-07011110583970-518.Pr1.xml
3171 urn_EOP_ING_EOLI_ESA.EECF.ALOS_AVNIR_AL-07040411270768-1036.AV0.xml
3172 urn_EOP_ING_EOLI_ESA.EECF.ALOS_PSM_O1_AL-07012510401983-518.Pr1.xml
3173 urn_EOP_ING_EOLI_ESA.EECF.ALOS_AVNIR_AL-07052711203032-1036.AV0.xml
3174 urn_EOP_ING_EOLI_ESA.EECF.ALOS_AVNIR_AL-07031109592543-1036.AV0.xml
3175 urn_EOP_ING_EOLI_ESA.EECF.ALOS_PSR_FD_AL-07060921242239-1640.Pfd.xml
3176 urn_EOP_ING_EOLI_ESA.EECF.ALOS_AVNIR_AL-07052711174605-1036.AV0.xml
3177 urn_EOP_ING_EOLI_ESA.EECF.ENVISAT_ASA_APx_xS_EN1-07070521184033-4354.XPC.xml
3178 urn_EOP_ING_EOLI_ESA.EECF.ENVISAT_ASA_GMI_1S_EN1-07051408562536-43787.XGI.xml
3179 urn_EOP_ING_EOLI_ESA.EECF.ALOS_AVNIR_AL-07011510264603-1036.AV0.xml
3180 urn_EOP_ING_EOLI_ESA.EECF.ALOS_AVNIR_AL-07060809362178-1036.AV0.xml
3181 urn_EOP_ING_EOLI_ESA.EECF.ALOS_AVNIR_AL-07030910161894-1036.AV0.xml
3182 urn_EOP_ING_EOLI_ESA.EECF.ENVISAT_ASA_APx_xS_EN1-07050409072902-3816.XPC.xml
3183 urn_EOP_ING_EOLI_ESA.EECF.ALOS_AVNIR_AL-07060311071774-1036.AV0.xml
3184 urn_EOP_ING_EOLI_ESA.EECF.ALOS_AVNIR_AL-07021911123688-1036.AV0.xml
3185 urn_EOP_ING_EOLI_ESA.EECF.ALOS_AVNIR_AL-07011110590178-1036.AV0.xml
3186 urn_EOP_ING_EOLI_ESA.EECF.ALOS_PSM_O1_AL-07012111132139-518.Pr1.xml
3187 urn_EOP_ING_EOLI_ESA.EECF.ALOS_PSR_FD_AL-07060922595655-1640.Pfd.xml
3188 urn_EOP_ING_EOLI_ESA.EECF.ALOS_AVNIR_AL-07031111381671-1036.AV0.xml
3189 urn_EOP_ING_EOLI_ESA.EECF.ENVISAT_ASA_APx_xS_EN1-07081011050424-3900.XPH.xml
3190 urn_EOP_ING_EOLI_ESA.EECF.ALOS_PSM_O1_AL-07020910571293-518.Pr1.xml
3191 urn_EOP_ING_EOLI_ESA.EECF.ENVISAT_ASA_GMI_1S_EN1-07040420533832-122916.XGI.xml
3192 urn_EOP_ING_EOLI_ESA.EECF.ENVISAT_ASA_APx_xS_EN1-07071909204759-3990.XPH.xml
3193 urn_EOP_ING_EOLI_ESA.EECF.ENVISAT_ASA_GMI_1S_EN1-07022622031510-52621.XGI.xml
3194 urn_EOP_ING_EOLI_ESA.EECF.ALOS_AVNIR_AL-07040411291908-1036.AV0.xml
3195 urn_EOP_ING_EOLI_ESA.EECF.ALOS_AVNIR_AL-07031010555980-1036.AV0.xml
3196 urn_EOP_ING_EOLI_ESA.EECF.ALOS_AVNIR_AL-07051810064829-1036.AV0.xml
3197 urn_EOP_ING_EOLI_ESA.EECF.ENVISAT_ASA_APx_xS_EN1-07051108481377-3812.XPV.xml
3198 urn_EOP_ING_EOLI_ESA.EECF.ALOS_AVNIR_AL-07010610543667-1036.AV0.xml
3199 urn_EOP_ING_EOLI_ESA.EECF.ALOS_AVNIR_AL-07060811144841-1036.AV0.xml
3200 urn_EOP_ING_EOLI_ESA.EECF.ENVISAT_ASA_APx_xS_EN1-07022209375609-3946.XPV.xml
3201 urn_EOP_ING_EOLI_ESA.EECF.ALOS_PSM_O1_AL-07020410513406-518.Pr1.xml
3202 urn_EOP_ING_EOLI_ESA.EECF.ALOS_AVNIR_AL-07060809355714-1036.AV0.xml
3203 urn_EOP_ING_EOLI_ESA.EECF.ALOS_AVNIR_AL-07052009505231-1036.AV0.xml
3204 urn_EOP_ING_EOLI_ESA.EECF.ALOS_PSM_O1_AL-07012111120748-518.Pr1.xml
3205 urn_EOP_ING_EOLI_ESA.EECF.ALOS_AVNIR_AL-07051210562228-1036.AV0.xml
3206 urn_EOP_ING_EOLI_ESA.EECF.ALOS_AVNIR_AL-07040411302479-1036.AV0.xml
3207 urn_EOP_ING_EOLI_ESA.EECF.ALOS_AVNIR_AL-07060311061204-1036.AV0.xml
3208 urn_EOP_ING_EOLI_ESA.EECF.ALOS_AVNIR_AL-07050811333536-1036.AV0.xml
3209 urn_EOP_ING_EOLI_ESA.EECF.ALOS_AVNIR_AL-07051110170610-1036.AV0.xml
3210 urn_EOP_ING_EOLI_ESA.EECF.ENVISAT_ASA_GMI_1S_EN1-07112020411689-33745.XGI.xml
3211 urn_EOP_ING_EOLI_ESA.EECF.ALOS_AVNIR_AL-07012111153025-1036.AV0.xml
3212 urn_EOP_ING_EOLI_ESA.EECF.ALOS_AVNIR_AL-07040111062314-1036.AV0.xml
3213 urn_EOP_ING_EOLI_ESA.EECF.ALOS_AVNIR_AL-07041210190851-1036.AV0.xml
3214 urn_EOP_ING_EOLI_ESA.EECF.ALOS_AVNIR_AL-07010711333686-1036.AV0.xml
3215 urn_EOP_ING_EOLI_ESA.EECF.ALOS_PSR_FD_AL-07060922563120-1640.Pfd.xml
3216 urn_EOP_ING_EOLI_ESA.EECF.ALOS_AVNIR_AL-07051211003686-1036.AV0.xml
3217 urn_EOP_ING_EOLI_ESA.EECF.ENVISAT_ASA_GMI_1S_EN1-07122310224711-12452.XGI.xml
3218 urn_EOP_ING_EOLI_ESA.EECF.ALOS_AVNIR_AL-07032210540374-1036.AV0.xml
3219 urn_EOP_ING_EOLI_ESA.EECF.ALOS_PSM_O1_AL-07021110420246-518.Pr1.xml
3220 urn_EOP_ING_EOLI_ESA.EECF.ALOS_AVNIR_AL-07051310002063-1036.AV0.xml
3221 urn_EOP_ING_EOLI_ESA.EECF.ALOS_AVNIR_AL-07041210195779-1036.AV0.xml
3222 urn_EOP_ING_EOLI_ESA.EECF.ALOS_AVNIR_AL-07050511090995-1036.AV0.xml
3223 urn_EOP_ING_EOLI_ESA.EECF.ALOS_AVNIR_AL-07050811322966-1036.AV0.xml
3224 urn_EOP_ING_EOLI_ESA.EECF.ALOS_AVNIR_AL-07010510112998-1036.AV0.xml
3225 urn_EOP_ING_EOLI_ESA.EECF.ALOS_AVNIR_AL-07051210561407-1036.AV0.xml
3226 urn_EOP_ING_EOLI_ESA.EECF.ALOS_AVNIR_AL-07011611035102-1036.AV0.xml
3227 urn_EOP_ING_EOLI_ESA.EECF.ALOS_AVNIR_AL-07041609435056-1036.AV0.xml
3228 urn_EOP_ING_EOLI_ESA.EECF.ENVISAT_ASA_GMI_1S_EN1-07071920384351-11847.XGI.xml
3229 urn_EOP_ING_EOLI_ESA.EECF.ALOS_AVNIR_AL-07041609441519-1036.AV0.xml
3230 urn_EOP_ING_EOLI_ESA.EECF.ALOS_AVNIR_AL-07011710095279-1036.AV0.xml
3231 urn_EOP_ING_EOLI_ESA.EECF.ENVISAT_ASA_GMI_1S_EN1-07021509520247-33745.XGI.xml
3232 urn_EOP_ING_EOLI_ESA.EECF.ENVISAT_ASA_GMI_1S_EN1-07122021163918-175545.XGI.xml
3233 urn_EOP_ING_EOLI_ESA.EECF.ENVISAT_ASA_GMI_1S_EN1-07120110193653-72706.XGI.xml
3234 urn_EOP_ING_EOLI_ESA.EECF.ENVISAT_ASA_GMI_1S_EN1-07122220174484-121105.XGI.xml
3235 urn_EOP_ING_EOLI_ESA.EECF.ENVISAT_ASA_GMI_1S_EN1-07050510151371-21889.XGI.xml
3236 urn_EOP_ING_EOLI_ESA.EECF.ENVISAT_ASA_GMI_1S_EN1-07101121172544-172524.XGI.xml
3237 urn_EOP_ING_EOLI_ESA.EECF.ALOS_AVNIR_AL-07051011155211-1036.AV0.xml
3238 urn_EOP_ING_EOLI_ESA.EECF.ENVISAT_ASA_APx_xS_EN1-07060210375203-3895.XPC.xml
3239 urn_EOP_ING_EOLI_ESA.EECF.ALOS_PSR_FD_AL-07010310295351-1640.Pfd.xml
3240 urn_EOP_ING_EOLI_ESA.EECF.ENVISAT_ASA_GMI_1S_EN1-07041220155289-13660.XGI.xml
3241 urn_EOP_ING_EOLI_ESA.EECF.ENVISAT_ASA_APx_xS_EN1-07040610291250-3905.XPC.xml
3242 urn_EOP_ING_EOLI_ESA.EECF.ALOS_PSM_O1_AL-07020410522334-518.Pr1.xml
3243 urn_EOP_ING_EOLI_ESA.EECF.ALOS_AVNIR_AL-07050811322145-1036.AV0.xml
3244 urn_EOP_ING_EOLI_ESA.EECF.ENVISAT_ASA_IMx_xS_EN1-07011909060696-15800.XI.xml
3245 urn_EOP_ING_EOLI_ESA.EECF.ALOS_AVNIR_AL-07042210322455-1036.AV0.xml
3246 urn_EOP_ING_EOLI_ESA.EECF.ALOS_PSM_O1_AL-07011110583559-518.Pr1.xml
3247 urn_EOP_ING_EOLI_ESA.EECF.ALOS_AVNIR_AL-07051810072114-1036.AV0.xml
3248 urn_EOP_ING_EOLI_ESA.EECF.ALOS_AVNIR_AL-07040411304944-1036.AV0.xml
3249 urn_EOP_ING_EOLI_ESA.EECF.ALOS_PSM_O1_AL-07012111113463-518.Pr1.xml
3250 urn_EOP_ING_EOLI_ESA.EECF.ALOS_AVNIR_AL-07060210271252-1036.AV0.xml
3251 urn_EOP_ING_EOLI_ESA.EECF.ALOS_PSM_O1_AL-07020910572525-518.Pr1.xml
3252 urn_EOP_ING_EOLI_ESA.EECF.ENVISAT_ASA_GMI_1S_EN1-07120920261533-122312.XGI.xml
3253 urn_EOP_ING_EOLI_ESA.EECF.ENVISAT_ASA_GMI_1S_EN1-07081020291364-130542.XGI.xml
3254 urn_EOP_ING_EOLI_ESA.EECF.ENVISAT_ASA_IMx_xS_EN1-07011909055432-31714.XI.xml
3255 urn_EOP_ING_EOLI_ESA.EECF.ENVISAT_ASA_GMI_1S_EN1-07061309535719-72705.XGI.xml
3256 urn_EOP_ING_EOLI_ESA.EECF.ENVISAT_ASA_GMI_1S_EN1-07011522205998-82143.XGI.xml
3257 urn_EOP_ING_EOLI_ESA.EECF.ALOS_PSR_FD_AL-07061022014344-1640.Pfd.xml
3258 urn_EOP_ING_EOLI_ESA.EECF.ALOS_AVNIR_AL-07011510280817-1036.AV0.xml
3259 urn_EOP_ING_EOLI_ESA.EECF.ALOS_AVNIR_AL-07060210260681-1036.AV0.xml
3260 urn_EOP_ING_EOLI_ESA.EECF.ALOS_AVNIR_AL-07042710394155-1036.AV0.xml
3261 urn_EOP_ING_EOLI_ESA.EECF.ALOS_AVNIR_AL-07032309523362-1036.AV0.xml
3262 urn_EOP_ING_EOLI_ESA.EECF.ENVISAT_ASA_GMI_1S_EN1-07122320014044-33140.XGI.xml
]]></system-out>
  <system-err><![CDATA[]]></system-err>
</testsuite>
